{"meta": {"format": 3, "version": "7.10.7", "timestamp": "2025-10-21T18:18:48.185531", "branch_coverage": false, "show_contexts": false}, "files": {"config\\constitution\\__init__.py": {"executed_lines": [], "summary": {"covered_lines": 0, "num_statements": 14, "percent_covered": 0.0, "percent_covered_display": "0", "missing_lines": 14, "excluded_lines": 0}, "missing_lines": [11, 12, 14, 15, 16, 17, 18, 19, 20, 21, 25, 26, 27, 29], "excluded_lines": [], "functions": {"": {"executed_lines": [], "summary": {"covered_lines": 0, "num_statements": 14, "percent_covered": 0.0, "percent_covered_display": "0", "missing_lines": 14, "excluded_lines": 0}, "missing_lines": [11, 12, 14, 15, 16, 17, 18, 19, 20, 21, 25, 26, 27, 29], "excluded_lines": []}}, "classes": {"": {"executed_lines": [], "summary": {"covered_lines": 0, "num_statements": 14, "percent_covered": 0.0, "percent_covered_display": "0", "missing_lines": 14, "excluded_lines": 0}, "missing_lines": [11, 12, 14, 15, 16, 17, 18, 19, 20, 21, 25, 26, 27, 29], "excluded_lines": []}}}, "config\\constitution\\backend_factory.py": {"executed_lines": [], "summary": {"covered_lines": 0, "num_statements": 206, "percent_covered": 0.0, "percent_covered_display": "0", "missing_lines": 206, "excluded_lines": 0}, "missing_lines": [9, 10, 11, 12, 13, 14, 16, 17, 18, 19, 21, 23, 34, 36, 43, 44, 45, 46, 47, 49, 68, 69, 72, 74, 75, 78, 81, 82, 84, 89, 90, 92, 93, 94, 95, 97, 98, 99, 100, 102, 104, 106, 109, 110, 112, 114, 115, 116, 117, 120, 121, 122, 124, 125, 127, 128, 131, 132, 134, 135, 137, 139, 140, 141, 143, 145, 189, 191, 192, 193, 194, 195, 196, 198, 209, 210, 211, 214, 215, 216, 219, 220, 221, 224, 226, 233, 234, 235, 236, 237, 239, 241, 242, 243, 245, 248, 249, 252, 253, 255, 258, 260, 266, 269, 270, 273, 274, 276, 279, 281, 287, 289, 290, 291, 292, 293, 294, 296, 303, 304, 307, 308, 309, 312, 313, 315, 321, 322, 323, 324, 326, 334, 335, 336, 339, 340, 342, 348, 349, 350, 351, 353, 360, 362, 369, 370, 373, 374, 377, 378, 380, 386, 396, 397, 399, 400, 403, 404, 407, 410, 411, 413, 414, 415, 416, 417, 419, 420, 422, 423, 425, 426, 427, 429, 436, 437, 440, 441, 443, 457, 459, 474, 475, 477, 479, 488, 489, 491, 493, 503, 504, 506, 513, 514, 516, 523, 524, 526, 536, 537, 539, 546, 547, 549, 556, 557], "excluded_lines": [], "functions": {"ConstitutionBackendFactory.__init__": {"executed_lines": [], "summary": {"covered_lines": 0, "num_statements": 5, "percent_covered": 0.0, "percent_covered_display": "0", "missing_lines": 5, "excluded_lines": 0}, "missing_lines": [43, 44, 45, 46, 47], "excluded_lines": []}, "ConstitutionBackendFactory.get_constitution_manager": {"executed_lines": [], "summary": {"covered_lines": 0, "num_statements": 20, "percent_covered": 0.0, "percent_covered_display": "0", "missing_lines": 20, "excluded_lines": 0}, "missing_lines": [68, 69, 72, 74, 75, 78, 81, 82, 84, 89, 90, 92, 93, 94, 95, 97, 98, 99, 100, 102], "excluded_lines": []}, "ConstitutionBackendFactory._get_configuration": {"executed_lines": [], "summary": {"covered_lines": 0, "num_statements": 23, "percent_covered": 0.0, "percent_covered_display": "0", "missing_lines": 23, "excluded_lines": 0}, "missing_lines": [106, 109, 110, 112, 114, 115, 116, 117, 120, 121, 122, 124, 125, 127, 128, 131, 132, 134, 135, 137, 139, 140, 141], "excluded_lines": []}, "ConstitutionBackendFactory._create_default_config": {"executed_lines": [], "summary": {"covered_lines": 0, "num_statements": 1, "percent_covered": 0.0, "percent_covered_display": "0", "missing_lines": 1, "excluded_lines": 0}, "missing_lines": [145], "excluded_lines": []}, "ConstitutionBackendFactory._save_configuration": {"executed_lines": [], "summary": {"covered_lines": 0, "num_statements": 6, "percent_covered": 0.0, "percent_covered_display": "0", "missing_lines": 6, "excluded_lines": 0}, "missing_lines": [191, 192, 193, 194, 195, 196], "excluded_lines": []}, "ConstitutionBackendFactory._determine_auto_backend": {"executed_lines": [], "summary": {"covered_lines": 0, "num_statements": 10, "percent_covered": 0.0, "percent_covered_display": "0", "missing_lines": 10, "excluded_lines": 0}, "missing_lines": [209, 210, 211, 214, 215, 216, 219, 220, 221, 224], "excluded_lines": []}, "ConstitutionBackendFactory._create_manager": {"executed_lines": [], "summary": {"covered_lines": 0, "num_statements": 9, "percent_covered": 0.0, "percent_covered_display": "0", "missing_lines": 9, "excluded_lines": 0}, "missing_lines": [233, 234, 235, 236, 237, 239, 241, 242, 243], "excluded_lines": []}, "ConstitutionBackendFactory._create_sqlite_manager": {"executed_lines": [], "summary": {"covered_lines": 0, "num_statements": 7, "percent_covered": 0.0, "percent_covered_display": "0", "missing_lines": 7, "excluded_lines": 0}, "missing_lines": [248, 249, 252, 253, 255, 258, 260], "excluded_lines": []}, "ConstitutionBackendFactory._create_json_manager": {"executed_lines": [], "summary": {"covered_lines": 0, "num_statements": 7, "percent_covered": 0.0, "percent_covered_display": "0", "missing_lines": 7, "excluded_lines": 0}, "missing_lines": [269, 270, 273, 274, 276, 279, 281], "excluded_lines": []}, "ConstitutionBackendFactory._is_manager_healthy": {"executed_lines": [], "summary": {"covered_lines": 0, "num_statements": 6, "percent_covered": 0.0, "percent_covered_display": "0", "missing_lines": 6, "excluded_lines": 0}, "missing_lines": [289, 290, 291, 292, 293, 294], "excluded_lines": []}, "ConstitutionBackendFactory.get_available_backends": {"executed_lines": [], "summary": {"covered_lines": 0, "num_statements": 25, "percent_covered": 0.0, "percent_covered_display": "0", "missing_lines": 25, "excluded_lines": 0}, "missing_lines": [303, 304, 307, 308, 309, 312, 313, 315, 321, 322, 323, 324, 326, 334, 335, 336, 339, 340, 342, 348, 349, 350, 351, 353, 360], "excluded_lines": []}, "ConstitutionBackendFactory.get_active_backend_config": {"executed_lines": [], "summary": {"covered_lines": 0, "num_statements": 7, "percent_covered": 0.0, "percent_covered_display": "0", "missing_lines": 7, "excluded_lines": 0}, "missing_lines": [369, 370, 373, 374, 377, 378, 380], "excluded_lines": []}, "ConstitutionBackendFactory.switch_backend": {"executed_lines": [], "summary": {"covered_lines": 0, "num_statements": 21, "percent_covered": 0.0, "percent_covered_display": "0", "missing_lines": 21, "excluded_lines": 0}, "missing_lines": [396, 397, 399, 400, 403, 404, 407, 410, 411, 413, 414, 415, 416, 417, 419, 420, 422, 423, 425, 426, 427], "excluded_lines": []}, "ConstitutionBackendFactory.get_backend_status": {"executed_lines": [], "summary": {"covered_lines": 0, "num_statements": 5, "percent_covered": 0.0, "percent_covered_display": "0", "missing_lines": 5, "excluded_lines": 0}, "missing_lines": [436, 437, 440, 441, 443], "excluded_lines": []}, "get_constitution_manager": {"executed_lines": [], "summary": {"covered_lines": 0, "num_statements": 3, "percent_covered": 0.0, "percent_covered_display": "0", "missing_lines": 3, "excluded_lines": 0}, "missing_lines": [474, 475, 477], "excluded_lines": []}, "get_backend_factory": {"executed_lines": [], "summary": {"covered_lines": 0, "num_statements": 3, "percent_covered": 0.0, "percent_covered_display": "0", "missing_lines": 3, "excluded_lines": 0}, "missing_lines": [488, 489, 491], "excluded_lines": []}, "switch_backend": {"executed_lines": [], "summary": {"covered_lines": 0, "num_statements": 2, "percent_covered": 0.0, "percent_covered_display": "0", "missing_lines": 2, "excluded_lines": 0}, "missing_lines": [503, 504], "excluded_lines": []}, "get_backend_status": {"executed_lines": [], "summary": {"covered_lines": 0, "num_statements": 2, "percent_covered": 0.0, "percent_covered_display": "0", "missing_lines": 2, "excluded_lines": 0}, "missing_lines": [513, 514], "excluded_lines": []}, "get_active_backend_config": {"executed_lines": [], "summary": {"covered_lines": 0, "num_statements": 2, "percent_covered": 0.0, "percent_covered_display": "0", "missing_lines": 2, "excluded_lines": 0}, "missing_lines": [523, 524], "excluded_lines": []}, "migrate_configuration": {"executed_lines": [], "summary": {"covered_lines": 0, "num_statements": 2, "percent_covered": 0.0, "percent_covered_display": "0", "missing_lines": 2, "excluded_lines": 0}, "missing_lines": [536, 537], "excluded_lines": []}, "validate_configuration": {"executed_lines": [], "summary": {"covered_lines": 0, "num_statements": 2, "percent_covered": 0.0, "percent_covered_display": "0", "missing_lines": 2, "excluded_lines": 0}, "missing_lines": [546, 547], "excluded_lines": []}, "get_migration_info": {"executed_lines": [], "summary": {"covered_lines": 0, "num_statements": 2, "percent_covered": 0.0, "percent_covered_display": "0", "missing_lines": 2, "excluded_lines": 0}, "missing_lines": [556, 557], "excluded_lines": []}, "": {"executed_lines": [], "summary": {"covered_lines": 0, "num_statements": 36, "percent_covered": 0.0, "percent_covered_display": "0", "missing_lines": 36, "excluded_lines": 0}, "missing_lines": [9, 10, 11, 12, 13, 14, 16, 17, 18, 19, 21, 23, 34, 36, 49, 104, 143, 189, 198, 226, 245, 266, 287, 296, 362, 386, 429, 457, 459, 479, 493, 506, 516, 526, 539, 549], "excluded_lines": []}}, "classes": {"ConstitutionBackendFactory": {"executed_lines": [], "summary": {"covered_lines": 0, "num_statements": 152, "percent_covered": 0.0, "percent_covered_display": "0", "missing_lines": 152, "excluded_lines": 0}, "missing_lines": [43, 44, 45, 46, 47, 68, 69, 72, 74, 75, 78, 81, 82, 84, 89, 90, 92, 93, 94, 95, 97, 98, 99, 100, 102, 106, 109, 110, 112, 114, 115, 116, 117, 120, 121, 122, 124, 125, 127, 128, 131, 132, 134, 135, 137, 139, 140, 141, 145, 191, 192, 193, 194, 195, 196, 209, 210, 211, 214, 215, 216, 219, 220, 221, 224, 233, 234, 235, 236, 237, 239, 241, 242, 243, 248, 249, 252, 253, 255, 258, 260, 269, 270, 273, 274, 276, 279, 281, 289, 290, 291, 292, 293, 294, 303, 304, 307, 308, 309, 312, 313, 315, 321, 322, 323, 324, 326, 334, 335, 336, 339, 340, 342, 348, 349, 350, 351, 353, 360, 369, 370, 373, 374, 377, 378, 380, 396, 397, 399, 400, 403, 404, 407, 410, 411, 413, 414, 415, 416, 417, 419, 420, 422, 423, 425, 426, 427, 436, 437, 440, 441, 443], "excluded_lines": []}, "": {"executed_lines": [], "summary": {"covered_lines": 0, "num_statements": 54, "percent_covered": 0.0, "percent_covered_display": "0", "missing_lines": 54, "excluded_lines": 0}, "missing_lines": [9, 10, 11, 12, 13, 14, 16, 17, 18, 19, 21, 23, 34, 36, 49, 104, 143, 189, 198, 226, 245, 266, 287, 296, 362, 386, 429, 457, 459, 474, 475, 477, 479, 488, 489, 491, 493, 503, 504, 506, 513, 514, 516, 523, 524, 526, 536, 537, 539, 546, 547, 549, 556, 557], "excluded_lines": []}}}, "config\\constitution\\base_manager.py": {"executed_lines": [], "summary": {"covered_lines": 0, "num_statements": 41, "percent_covered": 0.0, "percent_covered_display": "0", "missing_lines": 41, "excluded_lines": 182}, "missing_lines": [9, 10, 11, 13, 22, 29, 30, 227, 229, 230, 231, 233, 235, 243, 253, 255, 265, 266, 267, 269, 278, 285, 286, 288, 295, 296, 298, 305, 306, 307, 308, 309, 311, 318, 319, 320, 321, 322, 323, 324, 325], "excluded_lines": [32, 33, 34, 35, 36, 37, 38, 39, 40, 42, 43, 44, 45, 46, 47, 48, 49, 50, 51, 52, 53, 55, 56, 57, 58, 59, 60, 61, 62, 63, 64, 65, 66, 67, 69, 70, 71, 72, 73, 74, 75, 76, 77, 78, 79, 80, 81, 83, 84, 85, 86, 87, 88, 89, 90, 91, 92, 93, 94, 96, 97, 98, 99, 100, 101, 102, 103, 104, 105, 106, 107, 109, 110, 111, 112, 113, 114, 115, 116, 117, 118, 119, 120, 121, 123, 124, 125, 126, 127, 128, 129, 130, 131, 133, 134, 135, 136, 137, 138, 139, 140, 141, 142, 143, 144, 145, 147, 148, 149, 150, 151, 152, 153, 154, 155, 156, 157, 158, 160, 161, 162, 163, 164, 165, 166, 167, 168, 170, 171, 172, 173, 174, 175, 176, 177, 178, 180, 181, 182, 183, 184, 185, 186, 187, 188, 190, 191, 192, 193, 194, 195, 196, 197, 198, 199, 200, 201, 203, 204, 205, 206, 207, 208, 209, 210, 211, 212, 213, 214, 216, 217, 218, 219, 220, 221, 222, 223, 224, 237, 238, 239, 240], "functions": {"BaseConstitutionManager.__init__": {"executed_lines": [], "summary": {"covered_lines": 0, "num_statements": 2, "percent_covered": 0.0, "percent_covered_display": "0", "missing_lines": 2, "excluded_lines": 0}, "missing_lines": [29, 30], "excluded_lines": []}, "BaseConstitutionManager.initialize": {"executed_lines": [], "summary": {"covered_lines": 0, "num_statements": 0, "percent_covered": 100.0, "percent_covered_display": "100", "missing_lines": 0, "excluded_lines": 7}, "missing_lines": [], "excluded_lines": [34, 35, 36, 37, 38, 39, 40]}, "BaseConstitutionManager.is_rule_enabled": {"executed_lines": [], "summary": {"covered_lines": 0, "num_statements": 0, "percent_covered": 100.0, "percent_covered_display": "100", "missing_lines": 0, "excluded_lines": 10}, "missing_lines": [], "excluded_lines": [44, 45, 46, 47, 48, 49, 50, 51, 52, 53]}, "BaseConstitutionManager.enable_rule": {"executed_lines": [], "summary": {"covered_lines": 0, "num_statements": 0, "percent_covered": 100.0, "percent_covered_display": "100", "missing_lines": 0, "excluded_lines": 11}, "missing_lines": [], "excluded_lines": [57, 58, 59, 60, 61, 62, 63, 64, 65, 66, 67]}, "BaseConstitutionManager.disable_rule": {"executed_lines": [], "summary": {"covered_lines": 0, "num_statements": 0, "percent_covered": 100.0, "percent_covered_display": "100", "missing_lines": 0, "excluded_lines": 11}, "missing_lines": [], "excluded_lines": [71, 72, 73, 74, 75, 76, 77, 78, 79, 80, 81]}, "BaseConstitutionManager.get_all_rules": {"executed_lines": [], "summary": {"covered_lines": 0, "num_statements": 0, "percent_covered": 100.0, "percent_covered_display": "100", "missing_lines": 0, "excluded_lines": 10}, "missing_lines": [], "excluded_lines": [85, 86, 87, 88, 89, 90, 91, 92, 93, 94]}, "BaseConstitutionManager.get_rule_by_number": {"executed_lines": [], "summary": {"covered_lines": 0, "num_statements": 0, "percent_covered": 100.0, "percent_covered_display": "100", "missing_lines": 0, "excluded_lines": 10}, "missing_lines": [], "excluded_lines": [98, 99, 100, 101, 102, 103, 104, 105, 106, 107]}, "BaseConstitutionManager.get_rules_by_category": {"executed_lines": [], "summary": {"covered_lines": 0, "num_statements": 0, "percent_covered": 100.0, "percent_covered_display": "100", "missing_lines": 0, "excluded_lines": 11}, "missing_lines": [], "excluded_lines": [111, 112, 113, 114, 115, 116, 117, 118, 119, 120, 121]}, "BaseConstitutionManager.get_rule_statistics": {"executed_lines": [], "summary": {"covered_lines": 0, "num_statements": 0, "percent_covered": 100.0, "percent_covered_display": "100", "missing_lines": 0, "excluded_lines": 7}, "missing_lines": [], "excluded_lines": [125, 126, 127, 128, 129, 130, 131]}, "BaseConstitutionManager.search_rules": {"executed_lines": [], "summary": {"covered_lines": 0, "num_statements": 0, "percent_covered": 100.0, "percent_covered_display": "100", "missing_lines": 0, "excluded_lines": 11}, "missing_lines": [], "excluded_lines": [135, 136, 137, 138, 139, 140, 141, 142, 143, 144, 145]}, "BaseConstitutionManager.export_rules_to_json": {"executed_lines": [], "summary": {"covered_lines": 0, "num_statements": 0, "percent_covered": 100.0, "percent_covered_display": "100", "missing_lines": 0, "excluded_lines": 10}, "missing_lines": [], "excluded_lines": [149, 150, 151, 152, 153, 154, 155, 156, 157, 158]}, "BaseConstitutionManager.get_categories": {"executed_lines": [], "summary": {"covered_lines": 0, "num_statements": 0, "percent_covered": 100.0, "percent_covered_display": "100", "missing_lines": 0, "excluded_lines": 7}, "missing_lines": [], "excluded_lines": [162, 163, 164, 165, 166, 167, 168]}, "BaseConstitutionManager.get_backend_type": {"executed_lines": [], "summary": {"covered_lines": 0, "num_statements": 0, "percent_covered": 100.0, "percent_covered_display": "100", "missing_lines": 0, "excluded_lines": 7}, "missing_lines": [], "excluded_lines": [172, 173, 174, 175, 176, 177, 178]}, "BaseConstitutionManager.get_backend_info": {"executed_lines": [], "summary": {"covered_lines": 0, "num_statements": 0, "percent_covered": 100.0, "percent_covered_display": "100", "missing_lines": 0, "excluded_lines": 7}, "missing_lines": [], "excluded_lines": [182, 183, 184, 185, 186, 187, 188]}, "BaseConstitutionManager.backup_database": {"executed_lines": [], "summary": {"covered_lines": 0, "num_statements": 0, "percent_covered": 100.0, "percent_covered_display": "100", "missing_lines": 0, "excluded_lines": 10}, "missing_lines": [], "excluded_lines": [192, 193, 194, 195, 196, 197, 198, 199, 200, 201]}, "BaseConstitutionManager.restore_database": {"executed_lines": [], "summary": {"covered_lines": 0, "num_statements": 0, "percent_covered": 100.0, "percent_covered_display": "100", "missing_lines": 0, "excluded_lines": 10}, "missing_lines": [], "excluded_lines": [205, 206, 207, 208, 209, 210, 211, 212, 213, 214]}, "BaseConstitutionManager.health_check": {"executed_lines": [], "summary": {"covered_lines": 0, "num_statements": 0, "percent_covered": 100.0, "percent_covered_display": "100", "missing_lines": 0, "excluded_lines": 7}, "missing_lines": [], "excluded_lines": [218, 219, 220, 221, 222, 223, 224]}, "BaseConstitutionManager.__enter__": {"executed_lines": [], "summary": {"covered_lines": 0, "num_statements": 3, "percent_covered": 0.0, "percent_covered_display": "0", "missing_lines": 3, "excluded_lines": 0}, "missing_lines": [229, 230, 231], "excluded_lines": []}, "BaseConstitutionManager.__exit__": {"executed_lines": [], "summary": {"covered_lines": 0, "num_statements": 1, "percent_covered": 0.0, "percent_covered_display": "0", "missing_lines": 1, "excluded_lines": 0}, "missing_lines": [235], "excluded_lines": []}, "BaseConstitutionManager.close": {"executed_lines": [], "summary": {"covered_lines": 0, "num_statements": 0, "percent_covered": 100.0, "percent_covered_display": "100", "missing_lines": 0, "excluded_lines": 2}, "missing_lines": [], "excluded_lines": [239, 240]}, "BaseConstitutionManager.validate_rule_number": {"executed_lines": [], "summary": {"covered_lines": 0, "num_statements": 1, "percent_covered": 0.0, "percent_covered_display": "0", "missing_lines": 1, "excluded_lines": 0}, "missing_lines": [253], "excluded_lines": []}, "BaseConstitutionManager.get_rule_summary": {"executed_lines": [], "summary": {"covered_lines": 0, "num_statements": 4, "percent_covered": 0.0, "percent_covered_display": "0", "missing_lines": 4, "excluded_lines": 0}, "missing_lines": [265, 266, 267, 269], "excluded_lines": []}, "BaseConstitutionManager.get_enabled_rules_count": {"executed_lines": [], "summary": {"covered_lines": 0, "num_statements": 2, "percent_covered": 0.0, "percent_covered_display": "0", "missing_lines": 2, "excluded_lines": 0}, "missing_lines": [285, 286], "excluded_lines": []}, "BaseConstitutionManager.get_disabled_rules_count": {"executed_lines": [], "summary": {"covered_lines": 0, "num_statements": 2, "percent_covered": 0.0, "percent_covered_display": "0", "missing_lines": 2, "excluded_lines": 0}, "missing_lines": [295, 296], "excluded_lines": []}, "BaseConstitutionManager.is_healthy": {"executed_lines": [], "summary": {"covered_lines": 0, "num_statements": 5, "percent_covered": 0.0, "percent_covered_display": "0", "missing_lines": 5, "excluded_lines": 0}, "missing_lines": [305, 306, 307, 308, 309], "excluded_lines": []}, "BaseConstitutionManager.get_last_updated": {"executed_lines": [], "summary": {"covered_lines": 0, "num_statements": 8, "percent_covered": 0.0, "percent_covered_display": "0", "missing_lines": 8, "excluded_lines": 0}, "missing_lines": [318, 319, 320, 321, 322, 323, 324, 325], "excluded_lines": []}, "": {"executed_lines": [], "summary": {"covered_lines": 0, "num_statements": 13, "percent_covered": 0.0, "percent_covered_display": "0", "missing_lines": 13, "excluded_lines": 34}, "missing_lines": [9, 10, 11, 13, 22, 227, 233, 243, 255, 278, 288, 298, 311], "excluded_lines": [32, 33, 42, 43, 55, 56, 69, 70, 83, 84, 96, 97, 109, 110, 123, 124, 133, 134, 147, 148, 160, 161, 170, 171, 180, 181, 190, 191, 203, 204, 216, 217, 237, 238]}}, "classes": {"BaseConstitutionManager": {"executed_lines": [], "summary": {"covered_lines": 0, "num_statements": 28, "percent_covered": 0.0, "percent_covered_display": "0", "missing_lines": 28, "excluded_lines": 148}, "missing_lines": [29, 30, 229, 230, 231, 235, 253, 265, 266, 267, 269, 285, 286, 295, 296, 305, 306, 307, 308, 309, 318, 319, 320, 321, 322, 323, 324, 325], "excluded_lines": [34, 35, 36, 37, 38, 39, 40, 44, 45, 46, 47, 48, 49, 50, 51, 52, 53, 57, 58, 59, 60, 61, 62, 63, 64, 65, 66, 67, 71, 72, 73, 74, 75, 76, 77, 78, 79, 80, 81, 85, 86, 87, 88, 89, 90, 91, 92, 93, 94, 98, 99, 100, 101, 102, 103, 104, 105, 106, 107, 111, 112, 113, 114, 115, 116, 117, 118, 119, 120, 121, 125, 126, 127, 128, 129, 130, 131, 135, 136, 137, 138, 139, 140, 141, 142, 143, 144, 145, 149, 150, 151, 152, 153, 154, 155, 156, 157, 158, 162, 163, 164, 165, 166, 167, 168, 172, 173, 174, 175, 176, 177, 178, 182, 183, 184, 185, 186, 187, 188, 192, 193, 194, 195, 196, 197, 198, 199, 200, 201, 205, 206, 207, 208, 209, 210, 211, 212, 213, 214, 218, 219, 220, 221, 222, 223, 224, 239, 240]}, "": {"executed_lines": [], "summary": {"covered_lines": 0, "num_statements": 13, "percent_covered": 0.0, "percent_covered_display": "0", "missing_lines": 13, "excluded_lines": 34}, "missing_lines": [9, 10, 11, 13, 22, 227, 233, 243, 255, 278, 288, 298, 311], "excluded_lines": [32, 33, 42, 43, 55, 56, 69, 70, 83, 84, 96, 97, 109, 110, 123, 124, 133, 134, 147, 148, 160, 161, 170, 171, 180, 181, 190, 191, 203, 204, 216, 217, 237, 238]}}}, "config\\constitution\\config_manager.py": {"executed_lines": [], "summary": {"covered_lines": 0, "num_statements": 248, "percent_covered": 0.0, "percent_covered_display": "0", "missing_lines": 248, "excluded_lines": 2}, "missing_lines": [9, 10, 11, 12, 13, 15, 16, 17, 18, 19, 21, 22, 23, 24, 25, 27, 35, 43, 44, 45, 46, 48, 50, 52, 55, 58, 59, 60, 62, 64, 66, 67, 68, 71, 72, 80, 82, 84, 85, 86, 88, 91, 93, 94, 95, 96, 97, 98, 100, 101, 102, 103, 104, 105, 106, 107, 108, 110, 112, 123, 124, 125, 128, 130, 139, 141, 143, 144, 146, 152, 153, 155, 157, 166, 168, 170, 171, 173, 180, 181, 183, 185, 195, 197, 199, 201, 208, 210, 217, 219, 230, 232, 242, 244, 251, 253, 263, 265, 276, 277, 278, 280, 290, 291, 292, 293, 294, 295, 296, 297, 299, 309, 310, 311, 312, 313, 314, 316, 318, 319, 320, 321, 323, 325, 326, 327, 329, 330, 332, 333, 335, 336, 338, 339, 340, 343, 353, 355, 365, 367, 376, 378, 385, 386, 388, 398, 399, 400, 402, 404, 406, 407, 408, 410, 412, 414, 415, 416, 418, 425, 427, 434, 435, 437, 444, 446, 449, 451, 452, 453, 454, 456, 458, 460, 462, 471, 473, 475, 476, 477, 479, 480, 482, 483, 484, 485, 486, 487, 490, 491, 492, 493, 494, 495, 496, 497, 500, 501, 503, 514, 515, 520, 522, 523, 525, 526, 529, 530, 531, 532, 534, 536, 537, 539, 540, 542, 543, 547, 557, 563, 566, 567, 570, 571, 572, 573, 574, 575, 578, 579, 580, 583, 584, 585, 586, 587, 590, 591, 592, 593, 596, 597, 600, 601, 604, 605, 608, 609], "excluded_lines": [612, 613], "functions": {"ConstitutionRuleManager.__init__": {"executed_lines": [], "summary": {"covered_lines": 0, "num_statements": 4, "percent_covered": 0.0, "percent_covered_display": "0", "missing_lines": 4, "excluded_lines": 0}, "missing_lines": [43, 44, 45, 46], "excluded_lines": []}, "ConstitutionRuleManager._init_constitution_system": {"executed_lines": [], "summary": {"covered_lines": 0, "num_statements": 7, "percent_covered": 0.0, "percent_covered_display": "0", "missing_lines": 7, "excluded_lines": 0}, "missing_lines": [50, 52, 55, 58, 59, 60, 62], "excluded_lines": []}, "ConstitutionRuleManager._load_constitution_config": {"executed_lines": [], "summary": {"covered_lines": 0, "num_statements": 6, "percent_covered": 0.0, "percent_covered_display": "0", "missing_lines": 6, "excluded_lines": 0}, "missing_lines": [66, 67, 68, 71, 72, 80], "excluded_lines": []}, "ConstitutionRuleManager._save_constitution_config": {"executed_lines": [], "summary": {"covered_lines": 0, "num_statements": 3, "percent_covered": 0.0, "percent_covered_display": "0", "missing_lines": 3, "excluded_lines": 0}, "missing_lines": [84, 85, 86], "excluded_lines": []}, "ConstitutionRuleManager._derive_total_rules": {"executed_lines": [], "summary": {"covered_lines": 0, "num_statements": 17, "percent_covered": 0.0, "percent_covered_display": "0", "missing_lines": 17, "excluded_lines": 0}, "missing_lines": [91, 93, 94, 95, 96, 97, 98, 100, 101, 102, 103, 104, 105, 106, 107, 108, 110], "excluded_lines": []}, "ConstitutionRuleManager.is_rule_enabled": {"executed_lines": [], "summary": {"covered_lines": 0, "num_statements": 4, "percent_covered": 0.0, "percent_covered_display": "0", "missing_lines": 4, "excluded_lines": 0}, "missing_lines": [123, 124, 125, 128], "excluded_lines": []}, "ConstitutionRuleManager.enable_rule": {"executed_lines": [], "summary": {"covered_lines": 0, "num_statements": 8, "percent_covered": 0.0, "percent_covered_display": "0", "missing_lines": 8, "excluded_lines": 0}, "missing_lines": [139, 141, 143, 144, 146, 152, 153, 155], "excluded_lines": []}, "ConstitutionRuleManager.disable_rule": {"executed_lines": [], "summary": {"covered_lines": 0, "num_statements": 8, "percent_covered": 0.0, "percent_covered_display": "0", "missing_lines": 8, "excluded_lines": 0}, "missing_lines": [166, 168, 170, 171, 173, 180, 181, 183], "excluded_lines": []}, "ConstitutionRuleManager.get_rule_config": {"executed_lines": [], "summary": {"covered_lines": 0, "num_statements": 1, "percent_covered": 0.0, "percent_covered_display": "0", "missing_lines": 1, "excluded_lines": 0}, "missing_lines": [195], "excluded_lines": []}, "ConstitutionRuleManager.get_all_rule_configs": {"executed_lines": [], "summary": {"covered_lines": 0, "num_statements": 1, "percent_covered": 0.0, "percent_covered_display": "0", "missing_lines": 1, "excluded_lines": 0}, "missing_lines": [199], "excluded_lines": []}, "ConstitutionRuleManager.get_enabled_rules": {"executed_lines": [], "summary": {"covered_lines": 0, "num_statements": 1, "percent_covered": 0.0, "percent_covered_display": "0", "missing_lines": 1, "excluded_lines": 0}, "missing_lines": [208], "excluded_lines": []}, "ConstitutionRuleManager.get_disabled_rules": {"executed_lines": [], "summary": {"covered_lines": 0, "num_statements": 1, "percent_covered": 0.0, "percent_covered_display": "0", "missing_lines": 1, "excluded_lines": 0}, "missing_lines": [217], "excluded_lines": []}, "ConstitutionRuleManager.get_rules_by_category": {"executed_lines": [], "summary": {"covered_lines": 0, "num_statements": 1, "percent_covered": 0.0, "percent_covered_display": "0", "missing_lines": 1, "excluded_lines": 0}, "missing_lines": [230], "excluded_lines": []}, "ConstitutionRuleManager.get_rule_by_number": {"executed_lines": [], "summary": {"covered_lines": 0, "num_statements": 1, "percent_covered": 0.0, "percent_covered_display": "0", "missing_lines": 1, "excluded_lines": 0}, "missing_lines": [242], "excluded_lines": []}, "ConstitutionRuleManager.get_rule_statistics": {"executed_lines": [], "summary": {"covered_lines": 0, "num_statements": 1, "percent_covered": 0.0, "percent_covered_display": "0", "missing_lines": 1, "excluded_lines": 0}, "missing_lines": [251], "excluded_lines": []}, "ConstitutionRuleManager.get_all_rules": {"executed_lines": [], "summary": {"covered_lines": 0, "num_statements": 1, "percent_covered": 0.0, "percent_covered_display": "0", "missing_lines": 1, "excluded_lines": 0}, "missing_lines": [263], "excluded_lines": []}, "ConstitutionRuleManager.search_rules": {"executed_lines": [], "summary": {"covered_lines": 0, "num_statements": 3, "percent_covered": 0.0, "percent_covered_display": "0", "missing_lines": 3, "excluded_lines": 0}, "missing_lines": [276, 277, 278], "excluded_lines": []}, "ConstitutionRuleManager.backup_database": {"executed_lines": [], "summary": {"covered_lines": 0, "num_statements": 8, "percent_covered": 0.0, "percent_covered_display": "0", "missing_lines": 8, "excluded_lines": 0}, "missing_lines": [290, 291, 292, 293, 294, 295, 296, 297], "excluded_lines": []}, "ConstitutionRuleManager.restore_database": {"executed_lines": [], "summary": {"covered_lines": 0, "num_statements": 6, "percent_covered": 0.0, "percent_covered_display": "0", "missing_lines": 6, "excluded_lines": 0}, "missing_lines": [309, 310, 311, 312, 313, 314], "excluded_lines": []}, "ConstitutionRuleManager.sync_with_database": {"executed_lines": [], "summary": {"covered_lines": 0, "num_statements": 17, "percent_covered": 0.0, "percent_covered_display": "0", "missing_lines": 17, "excluded_lines": 0}, "missing_lines": [318, 319, 320, 321, 323, 325, 326, 327, 329, 330, 332, 333, 335, 336, 338, 339, 340], "excluded_lines": []}, "ConstitutionRuleManager.export_rules_to_json": {"executed_lines": [], "summary": {"covered_lines": 0, "num_statements": 1, "percent_covered": 0.0, "percent_covered_display": "0", "missing_lines": 1, "excluded_lines": 0}, "missing_lines": [353], "excluded_lines": []}, "ConstitutionRuleManager.import_rules_from_json": {"executed_lines": [], "summary": {"covered_lines": 0, "num_statements": 1, "percent_covered": 0.0, "percent_covered_display": "0", "missing_lines": 1, "excluded_lines": 0}, "missing_lines": [365], "excluded_lines": []}, "ConstitutionRuleManager.log_validation": {"executed_lines": [], "summary": {"covered_lines": 0, "num_statements": 1, "percent_covered": 0.0, "percent_covered_display": "0", "missing_lines": 1, "excluded_lines": 0}, "missing_lines": [376], "excluded_lines": []}, "ConstitutionRuleManager.get_categories": {"executed_lines": [], "summary": {"covered_lines": 0, "num_statements": 2, "percent_covered": 0.0, "percent_covered_display": "0", "missing_lines": 2, "excluded_lines": 0}, "missing_lines": [385, 386], "excluded_lines": []}, "ConstitutionRuleManager.get_category_info": {"executed_lines": [], "summary": {"covered_lines": 0, "num_statements": 3, "percent_covered": 0.0, "percent_covered_display": "0", "missing_lines": 3, "excluded_lines": 0}, "missing_lines": [398, 399, 400], "excluded_lines": []}, "ConstitutionRuleManager.reset_all_rules_to_enabled": {"executed_lines": [], "summary": {"covered_lines": 0, "num_statements": 4, "percent_covered": 0.0, "percent_covered_display": "0", "missing_lines": 4, "excluded_lines": 0}, "missing_lines": [404, 406, 407, 408], "excluded_lines": []}, "ConstitutionRuleManager.reset_all_rules_to_disabled": {"executed_lines": [], "summary": {"covered_lines": 0, "num_statements": 4, "percent_covered": 0.0, "percent_covered_display": "0", "missing_lines": 4, "excluded_lines": 0}, "missing_lines": [412, 414, 415, 416], "excluded_lines": []}, "ConstitutionRuleManager.get_constitution_config": {"executed_lines": [], "summary": {"covered_lines": 0, "num_statements": 1, "percent_covered": 0.0, "percent_covered_display": "0", "missing_lines": 1, "excluded_lines": 0}, "missing_lines": [425], "excluded_lines": []}, "ConstitutionRuleManager.update_constitution_config": {"executed_lines": [], "summary": {"covered_lines": 0, "num_statements": 2, "percent_covered": 0.0, "percent_covered_display": "0", "missing_lines": 2, "excluded_lines": 0}, "missing_lines": [434, 435], "excluded_lines": []}, "ConstitutionRuleManager.initialize": {"executed_lines": [], "summary": {"covered_lines": 0, "num_statements": 7, "percent_covered": 0.0, "percent_covered_display": "0", "missing_lines": 7, "excluded_lines": 0}, "missing_lines": [444, 446, 449, 451, 452, 453, 454], "excluded_lines": []}, "ConstitutionRuleManager.get_backend_type": {"executed_lines": [], "summary": {"covered_lines": 0, "num_statements": 1, "percent_covered": 0.0, "percent_covered_display": "0", "missing_lines": 1, "excluded_lines": 0}, "missing_lines": [458], "excluded_lines": []}, "ConstitutionRuleManager.get_backend_info": {"executed_lines": [], "summary": {"covered_lines": 0, "num_statements": 1, "percent_covered": 0.0, "percent_covered_display": "0", "missing_lines": 1, "excluded_lines": 0}, "missing_lines": [462], "excluded_lines": []}, "ConstitutionRuleManager.health_check": {"executed_lines": [], "summary": {"covered_lines": 0, "num_statements": 25, "percent_covered": 0.0, "percent_covered_display": "0", "missing_lines": 25, "excluded_lines": 0}, "missing_lines": [473, 475, 476, 477, 479, 480, 482, 483, 484, 485, 486, 487, 490, 491, 492, 493, 494, 495, 496, 497, 500, 501, 503, 514, 515], "excluded_lines": []}, "ConstitutionRuleManager._get_last_updated": {"executed_lines": [], "summary": {"covered_lines": 0, "num_statements": 8, "percent_covered": 0.0, "percent_covered_display": "0", "missing_lines": 8, "excluded_lines": 0}, "missing_lines": [522, 523, 525, 526, 529, 530, 531, 532], "excluded_lines": []}, "ConstitutionRuleManager.close": {"executed_lines": [], "summary": {"covered_lines": 0, "num_statements": 2, "percent_covered": 0.0, "percent_covered_display": "0", "missing_lines": 2, "excluded_lines": 0}, "missing_lines": [536, 537], "excluded_lines": []}, "ConstitutionRuleManager.__enter__": {"executed_lines": [], "summary": {"covered_lines": 0, "num_statements": 1, "percent_covered": 0.0, "percent_covered_display": "0", "missing_lines": 1, "excluded_lines": 0}, "missing_lines": [540], "excluded_lines": []}, "ConstitutionRuleManager.__exit__": {"executed_lines": [], "summary": {"covered_lines": 0, "num_statements": 1, "percent_covered": 0.0, "percent_covered_display": "0", "missing_lines": 1, "excluded_lines": 0}, "missing_lines": [543], "excluded_lines": []}, "get_constitution_manager": {"executed_lines": [], "summary": {"covered_lines": 0, "num_statements": 1, "percent_covered": 0.0, "percent_covered_display": "0", "missing_lines": 1, "excluded_lines": 0}, "missing_lines": [557], "excluded_lines": []}, "main": {"executed_lines": [], "summary": {"covered_lines": 0, "num_statements": 28, "percent_covered": 0.0, "percent_covered_display": "0", "missing_lines": 28, "excluded_lines": 0}, "missing_lines": [566, 567, 570, 571, 572, 573, 574, 575, 578, 579, 580, 583, 584, 585, 586, 587, 590, 591, 592, 593, 596, 597, 600, 601, 604, 605, 608, 609], "excluded_lines": []}, "": {"executed_lines": [], "summary": {"covered_lines": 0, "num_statements": 55, "percent_covered": 0.0, "percent_covered_display": "0", "missing_lines": 55, "excluded_lines": 2}, "missing_lines": [9, 10, 11, 12, 13, 15, 16, 17, 18, 19, 21, 22, 23, 24, 25, 27, 35, 48, 64, 82, 88, 112, 130, 157, 185, 197, 201, 210, 219, 232, 244, 253, 265, 280, 299, 316, 343, 355, 367, 378, 388, 402, 410, 418, 427, 437, 456, 460, 471, 520, 534, 539, 542, 547, 563], "excluded_lines": [612, 613]}}, "classes": {"ConstitutionRuleManager": {"executed_lines": [], "summary": {"covered_lines": 0, "num_statements": 164, "percent_covered": 0.0, "percent_covered_display": "0", "missing_lines": 164, "excluded_lines": 0}, "missing_lines": [43, 44, 45, 46, 50, 52, 55, 58, 59, 60, 62, 66, 67, 68, 71, 72, 80, 84, 85, 86, 91, 93, 94, 95, 96, 97, 98, 100, 101, 102, 103, 104, 105, 106, 107, 108, 110, 123, 124, 125, 128, 139, 141, 143, 144, 146, 152, 153, 155, 166, 168, 170, 171, 173, 180, 181, 183, 195, 199, 208, 217, 230, 242, 251, 263, 276, 277, 278, 290, 291, 292, 293, 294, 295, 296, 297, 309, 310, 311, 312, 313, 314, 318, 319, 320, 321, 323, 325, 326, 327, 329, 330, 332, 333, 335, 336, 338, 339, 340, 353, 365, 376, 385, 386, 398, 399, 400, 404, 406, 407, 408, 412, 414, 415, 416, 425, 434, 435, 444, 446, 449, 451, 452, 453, 454, 458, 462, 473, 475, 476, 477, 479, 480, 482, 483, 484, 485, 486, 487, 490, 491, 492, 493, 494, 495, 496, 497, 500, 501, 503, 514, 515, 522, 523, 525, 526, 529, 530, 531, 532, 536, 537, 540, 543], "excluded_lines": []}, "": {"executed_lines": [], "summary": {"covered_lines": 0, "num_statements": 84, "percent_covered": 0.0, "percent_covered_display": "0", "missing_lines": 84, "excluded_lines": 2}, "missing_lines": [9, 10, 11, 12, 13, 15, 16, 17, 18, 19, 21, 22, 23, 24, 25, 27, 35, 48, 64, 82, 88, 112, 130, 157, 185, 197, 201, 210, 219, 232, 244, 253, 265, 280, 299, 316, 343, 355, 367, 378, 388, 402, 410, 418, 427, 437, 456, 460, 471, 520, 534, 539, 542, 547, 557, 563, 566, 567, 570, 571, 572, 573, 574, 575, 578, 579, 580, 583, 584, 585, 586, 587, 590, 591, 592, 593, 596, 597, 600, 601, 604, 605, 608, 609], "excluded_lines": [612, 613]}}}, "config\\constitution\\config_manager_json.py": {"executed_lines": [], "summary": {"covered_lines": 0, "num_statements": 216, "percent_covered": 0.0, "percent_covered_display": "0", "missing_lines": 216, "excluded_lines": 0}, "missing_lines": [9, 10, 11, 12, 13, 14, 16, 17, 18, 19, 20, 22, 23, 24, 25, 27, 29, 37, 45, 46, 47, 48, 49, 50, 52, 54, 55, 56, 57, 60, 63, 68, 69, 70, 72, 73, 75, 76, 77, 78, 80, 82, 83, 84, 85, 87, 89, 95, 97, 98, 99, 102, 103, 104, 107, 108, 110, 111, 112, 113, 114, 116, 118, 119, 120, 121, 122, 123, 125, 132, 134, 137, 139, 140, 141, 143, 144, 145, 147, 157, 158, 161, 162, 163, 166, 167, 169, 180, 181, 183, 185, 187, 189, 190, 192, 198, 200, 202, 204, 205, 206, 208, 219, 220, 222, 224, 226, 228, 229, 231, 238, 240, 242, 244, 245, 246, 248, 258, 259, 261, 263, 273, 274, 276, 278, 289, 290, 292, 294, 301, 302, 304, 306, 317, 318, 320, 322, 332, 333, 335, 337, 344, 345, 347, 349, 356, 358, 365, 366, 368, 369, 373, 375, 385, 386, 388, 390, 400, 401, 403, 404, 406, 407, 409, 416, 417, 419, 422, 428, 429, 430, 431, 432, 433, 434, 435, 438, 440, 447, 449, 450, 451, 452, 454, 456, 458, 461, 462, 464, 465, 466, 467, 472, 473, 475, 476, 478, 488, 489, 491, 493, 500, 501, 503, 505, 516, 517, 519, 520, 521, 523, 529, 530, 532, 533, 534], "excluded_lines": [], "functions": {"ConstitutionRuleManagerJSON.__init__": {"executed_lines": [], "summary": {"covered_lines": 0, "num_statements": 6, "percent_covered": 0.0, "percent_covered_display": "0", "missing_lines": 6, "excluded_lines": 0}, "missing_lines": [45, 46, 47, 48, 49, 50], "excluded_lines": []}, "ConstitutionRuleManagerJSON._load_constitution_config": {"executed_lines": [], "summary": {"covered_lines": 0, "num_statements": 15, "percent_covered": 0.0, "percent_covered_display": "0", "missing_lines": 15, "excluded_lines": 0}, "missing_lines": [54, 55, 56, 57, 60, 63, 68, 69, 70, 72, 73, 75, 76, 77, 78], "excluded_lines": []}, "ConstitutionRuleManagerJSON._validate_config_structure": {"executed_lines": [], "summary": {"covered_lines": 0, "num_statements": 4, "percent_covered": 0.0, "percent_covered_display": "0", "missing_lines": 4, "excluded_lines": 0}, "missing_lines": [82, 83, 84, 85], "excluded_lines": []}, "ConstitutionRuleManagerJSON._create_default_config": {"executed_lines": [], "summary": {"covered_lines": 0, "num_statements": 1, "percent_covered": 0.0, "percent_covered_display": "0", "missing_lines": 1, "excluded_lines": 0}, "missing_lines": [89], "excluded_lines": []}, "ConstitutionRuleManagerJSON._repair_config_file": {"executed_lines": [], "summary": {"covered_lines": 0, "num_statements": 13, "percent_covered": 0.0, "percent_covered_display": "0", "missing_lines": 13, "excluded_lines": 0}, "missing_lines": [97, 98, 99, 102, 103, 104, 107, 108, 110, 111, 112, 113, 114], "excluded_lines": []}, "ConstitutionRuleManagerJSON._save_constitution_config": {"executed_lines": [], "summary": {"covered_lines": 0, "num_statements": 6, "percent_covered": 0.0, "percent_covered_display": "0", "missing_lines": 6, "excluded_lines": 0}, "missing_lines": [118, 119, 120, 121, 122, 123], "excluded_lines": []}, "ConstitutionRuleManagerJSON.initialize": {"executed_lines": [], "summary": {"covered_lines": 0, "num_statements": 9, "percent_covered": 0.0, "percent_covered_display": "0", "missing_lines": 9, "excluded_lines": 0}, "missing_lines": [132, 134, 137, 139, 140, 141, 143, 144, 145], "excluded_lines": []}, "ConstitutionRuleManagerJSON.is_rule_enabled": {"executed_lines": [], "summary": {"covered_lines": 0, "num_statements": 7, "percent_covered": 0.0, "percent_covered_display": "0", "missing_lines": 7, "excluded_lines": 0}, "missing_lines": [157, 158, 161, 162, 163, 166, 167], "excluded_lines": []}, "ConstitutionRuleManagerJSON.enable_rule": {"executed_lines": [], "summary": {"covered_lines": 0, "num_statements": 14, "percent_covered": 0.0, "percent_covered_display": "0", "missing_lines": 14, "excluded_lines": 0}, "missing_lines": [180, 181, 183, 185, 187, 189, 190, 192, 198, 200, 202, 204, 205, 206], "excluded_lines": []}, "ConstitutionRuleManagerJSON.disable_rule": {"executed_lines": [], "summary": {"covered_lines": 0, "num_statements": 14, "percent_covered": 0.0, "percent_covered_display": "0", "missing_lines": 14, "excluded_lines": 0}, "missing_lines": [219, 220, 222, 224, 226, 228, 229, 231, 238, 240, 242, 244, 245, 246], "excluded_lines": []}, "ConstitutionRuleManagerJSON.get_all_rules": {"executed_lines": [], "summary": {"covered_lines": 0, "num_statements": 3, "percent_covered": 0.0, "percent_covered_display": "0", "missing_lines": 3, "excluded_lines": 0}, "missing_lines": [258, 259, 261], "excluded_lines": []}, "ConstitutionRuleManagerJSON.get_rule_by_number": {"executed_lines": [], "summary": {"covered_lines": 0, "num_statements": 3, "percent_covered": 0.0, "percent_covered_display": "0", "missing_lines": 3, "excluded_lines": 0}, "missing_lines": [273, 274, 276], "excluded_lines": []}, "ConstitutionRuleManagerJSON.get_rules_by_category": {"executed_lines": [], "summary": {"covered_lines": 0, "num_statements": 3, "percent_covered": 0.0, "percent_covered_display": "0", "missing_lines": 3, "excluded_lines": 0}, "missing_lines": [289, 290, 292], "excluded_lines": []}, "ConstitutionRuleManagerJSON.get_rule_statistics": {"executed_lines": [], "summary": {"covered_lines": 0, "num_statements": 3, "percent_covered": 0.0, "percent_covered_display": "0", "missing_lines": 3, "excluded_lines": 0}, "missing_lines": [301, 302, 304], "excluded_lines": []}, "ConstitutionRuleManagerJSON.search_rules": {"executed_lines": [], "summary": {"covered_lines": 0, "num_statements": 3, "percent_covered": 0.0, "percent_covered_display": "0", "missing_lines": 3, "excluded_lines": 0}, "missing_lines": [317, 318, 320], "excluded_lines": []}, "ConstitutionRuleManagerJSON.export_rules_to_json": {"executed_lines": [], "summary": {"covered_lines": 0, "num_statements": 3, "percent_covered": 0.0, "percent_covered_display": "0", "missing_lines": 3, "excluded_lines": 0}, "missing_lines": [332, 333, 335], "excluded_lines": []}, "ConstitutionRuleManagerJSON.get_categories": {"executed_lines": [], "summary": {"covered_lines": 0, "num_statements": 3, "percent_covered": 0.0, "percent_covered_display": "0", "missing_lines": 3, "excluded_lines": 0}, "missing_lines": [344, 345, 347], "excluded_lines": []}, "ConstitutionRuleManagerJSON.get_backend_type": {"executed_lines": [], "summary": {"covered_lines": 0, "num_statements": 1, "percent_covered": 0.0, "percent_covered_display": "0", "missing_lines": 1, "excluded_lines": 0}, "missing_lines": [356], "excluded_lines": []}, "ConstitutionRuleManagerJSON.get_backend_info": {"executed_lines": [], "summary": {"covered_lines": 0, "num_statements": 5, "percent_covered": 0.0, "percent_covered_display": "0", "missing_lines": 5, "excluded_lines": 0}, "missing_lines": [365, 366, 368, 369, 373], "excluded_lines": []}, "ConstitutionRuleManagerJSON.backup_database": {"executed_lines": [], "summary": {"covered_lines": 0, "num_statements": 3, "percent_covered": 0.0, "percent_covered_display": "0", "missing_lines": 3, "excluded_lines": 0}, "missing_lines": [385, 386, 388], "excluded_lines": []}, "ConstitutionRuleManagerJSON.restore_database": {"executed_lines": [], "summary": {"covered_lines": 0, "num_statements": 6, "percent_covered": 0.0, "percent_covered_display": "0", "missing_lines": 6, "excluded_lines": 0}, "missing_lines": [400, 401, 403, 404, 406, 407], "excluded_lines": []}, "ConstitutionRuleManagerJSON.health_check": {"executed_lines": [], "summary": {"covered_lines": 0, "num_statements": 14, "percent_covered": 0.0, "percent_covered_display": "0", "missing_lines": 14, "excluded_lines": 0}, "missing_lines": [416, 417, 419, 422, 428, 429, 430, 431, 432, 433, 434, 435, 438, 440], "excluded_lines": []}, "ConstitutionRuleManagerJSON.close": {"executed_lines": [], "summary": {"covered_lines": 0, "num_statements": 4, "percent_covered": 0.0, "percent_covered_display": "0", "missing_lines": 4, "excluded_lines": 0}, "missing_lines": [449, 450, 451, 452], "excluded_lines": []}, "ConstitutionRuleManagerJSON._sync_with_database": {"executed_lines": [], "summary": {"covered_lines": 0, "num_statements": 12, "percent_covered": 0.0, "percent_covered_display": "0", "missing_lines": 12, "excluded_lines": 0}, "missing_lines": [456, 458, 461, 462, 464, 465, 466, 467, 472, 473, 475, 476], "excluded_lines": []}, "ConstitutionRuleManagerJSON.get_rule_config": {"executed_lines": [], "summary": {"covered_lines": 0, "num_statements": 3, "percent_covered": 0.0, "percent_covered_display": "0", "missing_lines": 3, "excluded_lines": 0}, "missing_lines": [488, 489, 491], "excluded_lines": []}, "ConstitutionRuleManagerJSON.get_all_rule_configs": {"executed_lines": [], "summary": {"covered_lines": 0, "num_statements": 3, "percent_covered": 0.0, "percent_covered_display": "0", "missing_lines": 3, "excluded_lines": 0}, "missing_lines": [500, 501, 503], "excluded_lines": []}, "ConstitutionRuleManagerJSON.update_rule_config": {"executed_lines": [], "summary": {"covered_lines": 0, "num_statements": 11, "percent_covered": 0.0, "percent_covered_display": "0", "missing_lines": 11, "excluded_lines": 0}, "missing_lines": [516, 517, 519, 520, 521, 523, 529, 530, 532, 533, 534], "excluded_lines": []}, "": {"executed_lines": [], "summary": {"covered_lines": 0, "num_statements": 44, "percent_covered": 0.0, "percent_covered_display": "0", "missing_lines": 44, "excluded_lines": 0}, "missing_lines": [9, 10, 11, 12, 13, 14, 16, 17, 18, 19, 20, 22, 23, 24, 25, 27, 29, 37, 52, 80, 87, 95, 116, 125, 147, 169, 208, 248, 263, 278, 294, 306, 322, 337, 349, 358, 375, 390, 409, 447, 454, 478, 493, 505], "excluded_lines": []}}, "classes": {"ConstitutionRuleManagerJSON": {"executed_lines": [], "summary": {"covered_lines": 0, "num_statements": 172, "percent_covered": 0.0, "percent_covered_display": "0", "missing_lines": 172, "excluded_lines": 0}, "missing_lines": [45, 46, 47, 48, 49, 50, 54, 55, 56, 57, 60, 63, 68, 69, 70, 72, 73, 75, 76, 77, 78, 82, 83, 84, 85, 89, 97, 98, 99, 102, 103, 104, 107, 108, 110, 111, 112, 113, 114, 118, 119, 120, 121, 122, 123, 132, 134, 137, 139, 140, 141, 143, 144, 145, 157, 158, 161, 162, 163, 166, 167, 180, 181, 183, 185, 187, 189, 190, 192, 198, 200, 202, 204, 205, 206, 219, 220, 222, 224, 226, 228, 229, 231, 238, 240, 242, 244, 245, 246, 258, 259, 261, 273, 274, 276, 289, 290, 292, 301, 302, 304, 317, 318, 320, 332, 333, 335, 344, 345, 347, 356, 365, 366, 368, 369, 373, 385, 386, 388, 400, 401, 403, 404, 406, 407, 416, 417, 419, 422, 428, 429, 430, 431, 432, 433, 434, 435, 438, 440, 449, 450, 451, 452, 456, 458, 461, 462, 464, 465, 466, 467, 472, 473, 475, 476, 488, 489, 491, 500, 501, 503, 516, 517, 519, 520, 521, 523, 529, 530, 532, 533, 534], "excluded_lines": []}, "": {"executed_lines": [], "summary": {"covered_lines": 0, "num_statements": 44, "percent_covered": 0.0, "percent_covered_display": "0", "missing_lines": 44, "excluded_lines": 0}, "missing_lines": [9, 10, 11, 12, 13, 14, 16, 17, 18, 19, 20, 22, 23, 24, 25, 27, 29, 37, 52, 80, 87, 95, 116, 125, 147, 169, 208, 248, 263, 278, 294, 306, 322, 337, 349, 358, 375, 390, 409, 447, 454, 478, 493, 505], "excluded_lines": []}}}, "config\\constitution\\config_migration.py": {"executed_lines": [], "summary": {"covered_lines": 0, "num_statements": 131, "percent_covered": 0.0, "percent_covered_display": "0", "missing_lines": 131, "excluded_lines": 0}, "missing_lines": [9, 10, 11, 12, 13, 14, 16, 18, 23, 30, 31, 32, 34, 44, 46, 47, 48, 50, 51, 54, 55, 56, 59, 60, 63, 66, 67, 69, 70, 72, 73, 74, 76, 87, 90, 91, 92, 95, 140, 142, 153, 154, 155, 158, 159, 160, 161, 162, 165, 166, 167, 168, 171, 173, 180, 182, 185, 186, 189, 190, 192, 194, 195, 197, 207, 209, 210, 211, 214, 215, 216, 217, 220, 221, 222, 223, 226, 231, 232, 233, 234, 237, 238, 239, 240, 241, 242, 245, 246, 247, 248, 249, 250, 252, 253, 255, 256, 257, 259, 266, 274, 275, 276, 277, 278, 279, 280, 281, 284, 285, 286, 288, 290, 301, 302, 304, 314, 315, 317, 318, 319, 321, 322, 323, 324, 325, 326, 327, 329, 339, 340], "excluded_lines": [], "functions": {"ConfigMigration.__init__": {"executed_lines": [], "summary": {"covered_lines": 0, "num_statements": 3, "percent_covered": 0.0, "percent_covered_display": "0", "missing_lines": 3, "excluded_lines": 0}, "missing_lines": [30, 31, 32], "excluded_lines": []}, "ConfigMigration.migrate_v1_to_v2": {"executed_lines": [], "summary": {"covered_lines": 0, "num_statements": 19, "percent_covered": 0.0, "percent_covered_display": "0", "missing_lines": 19, "excluded_lines": 0}, "missing_lines": [44, 46, 47, 48, 50, 51, 54, 55, 56, 59, 60, 63, 66, 67, 69, 70, 72, 73, 74], "excluded_lines": []}, "ConfigMigration._migrate_config_structure": {"executed_lines": [], "summary": {"covered_lines": 0, "num_statements": 6, "percent_covered": 0.0, "percent_covered_display": "0", "missing_lines": 6, "excluded_lines": 0}, "missing_lines": [87, 90, 91, 92, 95, 140], "excluded_lines": []}, "ConfigMigration._determine_primary_backend": {"executed_lines": [], "summary": {"covered_lines": 0, "num_statements": 13, "percent_covered": 0.0, "percent_covered_display": "0", "missing_lines": 13, "excluded_lines": 0}, "missing_lines": [153, 154, 155, 158, 159, 160, 161, 162, 165, 166, 167, 168, 171], "excluded_lines": []}, "ConfigMigration._create_backup": {"executed_lines": [], "summary": {"covered_lines": 0, "num_statements": 9, "percent_covered": 0.0, "percent_covered_display": "0", "missing_lines": 9, "excluded_lines": 0}, "missing_lines": [180, 182, 185, 186, 189, 190, 192, 194, 195], "excluded_lines": []}, "ConfigMigration.validate_v2_config": {"executed_lines": [], "summary": {"covered_lines": 0, "num_statements": 34, "percent_covered": 0.0, "percent_covered_display": "0", "missing_lines": 34, "excluded_lines": 0}, "missing_lines": [207, 209, 210, 211, 214, 215, 216, 217, 220, 221, 222, 223, 226, 231, 232, 233, 234, 237, 238, 239, 240, 241, 242, 245, 246, 247, 248, 249, 250, 252, 253, 255, 256, 257], "excluded_lines": []}, "ConfigMigration.get_migration_info": {"executed_lines": [], "summary": {"covered_lines": 0, "num_statements": 13, "percent_covered": 0.0, "percent_covered_display": "0", "missing_lines": 13, "excluded_lines": 0}, "missing_lines": [266, 274, 275, 276, 277, 278, 279, 280, 281, 284, 285, 286, 288], "excluded_lines": []}, "migrate_configuration": {"executed_lines": [], "summary": {"covered_lines": 0, "num_statements": 2, "percent_covered": 0.0, "percent_covered_display": "0", "missing_lines": 2, "excluded_lines": 0}, "missing_lines": [301, 302], "excluded_lines": []}, "validate_configuration": {"executed_lines": [], "summary": {"covered_lines": 0, "num_statements": 12, "percent_covered": 0.0, "percent_covered_display": "0", "missing_lines": 12, "excluded_lines": 0}, "missing_lines": [314, 315, 317, 318, 319, 321, 322, 323, 324, 325, 326, 327], "excluded_lines": []}, "get_migration_info": {"executed_lines": [], "summary": {"covered_lines": 0, "num_statements": 2, "percent_covered": 0.0, "percent_covered_display": "0", "missing_lines": 2, "excluded_lines": 0}, "missing_lines": [339, 340], "excluded_lines": []}, "": {"executed_lines": [], "summary": {"covered_lines": 0, "num_statements": 18, "percent_covered": 0.0, "percent_covered_display": "0", "missing_lines": 18, "excluded_lines": 0}, "missing_lines": [9, 10, 11, 12, 13, 14, 16, 18, 23, 34, 76, 142, 173, 197, 259, 290, 304, 329], "excluded_lines": []}}, "classes": {"ConfigMigration": {"executed_lines": [], "summary": {"covered_lines": 0, "num_statements": 97, "percent_covered": 0.0, "percent_covered_display": "0", "missing_lines": 97, "excluded_lines": 0}, "missing_lines": [30, 31, 32, 44, 46, 47, 48, 50, 51, 54, 55, 56, 59, 60, 63, 66, 67, 69, 70, 72, 73, 74, 87, 90, 91, 92, 95, 140, 153, 154, 155, 158, 159, 160, 161, 162, 165, 166, 167, 168, 171, 180, 182, 185, 186, 189, 190, 192, 194, 195, 207, 209, 210, 211, 214, 215, 216, 217, 220, 221, 222, 223, 226, 231, 232, 233, 234, 237, 238, 239, 240, 241, 242, 245, 246, 247, 248, 249, 250, 252, 253, 255, 256, 257, 266, 274, 275, 276, 277, 278, 279, 280, 281, 284, 285, 286, 288], "excluded_lines": []}, "": {"executed_lines": [], "summary": {"covered_lines": 0, "num_statements": 34, "percent_covered": 0.0, "percent_covered_display": "0", "missing_lines": 34, "excluded_lines": 0}, "missing_lines": [9, 10, 11, 12, 13, 14, 16, 18, 23, 34, 76, 142, 173, 197, 259, 290, 301, 302, 304, 314, 315, 317, 318, 319, 321, 322, 323, 324, 325, 326, 327, 329, 339, 340], "excluded_lines": []}}}, "config\\constitution\\constitution_rules_json.py": {"executed_lines": [], "summary": {"covered_lines": 0, "num_statements": 341, "percent_covered": 0.0, "percent_covered_display": "0", "missing_lines": 341, "excluded_lines": 0}, "missing_lines": [9, 10, 11, 12, 13, 14, 15, 17, 19, 31, 38, 39, 40, 41, 43, 45, 47, 49, 50, 52, 54, 55, 57, 58, 59, 61, 63, 64, 65, 68, 70, 71, 73, 74, 75, 76, 77, 79, 81, 83, 86, 87, 90, 92, 93, 96, 99, 101, 102, 104, 105, 106, 107, 108, 109, 111, 113, 114, 116, 117, 118, 119, 121, 122, 124, 125, 127, 129, 130, 131, 132, 133, 135, 142, 143, 144, 145, 148, 149, 150, 153, 154, 155, 157, 158, 159, 160, 162, 163, 165, 166, 167, 169, 170, 171, 172, 174, 175, 176, 178, 180, 181, 182, 184, 185, 186, 187, 189, 190, 192, 193, 195, 196, 197, 199, 201, 202, 203, 207, 208, 209, 210, 211, 213, 214, 215, 216, 218, 220, 222, 223, 224, 225, 226, 229, 230, 231, 233, 235, 237, 238, 241, 242, 243, 244, 246, 247, 248, 249, 250, 251, 253, 254, 255, 256, 257, 259, 261, 262, 264, 265, 268, 293, 294, 295, 303, 304, 306, 328, 329, 332, 335, 337, 339, 340, 341, 343, 345, 361, 363, 364, 365, 368, 369, 370, 373, 374, 375, 376, 378, 387, 389, 390, 392, 393, 394, 395, 397, 399, 401, 402, 404, 406, 408, 409, 411, 412, 413, 414, 416, 418, 420, 421, 423, 424, 425, 428, 429, 432, 433, 436, 439, 442, 445, 447, 448, 450, 452, 453, 455, 456, 457, 458, 459, 460, 463, 466, 469, 471, 472, 474, 476, 477, 479, 481, 483, 489, 492, 493, 494, 495, 497, 499, 500, 502, 503, 505, 507, 508, 510, 511, 513, 514, 515, 517, 519, 521, 523, 525, 526, 528, 530, 532, 533, 534, 536, 537, 539, 540, 542, 543, 545, 546, 547, 549, 551, 552, 553, 556, 559, 561, 562, 564, 565, 566, 568, 570, 571, 572, 575, 576, 577, 579, 580, 581, 582, 583, 584, 585, 587, 588, 589, 590, 591, 592, 595, 596, 597, 598, 599, 602, 603, 604, 606, 608, 621, 622, 623, 628, 630, 631, 633, 643, 646, 647, 650, 652, 653, 654, 656, 658], "excluded_lines": [], "functions": {"ConstitutionRulesJSON.__init__": {"executed_lines": [], "summary": {"covered_lines": 0, "num_statements": 4, "percent_covered": 0.0, "percent_covered_display": "0", "missing_lines": 4, "excluded_lines": 0}, "missing_lines": [38, 39, 40, 41], "excluded_lines": []}, "ConstitutionRulesJSON._init_database": {"executed_lines": [], "summary": {"covered_lines": 0, "num_statements": 10, "percent_covered": 0.0, "percent_covered_display": "0", "missing_lines": 10, "excluded_lines": 0}, "missing_lines": [45, 47, 49, 50, 52, 54, 55, 57, 58, 59], "excluded_lines": []}, "ConstitutionRulesJSON._load_database": {"executed_lines": [], "summary": {"covered_lines": 0, "num_statements": 11, "percent_covered": 0.0, "percent_covered_display": "0", "missing_lines": 11, "excluded_lines": 0}, "missing_lines": [63, 64, 65, 68, 70, 71, 73, 74, 75, 76, 77], "excluded_lines": []}, "ConstitutionRulesJSON._save_database": {"executed_lines": [], "summary": {"covered_lines": 0, "num_statements": 17, "percent_covered": 0.0, "percent_covered_display": "0", "missing_lines": 17, "excluded_lines": 0}, "missing_lines": [81, 83, 86, 87, 90, 92, 93, 96, 99, 101, 102, 104, 105, 106, 107, 108, 109], "excluded_lines": []}, "ConstitutionRulesJSON._validate_data_before_save": {"executed_lines": [], "summary": {"covered_lines": 0, "num_statements": 10, "percent_covered": 0.0, "percent_covered_display": "0", "missing_lines": 10, "excluded_lines": 0}, "missing_lines": [113, 114, 116, 117, 118, 119, 121, 122, 124, 125], "excluded_lines": []}, "ConstitutionRulesJSON._validate_json_file": {"executed_lines": [], "summary": {"covered_lines": 0, "num_statements": 5, "percent_covered": 0.0, "percent_covered_display": "0", "missing_lines": 5, "excluded_lines": 0}, "missing_lines": [129, 130, 131, 132, 133], "excluded_lines": []}, "ConstitutionRulesJSON.repair_corrupted_database": {"executed_lines": [], "summary": {"covered_lines": 0, "num_statements": 26, "percent_covered": 0.0, "percent_covered_display": "0", "missing_lines": 26, "excluded_lines": 0}, "missing_lines": [142, 143, 144, 145, 148, 149, 150, 153, 154, 155, 157, 158, 159, 160, 162, 163, 165, 166, 167, 169, 170, 171, 172, 174, 175, 176], "excluded_lines": []}, "ConstitutionRulesJSON._validate_data_structure": {"executed_lines": [], "summary": {"covered_lines": 0, "num_statements": 14, "percent_covered": 0.0, "percent_covered_display": "0", "missing_lines": 14, "excluded_lines": 0}, "missing_lines": [180, 181, 182, 184, 185, 186, 187, 189, 190, 192, 193, 195, 196, 197], "excluded_lines": []}, "ConstitutionRulesJSON._attempt_partial_recovery": {"executed_lines": [], "summary": {"covered_lines": 0, "num_statements": 12, "percent_covered": 0.0, "percent_covered_display": "0", "missing_lines": 12, "excluded_lines": 0}, "missing_lines": [201, 202, 203, 207, 208, 209, 210, 211, 213, 214, 215, 216], "excluded_lines": []}, "ConstitutionRulesJSON._validate_database_structure": {"executed_lines": [], "summary": {"covered_lines": 0, "num_statements": 9, "percent_covered": 0.0, "percent_covered_display": "0", "missing_lines": 9, "excluded_lines": 0}, "missing_lines": [220, 222, 223, 224, 225, 226, 229, 230, 231], "excluded_lines": []}, "ConstitutionRulesJSON._backup_corrupted_file": {"executed_lines": [], "summary": {"covered_lines": 0, "num_statements": 18, "percent_covered": 0.0, "percent_covered_display": "0", "missing_lines": 18, "excluded_lines": 0}, "missing_lines": [235, 237, 238, 241, 242, 243, 244, 246, 247, 248, 249, 250, 251, 253, 254, 255, 256, 257], "excluded_lines": []}, "ConstitutionRulesJSON._create_database": {"executed_lines": [], "summary": {"covered_lines": 0, "num_statements": 19, "percent_covered": 0.0, "percent_covered_display": "0", "missing_lines": 19, "excluded_lines": 0}, "missing_lines": [261, 262, 264, 265, 268, 293, 294, 295, 303, 304, 306, 328, 329, 332, 335, 337, 339, 340, 341], "excluded_lines": []}, "ConstitutionRulesJSON._get_categories_data": {"executed_lines": [], "summary": {"covered_lines": 0, "num_statements": 1, "percent_covered": 0.0, "percent_covered_display": "0", "missing_lines": 1, "excluded_lines": 0}, "missing_lines": [345], "excluded_lines": []}, "ConstitutionRulesJSON._update_statistics": {"executed_lines": [], "summary": {"covered_lines": 0, "num_statements": 11, "percent_covered": 0.0, "percent_covered_display": "0", "missing_lines": 11, "excluded_lines": 0}, "missing_lines": [363, 364, 365, 368, 369, 370, 373, 374, 375, 376, 378], "excluded_lines": []}, "ConstitutionRulesJSON.get_all_rules": {"executed_lines": [], "summary": {"covered_lines": 0, "num_statements": 7, "percent_covered": 0.0, "percent_covered_display": "0", "missing_lines": 7, "excluded_lines": 0}, "missing_lines": [389, 390, 392, 393, 394, 395, 397], "excluded_lines": []}, "ConstitutionRulesJSON.get_rule_by_number": {"executed_lines": [], "summary": {"covered_lines": 0, "num_statements": 3, "percent_covered": 0.0, "percent_covered_display": "0", "missing_lines": 3, "excluded_lines": 0}, "missing_lines": [401, 402, 404], "excluded_lines": []}, "ConstitutionRulesJSON.get_rules_by_category": {"executed_lines": [], "summary": {"covered_lines": 0, "num_statements": 7, "percent_covered": 0.0, "percent_covered_display": "0", "missing_lines": 7, "excluded_lines": 0}, "missing_lines": [408, 409, 411, 412, 413, 414, 416], "excluded_lines": []}, "ConstitutionRulesJSON.enable_rule": {"executed_lines": [], "summary": {"covered_lines": 0, "num_statements": 15, "percent_covered": 0.0, "percent_covered_display": "0", "missing_lines": 15, "excluded_lines": 0}, "missing_lines": [420, 421, 423, 424, 425, 428, 429, 432, 433, 436, 439, 442, 445, 447, 448], "excluded_lines": []}, "ConstitutionRulesJSON.disable_rule": {"executed_lines": [], "summary": {"covered_lines": 0, "num_statements": 13, "percent_covered": 0.0, "percent_covered_display": "0", "missing_lines": 13, "excluded_lines": 0}, "missing_lines": [452, 453, 455, 456, 457, 458, 459, 460, 463, 466, 469, 471, 472], "excluded_lines": []}, "ConstitutionRulesJSON.get_rule_statistics": {"executed_lines": [], "summary": {"covered_lines": 0, "num_statements": 3, "percent_covered": 0.0, "percent_covered_display": "0", "missing_lines": 3, "excluded_lines": 0}, "missing_lines": [476, 477, 479], "excluded_lines": []}, "ConstitutionRulesJSON._log_usage": {"executed_lines": [], "summary": {"covered_lines": 0, "num_statements": 6, "percent_covered": 0.0, "percent_covered_display": "0", "missing_lines": 6, "excluded_lines": 0}, "missing_lines": [483, 489, 492, 493, 494, 495], "excluded_lines": []}, "ConstitutionRulesJSON.export_rules_to_json": {"executed_lines": [], "summary": {"covered_lines": 0, "num_statements": 4, "percent_covered": 0.0, "percent_covered_display": "0", "missing_lines": 4, "excluded_lines": 0}, "missing_lines": [499, 500, 502, 503], "excluded_lines": []}, "ConstitutionRulesJSON.search_rules": {"executed_lines": [], "summary": {"covered_lines": 0, "num_statements": 10, "percent_covered": 0.0, "percent_covered_display": "0", "missing_lines": 10, "excluded_lines": 0}, "missing_lines": [507, 508, 510, 511, 513, 514, 515, 517, 519, 521], "excluded_lines": []}, "ConstitutionRulesJSON.get_categories": {"executed_lines": [], "summary": {"covered_lines": 0, "num_statements": 3, "percent_covered": 0.0, "percent_covered_display": "0", "missing_lines": 3, "excluded_lines": 0}, "missing_lines": [525, 526, 528], "excluded_lines": []}, "ConstitutionRulesJSON.backup_database": {"executed_lines": [], "summary": {"covered_lines": 0, "num_statements": 12, "percent_covered": 0.0, "percent_covered_display": "0", "missing_lines": 12, "excluded_lines": 0}, "missing_lines": [532, 533, 534, 536, 537, 539, 540, 542, 543, 545, 546, 547], "excluded_lines": []}, "ConstitutionRulesJSON.restore_database": {"executed_lines": [], "summary": {"covered_lines": 0, "num_statements": 10, "percent_covered": 0.0, "percent_covered_display": "0", "missing_lines": 10, "excluded_lines": 0}, "missing_lines": [551, 552, 553, 556, 559, 561, 562, 564, 565, 566], "excluded_lines": []}, "ConstitutionRulesJSON.health_check": {"executed_lines": [], "summary": {"covered_lines": 0, "num_statements": 32, "percent_covered": 0.0, "percent_covered_display": "0", "missing_lines": 32, "excluded_lines": 0}, "missing_lines": [570, 571, 572, 575, 576, 577, 579, 580, 581, 582, 583, 584, 585, 587, 588, 589, 590, 591, 592, 595, 596, 597, 598, 599, 602, 603, 604, 606, 608, 621, 622, 623], "excluded_lines": []}, "ConstitutionRulesJSON.get_backend_info": {"executed_lines": [], "summary": {"covered_lines": 0, "num_statements": 3, "percent_covered": 0.0, "percent_covered_display": "0", "missing_lines": 3, "excluded_lines": 0}, "missing_lines": [630, 631, 633], "excluded_lines": []}, "ConstitutionRulesJSON.close": {"executed_lines": [], "summary": {"covered_lines": 0, "num_statements": 2, "percent_covered": 0.0, "percent_covered_display": "0", "missing_lines": 2, "excluded_lines": 0}, "missing_lines": [646, 647], "excluded_lines": []}, "ConstitutionRulesJSON.__enter__": {"executed_lines": [], "summary": {"covered_lines": 0, "num_statements": 3, "percent_covered": 0.0, "percent_covered_display": "0", "missing_lines": 3, "excluded_lines": 0}, "missing_lines": [652, 653, 654], "excluded_lines": []}, "ConstitutionRulesJSON.__exit__": {"executed_lines": [], "summary": {"covered_lines": 0, "num_statements": 1, "percent_covered": 0.0, "percent_covered_display": "0", "missing_lines": 1, "excluded_lines": 0}, "missing_lines": [658], "excluded_lines": []}, "": {"executed_lines": [], "summary": {"covered_lines": 0, "num_statements": 40, "percent_covered": 0.0, "percent_covered_display": "0", "missing_lines": 40, "excluded_lines": 0}, "missing_lines": [9, 10, 11, 12, 13, 14, 15, 17, 19, 31, 43, 61, 79, 111, 127, 135, 178, 199, 218, 233, 259, 343, 361, 387, 399, 406, 418, 450, 474, 481, 497, 505, 523, 530, 549, 568, 628, 643, 650, 656], "excluded_lines": []}}, "classes": {"ConstitutionRulesJSON": {"executed_lines": [], "summary": {"covered_lines": 0, "num_statements": 301, "percent_covered": 0.0, "percent_covered_display": "0", "missing_lines": 301, "excluded_lines": 0}, "missing_lines": [38, 39, 40, 41, 45, 47, 49, 50, 52, 54, 55, 57, 58, 59, 63, 64, 65, 68, 70, 71, 73, 74, 75, 76, 77, 81, 83, 86, 87, 90, 92, 93, 96, 99, 101, 102, 104, 105, 106, 107, 108, 109, 113, 114, 116, 117, 118, 119, 121, 122, 124, 125, 129, 130, 131, 132, 133, 142, 143, 144, 145, 148, 149, 150, 153, 154, 155, 157, 158, 159, 160, 162, 163, 165, 166, 167, 169, 170, 171, 172, 174, 175, 176, 180, 181, 182, 184, 185, 186, 187, 189, 190, 192, 193, 195, 196, 197, 201, 202, 203, 207, 208, 209, 210, 211, 213, 214, 215, 216, 220, 222, 223, 224, 225, 226, 229, 230, 231, 235, 237, 238, 241, 242, 243, 244, 246, 247, 248, 249, 250, 251, 253, 254, 255, 256, 257, 261, 262, 264, 265, 268, 293, 294, 295, 303, 304, 306, 328, 329, 332, 335, 337, 339, 340, 341, 345, 363, 364, 365, 368, 369, 370, 373, 374, 375, 376, 378, 389, 390, 392, 393, 394, 395, 397, 401, 402, 404, 408, 409, 411, 412, 413, 414, 416, 420, 421, 423, 424, 425, 428, 429, 432, 433, 436, 439, 442, 445, 447, 448, 452, 453, 455, 456, 457, 458, 459, 460, 463, 466, 469, 471, 472, 476, 477, 479, 483, 489, 492, 493, 494, 495, 499, 500, 502, 503, 507, 508, 510, 511, 513, 514, 515, 517, 519, 521, 525, 526, 528, 532, 533, 534, 536, 537, 539, 540, 542, 543, 545, 546, 547, 551, 552, 553, 556, 559, 561, 562, 564, 565, 566, 570, 571, 572, 575, 576, 577, 579, 580, 581, 582, 583, 584, 585, 587, 588, 589, 590, 591, 592, 595, 596, 597, 598, 599, 602, 603, 604, 606, 608, 621, 622, 623, 630, 631, 633, 646, 647, 652, 653, 654, 658], "excluded_lines": []}, "": {"executed_lines": [], "summary": {"covered_lines": 0, "num_statements": 40, "percent_covered": 0.0, "percent_covered_display": "0", "missing_lines": 40, "excluded_lines": 0}, "missing_lines": [9, 10, 11, 12, 13, 14, 15, 17, 19, 31, 43, 61, 79, 111, 127, 135, 178, 199, 218, 233, 259, 343, 361, 387, 399, 406, 418, 450, 474, 481, 497, 505, 523, 530, 549, 568, 628, 643, 650, 656], "excluded_lines": []}}}, "config\\constitution\\database.py": {"executed_lines": [], "summary": {"covered_lines": 0, "num_statements": 274, "percent_covered": 0.0, "percent_covered_display": "0", "missing_lines": 274, "excluded_lines": 0}, "missing_lines": [9, 10, 11, 12, 13, 14, 15, 16, 17, 18, 19, 20, 22, 33, 40, 41, 43, 44, 45, 46, 47, 48, 51, 53, 55, 57, 60, 65, 68, 69, 70, 71, 74, 77, 78, 79, 80, 81, 82, 84, 85, 87, 88, 89, 90, 91, 94, 95, 96, 98, 99, 100, 102, 103, 104, 105, 107, 109, 111, 112, 113, 114, 115, 117, 122, 125, 126, 127, 128, 129, 130, 132, 134, 135, 136, 137, 138, 139, 141, 143, 145, 147, 149, 151, 154, 169, 182, 193, 205, 217, 218, 219, 220, 221, 222, 224, 226, 228, 229, 230, 231, 232, 234, 236, 238, 239, 241, 242, 244, 246, 259, 268, 269, 270, 280, 282, 284, 300, 310, 311, 313, 314, 322, 329, 330, 332, 333, 334, 335, 336, 337, 339, 341, 351, 352, 353, 360, 361, 362, 363, 364, 365, 367, 369, 380, 381, 382, 383, 391, 398, 399, 401, 402, 403, 404, 405, 406, 408, 410, 421, 422, 423, 424, 429, 430, 431, 432, 433, 434, 435, 436, 438, 449, 450, 451, 453, 454, 455, 457, 458, 459, 464, 465, 466, 467, 468, 469, 470, 471, 473, 475, 477, 479, 480, 481, 488, 489, 490, 491, 492, 493, 494, 496, 498, 500, 501, 503, 504, 506, 507, 508, 509, 511, 517, 519, 525, 527, 536, 538, 539, 540, 544, 546, 555, 556, 557, 561, 563, 573, 574, 576, 586, 587, 588, 589, 590, 591, 603, 604, 605, 606, 607, 608, 609, 610, 612, 614, 615, 616, 617, 618, 619, 621, 623, 624, 625, 626, 628, 630, 631, 632, 633, 635, 637, 638, 639, 640, 642, 644, 645, 646, 647, 649, 651], "excluded_lines": [], "functions": {"ConstitutionRulesDB.__init__": {"executed_lines": [], "summary": {"covered_lines": 0, "num_statements": 9, "percent_covered": 0.0, "percent_covered_display": "0", "missing_lines": 9, "excluded_lines": 0}, "missing_lines": [40, 41, 43, 44, 45, 46, 47, 48, 51], "excluded_lines": []}, "ConstitutionRulesDB._init_database": {"executed_lines": [], "summary": {"covered_lines": 0, "num_statements": 15, "percent_covered": 0.0, "percent_covered_display": "0", "missing_lines": 15, "excluded_lines": 0}, "missing_lines": [55, 57, 60, 65, 68, 69, 70, 71, 74, 77, 78, 79, 80, 81, 82], "excluded_lines": []}, "ConstitutionRulesDB.get_connection": {"executed_lines": [], "summary": {"covered_lines": 0, "num_statements": 16, "percent_covered": 0.0, "percent_covered_display": "0", "missing_lines": 16, "excluded_lines": 0}, "missing_lines": [87, 88, 89, 90, 91, 94, 95, 96, 98, 99, 100, 102, 103, 104, 105, 107], "excluded_lines": []}, "ConstitutionRulesDB._reconnect": {"executed_lines": [], "summary": {"covered_lines": 0, "num_statements": 13, "percent_covered": 0.0, "percent_covered_display": "0", "missing_lines": 13, "excluded_lines": 0}, "missing_lines": [111, 112, 113, 114, 115, 117, 122, 125, 126, 127, 128, 129, 130], "excluded_lines": []}, "ConstitutionRulesDB.close": {"executed_lines": [], "summary": {"covered_lines": 0, "num_statements": 6, "percent_covered": 0.0, "percent_covered_display": "0", "missing_lines": 6, "excluded_lines": 0}, "missing_lines": [134, 135, 136, 137, 138, 139], "excluded_lines": []}, "ConstitutionRulesDB.__enter__": {"executed_lines": [], "summary": {"covered_lines": 0, "num_statements": 1, "percent_covered": 0.0, "percent_covered_display": "0", "missing_lines": 1, "excluded_lines": 0}, "missing_lines": [143], "excluded_lines": []}, "ConstitutionRulesDB.__exit__": {"executed_lines": [], "summary": {"covered_lines": 0, "num_statements": 1, "percent_covered": 0.0, "percent_covered_display": "0", "missing_lines": 1, "excluded_lines": 0}, "missing_lines": [147], "excluded_lines": []}, "ConstitutionRulesDB._create_tables": {"executed_lines": [], "summary": {"covered_lines": 0, "num_statements": 13, "percent_covered": 0.0, "percent_covered_display": "0", "missing_lines": 13, "excluded_lines": 0}, "missing_lines": [151, 154, 169, 182, 193, 205, 217, 218, 219, 220, 221, 222, 224], "excluded_lines": []}, "ConstitutionRulesDB._is_database_empty": {"executed_lines": [], "summary": {"covered_lines": 0, "num_statements": 5, "percent_covered": 0.0, "percent_covered_display": "0", "missing_lines": 5, "excluded_lines": 0}, "missing_lines": [228, 229, 230, 231, 232], "excluded_lines": []}, "ConstitutionRulesDB._insert_all_rules": {"executed_lines": [], "summary": {"covered_lines": 0, "num_statements": 12, "percent_covered": 0.0, "percent_covered_display": "0", "missing_lines": 12, "excluded_lines": 0}, "missing_lines": [236, 238, 239, 241, 242, 244, 246, 259, 268, 269, 270, 280], "excluded_lines": []}, "ConstitutionRulesDB._get_categories_data": {"executed_lines": [], "summary": {"covered_lines": 0, "num_statements": 1, "percent_covered": 0.0, "percent_covered_display": "0", "missing_lines": 1, "excluded_lines": 0}, "missing_lines": [284], "excluded_lines": []}, "ConstitutionRulesDB.get_all_rules": {"executed_lines": [], "summary": {"covered_lines": 0, "num_statements": 14, "percent_covered": 0.0, "percent_covered_display": "0", "missing_lines": 14, "excluded_lines": 0}, "missing_lines": [310, 311, 313, 314, 322, 329, 330, 332, 333, 334, 335, 336, 337, 339], "excluded_lines": []}, "ConstitutionRulesDB.get_rule_by_number": {"executed_lines": [], "summary": {"covered_lines": 0, "num_statements": 10, "percent_covered": 0.0, "percent_covered_display": "0", "missing_lines": 10, "excluded_lines": 0}, "missing_lines": [351, 352, 353, 360, 361, 362, 363, 364, 365, 367], "excluded_lines": []}, "ConstitutionRulesDB.get_rules_by_category": {"executed_lines": [], "summary": {"covered_lines": 0, "num_statements": 14, "percent_covered": 0.0, "percent_covered_display": "0", "missing_lines": 14, "excluded_lines": 0}, "missing_lines": [380, 381, 382, 383, 391, 398, 399, 401, 402, 403, 404, 405, 406, 408], "excluded_lines": []}, "ConstitutionRulesDB.enable_rule": {"executed_lines": [], "summary": {"covered_lines": 0, "num_statements": 12, "percent_covered": 0.0, "percent_covered_display": "0", "missing_lines": 12, "excluded_lines": 0}, "missing_lines": [421, 422, 423, 424, 429, 430, 431, 432, 433, 434, 435, 436], "excluded_lines": []}, "ConstitutionRulesDB.disable_rule": {"executed_lines": [], "summary": {"covered_lines": 0, "num_statements": 17, "percent_covered": 0.0, "percent_covered_display": "0", "missing_lines": 17, "excluded_lines": 0}, "missing_lines": [449, 450, 451, 453, 454, 455, 457, 458, 459, 464, 465, 466, 467, 468, 469, 470, 471], "excluded_lines": []}, "ConstitutionRulesDB.get_enabled_rules": {"executed_lines": [], "summary": {"covered_lines": 0, "num_statements": 1, "percent_covered": 0.0, "percent_covered_display": "0", "missing_lines": 1, "excluded_lines": 0}, "missing_lines": [475], "excluded_lines": []}, "ConstitutionRulesDB.get_disabled_rules": {"executed_lines": [], "summary": {"covered_lines": 0, "num_statements": 11, "percent_covered": 0.0, "percent_covered_display": "0", "missing_lines": 11, "excluded_lines": 0}, "missing_lines": [479, 480, 481, 488, 489, 490, 491, 492, 493, 494, 496], "excluded_lines": []}, "ConstitutionRulesDB.get_rule_statistics": {"executed_lines": [], "summary": {"covered_lines": 0, "num_statements": 13, "percent_covered": 0.0, "percent_covered_display": "0", "missing_lines": 13, "excluded_lines": 0}, "missing_lines": [500, 501, 503, 504, 506, 507, 508, 509, 511, 517, 519, 525, 527], "excluded_lines": []}, "ConstitutionRulesDB._log_rule_usage": {"executed_lines": [], "summary": {"covered_lines": 0, "num_statements": 4, "percent_covered": 0.0, "percent_covered_display": "0", "missing_lines": 4, "excluded_lines": 0}, "missing_lines": [538, 539, 540, 544], "excluded_lines": []}, "ConstitutionRulesDB.log_validation": {"executed_lines": [], "summary": {"covered_lines": 0, "num_statements": 4, "percent_covered": 0.0, "percent_covered_display": "0", "missing_lines": 4, "excluded_lines": 0}, "missing_lines": [555, 556, 557, 561], "excluded_lines": []}, "ConstitutionRulesDB.export_rules_to_json": {"executed_lines": [], "summary": {"covered_lines": 0, "num_statements": 2, "percent_covered": 0.0, "percent_covered_display": "0", "missing_lines": 2, "excluded_lines": 0}, "missing_lines": [573, 574], "excluded_lines": []}, "ConstitutionRulesDB.import_rules_from_json": {"executed_lines": [], "summary": {"covered_lines": 0, "num_statements": 14, "percent_covered": 0.0, "percent_covered_display": "0", "missing_lines": 14, "excluded_lines": 0}, "missing_lines": [586, 587, 588, 589, 590, 591, 603, 604, 605, 606, 607, 608, 609, 610], "excluded_lines": []}, "ConstitutionRulesDB._parse_json": {"executed_lines": [], "summary": {"covered_lines": 0, "num_statements": 6, "percent_covered": 0.0, "percent_covered_display": "0", "missing_lines": 6, "excluded_lines": 0}, "missing_lines": [614, 615, 616, 617, 618, 619], "excluded_lines": []}, "ConstitutionRulesDB._get_timeout_from_config": {"executed_lines": [], "summary": {"covered_lines": 0, "num_statements": 4, "percent_covered": 0.0, "percent_covered_display": "0", "missing_lines": 4, "excluded_lines": 0}, "missing_lines": [623, 624, 625, 626], "excluded_lines": []}, "ConstitutionRulesDB._get_max_retries_from_config": {"executed_lines": [], "summary": {"covered_lines": 0, "num_statements": 4, "percent_covered": 0.0, "percent_covered_display": "0", "missing_lines": 4, "excluded_lines": 0}, "missing_lines": [630, 631, 632, 633], "excluded_lines": []}, "ConstitutionRulesDB._get_base_delay_from_config": {"executed_lines": [], "summary": {"covered_lines": 0, "num_statements": 4, "percent_covered": 0.0, "percent_covered_display": "0", "missing_lines": 4, "excluded_lines": 0}, "missing_lines": [637, 638, 639, 640], "excluded_lines": []}, "ConstitutionRulesDB._get_jitter_from_config": {"executed_lines": [], "summary": {"covered_lines": 0, "num_statements": 4, "percent_covered": 0.0, "percent_covered_display": "0", "missing_lines": 4, "excluded_lines": 0}, "missing_lines": [644, 645, 646, 647], "excluded_lines": []}, "ConstitutionRulesDB._calculate_jitter": {"executed_lines": [], "summary": {"covered_lines": 0, "num_statements": 1, "percent_covered": 0.0, "percent_covered_display": "0", "missing_lines": 1, "excluded_lines": 0}, "missing_lines": [651], "excluded_lines": []}, "": {"executed_lines": [], "summary": {"covered_lines": 0, "num_statements": 43, "percent_covered": 0.0, "percent_covered_display": "0", "missing_lines": 43, "excluded_lines": 0}, "missing_lines": [9, 10, 11, 12, 13, 14, 15, 16, 17, 18, 19, 20, 22, 33, 53, 84, 85, 109, 132, 141, 145, 149, 226, 234, 282, 300, 341, 369, 410, 438, 473, 477, 498, 536, 546, 563, 576, 612, 621, 628, 635, 642, 649], "excluded_lines": []}}, "classes": {"ConstitutionRulesDB": {"executed_lines": [], "summary": {"covered_lines": 0, "num_statements": 231, "percent_covered": 0.0, "percent_covered_display": "0", "missing_lines": 231, "excluded_lines": 0}, "missing_lines": [40, 41, 43, 44, 45, 46, 47, 48, 51, 55, 57, 60, 65, 68, 69, 70, 71, 74, 77, 78, 79, 80, 81, 82, 87, 88, 89, 90, 91, 94, 95, 96, 98, 99, 100, 102, 103, 104, 105, 107, 111, 112, 113, 114, 115, 117, 122, 125, 126, 127, 128, 129, 130, 134, 135, 136, 137, 138, 139, 143, 147, 151, 154, 169, 182, 193, 205, 217, 218, 219, 220, 221, 222, 224, 228, 229, 230, 231, 232, 236, 238, 239, 241, 242, 244, 246, 259, 268, 269, 270, 280, 284, 310, 311, 313, 314, 322, 329, 330, 332, 333, 334, 335, 336, 337, 339, 351, 352, 353, 360, 361, 362, 363, 364, 365, 367, 380, 381, 382, 383, 391, 398, 399, 401, 402, 403, 404, 405, 406, 408, 421, 422, 423, 424, 429, 430, 431, 432, 433, 434, 435, 436, 449, 450, 451, 453, 454, 455, 457, 458, 459, 464, 465, 466, 467, 468, 469, 470, 471, 475, 479, 480, 481, 488, 489, 490, 491, 492, 493, 494, 496, 500, 501, 503, 504, 506, 507, 508, 509, 511, 517, 519, 525, 527, 538, 539, 540, 544, 555, 556, 557, 561, 573, 574, 586, 587, 588, 589, 590, 591, 603, 604, 605, 606, 607, 608, 609, 610, 614, 615, 616, 617, 618, 619, 623, 624, 625, 626, 630, 631, 632, 633, 637, 638, 639, 640, 644, 645, 646, 647, 651], "excluded_lines": []}, "": {"executed_lines": [], "summary": {"covered_lines": 0, "num_statements": 43, "percent_covered": 0.0, "percent_covered_display": "0", "missing_lines": 43, "excluded_lines": 0}, "missing_lines": [9, 10, 11, 12, 13, 14, 15, 16, 17, 18, 19, 20, 22, 33, 53, 84, 85, 109, 132, 141, 145, 149, 226, 234, 282, 300, 341, 369, 410, 438, 473, 477, 498, 536, 546, 563, 576, 612, 621, 628, 635, 642, 649], "excluded_lines": []}}}, "config\\constitution\\logging_config.py": {"executed_lines": [], "summary": {"covered_lines": 0, "num_statements": 88, "percent_covered": 0.0, "percent_covered_display": "0", "missing_lines": 88, "excluded_lines": 0}, "missing_lines": [9, 10, 11, 12, 13, 14, 15, 17, 29, 37, 38, 39, 40, 42, 44, 47, 52, 58, 59, 62, 65, 66, 67, 68, 71, 72, 77, 78, 79, 82, 83, 88, 89, 90, 93, 94, 99, 100, 103, 104, 105, 106, 108, 118, 120, 129, 130, 131, 132, 133, 135, 143, 144, 146, 156, 157, 158, 159, 160, 162, 163, 165, 167, 178, 179, 180, 181, 182, 184, 185, 187, 189, 198, 199, 200, 201, 202, 204, 205, 207, 210, 212, 215, 216, 217, 219, 222, 223], "excluded_lines": [], "functions": {"ConstitutionLogger.__init__": {"executed_lines": [], "summary": {"covered_lines": 0, "num_statements": 5, "percent_
[...]
ent_covered_display": "0", "missing_lines": 12, "excluded_lines": 0}, "missing_lines": [212, 213, 215, 216, 218, 219, 220, 221, 222, 225, 226, 234], "excluded_lines": []}, "TypeScriptValidator._validate_let_compiler_infer": {"executed_lines": [], "summary": {"covered_lines": 0, "num_statements": 8, "percent_covered": 0.0, "percent_covered_display": "0", "missing_lines": 8, "excluded_lines": 0}, "missing_lines": [238, 239, 241, 243, 244, 252, 253, 261], "excluded_lines": []}, "TypeScriptValidator._validate_keep_imports_clean": {"executed_lines": [], "summary": {"covered_lines": 0, "num_statements": 12, "percent_covered": 0.0, "percent_covered_display": "0", "missing_lines": 12, "excluded_lines": 0}, "missing_lines": [265, 266, 268, 269, 270, 271, 274, 275, 284, 285, 286, 294], "excluded_lines": []}, "TypeScriptValidator._validate_describe_the_shape": {"executed_lines": [], "summary": {"covered_lines": 0, "num_statements": 6, "percent_covered": 0.0, "percent_covered_display": "0", "missing_lines": 6, "excluded_lines": 0}, "missing_lines": [298, 299, 301, 303, 304, 312], "excluded_lines": []}, "TypeScriptValidator._validate_union_narrowing": {"executed_lines": [], "summary": {"covered_lines": 0, "num_statements": 12, "percent_covered": 0.0, "percent_covered_display": "0", "missing_lines": 12, "excluded_lines": 0}, "missing_lines": [316, 317, 319, 321, 323, 324, 325, 326, 327, 329, 330, 338], "excluded_lines": []}, "TypeScriptValidator._validate_readonly_by_default": {"executed_lines": [], "summary": {"covered_lines": 0, "num_statements": 6, "percent_covered": 0.0, "percent_covered_display": "0", "missing_lines": 6, "excluded_lines": 0}, "missing_lines": [342, 343, 345, 347, 348, 356], "excluded_lines": []}, "TypeScriptValidator._validate_discriminated_unions": {"executed_lines": [], "summary": {"covered_lines": 0, "num_statements": 6, "percent_covered": 0.0, "percent_covered_display": "0", "missing_lines": 6, "excluded_lines": 0}, "missing_lines": [360, 361, 365, 366, 367, 375], "excluded_lines": []}, "TypeScriptValidator._validate_utility_types_not_duplicates": {"executed_lines": [], "summary": {"covered_lines": 0, "num_statements": 6, "percent_covered": 0.0, "percent_covered_display": "0", "missing_lines": 6, "excluded_lines": 0}, "missing_lines": [379, 380, 382, 384, 385, 393], "excluded_lines": []}, "TypeScriptValidator._validate_generics_but_simple": {"executed_lines": [], "summary": {"covered_lines": 0, "num_statements": 6, "percent_covered": 0.0, "percent_covered_display": "0", "missing_lines": 6, "excluded_lines": 0}, "missing_lines": [397, 398, 400, 403, 406, 414], "excluded_lines": []}, "TypeScriptValidator._validate_no_unhandled_promises": {"executed_lines": [], "summary": {"covered_lines": 0, "num_statements": 8, "percent_covered": 0.0, "percent_covered_display": "0", "missing_lines": 8, "excluded_lines": 0}, "missing_lines": [418, 419, 421, 423, 425, 426, 427, 435], "excluded_lines": []}, "TypeScriptValidator._validate_timeouts_cancel": {"executed_lines": [], "summary": {"covered_lines": 0, "num_statements": 7, "percent_covered": 0.0, "percent_covered_display": "0", "missing_lines": 7, "excluded_lines": 0}, "missing_lines": [439, 440, 442, 444, 445, 446, 454], "excluded_lines": []}, "TypeScriptValidator._validate_friendly_errors_at_edges": {"executed_lines": [], "summary": {"covered_lines": 0, "num_statements": 6, "percent_covered": 0.0, "percent_covered_display": "0", "missing_lines": 6, "excluded_lines": 0}, "missing_lines": [458, 459, 461, 463, 464, 472], "excluded_lines": []}, "TypeScriptValidator._validate_map_errors_to_codes": {"executed_lines": [], "summary": {"covered_lines": 0, "num_statements": 25, "percent_covered": 0.0, "percent_covered_display": "0", "missing_lines": 25, "excluded_lines": 0}, "missing_lines": [476, 477, 478, 479, 480, 481, 483, 484, 485, 486, 487, 488, 489, 490, 491, 492, 493, 494, 495, 497, 498, 505, 506, 507, 509], "excluded_lines": []}, "TypeScriptValidator._validate_retries_are_limited": {"executed_lines": [], "summary": {"covered_lines": 0, "num_statements": 9, "percent_covered": 0.0, "percent_covered_display": "0", "missing_lines": 9, "excluded_lines": 0}, "missing_lines": [513, 514, 515, 516, 518, 519, 520, 521, 529], "excluded_lines": []}, "TypeScriptValidator._validate_one_source_of_truth": {"executed_lines": [], "summary": {"covered_lines": 0, "num_statements": 10, "percent_covered": 0.0, "percent_covered_display": "0", "missing_lines": 10, "excluded_lines": 0}, "missing_lines": [533, 534, 538, 539, 540, 541, 542, 543, 550, 552], "excluded_lines": []}, "TypeScriptValidator._validate_folder_layout": {"executed_lines": [], "summary": {"covered_lines": 0, "num_statements": 4, "percent_covered": 0.0, "percent_covered_display": "0", "missing_lines": 4, "excluded_lines": 0}, "missing_lines": [557, 560, 561, 569], "excluded_lines": []}, "TypeScriptValidator._validate_paths_aliases": {"executed_lines": [], "summary": {"covered_lines": 0, "num_statements": 6, "percent_covered": 0.0, "percent_covered_display": "0", "missing_lines": 6, "excluded_lines": 0}, "missing_lines": [573, 574, 576, 578, 579, 587], "excluded_lines": []}, "TypeScriptValidator._validate_modern_output_targets": {"executed_lines": [], "summary": {"covered_lines": 0, "num_statements": 2, "percent_covered": 0.0, "percent_covered_display": "0", "missing_lines": 2, "excluded_lines": 0}, "missing_lines": [592, 593], "excluded_lines": []}, "TypeScriptValidator._validate_lint_format": {"executed_lines": [], "summary": {"covered_lines": 0, "num_statements": 8, "percent_covered": 0.0, "percent_covered_display": "0", "missing_lines": 8, "excluded_lines": 0}, "missing_lines": [597, 598, 600, 602, 603, 604, 605, 613], "excluded_lines": []}, "TypeScriptValidator._validate_type_check_in_ci": {"executed_lines": [], "summary": {"covered_lines": 0, "num_statements": 2, "percent_covered": 0.0, "percent_covered_display": "0", "missing_lines": 2, "excluded_lines": 0}, "missing_lines": [618, 619], "excluded_lines": []}, "TypeScriptValidator._validate_tests_for_new_behavior": {"executed_lines": [], "summary": {"covered_lines": 0, "num_statements": 9, "percent_covered": 0.0, "percent_covered_display": "0", "missing_lines": 9, "excluded_lines": 0}, "missing_lines": [623, 626, 627, 628, 631, 632, 633, 636, 644], "excluded_lines": []}, "TypeScriptValidator._validate_comments_in_simple_english": {"executed_lines": [], "summary": {"covered_lines": 0, "num_statements": 6, "percent_covered": 0.0, "percent_covered_display": "0", "missing_lines": 6, "excluded_lines": 0}, "missing_lines": [648, 649, 651, 653, 654, 662], "excluded_lines": []}, "TypeScriptValidator._validate_no_secrets_in_code_or_logs": {"executed_lines": [], "summary": {"covered_lines": 0, "num_statements": 6, "percent_covered": 0.0, "percent_covered_display": "0", "missing_lines": 6, "excluded_lines": 0}, "missing_lines": [666, 667, 669, 671, 672, 680], "excluded_lines": []}, "TypeScriptValidator._validate_validate_untrusted_inputs_at_runtime": {"executed_lines": [], "summary": {"covered_lines": 0, "num_statements": 6, "percent_covered": 0.0, "percent_covered_display": "0", "missing_lines": 6, "excluded_lines": 0}, "missing_lines": [684, 685, 687, 689, 690, 698], "excluded_lines": []}, "TypeScriptValidator._validate_keep_ui_responsive": {"executed_lines": [], "summary": {"covered_lines": 0, "num_statements": 6, "percent_covered": 0.0, "percent_covered_display": "0", "missing_lines": 6, "excluded_lines": 0}, "missing_lines": [702, 703, 705, 707, 708, 716], "excluded_lines": []}, "TypeScriptValidator._validate_review_ai_code_thoroughly": {"executed_lines": [], "summary": {"covered_lines": 0, "num_statements": 6, "percent_covered": 0.0, "percent_covered_display": "0", "missing_lines": 6, "excluded_lines": 0}, "missing_lines": [720, 721, 723, 725, 726, 734], "excluded_lines": []}, "TypeScriptValidator._validate_monitor_bundle_impact": {"executed_lines": [], "summary": {"covered_lines": 0, "num_statements": 6, "percent_covered": 0.0, "percent_covered_display": "0", "missing_lines": 6, "excluded_lines": 0}, "missing_lines": [738, 739, 741, 743, 744, 752], "excluded_lines": []}, "TypeScriptValidator._validate_quality_dependencies": {"executed_lines": [], "summary": {"covered_lines": 0, "num_statements": 6, "percent_covered": 0.0, "percent_covered_display": "0", "missing_lines": 6, "excluded_lines": 0}, "missing_lines": [756, 757, 759, 761, 763, 771], "excluded_lines": []}, "TypeScriptValidator._validate_test_type_boundaries": {"executed_lines": [], "summary": {"covered_lines": 0, "num_statements": 11, "percent_covered": 0.0, "percent_covered_display": "0", "missing_lines": 11, "excluded_lines": 0}, "missing_lines": [775, 778, 779, 780, 782, 783, 784, 785, 787, 788, 796], "excluded_lines": []}, "TypeScriptValidator._validate_gradual_migration_strategy": {"executed_lines": [], "summary": {"covered_lines": 0, "num_statements": 4, "percent_covered": 0.0, "percent_covered_display": "0", "missing_lines": 4, "excluded_lines": 0}, "missing_lines": [800, 803, 804, 812], "excluded_lines": []}, "": {"executed_lines": [2, 9, 10, 11, 12, 15, 16, 31, 70, 102, 122, 150, 182, 210, 236, 263, 296, 314, 340, 358, 377, 395, 416, 437, 456, 474, 511, 531, 554, 571, 589, 595, 615, 621, 646, 664, 682, 700, 718, 736, 754, 773, 798], "summary": {"covered_lines": 41, "num_statements": 41, "percent_covered": 100.0, "percent_covered_display": "100", "missing_lines": 0, "excluded_lines": 0}, "missing_lines": [], "excluded_lines": []}}, "classes": {"TypeScriptValidator": {"executed_lines": [], "summary": {"covered_lines": 0, "num_statements": 282, "percent_covered": 0.0, "percent_covered_display": "0", "missing_lines": 282, "excluded_lines": 0}, "missing_lines": [33, 81, 84, 85, 87, 88, 89, 90, 91, 92, 100, 104, 105, 107, 109, 111, 112, 120, 124, 125, 127, 129, 131, 133, 134, 135, 136, 137, 139, 140, 148, 152, 153, 155, 156, 158, 160, 161, 162, 164, 165, 168, 169, 170, 177, 178, 180, 184, 185, 187, 189, 190, 199, 200, 208, 212, 213, 215, 216, 218, 219, 220, 221, 222, 225, 226, 234, 238, 239, 241, 243, 244, 252, 253, 261, 265, 266, 268, 269, 270, 271, 274, 275, 284, 285, 286, 294, 298, 299, 301, 303, 304, 312, 316, 317, 319, 321, 323, 324, 325, 326, 327, 329, 330, 338, 342, 343, 345, 347, 348, 356, 360, 361, 365, 366, 367, 375, 379, 380, 382, 384, 385, 393, 397, 398, 400, 403, 406, 414, 418, 419, 421, 423, 425, 426, 427, 435, 439, 440, 442, 444, 445, 446, 454, 458, 459, 461, 463, 464, 472, 476, 477, 478, 479, 480, 481, 483, 484, 485, 486, 487, 488, 489, 490, 491, 492, 493, 494, 495, 497, 498, 505, 506, 507, 509, 513, 514, 515, 516, 518, 519, 520, 521, 529, 533, 534, 538, 539, 540, 541, 542, 543, 550, 552, 557, 560, 561, 569, 573, 574, 576, 578, 579, 587, 592, 593, 597, 598, 600, 602, 603, 604, 605, 613, 618, 619, 623, 626, 627, 628, 631, 632, 633, 636, 644, 648, 649, 651, 653, 654, 662, 666, 667, 669, 671, 672, 680, 684, 685, 687, 689, 690, 698, 702, 703, 705, 707, 708, 716, 720, 721, 723, 725, 726, 734, 738, 739, 741, 743, 744, 752, 756, 757, 759, 761, 763, 771, 775, 778, 779, 780, 782, 783, 784, 785, 787, 788, 796, 800, 803, 804, 812], "excluded_lines": []}, "": {"executed_lines": [2, 9, 10, 11, 12, 15, 16, 31, 70, 102, 122, 150, 182, 210, 236, 263, 296, 314, 340, 358, 377, 395, 416, 437, 456, 474, 511, 531, 554, 571, 589, 595, 615, 621, 646, 664, 682, 700, 718, 736, 754, 773, 798], "summary": {"covered_lines": 41, "num_statements": 41, "percent_covered": 100.0, "percent_covered_display": "100", "missing_lines": 0, "excluded_lines": 0}, "missing_lines": [], "excluded_lines": []}}}, "validator\\unified_rule_processor.py": {"executed_lines": [], "summary": {"covered_lines": 0, "num_statements": 186, "percent_covered": 0.0, "percent_covered_display": "0", "missing_lines": 186, "excluded_lines": 0}, "missing_lines": [9, 10, 11, 12, 13, 15, 18, 20, 21, 22, 23, 24, 27, 28, 30, 31, 32, 33, 34, 35, 36, 37, 38, 39, 42, 50, 57, 58, 59, 60, 62, 64, 66, 67, 68, 69, 71, 72, 74, 75, 76, 79, 80, 82, 83, 85, 88, 89, 90, 91, 94, 95, 96, 98, 99, 101, 102, 103, 105, 106, 107, 110, 112, 124, 125, 126, 128, 140, 143, 146, 148, 150, 152, 154, 155, 156, 158, 159, 161, 162, 164, 166, 169, 171, 172, 173, 174, 176, 177, 178, 180, 193, 195, 196, 198, 200, 203, 205, 206, 207, 208, 210, 211, 213, 214, 215, 217, 230, 231, 233, 234, 236, 238, 240, 243, 244, 245, 246, 248, 249, 250, 251, 252, 254, 256, 259, 261, 262, 265, 266, 267, 268, 269, 282, 285, 286, 287, 300, 303, 304, 305, 318, 321, 322, 323, 336, 338, 339, 341, 343, 345, 346, 347, 348, 350, 352, 353, 357, 359, 363, 365, 367, 368, 369, 370, 372, 374, 376, 377, 378, 379, 381, 383, 384, 385, 386, 388, 390, 399, 401, 402, 405, 406, 409, 410, 412], "excluded_lines": [], "functions": {"UnifiedRuleProcessor.__init__": {"executed_lines": [], "summary": {"covered_lines": 0, "num_statements": 4, "percent_covered": 0.0, "percent_covered_display": "0", "missing_lines": 4, "excluded_lines": 0}, "missing_lines": [57, 58, 59, 60], "excluded_lines": []}, "UnifiedRuleProcessor._initialize_patterns": {"executed_lines": [], "summary": {"covered_lines": 0, "num_statements": 14, "percent_covered": 0.0, "percent_covered_display": "0", "missing_lines": 14, "excluded_lines": 0}, "missing_lines": [64, 66, 67, 68, 69, 71, 72, 74, 75, 76, 79, 80, 82, 83], "excluded_lines": []}, "UnifiedRuleProcessor._create_rule_pattern": {"executed_lines": [], "summary": {"covered_lines": 0, "num_statements": 20, "percent_covered": 0.0, "percent_covered_display": "0", "missing_lines": 20, "excluded_lines": 0}, "missing_lines": [88, 89, 90, 91, 94, 95, 96, 98, 99, 101, 102, 103, 105, 106, 107, 110, 112, 124, 125, 126], "excluded_lines": []}, "UnifiedRuleProcessor.process_rules": {"executed_lines": [], "summary": {"covered_lines": 0, "num_statements": 4, "percent_covered": 0.0, "percent_covered_display": "0", "missing_lines": 4, "excluded_lines": 0}, "missing_lines": [140, 143, 146, 148], "excluded_lines": []}, "UnifiedRuleProcessor._process_content_patterns": {"executed_lines": [], "summary": {"covered_lines": 0, "num_statements": 9, "percent_covered": 0.0, "percent_covered_display": "0", "missing_lines": 9, "excluded_lines": 0}, "missing_lines": [152, 154, 155, 156, 158, 159, 161, 162, 164], "excluded_lines": []}, "UnifiedRuleProcessor._process_regex_pattern": {"executed_lines": [], "summary": {"covered_lines": 0, "num_statements": 13, "percent_covered": 0.0, "percent_covered_display": "0", "missing_lines": 13, "excluded_lines": 0}, "missing_lines": [169, 171, 172, 173, 174, 176, 177, 178, 180, 193, 195, 196, 198], "excluded_lines": []}, "UnifiedRuleProcessor._process_keyword_pattern": {"executed_lines": [], "summary": {"covered_lines": 0, "num_statements": 16, "percent_covered": 0.0, "percent_covered_display": "0", "missing_lines": 16, "excluded_lines": 0}, "missing_lines": [203, 205, 206, 207, 208, 210, 211, 213, 214, 215, 217, 230, 231, 233, 234, 236], "excluded_lines": []}, "UnifiedRuleProcessor._process_ast_patterns": {"executed_lines": [], "summary": {"covered_lines": 0, "num_statements": 11, "percent_covered": 0.0, "percent_covered_display": "0", "missing_lines": 11, "excluded_lines": 0}, "missing_lines": [240, 243, 244, 245, 246, 248, 249, 250, 251, 252, 254], "excluded_lines": []}, "UnifiedRuleProcessor._check_ast_node": {"executed_lines": [], "summary": {"covered_lines": 0, "num_statements": 24, "percent_covered": 0.0, "percent_covered_display": "0", "missing_lines": 24, "excluded_lines": 0}, "missing_lines": [259, 261, 262, 265, 266, 267, 268, 269, 282, 285, 286, 287, 300, 303, 304, 305, 318, 321, 322, 323, 336, 338, 339, 341], "excluded_lines": []}, "UnifiedRuleProcessor._has_nested_loops": {"executed_lines": [], "summary": {"covered_lines": 0, "num_statements": 4, "percent_covered": 0.0, "percent_covered_display": "0", "missing_lines": 4, "excluded_lines": 0}, "missing_lines": [345, 346, 347, 348], "excluded_lines": []}, "UnifiedRuleProcessor._is_risky_operation": {"executed_lines": [], "summary": {"covered_lines": 0, "num_statements": 3, "percent_covered": 0.0, "percent_covered_display": "0", "missing_lines": 3, "excluded_lines": 0}, "missing_lines": [352, 353, 357], "excluded_lines": []}, "UnifiedRuleProcessor._has_try_catch": {"executed_lines": [], "summary": {"covered_lines": 0, "num_statements": 1, "percent_covered": 0.0, "percent_covered_display": "0", "missing_lines": 1, "excluded_lines": 0}, "missing_lines": [363], "excluded_lines": []}, "UnifiedRuleProcessor._get_function_name": {"executed_lines": [], "summary": {"covered_lines": 0, "num_statements": 5, "percent_covered": 0.0, "percent_covered_display": "0", "missing_lines": 5, "excluded_lines": 0}, "missing_lines": [367, 368, 369, 370, 372], "excluded_lines": []}, "UnifiedRuleProcessor.enable_rule": {"executed_lines": [], "summary": {"covered_lines": 0, "num_statements": 4, "percent_covered": 0.0, "percent_covered_display": "0", "missing_lines": 4, "excluded_lines": 0}, "missing_lines": [376, 377, 378, 379], "excluded_lines": []}, "UnifiedRuleProcessor.disable_rule": {"executed_lines": [], "summary": {"covered_lines": 0, "num_statements": 4, "percent_covered": 0.0, "percent_covered_display": "0", "missing_lines": 4, "excluded_lines": 0}, "missing_lines": [383, 384, 385, 386], "excluded_lines": []}, "UnifiedRuleProcessor.get_rule_statistics": {"executed_lines": [], "summary": {"covered_lines": 0, "num_statements": 9, "percent_covered": 0.0, "percent_covered_display": "0", "missing_lines": 9, "excluded_lines": 0}, "missing_lines": [390, 399, 401, 402, 405, 406, 409, 410, 412], "excluded_lines": []}, "": {"executed_lines": [], "summary": {"covered_lines": 0, "num_statements": 41, "percent_covered": 0.0, "percent_covered_display": "0", "missing_lines": 41, "excluded_lines": 0}, "missing_lines": [9, 10, 11, 12, 13, 15, 18, 20, 21, 22, 23, 24, 27, 28, 30, 31, 32, 33, 34, 35, 36, 37, 38, 39, 42, 50, 62, 85, 128, 150, 166, 200, 238, 256, 343, 350, 359, 365, 374, 381, 388], "excluded_lines": []}}, "classes": {"RuleType": {"executed_lines": [], "summary": {"covered_lines": 0, "num_statements": 0, "percent_covered": 100.0, "percent_covered_display": "100", "missing_lines": 0, "excluded_lines": 0}, "missing_lines": [], "excluded_lines": []}, "RulePattern": {"executed_lines": [], "summary": {"covered_lines": 0, "num_statements": 0, "percent_covered": 100.0, "percent_covered_display": "100", "missing_lines": 0, "excluded_lines": 0}, "missing_lines": [], "excluded_lines": []}, "UnifiedRuleProcessor": {"executed_lines": [], "summary": {"covered_lines": 0, "num_statements": 145, "percent_covered": 0.0, "percent_covered_display": "0", "missing_lines": 145, "excluded_lines": 0}, "missing_lines": [57, 58, 59, 60, 64, 66, 67, 68, 69, 71, 72, 74, 75, 76, 79, 80, 82, 83, 88, 89, 90, 91, 94, 95, 96, 98, 99, 101, 102, 103, 105, 106, 107, 110, 112, 124, 125, 126, 140, 143, 146, 148, 152, 154, 155, 156, 158, 159, 161, 162, 164, 169, 171, 172, 173, 174, 176, 177, 178, 180, 193, 195, 196, 198, 203, 205, 206, 207, 208, 210, 211, 213, 214, 215, 217, 230, 231, 233, 234, 236, 240, 243, 244, 245, 246, 248, 249, 250, 251, 252, 254, 259, 261, 262, 265, 266, 267, 268, 269, 282, 285, 286, 287, 300, 303, 304, 305, 318, 321, 322, 323, 336, 338, 339, 341, 345, 346, 347, 348, 352, 353, 357, 363, 367, 368, 369, 370, 372, 376, 377, 378, 379, 383, 384, 385, 386, 390, 399, 401, 402, 405, 406, 409, 410, 412], "excluded_lines": []}, "": {"executed_lines": [], "summary": {"covered_lines": 0, "num_statements": 41, "percent_covered": 0.0, "percent_covered_display": "0", "missing_lines": 41, "excluded_lines": 0}, "missing_lines": [9, 10, 11, 12, 13, 15, 18, 20, 21, 22, 23, 24, 27, 28, 30, 31, 32, 33, 34, 35, 36, 37, 38, 39, 42, 50, 62, 85, 128, 150, 166, 200, 238, 256, 343, 350, 359, 365, 374, 381, 388], "excluded_lines": []}}}}, "totals": {"covered_lines": 623, "num_statements": 7566, "percent_covered": 8.234205656886068, "percent_covered_display": "8", "missing_lines": 6943, "excluded_lines": 202}}