{
  "summary": {
    "total_tests": 49,
    "total_passed": 27,
    "total_failed": 4,
    "total_errors": 18,
    "success_rate": 55.10204081632652,
    "execution_time": 12.889338493347168,
    "memory_usage_mb": 30.65234375,
    "timestamp": "2025-10-24T08:45:21.594479"
  },
  "categories": {
    "constitution_rules": {
      "tests": 0,
      "passed": 0,
      "failed": 0,
      "errors": 0,
      "success_rate": 0,
      "execution_time": 0.0010066032409667969,
      "memory_usage_mb": 0.00390625
    },
    "rule_validation": {
      "tests": 15,
      "passed": 12,
      "failed": 2,
      "errors": 1,
      "success_rate": 80.0,
      "execution_time": 0.015367984771728516,
      "memory_usage_mb": 0.22265625
    },
    "rule_implementations": {
      "tests": 19,
      "passed": 15,
      "failed": 2,
      "errors": 2,
      "success_rate": 78.94736842105263,
      "execution_time": 0.04111790657043457,
      "memory_usage_mb": 2.8671875
    },
    "performance": {
      "tests": 15,
      "passed": 0,
      "failed": 0,
      "errors": 15,
      "success_rate": 0.0,
      "execution_time": 12.831845998764038,
      "memory_usage_mb": 27.55859375
    }
  },
  "detailed_results": {
    "constitution_rules": {
      "TestConstitutionRulesBase": {
        "success": true,
        "tests_run": 0,
        "failures": 0,
        "errors": 0,
        "execution_time": 0.0010066032409667969,
        "memory_usage_mb": 0.00390625,
        "category": "constitution_rules"
      }
    },
    "rule_validation": {
      "TestBasicWorkRules": {
        "success": true,
        "tests_run": 5,
        "failures": 0,
        "errors": 0,
        "execution_time": 0.0016050338745117188,
        "memory_usage_mb": 0.02734375,
        "category": "rule_validation",
        "output": "test_rule_2_information_usage (test_rule_validation.TestBasicWorkRules.test_rule_2_information_usage)\nTest Rule 2: Only Use Information You're Given ... ok\ntest_rule_3_privacy_protection (test_rule_validation.TestBasicWorkRules.test_rule_3_privacy_protection)\nTest Rule 3: Protect People's Privacy ... ok\ntest_rule_4_settings_files (test_rule_validation.TestBasicWorkRules.test_rule_4_settings_files)\nTest Rule 4: Use Settings Files, Not Hardcoded Numbers ... ok\ntest_rule_4_settings_usage (test_rule_validation.TestBasicWorkRules.test_rule_4_settings_usage)\nTest Rule 4: Use Settings Files, Not Hardcoded Numbers ... ok\ntest_rule_5_record_keeping (test_rule_validation.TestBasicWorkRules.test_rule_5_record_keeping)\nTest Rule 5: Keep Good Records ... ok\n\n----------------------------------------------------------------------\nRan 5 tests in 0.002s\n\nOK\n"
      },
      "TestSystemDesignRules": {
        "success": true,
        "tests_run": 3,
        "failures": 0,
        "errors": 0,
        "execution_time": 0.002991914749145508,
        "memory_usage_mb": 0.0,
        "category": "rule_validation",
        "output": "test_rule_22_architecture_consistency (test_rule_validation.TestSystemDesignRules.test_rule_22_architecture_consistency)\nTest Rule 22: Architecture Consistency ... ok\ntest_rule_25_separation_of_concerns (test_rule_validation.TestSystemDesignRules.test_rule_25_separation_of_concerns)\nTest Rule 25: Separation of Concerns ... ok\ntest_rule_26_dependency_injection (test_rule_validation.TestSystemDesignRules.test_rule_26_dependency_injection)\nTest Rule 26: Dependency Injection ... ok\n\n----------------------------------------------------------------------\nRan 3 tests in 0.001s\n\nOK\n"
      },
      "TestTeamworkRules": {
        "success": false,
        "tests_run": 2,
        "failures": 0,
        "errors": 1,
        "execution_time": 0.0017402172088623047,
        "memory_usage_mb": 0.203125,
        "category": "rule_validation",
        "output": "test_rule_52_collaboration_standards (test_rule_validation.TestTeamworkRules.test_rule_52_collaboration_standards)\nTest Rule 52: Collaboration Standards ... ok\ntest_rule_53_code_review_readiness (test_rule_validation.TestTeamworkRules.test_rule_53_code_review_readiness)\nTest Rule 53: Code Review Readiness ... ERROR\n\n======================================================================\nERROR: test_rule_53_code_review_readiness (test_rule_validation.TestTeamworkRules.test_rule_53_code_review_readiness)\nTest Rule 53: Code Review Readiness\n----------------------------------------------------------------------\nTraceback (most recent call last):\n  File \"D:\\Projects\\ZeroUI2.0\\tests\\test_rule_validation.py\", line 203, in test_rule_53_code_review_readiness\n    violations = self.validator.validate_code_review_readiness(good_code)\n                 ^^^^^^^^^^^^^^^^^^^^^^^^^^^^^^^^^^^^^^^^^^^^^^^^^^^^^^^^\n  File \"D:\\Projects\\ZeroUI2.0\\validator\\rules\\teamwork.py\", line 52, in validate_code_review_readiness\n    violations.append(Violation(\n                      ^^^^^^^^^^\nTypeError: Violation.__init__() got an unexpected keyword argument 'title'\n\n----------------------------------------------------------------------\nRan 2 tests in 0.002s\n\nFAILED (errors=1)\n"
      },
      "TestCodingStandardsRules": {
        "success": false,
        "tests_run": 2,
        "failures": 2,
        "errors": 0,
        "execution_time": 0.0019164085388183594,
        "memory_usage_mb": 0.00390625,
        "category": "rule_validation",
        "output": "test_rule_function_length (test_rule_validation.TestCodingStandardsRules.test_rule_function_length)\nTest function length rules ... FAIL\ntest_rule_naming_conventions (test_rule_validation.TestCodingStandardsRules.test_rule_naming_conventions)\nTest naming convention rules ... FAIL\n\n======================================================================\nFAIL: test_rule_function_length (test_rule_validation.TestCodingStandardsRules.test_rule_function_length)\nTest function length rules\n----------------------------------------------------------------------\nTraceback (most recent call last):\n  File \"D:\\Projects\\ZeroUI2.0\\tests\\test_rule_validation.py\", line 269, in test_rule_function_length\n    self.assertGreater(len(violations), 0)\nAssertionError: 0 not greater than 0\n\n======================================================================\nFAIL: test_rule_naming_conventions (test_rule_validation.TestCodingStandardsRules.test_rule_naming_conventions)\nTest naming convention rules\n----------------------------------------------------------------------\nTraceback (most recent call last):\n  File \"D:\\Projects\\ZeroUI2.0\\tests\\test_rule_validation.py\", line 239, in test_rule_naming_conventions\n    self.assertGreater(len(violations), 0)\nAssertionError: 0 not greater than 0\n\n----------------------------------------------------------------------\nRan 2 tests in 0.001s\n\nFAILED (failures=2)\n"
      },
      "TestRuleIntegration": {
        "success": true,
        "tests_run": 3,
        "failures": 0,
        "errors": 0,
        "execution_time": 0.007114410400390625,
        "memory_usage_mb": -0.01171875,
        "category": "rule_validation",
        "output": "test_multiple_rule_violations (test_rule_implementations.TestRuleIntegration.test_multiple_rule_violations)\nTest detection of multiple rule violations. ... ok\ntest_rule_dependency_handling (test_rule_implementations.TestRuleIntegration.test_rule_dependency_handling)\nTest handling of rule dependencies. ... ok\ntest_rule_priority_handling (test_rule_implementations.TestRuleIntegration.test_rule_priority_handling)\nTest that rule priorities are properly handled. ... ok\n\n----------------------------------------------------------------------\nRan 3 tests in 0.007s\n\nOK\n"
      }
    },
    "rule_implementations": {
      "TestBasicWorkRuleImplementations": {
        "success": false,
        "tests_run": 5,
        "failures": 2,
        "errors": 1,
        "execution_time": 0.007093906402587891,
        "memory_usage_mb": 0.56640625,
        "category": "rule_implementations",
        "output": "test_rule_1_documentation_implementation (test_rule_implementations.TestBasicWorkRuleImplementations.test_rule_1_documentation_implementation)\nTest Rule 1: Documentation Required - Implementation ... ok\ntest_rule_2_information_usage_implementation (test_rule_implementations.TestBasicWorkRuleImplementations.test_rule_2_information_usage_implementation)\nTest Rule 2: Only Use Information You're Given - Implementation ... FAIL\ntest_rule_3_privacy_protection_implementation (test_rule_implementations.TestBasicWorkRuleImplementations.test_rule_3_privacy_protection_implementation)\nTest Rule 3: Protect People's Privacy - Implementation ... ok\ntest_rule_4_settings_files_implementation (test_rule_implementations.TestBasicWorkRuleImplementations.test_rule_4_settings_files_implementation)\nTest Rule 4: Use Settings Files, Not Hardcoded Numbers - Implementation ... FAIL\ntest_rule_5_record_keeping_implementation (test_rule_implementations.TestBasicWorkRuleImplementations.test_rule_5_record_keeping_implementation)\nTest Rule 5: Keep Good Records - Implementation ... ERROR\n\n======================================================================\nERROR: test_rule_5_record_keeping_implementation (test_rule_implementations.TestBasicWorkRuleImplementations.test_rule_5_record_keeping_implementation)\nTest Rule 5: Keep Good Records - Implementation\n----------------------------------------------------------------------\nTraceback (most recent call last):\n  File \"D:\\Projects\\ZeroUI2.0\\tests\\test_rule_implementations.py\", line 182, in test_rule_5_record_keeping_implementation\n    violations = self.basic_validator.validate_record_keeping(bad_code)\n                 ^^^^^^^^^^^^^^^^^^^^^^^^^^^^^^^^^^^^^^^^^^^^^^^^^^^^^^\n  File \"D:\\Projects\\ZeroUI2.0\\validator\\rules\\basic_work.py\", line 120, in validate_record_keeping\n    violations.append(Violation(\n                      ^^^^^^^^^^\nTypeError: Violation.__init__() got an unexpected keyword argument 'title'\n\n======================================================================\nFAIL: test_rule_2_information_usage_implementation (test_rule_implementations.TestBasicWorkRuleImplementations.test_rule_2_information_usage_implementation)\nTest Rule 2: Only Use Information You're Given - Implementation\n----------------------------------------------------------------------\nTraceback (most recent call last):\n  File \"D:\\Projects\\ZeroUI2.0\\tests\\test_rule_implementations.py\", line 100, in test_rule_2_information_usage_implementation\n    self.assertGreater(len(violations), 0, \"Improper information usage should fail\")\nAssertionError: 0 not greater than 0 : Improper information usage should fail\n\n======================================================================\nFAIL: test_rule_4_settings_files_implementation (test_rule_implementations.TestBasicWorkRuleImplementations.test_rule_4_settings_files_implementation)\nTest Rule 4: Use Settings Files, Not Hardcoded Numbers - Implementation\n----------------------------------------------------------------------\nTraceback (most recent call last):\n  File \"D:\\Projects\\ZeroUI2.0\\tests\\test_rule_implementations.py\", line 153, in test_rule_4_settings_files_implementation\n    self.assertGreater(len(violations), 0, \"Hardcoded values should fail\")\nAssertionError: 0 not greater than 0 : Hardcoded values should fail\n\n----------------------------------------------------------------------\nRan 5 tests in 0.009s\n\nFAILED (failures=2, errors=1)\n"
      },
      "TestSystemDesignRuleImplementations": {
        "success": true,
        "tests_run": 3,
        "failures": 0,
        "errors": 0,
        "execution_time": 0.006124258041381836,
        "memory_usage_mb": 0.4140625,
        "category": "rule_implementations",
        "output": "test_rule_22_architecture_consistency_implementation (test_rule_implementations.TestSystemDesignRuleImplementations.test_rule_22_architecture_consistency_implementation)\nTest Rule 22: Architecture Consistency - Implementation ... ok\ntest_rule_25_separation_of_concerns_implementation (test_rule_implementations.TestSystemDesignRuleImplementations.test_rule_25_separation_of_concerns_implementation)\nTest Rule 25: Separation of Concerns - Implementation ... ok\ntest_rule_26_dependency_injection_implementation (test_rule_implementations.TestSystemDesignRuleImplementations.test_rule_26_dependency_injection_implementation)\nTest Rule 26: Dependency Injection - Implementation ... ok\n\n----------------------------------------------------------------------\nRan 3 tests in 0.005s\n\nOK\n"
      },
      "TestTeamworkRuleImplementations": {
        "success": true,
        "tests_run": 2,
        "failures": 0,
        "errors": 0,
        "execution_time": 0.008366584777832031,
        "memory_usage_mb": 0.45703125,
        "category": "rule_implementations",
        "output": "test_rule_52_collaboration_standards_implementation (test_rule_implementations.TestTeamworkRuleImplementations.test_rule_52_collaboration_standards_implementation)\nTest Rule 52: Collaboration Standards - Implementation ... ok\ntest_rule_53_code_review_readiness_implementation (test_rule_implementations.TestTeamworkRuleImplementations.test_rule_53_code_review_readiness_implementation)\nTest Rule 53: Code Review Readiness - Implementation ... ok\n\n----------------------------------------------------------------------\nRan 2 tests in 0.005s\n\nOK\n"
      },
      "TestCodingStandardsRuleImplementations": {
        "success": true,
        "tests_run": 2,
        "failures": 0,
        "errors": 0,
        "execution_time": 0.006829500198364258,
        "memory_usage_mb": 0.46875,
        "category": "rule_implementations",
        "output": "test_function_length_implementation (test_rule_implementations.TestCodingStandardsRuleImplementations.test_function_length_implementation)\nTest function length rules implementation. ... ok\ntest_naming_conventions_implementation (test_rule_implementations.TestCodingStandardsRuleImplementations.test_naming_conventions_implementation)\nTest naming convention rules implementation. ... ok\n\n----------------------------------------------------------------------\nRan 2 tests in 0.006s\n\nOK\n"
      },
      "TestRuleEdgeCases": {
        "success": false,
        "tests_run": 4,
        "failures": 0,
        "errors": 1,
        "execution_time": 0.008401632308959961,
        "memory_usage_mb": 0.48828125,
        "category": "rule_implementations",
        "output": "test_empty_file_handling (test_rule_implementations.TestRuleEdgeCases.test_empty_file_handling)\nTest handling of empty files. ... ERROR\ntest_malformed_code_handling (test_rule_implementations.TestRuleEdgeCases.test_malformed_code_handling)\nTest handling of malformed code. ... ok\ntest_unicode_handling (test_rule_implementations.TestRuleEdgeCases.test_unicode_handling)\nTest handling of Unicode characters. ... ok\ntest_very_long_lines_handling (test_rule_implementations.TestRuleEdgeCases.test_very_long_lines_handling)\nTest handling of very long lines. ... ok\n\n======================================================================\nERROR: test_empty_file_handling (test_rule_implementations.TestRuleEdgeCases.test_empty_file_handling)\nTest handling of empty files.\n----------------------------------------------------------------------\nTraceback (most recent call last):\n  File \"D:\\Projects\\ZeroUI2.0\\tests\\test_rule_implementations.py\", line 421, in test_empty_file_handling\n    violations = validator.validate_information_usage(empty_code)\n                 ^^^^^^^^^^^^^^^^^^^^^^^^^^^^^^^^^^^^\nAttributeError: 'SystemDesignValidator' object has no attribute 'validate_information_usage'\n\n----------------------------------------------------------------------\nRan 4 tests in 0.008s\n\nFAILED (errors=1)\n"
      },
      "TestRuleIntegration": {
        "success": true,
        "tests_run": 3,
        "failures": 0,
        "errors": 0,
        "execution_time": 0.004302024841308594,
        "memory_usage_mb": 0.47265625,
        "category": "rule_implementations",
        "output": "test_multiple_rule_violations (test_rule_implementations.TestRuleIntegration.test_multiple_rule_violations)\nTest detection of multiple rule violations. ... ok\ntest_rule_dependency_handling (test_rule_implementations.TestRuleIntegration.test_rule_dependency_handling)\nTest handling of rule dependencies. ... ok\ntest_rule_priority_handling (test_rule_implementations.TestRuleIntegration.test_rule_priority_handling)\nTest that rule priorities are properly handled. ... ok\n\n----------------------------------------------------------------------\nRan 3 tests in 0.005s\n\nOK\n"
      }
    },
    "performance": {
      "TestValidationPerformance": {
        "success": false,
        "tests_run": 4,
        "failures": 0,
        "errors": 4,
        "execution_time": 8.88241720199585,
        "memory_usage_mb": 9.44921875,
        "category": "performance",
        "output": "test_large_file_validation_performance (test_performance.TestValidationPerformance.test_large_file_validation_performance)\nTest validation performance on large files. ... ERROR\ntest_medium_file_validation_performance (test_performance.TestValidationPerformance.test_medium_file_validation_performance)\nTest validation performance on medium files. ... ERROR\ntest_small_file_validation_performance (test_performance.TestValidationPerformance.test_small_file_validation_performance)\nTest validation performance on small files. ... ERROR\ntest_very_large_file_validation_performance (test_performance.TestValidationPerformance.test_very_large_file_validation_performance)\nTest validation performance on very large files. ... ERROR\n\n======================================================================\nERROR: test_large_file_validation_performance (test_performance.TestValidationPerformance.test_large_file_validation_performance)\nTest validation performance on large files.\n----------------------------------------------------------------------\nTraceback (most recent call last):\n  File \"D:\\Projects\\ZeroUI2.0\\tests\\test_performance.py\", line 179, in test_large_file_validation_performance\n    result, execution_time = self._measure_execution_time(\n                             ^^^^^^^^^^^^^^^^^^^^^^^^^^^^^\n  File \"D:\\Projects\\ZeroUI2.0\\tests\\test_performance.py\", line 131, in _measure_execution_time\n    result = func(*args, **kwargs)\n             ^^^^^^^^^^^^^^^^^^^^^\n  File \"D:\\Projects\\ZeroUI2.0\\validator\\core.py\", line 160, in validate_file\n    violations.extend(self._normalize_rule_ids(self._check_performance_rules(tree, file_path, content)))\n                                               ^^^^^^^^^^^^^^^^^^^^^^^^^^^^^^^^^^^^^^^^^^^^^^^^^^^^^^^\n  File \"D:\\Projects\\ZeroUI2.0\\validator\\core.py\", line 241, in _check_performance_rules\n    patterns = self.config[\"validation_patterns\"][\"performance\"][\"patterns\"]\n               ~~~~~~~~~~~^^^^^^^^^^^^^^^^^^^^^^^\nKeyError: 'validation_patterns'\n\n======================================================================\nERROR: test_medium_file_validation_performance (test_performance.TestValidationPerformance.test_medium_file_validation_performance)\nTest validation performance on medium files.\n----------------------------------------------------------------------\nTraceback (most recent call last):\n  File \"D:\\Projects\\ZeroUI2.0\\tests\\test_performance.py\", line 165, in test_medium_file_validation_performance\n    result, execution_time = self._measure_execution_time(\n                             ^^^^^^^^^^^^^^^^^^^^^^^^^^^^^\n  File \"D:\\Projects\\ZeroUI2.0\\tests\\test_performance.py\", line 131, in _measure_execution_time\n    result = func(*args, **kwargs)\n             ^^^^^^^^^^^^^^^^^^^^^\n  File \"D:\\Projects\\ZeroUI2.0\\validator\\core.py\", line 160, in validate_file\n    violations.extend(self._normalize_rule_ids(self._check_performance_rules(tree, file_path, content)))\n                                               ^^^^^^^^^^^^^^^^^^^^^^^^^^^^^^^^^^^^^^^^^^^^^^^^^^^^^^^\n  File \"D:\\Projects\\ZeroUI2.0\\validator\\core.py\", line 241, in _check_performance_rules\n    patterns = self.config[\"validation_patterns\"][\"performance\"][\"patterns\"]\n               ~~~~~~~~~~~^^^^^^^^^^^^^^^^^^^^^^^\nKeyError: 'validation_patterns'\n\n======================================================================\nERROR: test_small_file_validation_performance (test_performance.TestValidationPerformance.test_small_file_validation_performance)\nTest validation performance on small files.\n----------------------------------------------------------------------\nTraceback (most recent call last):\n  File \"D:\\Projects\\ZeroUI2.0\\tests\\test_performance.py\", line 147, in test_small_file_validation_performance\n    result, execution_time = self._measure_execution_time(\n                             ^^^^^^^^^^^^^^^^^^^^^^^^^^^^^\n  File \"D:\\Projects\\ZeroUI2.0\\tests\\test_performance.py\", line 131, in _measure_execution_time\n    result = func(*args, **kwargs)\n             ^^^^^^^^^^^^^^^^^^^^^\n  File \"D:\\Projects\\ZeroUI2.0\\validator\\core.py\", line 160, in validate_file\n    violations.extend(self._normalize_rule_ids(self._check_performance_rules(tree, file_path, content)))\n                                               ^^^^^^^^^^^^^^^^^^^^^^^^^^^^^^^^^^^^^^^^^^^^^^^^^^^^^^^\n  File \"D:\\Projects\\ZeroUI2.0\\validator\\core.py\", line 241, in _check_performance_rules\n    patterns = self.config[\"validation_patterns\"][\"performance\"][\"patterns\"]\n               ~~~~~~~~~~~^^^^^^^^^^^^^^^^^^^^^^^\nKeyError: 'validation_patterns'\n\n======================================================================\nERROR: test_very_large_file_validation_performance (test_performance.TestValidationPerformance.test_very_large_file_validation_performance)\nTest validation performance on very large files.\n----------------------------------------------------------------------\nTraceback (most recent call last):\n  File \"D:\\Projects\\ZeroUI2.0\\tests\\test_performance.py\", line 193, in test_very_large_file_validation_performance\n    result, execution_time = self._measure_execution_time(\n                             ^^^^^^^^^^^^^^^^^^^^^^^^^^^^^\n  File \"D:\\Projects\\ZeroUI2.0\\tests\\test_performance.py\", line 131, in _measure_execution_time\n    result = func(*args, **kwargs)\n             ^^^^^^^^^^^^^^^^^^^^^\n  File \"D:\\Projects\\ZeroUI2.0\\validator\\core.py\", line 160, in validate_file\n    violations.extend(self._normalize_rule_ids(self._check_performance_rules(tree, file_path, content)))\n                                               ^^^^^^^^^^^^^^^^^^^^^^^^^^^^^^^^^^^^^^^^^^^^^^^^^^^^^^^\n  File \"D:\\Projects\\ZeroUI2.0\\validator\\core.py\", line 241, in _check_performance_rules\n    patterns = self.config[\"validation_patterns\"][\"performance\"][\"patterns\"]\n               ~~~~~~~~~~~^^^^^^^^^^^^^^^^^^^^^^^\nKeyError: 'validation_patterns'\n\n----------------------------------------------------------------------\nRan 4 tests in 8.880s\n\nFAILED (errors=4)\n"
      },
      "TestMemoryUsage": {
        "success": false,
        "tests_run": 4,
        "failures": 0,
        "errors": 4,
        "execution_time": 1.3282170295715332,
        "memory_usage_mb": 0.57421875,
        "category": "performance",
        "output": "test_memory_leak_detection (test_performance.TestMemoryUsage.test_memory_leak_detection)\nTest for memory leaks in repeated validation. ... ERROR\ntest_memory_usage_large_file (test_performance.TestMemoryUsage.test_memory_usage_large_file)\nTest memory usage for large file validation. ... ERROR\ntest_memory_usage_medium_file (test_performance.TestMemoryUsage.test_memory_usage_medium_file)\nTest memory usage for medium file validation. ... ERROR\ntest_memory_usage_small_file (test_performance.TestMemoryUsage.test_memory_usage_small_file)\nTest memory usage for small file validation. ... ERROR\n\n======================================================================\nERROR: test_memory_leak_detection (test_performance.TestMemoryUsage.test_memory_leak_detection)\nTest for memory leaks in repeated validation.\n----------------------------------------------------------------------\nTraceback (most recent call last):\n  File \"D:\\Projects\\ZeroUI2.0\\tests\\test_performance.py\", line 260, in test_memory_leak_detection\n    self.validator.validate_file(str(test_file))\n  File \"D:\\Projects\\ZeroUI2.0\\validator\\core.py\", line 160, in validate_file\n    violations.extend(self._normalize_rule_ids(self._check_performance_rules(tree, file_path, content)))\n                                               ^^^^^^^^^^^^^^^^^^^^^^^^^^^^^^^^^^^^^^^^^^^^^^^^^^^^^^^\n  File \"D:\\Projects\\ZeroUI2.0\\validator\\core.py\", line 241, in _check_performance_rules\n    patterns = self.config[\"validation_patterns\"][\"performance\"][\"patterns\"]\n               ~~~~~~~~~~~^^^^^^^^^^^^^^^^^^^^^^^\nKeyError: 'validation_patterns'\n\n======================================================================\nERROR: test_memory_usage_large_file (test_performance.TestMemoryUsage.test_memory_usage_large_file)\nTest memory usage for large file validation.\n----------------------------------------------------------------------\nTraceback (most recent call last):\n  File \"D:\\Projects\\ZeroUI2.0\\tests\\test_performance.py\", line 239, in test_memory_usage_large_file\n    result, memory_usage = self._measure_memory_usage(\n                           ^^^^^^^^^^^^^^^^^^^^^^^^^^^\n  File \"D:\\Projects\\ZeroUI2.0\\tests\\test_performance.py\", line 121, in _measure_memory_usage\n    result = func(*args, **kwargs)\n             ^^^^^^^^^^^^^^^^^^^^^\n  File \"D:\\Projects\\ZeroUI2.0\\validator\\core.py\", line 160, in validate_file\n    violations.extend(self._normalize_rule_ids(self._check_performance_rules(tree, file_path, content)))\n                                               ^^^^^^^^^^^^^^^^^^^^^^^^^^^^^^^^^^^^^^^^^^^^^^^^^^^^^^^\n  File \"D:\\Projects\\ZeroUI2.0\\validator\\core.py\", line 241, in _check_performance_rules\n    patterns = self.config[\"validation_patterns\"][\"performance\"][\"patterns\"]\n               ~~~~~~~~~~~^^^^^^^^^^^^^^^^^^^^^^^\nKeyError: 'validation_patterns'\n\n======================================================================\nERROR: test_memory_usage_medium_file (test_performance.TestMemoryUsage.test_memory_usage_medium_file)\nTest memory usage for medium file validation.\n----------------------------------------------------------------------\nTraceback (most recent call last):\n  File \"D:\\Projects\\ZeroUI2.0\\tests\\test_performance.py\", line 225, in test_memory_usage_medium_file\n    result, memory_usage = self._measure_memory_usage(\n                           ^^^^^^^^^^^^^^^^^^^^^^^^^^^\n  File \"D:\\Projects\\ZeroUI2.0\\tests\\test_performance.py\", line 121, in _measure_memory_usage\n    result = func(*args, **kwargs)\n             ^^^^^^^^^^^^^^^^^^^^^\n  File \"D:\\Projects\\ZeroUI2.0\\validator\\core.py\", line 160, in validate_file\n    violations.extend(self._normalize_rule_ids(self._check_performance_rules(tree, file_path, content)))\n                                               ^^^^^^^^^^^^^^^^^^^^^^^^^^^^^^^^^^^^^^^^^^^^^^^^^^^^^^^\n  File \"D:\\Projects\\ZeroUI2.0\\validator\\core.py\", line 241, in _check_performance_rules\n    patterns = self.config[\"validation_patterns\"][\"performance\"][\"patterns\"]\n               ~~~~~~~~~~~^^^^^^^^^^^^^^^^^^^^^^^\nKeyError: 'validation_patterns'\n\n======================================================================\nERROR: test_memory_usage_small_file (test_performance.TestMemoryUsage.test_memory_usage_small_file)\nTest memory usage for small file validation.\n----------------------------------------------------------------------\nTraceback (most recent call last):\n  File \"D:\\Projects\\ZeroUI2.0\\tests\\test_performance.py\", line 211, in test_memory_usage_small_file\n    result, memory_usage = self._measure_memory_usage(\n                           ^^^^^^^^^^^^^^^^^^^^^^^^^^^\n  File \"D:\\Projects\\ZeroUI2.0\\tests\\test_performance.py\", line 121, in _measure_memory_usage\n    result = func(*args, **kwargs)\n             ^^^^^^^^^^^^^^^^^^^^^\n  File \"D:\\Projects\\ZeroUI2.0\\validator\\core.py\", line 160, in validate_file\n    violations.extend(self._normalize_rule_ids(self._check_performance_rules(tree, file_path, content)))\n                                               ^^^^^^^^^^^^^^^^^^^^^^^^^^^^^^^^^^^^^^^^^^^^^^^^^^^^^^^\n  File \"D:\\Projects\\ZeroUI2.0\\validator\\core.py\", line 241, in _check_performance_rules\n    patterns = self.config[\"validation_patterns\"][\"performance\"][\"patterns\"]\n               ~~~~~~~~~~~^^^^^^^^^^^^^^^^^^^^^^^\nKeyError: 'validation_patterns'\n\n----------------------------------------------------------------------\nRan 4 tests in 1.332s\n\nFAILED (errors=4)\n"
      },
      "TestConcurrentValidation": {
        "success": false,
        "tests_run": 2,
        "failures": 0,
        "errors": 2,
        "execution_time": 1.74448561668396,
        "memory_usage_mb": 27.41015625,
        "category": "performance",
        "output": "test_concurrent_validation_processes (test_performance.TestConcurrentValidation.test_concurrent_validation_processes)\nTest validation performance with multiple processes. ... ERROR\ntest_concurrent_validation_threads (test_performance.TestConcurrentValidation.test_concurrent_validation_threads)\nTest validation performance with multiple threads. ... ERROR\n\n======================================================================\nERROR: test_concurrent_validation_processes (test_performance.TestConcurrentValidation.test_concurrent_validation_processes)\nTest validation performance with multiple processes.\n----------------------------------------------------------------------\nconcurrent.futures.process._RemoteTraceback: \n\"\"\"\nTraceback (most recent call last):\n  File \"C:\\Users\\pc\\AppData\\Local\\Programs\\Python\\Python311\\Lib\\multiprocessing\\queues.py\", line 244, in _feed\n    obj = _ForkingPickler.dumps(obj)\n          ^^^^^^^^^^^^^^^^^^^^^^^^^^\n  File \"C:\\Users\\pc\\AppData\\Local\\Programs\\Python\\Python311\\Lib\\multiprocessing\\reduction.py\", line 51, in dumps\n    cls(buf, protocol).dump(obj)\nAttributeError: Can't pickle local object 'TestConcurrentValidation.test_concurrent_validation_processes.<locals>.validate_file_process'\n\"\"\"\n\nThe above exception was the direct cause of the following exception:\n\nTraceback (most recent call last):\n  File \"D:\\Projects\\ZeroUI2.0\\tests\\test_performance.py\", line 318, in test_concurrent_validation_processes\n    results = [future.result() for future in futures]\n              ^^^^^^^^^^^^^^^^^^^^^^^^^^^^^^^^^^^^^^^\n  File \"D:\\Projects\\ZeroUI2.0\\tests\\test_performance.py\", line 318, in <listcomp>\n    results = [future.result() for future in futures]\n               ^^^^^^^^^^^^^^^\n  File \"C:\\Users\\pc\\AppData\\Local\\Programs\\Python\\Python311\\Lib\\concurrent\\futures\\_base.py\", line 456, in result\n    return self.__get_result()\n           ^^^^^^^^^^^^^^^^^^^\n  File \"C:\\Users\\pc\\AppData\\Local\\Programs\\Python\\Python311\\Lib\\concurrent\\futures\\_base.py\", line 401, in __get_result\n    raise self._exception\n  File \"C:\\Users\\pc\\AppData\\Local\\Programs\\Python\\Python311\\Lib\\multiprocessing\\queues.py\", line 244, in _feed\n    obj = _ForkingPickler.dumps(obj)\n          ^^^^^^^^^^^^^^^^^^^^^^^^^^\n  File \"C:\\Users\\pc\\AppData\\Local\\Programs\\Python\\Python311\\Lib\\multiprocessing\\reduction.py\", line 51, in dumps\n    cls(buf, protocol).dump(obj)\nAttributeError: Can't pickle local object 'TestConcurrentValidation.test_concurrent_validation_processes.<locals>.validate_file_process'\n\n======================================================================\nERROR: test_concurrent_validation_threads (test_performance.TestConcurrentValidation.test_concurrent_validation_threads)\nTest validation performance with multiple threads.\n----------------------------------------------------------------------\nTraceback (most recent call last):\n  File \"D:\\Projects\\ZeroUI2.0\\tests\\test_performance.py\", line 290, in test_concurrent_validation_threads\n    results = [future.result() for future in futures]\n              ^^^^^^^^^^^^^^^^^^^^^^^^^^^^^^^^^^^^^^^\n  File \"D:\\Projects\\ZeroUI2.0\\tests\\test_performance.py\", line 290, in <listcomp>\n    results = [future.result() for future in futures]\n               ^^^^^^^^^^^^^^^\n  File \"C:\\Users\\pc\\AppData\\Local\\Programs\\Python\\Python311\\Lib\\concurrent\\futures\\_base.py\", line 456, in result\n    return self.__get_result()\n           ^^^^^^^^^^^^^^^^^^^\n  File \"C:\\Users\\pc\\AppData\\Local\\Programs\\Python\\Python311\\Lib\\concurrent\\futures\\_base.py\", line 401, in __get_result\n    raise self._exception\n  File \"C:\\Users\\pc\\AppData\\Local\\Programs\\Python\\Python311\\Lib\\concurrent\\futures\\thread.py\", line 58, in run\n    result = self.fn(*self.args, **self.kwargs)\n             ^^^^^^^^^^^^^^^^^^^^^^^^^^^^^^^^^^\n  File \"D:\\Projects\\ZeroUI2.0\\tests\\test_performance.py\", line 284, in validate_file\n    return self.validator.validate_file(str(test_file))\n           ^^^^^^^^^^^^^^^^^^^^^^^^^^^^^^^^^^^^^^^^^^^^\n  File \"D:\\Projects\\ZeroUI2.0\\validator\\core.py\", line 160, in validate_file\n    violations.extend(self._normalize_rule_ids(self._check_performance_rules(tree, file_path, content)))\n                                               ^^^^^^^^^^^^^^^^^^^^^^^^^^^^^^^^^^^^^^^^^^^^^^^^^^^^^^^\n  File \"D:\\Projects\\ZeroUI2.0\\validator\\core.py\", line 241, in _check_performance_rules\n    patterns = self.config[\"validation_patterns\"][\"performance\"][\"patterns\"]\n               ~~~~~~~~~~~^^^^^^^^^^^^^^^^^^^^^^^\nKeyError: 'validation_patterns'\n\n----------------------------------------------------------------------\nRan 2 tests in 1.739s\n\nFAILED (errors=2)\n"
      },
      "TestStressValidation": {
        "success": false,
        "tests_run": 3,
        "failures": 0,
        "errors": 3,
        "execution_time": 0.6160147190093994,
        "memory_usage_mb": -10.2734375,
        "category": "performance",
        "output": "test_memory_pressure_stress (test_performance.TestStressValidation.test_memory_pressure_stress)\nTest validation under memory pressure. ... ERROR\ntest_mixed_file_sizes_stress (test_performance.TestStressValidation.test_mixed_file_sizes_stress)\nTest validation with mixed file sizes. ... ERROR\ntest_rapid_validation_stress (test_performance.TestStressValidation.test_rapid_validation_stress)\nTest rapid successive validation calls. ... ERROR\n\n======================================================================\nERROR: test_memory_pressure_stress (test_performance.TestStressValidation.test_memory_pressure_stress)\nTest validation under memory pressure.\n----------------------------------------------------------------------\nTraceback (most recent call last):\n  File \"D:\\Projects\\ZeroUI2.0\\tests\\test_performance.py\", line 400, in test_memory_pressure_stress\n    result = self.validator.validate_file(str(test_file))\n             ^^^^^^^^^^^^^^^^^^^^^^^^^^^^^^^^^^^^^^^^^^^^\n  File \"D:\\Projects\\ZeroUI2.0\\validator\\core.py\", line 160, in validate_file\n    violations.extend(self._normalize_rule_ids(self._check_performance_rules(tree, file_path, content)))\n                                               ^^^^^^^^^^^^^^^^^^^^^^^^^^^^^^^^^^^^^^^^^^^^^^^^^^^^^^^\n  File \"D:\\Projects\\ZeroUI2.0\\validator\\core.py\", line 241, in _check_performance_rules\n    patterns = self.config[\"validation_patterns\"][\"performance\"][\"patterns\"]\n               ~~~~~~~~~~~^^^^^^^^^^^^^^^^^^^^^^^\nKeyError: 'validation_patterns'\n\n======================================================================\nERROR: test_mixed_file_sizes_stress (test_performance.TestStressValidation.test_mixed_file_sizes_stress)\nTest validation with mixed file sizes.\n----------------------------------------------------------------------\nTraceback (most recent call last):\n  File \"D:\\Projects\\ZeroUI2.0\\tests\\test_performance.py\", line 372, in test_mixed_file_sizes_stress\n    result = self.validator.validate_file(str(test_file))\n             ^^^^^^^^^^^^^^^^^^^^^^^^^^^^^^^^^^^^^^^^^^^^\n  File \"D:\\Projects\\ZeroUI2.0\\validator\\core.py\", line 160, in validate_file\n    violations.extend(self._normalize_rule_ids(self._check_performance_rules(tree, file_path, content)))\n                                               ^^^^^^^^^^^^^^^^^^^^^^^^^^^^^^^^^^^^^^^^^^^^^^^^^^^^^^^\n  File \"D:\\Projects\\ZeroUI2.0\\validator\\core.py\", line 241, in _check_performance_rules\n    patterns = self.config[\"validation_patterns\"][\"performance\"][\"patterns\"]\n               ~~~~~~~~~~~^^^^^^^^^^^^^^^^^^^^^^^\nKeyError: 'validation_patterns'\n\n======================================================================\nERROR: test_rapid_validation_stress (test_performance.TestStressValidation.test_rapid_validation_stress)\nTest rapid successive validation calls.\n----------------------------------------------------------------------\nTraceback (most recent call last):\n  File \"D:\\Projects\\ZeroUI2.0\\tests\\test_performance.py\", line 346, in test_rapid_validation_stress\n    result = self.validator.validate_file(str(test_file))\n             ^^^^^^^^^^^^^^^^^^^^^^^^^^^^^^^^^^^^^^^^^^^^\n  File \"D:\\Projects\\ZeroUI2.0\\validator\\core.py\", line 160, in validate_file\n    violations.extend(self._normalize_rule_ids(self._check_performance_rules(tree, file_path, content)))\n                                               ^^^^^^^^^^^^^^^^^^^^^^^^^^^^^^^^^^^^^^^^^^^^^^^^^^^^^^^\n  File \"D:\\Projects\\ZeroUI2.0\\validator\\core.py\", line 241, in _check_performance_rules\n    patterns = self.config[\"validation_patterns\"][\"performance\"][\"patterns\"]\n               ~~~~~~~~~~~^^^^^^^^^^^^^^^^^^^^^^^\nKeyError: 'validation_patterns'\n\n----------------------------------------------------------------------\nRan 3 tests in 0.617s\n\nFAILED (errors=3)\n"
      },
      "TestScalability": {
        "success": false,
        "tests_run": 2,
        "failures": 0,
        "errors": 2,
        "execution_time": 0.2607114315032959,
        "memory_usage_mb": 0.3984375,
        "category": "performance",
        "output": "test_file_size_scalability (test_performance.TestScalability.test_file_size_scalability)\nTest that validation scales with file size. ... ERROR\ntest_rule_count_scalability (test_performance.TestScalability.test_rule_count_scalability)\nTest that validation scales with rule count. ... ERROR\n\n======================================================================\nERROR: test_file_size_scalability (test_performance.TestScalability.test_file_size_scalability)\nTest that validation scales with file size.\n----------------------------------------------------------------------\nTraceback (most recent call last):\n  File \"D:\\Projects\\ZeroUI2.0\\tests\\test_performance.py\", line 451, in test_file_size_scalability\n    result = self.validator.validate_file(str(test_file))\n             ^^^^^^^^^^^^^^^^^^^^^^^^^^^^^^^^^^^^^^^^^^^^\n  File \"D:\\Projects\\ZeroUI2.0\\validator\\core.py\", line 160, in validate_file\n    violations.extend(self._normalize_rule_ids(self._check_performance_rules(tree, file_path, content)))\n                                               ^^^^^^^^^^^^^^^^^^^^^^^^^^^^^^^^^^^^^^^^^^^^^^^^^^^^^^^\n  File \"D:\\Projects\\ZeroUI2.0\\validator\\core.py\", line 241, in _check_performance_rules\n    patterns = self.config[\"validation_patterns\"][\"performance\"][\"patterns\"]\n               ~~~~~~~~~~~^^^^^^^^^^^^^^^^^^^^^^^\nKeyError: 'validation_patterns'\n\n======================================================================\nERROR: test_rule_count_scalability (test_performance.TestScalability.test_rule_count_scalability)\nTest that validation scales with rule count.\n----------------------------------------------------------------------\nTraceback (most recent call last):\n  File \"D:\\Projects\\ZeroUI2.0\\tests\\test_performance.py\", line 426, in test_rule_count_scalability\n    result = self.validator.validate_file(str(test_file))\n             ^^^^^^^^^^^^^^^^^^^^^^^^^^^^^^^^^^^^^^^^^^^^\n  File \"D:\\Projects\\ZeroUI2.0\\validator\\core.py\", line 160, in validate_file\n    violations.extend(self._normalize_rule_ids(self._check_performance_rules(tree, file_path, content)))\n                                               ^^^^^^^^^^^^^^^^^^^^^^^^^^^^^^^^^^^^^^^^^^^^^^^^^^^^^^^\n  File \"D:\\Projects\\ZeroUI2.0\\validator\\core.py\", line 241, in _check_performance_rules\n    patterns = self.config[\"validation_patterns\"][\"performance\"][\"patterns\"]\n               ~~~~~~~~~~~^^^^^^^^^^^^^^^^^^^^^^^\nKeyError: 'validation_patterns'\n\n----------------------------------------------------------------------\nRan 2 tests in 0.261s\n\nFAILED (errors=2)\n"
      }
    }
  },
  "metrics": {
    "summary": {
      "total_tests": 17,
      "passed_tests": 8,
      "failed_tests": 9,
      "skipped_tests": 0,
      "success_rate": 47.05882352941176,
      "execution_time": 12.893080949783325,
      "memory_usage_mb": 30.6875
    },
    "test_results": [
      {
        "test_name": "constitution_rules_TestConstitutionRulesBase",
        "result": "passed",
        "execution_time": 0.0010066032409667969,
        "memory_usage": 4096,
        "timestamp": 1761275708.7024055
      },
      {
        "test_name": "rule_validation_TestBasicWorkRules",
        "result": "passed",
        "execution_time": 0.0016050338745117188,
        "memory_usage": 28672,
        "timestamp": 1761275708.7040105
      },
      {
        "test_name": "rule_validation_TestSystemDesignRules",
        "result": "passed",
        "execution_time": 0.002991914749145508,
        "memory_usage": 0,
        "timestamp": 1761275708.7070024
      },
      {
        "test_name": "rule_validation_TestTeamworkRules",
        "result": "failed",
        "execution_time": 0.0017402172088623047,
        "memory_usage": 212992,
        "timestamp": 1761275708.7087426
      },
      {
        "test_name": "rule_validation_TestCodingStandardsRules",
        "result": "failed",
        "execution_time": 0.0019164085388183594,
        "memory_usage": 4096,
        "timestamp": 1761275708.710659
      },
      {
        "test_name": "rule_validation_TestRuleIntegration",
        "result": "passed",
        "execution_time": 0.007114410400390625,
        "memory_usage": -12288,
        "timestamp": 1761275708.7190118
      },
      {
        "test_name": "rule_implementations_TestBasicWorkRuleImplementations",
        "result": "failed",
        "execution_time": 0.007093906402587891,
        "memory_usage": 593920,
        "timestamp": 1761275708.7261057
      },
      {
        "test_name": "rule_implementations_TestSystemDesignRuleImplementations",
        "result": "passed",
        "execution_time": 0.006124258041381836,
        "memory_usage": 434176,
        "timestamp": 1761275708.73223
      },
      {
        "test_name": "rule_implementations_TestTeamworkRuleImplementations",
        "result": "passed",
        "execution_time": 0.008366584777832031,
        "memory_usage": 479232,
        "timestamp": 1761275708.7405965
      },
      {
        "test_name": "rule_implementations_TestCodingStandardsRuleImplementations",
        "result": "passed",
        "execution_time": 0.006829500198364258,
        "memory_usage": 491520,
        "timestamp": 1761275708.747426
      },
      {
        "test_name": "rule_implementations_TestRuleEdgeCases",
        "result": "failed",
        "execution_time": 0.008401632308959961,
        "memory_usage": 512000,
        "timestamp": 1761275708.7558277
      },
      {
        "test_name": "rule_implementations_TestRuleIntegration",
        "result": "passed",
        "execution_time": 0.004302024841308594,
        "memory_usage": 495616,
        "timestamp": 1761275708.7616282
      },
      {
        "test_name": "performance_TestValidationPerformance",
        "result": "failed",
        "execution_time": 8.88241720199585,
        "memory_usage": 9908224,
        "timestamp": 1761275717.6440454
      },
      {
        "test_name": "performance_TestMemoryUsage",
        "result": "failed",
        "execution_time": 1.3282170295715332,
        "memory_usage": 602112,
        "timestamp": 1761275718.9722624
      },
      {
        "test_name": "performance_TestConcurrentValidation",
        "result": "failed",
        "execution_time": 1.74448561668396,
        "memory_usage": 28741632,
        "timestamp": 1761275720.716748
      },
      {
        "test_name": "performance_TestStressValidation",
        "result": "failed",
        "execution_time": 0.6160147190093994,
        "memory_usage": -10772480,
        "timestamp": 1761275721.3337684
      },
      {
        "test_name": "performance_TestScalability",
        "result": "failed",
        "execution_time": 0.2607114315032959,
        "memory_usage": 417792,
        "timestamp": 1761275721.5944798
      }
    ],
    "performance_metrics": {
      "average_test_time": 0.7581963819615981,
      "slowest_test": {
        "test_name": "performance_TestValidationPerformance",
        "result": "failed",
        "execution_time": 8.88241720199585,
        "memory_usage": 9908224,
        "timestamp": 1761275717.6440454
      },
      "fastest_test": {
        "test_name": "constitution_rules_TestConstitutionRulesBase",
        "result": "passed",
        "execution_time": 0.0010066032409667969,
        "memory_usage": 4096,
        "timestamp": 1761275708.7024055
      }
    }
  }
}