TN:
SF:src\edge-agent\shared\storage\DataCategoryClassifier.ts
FN:23,(anonymous_0)
FN:26,(anonymous_1)
FN:48,(anonymous_2)
FNF:3
FNH:3
FNDA:33,(anonymous_0)
FNDA:38,(anonymous_1)
FNDA:3,(anonymous_2)
DA:23,4
DA:24,33
DA:27,38
DA:28,1
DA:31,37
DA:33,37
DA:34,3
DA:37,34
DA:38,2
DA:41,32
DA:42,1
DA:45,31
DA:49,3
LF:13
LH:13
BRDA:27,0,0,1
BRDA:33,1,0,3
BRDA:33,2,0,37
BRDA:33,2,1,3
BRDA:37,3,0,2
BRDA:37,4,0,34
BRDA:37,4,1,33
BRDA:41,5,0,1
BRF:8
BRH:8
end_of_record
TN:
SF:src\edge-agent\shared\storage\PolicyStorageService.ts
FN:48,(anonymous_9)
FN:62,(anonymous_10)
FN:94,(anonymous_11)
FN:126,(anonymous_12)
FN:147,(anonymous_13)
FN:170,(anonymous_14)
FN:213,(anonymous_15)
FN:250,(anonymous_16)
FN:251,(anonymous_17)
FN:252,(anonymous_18)
FN:265,(anonymous_19)
FN:284,(anonymous_20)
FN:303,(anonymous_21)
FN:324,(anonymous_22)
FN:349,(anonymous_23)
FN:360,(anonymous_24)
FN:366,(anonymous_25)
FN:370,(anonymous_26)
FNF:18
FNH:18
FNDA:70,(anonymous_9)
FNDA:48,(anonymous_10)
FNDA:54,(anonymous_11)
FNDA:86,(anonymous_12)
FNDA:42,(anonymous_13)
FNDA:60,(anonymous_14)
FNDA:46,(anonymous_15)
FNDA:88,(anonymous_16)
FNDA:88,(anonymous_17)
FNDA:88,(anonymous_18)
FNDA:100,(anonymous_19)
FNDA:100,(anonymous_20)
FNDA:99,(anonymous_21)
FNDA:97,(anonymous_22)
FNDA:70,(anonymous_23)
FNDA:757,(anonymous_24)
FNDA:10,(anonymous_25)
FNDA:650,(anonymous_26)
DA:18,5
DA:19,5
DA:20,5
DA:21,5
DA:44,5
DA:49,70
DA:50,70
DA:51,70
DA:64,48
DA:67,46
DA:69,46
DA:75,46
DA:78,46
DA:81,44
DA:82,44
DA:84,44
DA:95,54
DA:97,54
DA:102,54
DA:103,2
DA:106,52
DA:107,52
DA:109,52
DA:110,1
DA:114,51
DA:116,51
DA:127,86
DA:129,86
DA:131,86
DA:132,33
DA:135,53
DA:136,53
DA:138,53
DA:148,42
DA:150,42
DA:152,42
DA:154,42
DA:160,42
DA:174,60
DA:175,60
DA:177,60
DA:178,83
DA:179,83
DA:180,51
DA:181,51
DA:183,50
DA:184,50
DA:190,60
DA:191,31
DA:199,29
DA:200,29
DA:204,29
DA:214,46
DA:217,46
DA:227,46
DA:228,312
DA:229,2
DA:234,44
DA:240,44
DA:241,132
DA:242,0
DA:251,88
DA:252,88
DA:253,88
DA:254,0
DA:256,88
DA:266,100
DA:267,100
DA:268,0
DA:270,100
DA:271,100
DA:272,0
DA:274,100
DA:275,0
DA:277,100
DA:285,100
DA:286,100
DA:287,0
DA:289,100
DA:290,100
DA:291,0
DA:293,100
DA:294,0
DA:296,100
DA:304,99
DA:305,2
DA:308,97
DA:309,97
DA:310,97
DA:312,97
DA:313,97
DA:314,0
DA:316,97
DA:318,97
DA:319,97
DA:320,0
DA:325,97
DA:326,97
DA:330,0
DA:333,0
DA:335,0
DA:336,0
DA:337,0
DA:340,0
DA:341,0
DA:342,0
DA:343,0
DA:346,0
DA:350,70
DA:351,32
DA:353,38
DA:354,38
DA:361,757
DA:362,557
DA:365,200
DA:366,10
DA:369,194
DA:370,194
DA:371,650
DA:372,650
DA:375,194
LF:121
LH:101
BRDA:48,0,0,0
BRDA:50,1,0,70
BRDA:102,2,0,2
BRDA:109,3,0,1
BRDA:109,4,0,52
BRDA:109,4,1,51
BRDA:131,5,0,33
BRDA:138,6,0,53
BRDA:138,6,1,0
BRDA:170,7,0,2
BRDA:179,8,0,51
BRDA:181,9,0,50
BRDA:190,10,0,31
BRDA:228,11,0,2
BRDA:241,12,0,0
BRDA:253,13,0,0
BRDA:253,13,1,88
BRDA:267,14,0,0
BRDA:271,15,0,0
BRDA:274,16,0,0
BRDA:274,17,0,100
BRDA:274,17,1,100
BRDA:274,17,2,100
BRDA:286,18,0,0
BRDA:290,19,0,0
BRDA:293,20,0,0
BRDA:293,21,0,100
BRDA:293,21,1,100
BRDA:293,21,2,100
BRDA:304,22,0,2
BRDA:304,23,0,99
BRDA:304,23,1,97
BRDA:313,24,0,0
BRDA:313,25,0,97
BRDA:313,25,1,97
BRDA:319,26,0,0
BRDA:325,27,0,97
BRDA:330,28,0,0
BRDA:330,28,1,0
BRDA:330,28,2,0
BRDA:335,29,0,0
BRDA:340,30,0,0
BRDA:350,31,0,32
BRDA:351,32,0,32
BRDA:351,32,1,0
BRDA:361,33,0,557
BRDA:361,34,0,757
BRDA:361,34,1,757
BRDA:365,35,0,6
BRF:49
BRH:31
end_of_record
TN:
SF:src\edge-agent\shared\storage\ReceiptGenerator.ts
FN:32,(anonymous_9)
FN:69,(anonymous_10)
FN:155,(anonymous_11)
FN:191,(anonymous_12)
FN:216,(anonymous_13)
FN:222,(anonymous_14)
FN:231,(anonymous_15)
FN:239,(anonymous_16)
FN:246,(anonymous_17)
FN:250,(anonymous_18)
FN:268,(anonymous_19)
FNF:11
FNH:11
FNDA:122,(anonymous_9)
FNDA:124,(anonymous_10)
FNDA:15,(anonymous_11)
FNDA:139,(anonymous_12)
FNDA:2538,(anonymous_13)
FNDA:124,(anonymous_14)
FNDA:2275,(anonymous_15)
FNDA:139,(anonymous_16)
FNDA:1,(anonymous_17)
FNDA:4,(anonymous_18)
FNDA:3,(anonymous_19)
DA:14,7
DA:15,7
DA:16,7
DA:28,7
DA:34,122
DA:38,122
DA:39,1
DA:44,121
DA:45,121
DA:107,124
DA:108,124
DA:110,124
DA:113,124
DA:129,124
DA:130,9
DA:132,124
DA:133,4
DA:135,124
DA:136,37
DA:139,124
DA:165,15
DA:166,15
DA:169,15
DA:179,15
DA:192,139
DA:193,139
DA:194,139
DA:217,2538
DA:218,1602
DA:221,936
DA:222,389
DA:225,547
DA:226,547
DA:227,547
DA:228,2275
DA:231,547
DA:232,2275
DA:233,2275
DA:236,547
DA:240,139
DA:241,139
DA:242,139
DA:243,139
DA:247,1
DA:251,4
DA:252,4
DA:253,2
DA:256,2
DA:257,2
DA:258,1
DA:259,1
DA:261,0
DA:265,1
DA:269,3
DA:270,3
DA:272,0
LF:56
LH:54
BRDA:32,0,0,0
BRDA:34,1,0,122
BRDA:34,1,1,5
BRDA:34,1,2,4
BRDA:35,2,0,1
BRDA:35,2,1,4
BRDA:38,3,0,1
BRDA:46,4,0,121
BRDA:46,4,1,3
BRDA:46,4,2,3
BRDA:46,4,3,1
BRDA:90,5,0,17
BRDA:91,6,0,49
BRDA:107,7,0,11
BRDA:107,7,1,113
BRDA:110,8,0,1
BRDA:110,8,1,123
BRDA:129,9,0,9
BRDA:132,10,0,4
BRDA:135,11,0,37
BRDA:217,12,0,1602
BRDA:217,13,0,2538
BRDA:217,13,1,2538
BRDA:221,14,0,389
BRDA:252,15,0,2
BRDA:252,16,0,4
BRDA:252,16,1,2
BRDA:257,17,0,1
BRDA:269,18,0,3
BRF:29
BRH:28
end_of_record
TN:
SF:src\edge-agent\shared\storage\ReceiptStorageService.ts
FN:30,(anonymous_9)
FN:44,(anonymous_10)
FN:84,(anonymous_11)
FN:124,(anonymous_12)
FN:142,(anonymous_13)
FN:153,(anonymous_14)
FN:177,(anonymous_15)
FN:214,(anonymous_16)
FN:215,(anonymous_17)
FN:216,(anonymous_18)
FN:229,(anonymous_19)
FN:255,(anonymous_20)
FN:279,(anonymous_21)
FN:289,(anonymous_22)
FN:295,(anonymous_23)
FN:299,(anonymous_24)
FNF:16
FNH:16
FNDA:75,(anonymous_9)
FNDA:77,(anonymous_10)
FNDA:1,(anonymous_11)
FNDA:10,(anonymous_12)
FNDA:23,(anonymous_13)
FNDA:71,(anonymous_14)
FNDA:76,(anonymous_15)
FNDA:78,(anonymous_16)
FNDA:78,(anonymous_17)
FNDA:78,(anonymous_18)
FNDA:78,(anonymous_19)
FNDA:76,(anonymous_20)
FNDA:75,(anonymous_21)
FNDA:1498,(anonymous_22)
FNDA:104,(anonymous_23)
FNDA:1318,(anonymous_24)
DA:16,5
DA:18,5
DA:19,5
DA:26,5
DA:31,75
DA:32,75
DA:33,75
DA:49,77
DA:50,77
DA:51,77
DA:54,77
DA:56,77
DA:59,77
DA:62,77
DA:65,75
DA:69,70
DA:72,70
DA:74,70
DA:89,1
DA:90,1
DA:91,1
DA:94,1
DA:96,1
DA:99,1
DA:102,1
DA:105,1
DA:108,1
DA:111,1
DA:113,1
DA:129,10
DA:131,10
DA:134,10
DA:135,1
DA:139,9
DA:142,23
DA:144,9
DA:154,71
DA:155,71
DA:156,59
DA:158,12
DA:159,12
DA:160,0
DA:164,71
DA:165,71
DA:166,71
DA:167,71
DA:168,71
DA:170,71
DA:178,76
DA:181,76
DA:191,76
DA:192,519
DA:193,3
DA:198,73
DA:204,73
DA:205,217
DA:206,2
DA:215,78
DA:216,78
DA:217,78
DA:218,0
DA:220,78
DA:230,78
DA:231,2
DA:234,76
DA:235,76
DA:236,76
DA:238,76
DA:239,76
DA:240,0
DA:242,76
DA:244,76
DA:245,76
DA:248,7
DA:249,0
DA:251,7
DA:256,76
DA:257,76
DA:261,0
DA:263,0
DA:265,0
DA:266,0
DA:267,0
DA:270,0
DA:271,0
DA:272,0
DA:273,0
DA:276,0
DA:280,75
DA:281,32
DA:283,43
DA:290,1498
DA:291,960
DA:294,538
DA:295,227
DA:298,311
DA:299,311
DA:300,1318
DA:301,1318
DA:304,311
LF:100
LH:86
BRDA:30,0,0,0
BRDA:32,1,0,75
BRDA:134,2,0,1
BRDA:159,3,0,0
BRDA:192,4,0,3
BRDA:205,5,0,2
BRDA:217,6,0,0
BRDA:217,6,1,78
BRDA:230,7,0,2
BRDA:230,8,0,78
BRDA:230,8,1,76
BRDA:239,9,0,0
BRDA:239,10,0,76
BRDA:239,10,1,76
BRDA:245,11,0,7
BRDA:248,12,0,0
BRDA:256,13,0,76
BRDA:261,14,0,0
BRDA:261,14,1,0
BRDA:265,15,0,0
BRDA:270,16,0,0
BRDA:280,17,0,32
BRDA:281,18,0,32
BRDA:281,18,1,0
BRDA:290,19,0,960
BRDA:290,20,0,1498
BRDA:290,20,1,1498
BRDA:294,21,0,227
BRF:28
BRH:18
end_of_record
TN:
SF:src\edge-agent\shared\storage\StoragePathResolver.ts
FN:10,(anonymous_0)
FNF:1
FNH:1
FNDA:179,(anonymous_0)
DA:1,8
DA:9,8
DA:11,179
LF:3
LH:3
BRDA:11,0,0,179
BRDA:11,0,1,2
BRDA:11,0,2,1
BRF:3
BRH:3
end_of_record
TN:
SF:src\vscode-extension\shared\storage\BaseStoragePathResolver.ts
FN:12,(anonymous_0)
FN:23,(anonymous_1)
FN:30,(anonymous_2)
FN:37,(anonymous_3)
FN:44,(anonymous_4)
FN:51,(anonymous_5)
FN:58,(anonymous_6)
FN:77,(anonymous_7)
FN:90,(anonymous_8)
FN:104,(anonymous_9)
FN:118,(anonymous_10)
FN:123,(anonymous_11)
FN:129,(anonymous_12)
FNF:13
FNH:10
FNDA:156,(anonymous_0)
FNDA:62,(anonymous_1)
FNDA:133,(anonymous_2)
FNDA:0,(anonymous_3)
FNDA:0,(anonymous_4)
FNDA:0,(anonymous_5)
FNDA:91,(anonymous_6)
FNDA:6,(anonymous_7)
FNDA:133,(anonymous_8)
FNDA:541,(anonymous_9)
FNDA:672,(anonymous_10)
FNDA:672,(anonymous_11)
FNDA:289,(anonymous_12)
DA:9,17
DA:13,156
DA:14,0
DA:17,156
DA:24,62
DA:31,133
DA:38,0
DA:45,0
DA:52,0
DA:59,91
DA:61,90
DA:62,2
DA:65,88
DA:66,2
DA:69,86
DA:70,86
DA:71,86
DA:78,6
DA:79,6
DA:80,6
DA:83,0
DA:84,0
DA:92,133
DA:93,0
DA:97,133
DA:98,133
DA:99,0
DA:102,133
DA:104,541
DA:105,133
DA:107,420
DA:108,0
DA:110,420
DA:113,133
DA:114,133
DA:115,133
DA:119,672
DA:120,672
DA:124,672
DA:125,1
DA:130,289
DA:131,0
DA:136,289
DA:139,289
DA:141,0
DA:142,0
DA:143,0
DA:144,0
DA:145,0
DA:146,0
DA:151,289
DA:152,289
DA:155,289
DA:156,0
DA:159,289
LF:55
LH:38
BRDA:13,0,0,0
BRDA:61,1,0,2
BRDA:61,2,0,90
BRDA:61,2,1,89
BRDA:65,3,0,2
BRDA:65,4,0,88
BRDA:65,4,1,87
BRDA:77,5,0,6
BRDA:78,6,0,6
BRDA:79,7,0,0
BRDA:79,7,1,6
BRDA:83,8,0,0
BRDA:83,8,1,0
BRDA:92,9,0,0
BRDA:92,10,0,133
BRDA:92,10,1,133
BRDA:98,11,0,0
BRDA:107,12,0,0
BRDA:107,13,0,420
BRDA:107,13,1,420
BRDA:107,13,2,420
BRDA:107,13,3,420
BRDA:124,14,0,1
BRDA:130,15,0,0
BRDA:130,16,0,289
BRDA:130,16,1,289
BRDA:139,17,0,0
BRDA:142,18,0,0
BRDA:144,19,0,0
BRDA:144,19,1,0
BRDA:155,20,0,0
BRDA:155,21,0,289
BRDA:155,21,1,289
BRF:33
BRH:20
end_of_record
TN:
SF:src\vscode-extension\shared\storage\BuildSandbox.ts
FN:16,(anonymous_9)
FN:18,(anonymous_10)
FN:29,(anonymous_11)
FN:43,(anonymous_12)
FN:44,(anonymous_13)
FN:50,(anonymous_14)
FN:71,(anonymous_15)
FN:83,(anonymous_16)
FN:94,(anonymous_17)
FN:95,(anonymous_18)
FN:103,(anonymous_19)
FN:108,(anonymous_20)
FNF:12
FNH:12
FNDA:19,(anonymous_9)
FNDA:22,(anonymous_10)
FNDA:22,(anonymous_11)
FNDA:23,(anonymous_12)
FNDA:39,(anonymous_13)
FNDA:66,(anonymous_14)
FNDA:36,(anonymous_15)
FNDA:22,(anonymous_16)
FNDA:22,(anonymous_17)
FNDA:37,(anonymous_18)
FNDA:35,(anonymous_19)
FNDA:35,(anonymous_20)
DA:1,5
DA:2,5
DA:3,5
DA:15,5
DA:16,19
DA:19,22
DA:20,22
DA:21,22
DA:23,22
DA:30,22
DA:31,22
DA:33,22
DA:34,36
DA:35,36
DA:36,70
DA:37,39
DA:42,22
DA:43,23
DA:44,39
DA:51,66
DA:52,0
DA:55,66
DA:56,66
DA:58,66
DA:59,83
DA:60,83
DA:61,83
DA:62,44
DA:64,39
DA:68,66
DA:72,36
DA:73,36
DA:74,36
DA:80,36
DA:84,22
DA:85,22
DA:86,39
DA:87,39
DA:88,39
DA:89,39
DA:91,22
DA:95,37
DA:96,22
DA:97,2
DA:98,2
DA:99,2
DA:102,20
DA:103,35
DA:105,20
DA:109,35
LF:50
LH:49
BRDA:36,0,0,39
BRDA:50,1,0,22
BRDA:51,2,0,0
BRDA:61,3,0,44
BRDA:61,3,1,39
BRDA:96,4,0,2
BRF:6
BRH:5
end_of_record
TN:
SF:src\vscode-extension\shared\storage\CanonicalJson.ts
FN:1,(anonymous_0)
FN:7,(anonymous_1)
FN:12,(anonymous_2)
FNF:3
FNH:3
FNDA:2170,(anonymous_0)
FNDA:100,(anonymous_1)
FNDA:1960,(anonymous_2)
DA:1,8
DA:2,2170
DA:3,1371
DA:6,799
DA:7,342
DA:10,457
DA:12,1960
DA:14,457
LF:8
LH:8
BRDA:2,0,0,1371
BRDA:2,1,0,2170
BRDA:2,1,1,2170
BRDA:6,2,0,342
BRF:4
BRH:4
end_of_record
TN:
SF:src\vscode-extension\shared\storage\PSCLArtifactWriter.ts
FN:39,(anonymous_9)
FN:47,(anonymous_10)
FN:73,(anonymous_11)
FN:96,(anonymous_12)
FN:99,(anonymous_13)
FN:106,(anonymous_14)
FN:141,(anonymous_15)
FN:150,(anonymous_16)
FN:166,(anonymous_17)
FN:182,(anonymous_18)
FNF:10
FNH:10
FNDA:4,(anonymous_9)
FNDA:4,(anonymous_10)
FNDA:4,(anonymous_11)
FNDA:3,(anonymous_12)
FNDA:2,(anonymous_13)
FNDA:5,(anonymous_14)
FNDA:4,(anonymous_15)
FNDA:4,(anonymous_16)
FNDA:4,(anonymous_17)
FNDA:8,(anonymous_18)
DA:1,2
DA:2,2
DA:3,2
DA:4,2
DA:5,2
DA:6,2
DA:29,2
DA:30,2
DA:31,2
DA:33,2
DA:39,4
DA:40,4
DA:41,4
DA:42,4
DA:43,4
DA:48,4
DA:49,4
DA:50,4
DA:52,4
DA:56,4
DA:57,4
DA:59,4
DA:60,4
DA:62,4
DA:63,4
DA:65,4
DA:74,4
DA:75,4
DA:76,4
DA:78,4
DA:79,7
DA:80,7
DA:81,0
DA:84,7
DA:89,7
DA:96,4
DA:100,2
DA:101,2
DA:106,5
DA:107,2
DA:108,2
DA:109,5
DA:110,1
DA:112,4
DA:113,1
DA:115,3
DA:116,3
DA:117,3
DA:119,3
DA:120,0
DA:123,3
DA:124,3
DA:125,0
DA:128,3
DA:132,3
DA:135,2
DA:137,0
DA:142,4
DA:151,4
DA:152,4
DA:167,4
DA:168,4
DA:173,4
DA:177,4
DA:179,4
DA:183,8
DA:184,8
DA:185,8
DA:186,8
DA:187,8
DA:188,8
LF:71
LH:67
BRDA:39,0,0,0
BRDA:40,1,0,4
BRDA:40,1,1,0
BRDA:40,2,0,4
BRDA:40,2,1,0
BRDA:41,3,0,4
BRDA:41,3,1,0
BRDA:44,4,0,4
BRDA:44,4,1,0
BRDA:80,5,0,0
BRDA:80,6,0,7
BRDA:80,6,1,7
BRDA:109,7,0,1
BRDA:112,8,0,1
BRDA:119,9,0,0
BRDA:119,10,0,3
BRDA:119,10,1,2
BRDA:124,11,0,0
BRDA:124,12,0,3
BRDA:124,12,1,3
BRDA:128,13,0,0
BRDA:128,13,1,3
BRF:22
BRH:13
end_of_record
TN:
SF:src\vscode-extension\shared\storage\PlanExecutionAgent.ts
FN:29,(anonymous_9)
FN:35,(anonymous_10)
FN:47,(anonymous_11)
FN:59,(anonymous_12)
FN:83,(anonymous_13)
FN:98,(anonymous_14)
FN:146,(anonymous_15)
FN:150,(anonymous_16)
FN:154,(anonymous_17)
FN:161,(anonymous_18)
FN:172,(anonymous_19)
FN:179,(anonymous_20)
FN:189,(anonymous_21)
FN:202,(anonymous_22)
FN:215,(anonymous_23)
FN:216,(anonymous_24)
FN:249,(anonymous_25)
FNF:17
FNH:16
FNDA:8,(anonymous_9)
FNDA:16,(anonymous_10)
FNDA:4,(anonymous_11)
FNDA:8,(anonymous_12)
FNDA:8,(anonymous_13)
FNDA:8,(anonymous_14)
FNDA:8,(anonymous_15)
FNDA:6,(anonymous_16)
FNDA:0,(anonymous_17)
FNDA:8,(anonymous_18)
FNDA:8,(anonymous_19)
FNDA:8,(anonymous_20)
FNDA:6,(anonymous_21)
FNDA:2,(anonymous_22)
FNDA:6,(anonymous_23)
FNDA:2,(anonymous_24)
FNDA:4,(anonymous_25)
DA:1,3
DA:2,3
DA:3,3
DA:4,3
DA:5,3
DA:6,3
DA:7,3
DA:8,3
DA:29,3
DA:30,8
DA:35,3
DA:36,16
DA:47,3
DA:48,4
DA:49,4
DA:50,4
DA:51,4
DA:56,0
DA:59,3
DA:60,8
DA:61,0
DA:64,8
DA:66,2
DA:68,1
DA:70,1
DA:72,4
DA:76,3
DA:83,8
DA:84,8
DA:86,8
DA:89,8
DA:90,8
DA:91,8
DA:92,0
DA:94,8
DA:95,8
DA:99,8
DA:106,8
DA:107,8
DA:108,8
DA:109,8
DA:111,8
DA:112,0
DA:115,8
DA:116,8
DA:120,8
DA:122,8
DA:124,1
DA:130,8
DA:132,0
DA:138,8
DA:147,8
DA:148,2
DA:150,6
DA:151,6
DA:152,6
DA:154,0
DA:155,0
DA:156,0
DA:158,0
DA:162,8
DA:163,0
DA:165,8
DA:166,4
DA:168,4
DA:169,4
DA:173,8
DA:174,0
DA:176,8
DA:185,8
DA:187,8
DA:189,6
DA:191,8
DA:192,8
DA:193,8
DA:194,8
DA:195,8
DA:196,8
DA:198,8
DA:202,8
DA:203,2
DA:204,2
DA:205,1
DA:207,1
DA:208,1
DA:209,0
DA:211,1
DA:214,8
DA:215,6
DA:216,2
DA:221,8
DA:223,8
DA:224,8
DA:226,8
DA:231,8
DA:232,8
DA:235,8
DA:236,5
DA:239,8
DA:240,1
DA:247,8
DA:248,8
DA:249,8
DA:250,4
DA:251,4
DA:252,0
DA:254,4
DA:255,4
DA:256,4
DA:257,4
DA:259,0
DA:263,8
DA:264,8
DA:266,8
DA:269,8
DA:270,8
DA:271,8
DA:272,8
DA:282,8
DA:287,8
DA:288,8
DA:298,8
DA:299,8
DA:302,8
DA:303,8
DA:306,8
DA:307,2
DA:310,8
DA:313,8
DA:314,8
DA:315,0
DA:318,8
DA:334,8
DA:335,8
DA:337,8
LF:135
LH:120
BRDA:30,0,0,8
BRDA:30,0,1,0
BRDA:36,1,0,16
BRDA:36,1,1,16
BRDA:36,1,2,16
BRDA:50,2,0,4
BRDA:50,3,0,4
BRDA:50,3,1,4
BRDA:60,4,0,0
BRDA:64,5,0,2
BRDA:64,5,1,1
BRDA:64,5,2,1
BRDA:64,5,3,4
BRDA:84,6,0,8
BRDA:84,6,1,0
BRDA:86,7,0,8
BRDA:86,7,1,0
BRDA:86,8,0,8
BRDA:86,8,1,8
BRDA:88,9,0,0
BRDA:88,9,1,0
BRDA:90,10,0,8
BRDA:90,10,1,0
BRDA:90,10,2,0
BRDA:91,11,0,0
BRDA:94,12,0,8
BRDA:94,12,1,8
BRDA:95,13,0,8
BRDA:95,13,1,8
BRDA:111,14,0,0
BRDA:111,15,0,8
BRDA:111,15,1,8
BRDA:115,16,0,8
BRDA:115,16,1,0
BRDA:122,17,0,1
BRDA:122,18,0,8
BRDA:122,18,1,6
BRDA:130,19,0,0
BRDA:130,20,0,8
BRDA:130,20,1,6
BRDA:147,21,0,2
BRDA:150,22,0,6
BRDA:150,22,1,4
BRDA:151,23,0,6
BRDA:154,24,0,0
BRDA:154,24,1,0
BRDA:155,25,0,0
BRDA:162,26,0,0
BRDA:165,27,0,4
BRDA:173,28,0,0
BRDA:187,29,0,2
BRDA:187,29,1,6
BRDA:191,30,0,8
BRDA:191,30,1,0
BRDA:192,31,0,8
BRDA:192,31,1,0
BRDA:193,32,0,8
BRDA:193,32,1,0
BRDA:194,33,0,8
BRDA:194,33,1,0
BRDA:195,34,0,8
BRDA:195,34,1,0
BRDA:196,35,0,8
BRDA:196,35,1,0
BRDA:198,36,0,8
BRDA:198,36,1,0
BRDA:198,37,0,8
BRDA:198,37,1,8
BRDA:204,38,0,1
BRDA:208,39,0,0
BRDA:215,40,0,6
BRDA:215,40,1,4
BRDA:223,41,0,8
BRDA:223,41,1,0
BRDA:224,42,0,5
BRDA:224,42,1,3
BRDA:226,43,0,8
BRDA:226,43,1,7
BRDA:226,43,2,7
BRDA:226,43,3,7
BRDA:226,43,4,7
BRDA:226,43,5,7
BRDA:228,44,0,0
BRDA:228,44,1,7
BRDA:229,45,0,0
BRDA:229,45,1,7
BRDA:231,46,0,8
BRDA:231,47,0,8
BRDA:231,47,1,8
BRDA:235,48,0,5
BRDA:235,49,0,8
BRDA:235,49,1,5
BRDA:239,50,0,1
BRDA:247,51,0,8
BRDA:249,52,0,8
BRDA:249,52,1,4
BRDA:251,53,0,0
BRDA:263,54,0,8
BRDA:270,55,0,8
BRDA:270,55,1,0
BRDA:270,56,0,0
BRDA:270,56,1,0
BRDA:298,57,0,8
BRDA:302,58,0,8
BRDA:306,59,0,2
BRDA:314,60,0,0
BRDA:314,61,0,8
BRDA:314,61,1,0
BRF:108
BRH:74
end_of_record
TN:
SF:src\vscode-extension\shared\storage\PlanVerifier.ts
FN:69,(anonymous_9)
FN:79,(anonymous_10)
FN:123,(anonymous_11)
FN:142,(anonymous_12)
FN:167,(anonymous_13)
FN:195,(anonymous_14)
FN:199,(anonymous_15)
FN:203,(anonymous_16)
FNF:8
FNH:7
FNDA:13,(anonymous_9)
FNDA:13,(anonymous_10)
FNDA:26,(anonymous_11)
FNDA:12,(anonymous_12)
FNDA:12,(anonymous_13)
FNDA:10,(anonymous_14)
FNDA:10,(anonymous_15)
FNDA:0,(anonymous_16)
DA:1,5
DA:2,5
DA:3,5
DA:4,5
DA:5,5
DA:58,5
DA:65,13
DA:66,13
DA:67,13
DA:69,13
DA:70,13
DA:71,13
DA:72,13
DA:73,13
DA:75,13
DA:76,13
DA:80,13
DA:81,13
DA:84,13
DA:85,13
DA:87,13
DA:88,13
DA:90,13
DA:96,13
DA:97,1
DA:99,13
DA:101,13
DA:107,13
DA:108,1
DA:110,13
DA:112,13
DA:113,12
DA:114,12
DA:117,13
DA:124,26
DA:125,2
DA:128,24
DA:129,24
DA:130,24
DA:132,0
DA:143,12
DA:144,18
DA:145,18
DA:146,0
DA:150,0
DA:153,18
DA:158,18
DA:159,3
DA:168,12
DA:169,0
DA:175,12
DA:176,12
DA:177,4
DA:181,4
DA:182,4
DA:185,8
DA:186,0
DA:192,8
DA:196,10
DA:200,10
DA:204,0
LF:61
LH:55
BRDA:69,0,0,0
BRDA:70,1,0,13
BRDA:70,1,1,0
BRDA:70,2,0,13
BRDA:70,2,1,0
BRDA:71,3,0,13
BRDA:71,3,1,0
BRDA:74,4,0,13
BRDA:74,4,1,6
BRDA:75,5,0,13
BRDA:75,5,1,13
BRDA:76,6,0,13
BRDA:76,6,1,13
BRDA:96,7,0,1
BRDA:99,8,0,13
BRDA:99,8,1,1
BRDA:107,9,0,1
BRDA:110,10,0,13
BRDA:110,10,1,1
BRDA:112,11,0,12
BRDA:112,12,0,13
BRDA:112,12,1,12
BRDA:113,13,0,12
BRDA:113,13,1,0
BRDA:124,14,0,2
BRDA:145,15,0,0
BRDA:145,16,0,18
BRDA:145,16,1,18
BRDA:158,17,0,3
BRDA:168,18,0,0
BRDA:176,19,0,4
BRDA:185,20,0,0
BRF:32
BRH:24
end_of_record
TN:
SF:src\vscode-extension\shared\storage\PolicySnapshotReader.ts
FN:25,(anonymous_9)
FN:31,(anonymous_10)
FN:45,(anonymous_11)
FN:53,(anonymous_12)
FN:95,(anonymous_13)
FN:104,(anonymous_14)
FN:113,(anonymous_15)
FN:139,(anonymous_16)
FNF:8
FNH:8
FNDA:10,(anonymous_9)
FNDA:10,(anonymous_10)
FNDA:10,(anonymous_11)
FNDA:10,(anonymous_12)
FNDA:6,(anonymous_13)
FNDA:7,(anonymous_14)
FNDA:7,(anonymous_15)
FNDA:11,(anonymous_16)
DA:1,7
DA:2,7
DA:3,7
DA:20,7
DA:26,10
DA:27,10
DA:28,10
DA:32,10
DA:33,10
DA:34,4
DA:37,6
DA:38,6
DA:39,1
DA:42,5
DA:46,10
DA:47,10
DA:49,0
DA:54,10
DA:55,0
DA:58,10
DA:59,10
DA:60,10
DA:62,10
DA:63,6
DA:66,4
DA:67,4
DA:68,4
DA:69,1
DA:72,3
DA:75,3
DA:76,0
DA:79,3
DA:80,3
DA:81,0
DA:84,3
DA:86,3
DA:89,3
DA:91,0
DA:96,6
DA:97,6
DA:98,5
DA:100,1
DA:101,1
DA:105,7
DA:106,7
DA:107,7
DA:109,0
DA:114,7
DA:115,0
DA:119,7
DA:122,7
DA:123,4
DA:126,3
DA:128,0
DA:131,0
DA:132,0
DA:136,3
DA:140,11
DA:141,4
DA:142,4
DA:143,4
DA:146,7
LF:62
LH:52
BRDA:26,0,0,10
BRDA:26,0,1,0
BRDA:26,1,0,10
BRDA:26,1,1,10
BRDA:27,2,0,10
BRDA:27,2,1,0
BRDA:27,3,0,10
BRDA:27,3,1,10
BRDA:33,4,0,4
BRDA:38,5,0,1
BRDA:54,6,0,0
BRDA:62,7,0,6
BRDA:68,8,0,1
BRDA:72,9,0,3
BRDA:72,9,1,0
BRDA:75,10,0,0
BRDA:80,11,0,0
BRDA:86,12,0,3
BRDA:86,12,1,0
BRDA:89,13,0,3
BRDA:89,13,1,0
BRDA:97,14,0,5
BRDA:101,15,0,1
BRDA:101,15,1,0
BRDA:114,16,0,0
BRDA:114,17,0,7
BRDA:114,17,1,7
BRDA:119,18,0,7
BRDA:119,18,1,4
BRDA:122,19,0,4
BRDA:126,20,0,0
BRDA:126,21,0,3
BRDA:126,21,1,0
BRDA:128,22,0,0
BRDA:128,22,1,0
BRDA:128,22,2,0
BRDA:131,23,0,0
BRDA:140,24,0,4
BRDA:142,25,0,4
BRF:39
BRH:23
end_of_record
TN:
SF:src\vscode-extension\shared\storage\PreCommitDecisionService.ts
FN:27,(anonymous_9)
FN:33,(anonymous_10)
FN:37,(anonymous_11)
FN:86,(anonymous_12)
FN:92,(anonymous_13)
FN:117,(anonymous_14)
FN:120,(anonymous_15)
FN:134,(anonymous_16)
FN:135,(anonymous_17)
FN:147,(anonymous_18)
FN:157,(anonymous_19)
FN:167,(anonymous_20)
FNF:12
FNH:0
FNDA:0,(anonymous_9)
FNDA:0,(anonymous_10)
FNDA:0,(anonymous_11)
FNDA:0,(anonymous_12)
FNDA:0,(anonymous_13)
FNDA:0,(anonymous_14)
FNDA:0,(anonymous_15)
FNDA:0,(anonymous_16)
FNDA:0,(anonymous_17)
FNDA:0,(anonymous_18)
FNDA:0,(anonymous_19)
FNDA:0,(anonymous_20)
DA:1,0
DA:2,0
DA:26,0
DA:28,0
DA:29,0
DA:30,0
DA:34,0
DA:35,0
DA:36,0
DA:37,0
DA:40,0
DA:41,0
DA:42,0
DA:48,0
DA:50,0
DA:51,0
DA:53,0
DA:57,0
DA:61,0
DA:62,0
DA:64,0
DA:66,0
DA:76,0
DA:77,0
DA:78,0
DA:79,0
DA:87,0
DA:88,0
DA:91,0
DA:93,0
DA:94,0
DA:101,0
DA:102,0
DA:103,0
DA:104,0
DA:106,0
DA:108,0
DA:115,0
DA:117,0
DA:121,0
DA:122,0
DA:123,0
DA:126,0
DA:127,0
DA:128,0
DA:131,0
DA:135,0
DA:136,0
DA:137,0
DA:140,0
DA:144,0
DA:148,0
DA:149,0
DA:151,0
DA:152,0
DA:154,0
DA:158,0
DA:159,0
DA:160,0
DA:162,0
DA:168,0
DA:169,0
DA:170,0
DA:171,0
DA:174,0
LF:65
LH:0
BRDA:37,0,0,0
BRDA:37,0,1,0
BRDA:40,1,0,0
BRDA:53,2,0,0
BRDA:53,2,1,0
BRDA:57,3,0,0
BRDA:57,3,1,0
BRDA:76,4,0,0
BRDA:76,4,1,0
BRDA:87,5,0,0
BRDA:93,6,0,0
BRDA:101,7,0,0
BRDA:101,8,0,0
BRDA:101,8,1,0
BRDA:103,9,0,0
BRDA:103,9,1,0
BRDA:104,10,0,0
BRDA:104,10,1,0
BRDA:106,11,0,0
BRDA:106,11,1,0
BRDA:122,12,0,0
BRDA:127,13,0,0
BRDA:136,14,0,0
BRDA:136,15,0,0
BRDA:136,15,1,0
BRDA:140,16,0,0
BRDA:140,16,1,0
BRDA:148,17,0,0
BRDA:151,18,0,0
BRDA:151,19,0,0
BRDA:151,19,1,0
BRDA:151,19,2,0
BRDA:151,19,3,0
BRDA:159,20,0,0
BRDA:159,20,1,0
BRDA:168,21,0,0
BRDA:168,22,0,0
BRDA:168,22,1,0
BRDA:168,22,2,0
BRDA:170,23,0,0
BRDA:170,24,0,0
BRDA:170,24,1,0
BRDA:170,24,2,0
BRF:43
BRH:0
end_of_record
TN:
SF:src\vscode-extension\shared\storage\ReceiptGenerator.ts
FN:12,(anonymous_9)
FN:14,(anonymous_10)
FN:58,(anonymous_11)
FN:84,(anonymous_12)
FN:90,(anonymous_13)
FNF:5
FNH:4
FNDA:8,(anonymous_9)
FNDA:8,(anonymous_10)
FNDA:0,(anonymous_11)
FNDA:8,(anonymous_12)
FNDA:8,(anonymous_13)
DA:1,3
DA:11,3
DA:12,8
DA:37,8
DA:52,8
DA:68,0
DA:78,0
DA:85,8
DA:86,8
DA:87,8
DA:91,8
DA:92,0
DA:94,8
DA:95,0
DA:97,8
LF:15
LH:11
BRDA:34,0,0,0
BRDA:35,1,0,0
BRDA:91,2,0,0
BRDA:94,3,0,0
BRDA:94,4,0,8
BRDA:94,4,1,8
BRDA:94,4,2,8
BRF:7
BRH:3
end_of_record
TN:
SF:src\vscode-extension\shared\storage\ReceiptSigner.ts
FN:17,(anonymous_9)
FN:22,(anonymous_10)
FNF:2
FNH:2
FNDA:23,(anonymous_9)
FNDA:46,(anonymous_10)
DA:1,7
DA:2,7
DA:13,7
DA:18,23
DA:19,23
DA:23,46
DA:24,46
DA:25,46
LF:8
LH:8
BRF:0
BRH:0
end_of_record
TN:
SF:src\vscode-extension\shared\storage\ReceiptStorageReader.ts
FN:27,(anonymous_9)
FN:40,(anonymous_10)
FN:72,(anonymous_11)
FN:117,(anonymous_12)
FN:164,(anonymous_13)
FN:186,(anonymous_14)
FN:210,(anonymous_15)
FNF:7
FNH:7
FNDA:33,(anonymous_9)
FNDA:59,(anonymous_10)
FNDA:89,(anonymous_11)
FNDA:2,(anonymous_12)
FNDA:3,(anonymous_13)
FNDA:21,(anonymous_14)
FNDA:57,(anonymous_15)
DA:14,3
DA:15,3
DA:16,3
DA:17,3
DA:23,3
DA:28,33
DA:29,33
DA:45,59
DA:47,59
DA:50,59
DA:51,28
DA:56,31
DA:58,31
DA:59,31
DA:60,31
DA:61,0
DA:62,0
DA:65,31
DA:67,1
DA:68,1
DA:72,89
DA:75,30
DA:76,30
DA:77,59
DA:79,59
DA:82,58
DA:83,58
DA:84,58
DA:86,57
DA:87,55
DA:90,0
DA:91,0
DA:92,0
DA:94,0
DA:95,0
DA:101,1
DA:106,30
DA:122,2
DA:126,2
DA:127,2
DA:128,2
DA:129,2
DA:132,2
DA:133,2
DA:135,2
DA:136,3
DA:139,3
DA:140,5
DA:141,5
DA:142,4
DA:147,3
DA:148,3
DA:149,0
DA:150,0
DA:154,2
DA:168,3
DA:171,3
DA:172,3
DA:173,25
DA:174,25
DA:175,25
DA:177,25
DA:178,25
DA:180,25
DA:181,1
DA:186,3
DA:187,21
DA:188,21
DA:189,21
DA:193,3
DA:212,57
DA:213,1
DA:214,1
DA:217,56
DA:218,56
DA:219,0
DA:220,0
DA:223,56
DA:224,56
DA:225,56
DA:226,56
DA:227,1
DA:228,1
DA:230,55
DA:233,0
DA:234,0
DA:235,0
DA:236,0
DA:239,0
DA:240,0
LF:90
LH:73
BRDA:50,0,0,28
BRDA:60,1,0,0
BRDA:82,2,0,58
BRDA:82,2,1,0
BRDA:84,3,0,57
BRDA:86,4,0,55
BRDA:90,5,0,0
BRDA:92,6,0,0
BRDA:94,7,0,0
BRDA:135,8,0,5
BRDA:135,8,1,5
BRDA:135,8,2,5
BRDA:141,9,0,4
BRDA:141,10,0,5
BRDA:141,10,1,5
BRDA:148,11,0,0
BRDA:166,12,0,0
BRDA:180,13,0,1
BRDA:212,14,0,1
BRDA:212,15,0,57
BRDA:212,15,1,56
BRDA:218,16,0,0
BRDA:226,17,0,1
BRDA:234,18,0,0
BRF:24
BRH:15
end_of_record
TN:
SF:src\vscode-extension\shared\storage\ReceiptStorageService.ts
FN:9,(anonymous_9)
FN:13,(anonymous_10)
FN:44,(anonymous_11)
FN:73,(anonymous_12)
FN:82,(anonymous_13)
FN:92,(anonymous_14)
FN:124,(anonymous_15)
FN:125,(anonymous_16)
FN:126,(anonymous_17)
FNF:9
FNH:7
FNDA:14,(anonymous_9)
FNDA:22,(anonymous_10)
FNDA:22,(anonymous_11)
FNDA:0,(anonymous_12)
FNDA:0,(anonymous_13)
FNDA:22,(anonymous_14)
FNDA:22,(anonymous_15)
FNDA:22,(anonymous_16)
FNDA:22,(anonymous_17)
DA:1,7
DA:3,7
DA:6,7
DA:10,14
DA:17,22
DA:18,22
DA:19,22
DA:21,22
DA:22,22
DA:24,22
DA:26,22
DA:27,0
DA:30,22
DA:32,22
DA:33,22
DA:35,22
DA:46,22
DA:47,22
DA:49,22
DA:51,22
DA:54,22
DA:55,22
DA:58,15
DA:61,22
DA:62,22
DA:63,22
DA:64,22
DA:65,22
DA:67,22
DA:70,0
DA:71,0
DA:73,0
DA:74,0
DA:76,0
DA:79,22
DA:80,22
DA:81,22
DA:82,22
DA:93,22
DA:95,22
DA:105,22
DA:106,154
DA:107,0
DA:111,22
DA:117,22
DA:118,66
DA:119,0
DA:125,22
DA:126,22
DA:127,22
DA:128,0
DA:130,22
LF:52
LH:43
BRDA:26,0,0,0
BRDA:26,1,0,22
BRDA:26,1,1,22
BRDA:71,2,0,0
BRDA:71,3,0,0
BRDA:71,3,1,0
BRDA:79,4,0,22
BRDA:106,5,0,0
BRDA:118,6,0,0
BRDA:127,7,0,0
BRDA:127,7,1,22
BRF:11
BRH:4
end_of_record
TN:
SF:src\vscode-extension\shared\storage\ReceiptVerifier.ts
FN:15,(anonymous_9)
FN:21,(anonymous_10)
FN:33,(anonymous_11)
FN:36,(anonymous_12)
FN:62,(anonymous_13)
FN:68,(anonymous_14)
FN:73,(anonymous_15)
FN:83,(anonymous_16)
FN:106,(anonymous_17)
FN:157,(anonymous_18)
FNF:10
FNH:8
FNDA:0,(anonymous_9)
FNDA:0,(anonymous_10)
FNDA:168,(anonymous_11)
FNDA:114,(anonymous_12)
FNDA:56,(anonymous_13)
FNDA:110,(anonymous_14)
FNDA:110,(anonymous_15)
FNDA:58,(anonymous_16)
FNDA:56,(anonymous_17)
FNDA:56,(anonymous_18)
DA:1,8
DA:2,8
DA:3,8
DA:4,8
DA:5,8
DA:7,8
DA:12,8
DA:14,8
DA:15,0
DA:16,0
DA:20,8
DA:21,0
DA:22,0
DA:33,8
DA:34,168
DA:36,8
DA:37,114
DA:38,0
DA:41,114
DA:42,0
DA:45,114
DA:46,114
DA:47,0
DA:50,114
DA:51,0
DA:54,114
DA:55,114
DA:56,114
DA:58,0
DA:62,8
DA:63,56
DA:64,0
DA:68,8
DA:69,110
DA:70,110
DA:73,8
DA:74,110
DA:75,0
DA:78,110
DA:79,110
DA:80,110
DA:83,8
DA:87,58
DA:88,0
DA:91,58
DA:92,58
DA:93,0
DA:96,58
DA:97,58
DA:98,58
DA:99,58
DA:101,0
DA:102,0
DA:106,8
DA:109,56
DA:110,0
DA:114,56
DA:115,56
DA:116,56
DA:118,0
DA:121,56
DA:123,56
DA:124,89
DA:125,89
DA:127,89
DA:128,33
DA:131,56
DA:132,56
DA:133,56
DA:135,56
DA:136,0
DA:139,56
DA:140,56
DA:141,0
DA:144,56
DA:145,56
DA:147,56
DA:154,0
DA:157,8
DA:158,56
DA:159,56
LF:81
LH:61
BRDA:34,0,0,168
BRDA:34,0,1,168
BRDA:34,0,2,168
BRDA:37,1,0,0
BRDA:37,2,0,114
BRDA:37,2,1,114
BRDA:41,3,0,0
BRDA:46,4,0,0
BRDA:46,5,0,114
BRDA:46,5,1,114
BRDA:50,6,0,0
BRDA:63,7,0,0
BRDA:63,8,0,56
BRDA:63,8,1,56
BRDA:74,9,0,0
BRDA:87,10,0,0
BRDA:92,11,0,0
BRDA:109,12,0,0
BRDA:127,13,0,33
BRDA:135,14,0,0
BRDA:140,15,0,0
BRDA:159,16,0,56
BRDA:159,16,1,0
BRF:23
BRH:11
end_of_record
TN:
SF:src\vscode-extension\shared\storage\StoragePathResolver.ts
FN:22,(anonymous_9)
FN:41,(anonymous_10)
FN:67,(anonymous_11)
FNF:3
FNH:3
FNDA:157,(anonymous_9)
FNDA:28,(anonymous_10)
FNDA:28,(anonymous_11)
DA:10,17
DA:11,17
DA:12,17
DA:13,17
DA:21,17
DA:23,157
DA:28,157
DA:29,1
DA:32,156
DA:45,28
DA:46,28
DA:48,28
DA:49,28
DA:50,28
DA:51,28
DA:53,0
DA:56,0
DA:62,0
DA:63,0
DA:68,28
LF:20
LH:16
BRDA:23,0,0,157
BRDA:23,0,1,71
BRDA:23,0,2,2
BRDA:23,0,3,1
BRDA:28,1,0,1
BRDA:53,2,0,0
BRDA:53,2,1,0
BRF:7
BRH:5
end_of_record
