TN:
SF:src\edge-agent\shared\storage\DataCategoryClassifier.ts
FN:23,(anonymous_0)
FN:26,(anonymous_1)
FN:48,(anonymous_2)
FNF:3
FNH:3
FNDA:3,(anonymous_0)
FNDA:7,(anonymous_1)
FNDA:2,(anonymous_2)
DA:23,2
DA:24,3
DA:27,7
DA:28,1
DA:31,6
DA:33,6
DA:34,2
DA:37,4
DA:38,2
DA:41,2
DA:42,1
DA:45,1
DA:49,2
LF:13
LH:13
BRDA:27,0,0,1
BRDA:33,1,0,2
BRDA:33,2,0,6
BRDA:33,2,1,2
BRDA:37,3,0,2
BRDA:37,4,0,4
BRDA:37,4,1,3
BRDA:41,5,0,1
BRF:8
BRH:8
end_of_record
TN:
SF:src\edge-agent\shared\storage\PolicyStorageService.ts
FN:48,(anonymous_9)
FN:62,(anonymous_10)
FN:94,(anonymous_11)
FN:126,(anonymous_12)
FN:147,(anonymous_13)
FN:170,(anonymous_14)
FN:213,(anonymous_15)
FN:250,(anonymous_16)
FN:251,(anonymous_17)
FN:252,(anonymous_18)
FN:265,(anonymous_19)
FN:284,(anonymous_20)
FN:303,(anonymous_21)
FN:324,(anonymous_22)
FN:349,(anonymous_23)
FN:360,(anonymous_24)
FN:366,(anonymous_25)
FN:370,(anonymous_26)
FNF:18
FNH:17
FNDA:40,(anonymous_9)
FNDA:40,(anonymous_10)
FNDA:47,(anonymous_11)
FNDA:55,(anonymous_12)
FNDA:34,(anonymous_13)
FNDA:29,(anonymous_14)
FNDA:38,(anonymous_15)
FNDA:72,(anonymous_16)
FNDA:72,(anonymous_17)
FNDA:72,(anonymous_18)
FNDA:85,(anonymous_19)
FNDA:85,(anonymous_20)
FNDA:84,(anonymous_21)
FNDA:82,(anonymous_22)
FNDA:40,(anonymous_23)
FNDA:651,(anonymous_24)
FNDA:0,(anonymous_25)
FNDA:569,(anonymous_26)
DA:18,3
DA:19,3
DA:20,3
DA:21,3
DA:44,3
DA:49,40
DA:50,40
DA:51,40
DA:64,40
DA:67,38
DA:69,38
DA:75,38
DA:78,38
DA:81,36
DA:82,36
DA:84,36
DA:95,47
DA:97,47
DA:102,47
DA:103,2
DA:106,45
DA:107,45
DA:109,45
DA:110,1
DA:114,44
DA:116,44
DA:127,55
DA:129,55
DA:131,55
DA:132,9
DA:135,46
DA:136,46
DA:138,46
DA:148,34
DA:150,34
DA:152,34
DA:154,34
DA:160,34
DA:174,29
DA:175,29
DA:177,29
DA:178,52
DA:179,52
DA:180,44
DA:181,44
DA:183,43
DA:184,43
DA:190,29
DA:191,7
DA:199,22
DA:200,22
DA:204,22
DA:214,38
DA:217,38
DA:227,38
DA:228,256
DA:229,2
DA:234,36
DA:240,36
DA:241,108
DA:242,0
DA:251,72
DA:252,72
DA:253,72
DA:254,0
DA:256,72
DA:266,85
DA:267,85
DA:268,0
DA:270,85
DA:271,85
DA:272,0
DA:274,85
DA:275,0
DA:277,85
DA:285,85
DA:286,85
DA:287,0
DA:289,85
DA:290,85
DA:291,0
DA:293,85
DA:294,0
DA:296,85
DA:304,84
DA:305,2
DA:308,82
DA:309,82
DA:310,82
DA:312,82
DA:313,82
DA:314,0
DA:316,82
DA:318,82
DA:319,82
DA:320,0
DA:325,82
DA:326,82
DA:330,0
DA:333,0
DA:335,0
DA:336,0
DA:337,0
DA:340,0
DA:341,0
DA:342,0
DA:343,0
DA:346,0
DA:350,40
DA:351,2
DA:353,38
DA:354,38
DA:361,651
DA:362,487
DA:365,164
DA:366,0
DA:369,164
DA:370,164
DA:371,569
DA:372,569
DA:375,164
LF:121
LH:100
BRDA:48,0,0,0
BRDA:50,1,0,40
BRDA:102,2,0,2
BRDA:109,3,0,1
BRDA:109,4,0,45
BRDA:109,4,1,44
BRDA:131,5,0,9
BRDA:138,6,0,46
BRDA:138,6,1,0
BRDA:170,7,0,2
BRDA:179,8,0,44
BRDA:181,9,0,43
BRDA:190,10,0,7
BRDA:228,11,0,2
BRDA:241,12,0,0
BRDA:253,13,0,0
BRDA:253,13,1,72
BRDA:267,14,0,0
BRDA:271,15,0,0
BRDA:274,16,0,0
BRDA:274,17,0,85
BRDA:274,17,1,85
BRDA:274,17,2,85
BRDA:286,18,0,0
BRDA:290,19,0,0
BRDA:293,20,0,0
BRDA:293,21,0,85
BRDA:293,21,1,85
BRDA:293,21,2,85
BRDA:304,22,0,2
BRDA:304,23,0,84
BRDA:304,23,1,82
BRDA:313,24,0,0
BRDA:313,25,0,82
BRDA:313,25,1,82
BRDA:319,26,0,0
BRDA:325,27,0,82
BRDA:330,28,0,0
BRDA:330,28,1,0
BRDA:330,28,2,0
BRDA:335,29,0,0
BRDA:340,30,0,0
BRDA:350,31,0,2
BRDA:351,32,0,2
BRDA:351,32,1,0
BRDA:361,33,0,487
BRDA:361,34,0,651
BRDA:361,34,1,651
BRDA:365,35,0,0
BRF:49
BRH:30
end_of_record
TN:
SF:src\edge-agent\shared\storage\ReceiptGenerator.ts
FN:32,(anonymous_9)
FN:69,(anonymous_10)
FN:155,(anonymous_11)
FN:191,(anonymous_12)
FN:216,(anonymous_13)
FN:222,(anonymous_14)
FN:231,(anonymous_15)
FN:239,(anonymous_16)
FN:246,(anonymous_17)
FN:250,(anonymous_18)
FN:268,(anonymous_19)
FNF:11
FNH:11
FNDA:73,(anonymous_9)
FNDA:78,(anonymous_10)
FNDA:14,(anonymous_11)
FNDA:92,(anonymous_12)
FNDA:1551,(anonymous_13)
FNDA:25,(anonymous_14)
FNDA:1434,(anonymous_15)
FNDA:92,(anonymous_16)
FNDA:1,(anonymous_17)
FNDA:4,(anonymous_18)
FNDA:3,(anonymous_19)
DA:14,4
DA:15,4
DA:16,4
DA:28,4
DA:34,73
DA:38,73
DA:39,1
DA:44,72
DA:45,72
DA:107,78
DA:108,78
DA:110,78
DA:113,78
DA:129,78
DA:130,8
DA:132,78
DA:133,3
DA:135,78
DA:136,6
DA:139,78
DA:165,14
DA:166,14
DA:169,14
DA:179,14
DA:192,92
DA:193,92
DA:194,92
DA:217,1551
DA:218,949
DA:221,602
DA:222,249
DA:225,353
DA:226,353
DA:227,353
DA:228,1434
DA:231,353
DA:232,1434
DA:233,1434
DA:236,353
DA:240,92
DA:241,92
DA:242,92
DA:243,92
DA:247,1
DA:251,4
DA:252,4
DA:253,2
DA:256,2
DA:257,2
DA:258,1
DA:259,1
DA:261,0
DA:265,1
DA:269,3
DA:270,3
DA:272,0
LF:56
LH:54
BRDA:32,0,0,0
BRDA:34,1,0,73
BRDA:34,1,1,5
BRDA:34,1,2,4
BRDA:35,2,0,1
BRDA:35,2,1,4
BRDA:38,3,0,1
BRDA:46,4,0,72
BRDA:46,4,1,3
BRDA:46,4,2,3
BRDA:46,4,3,1
BRDA:90,5,0,17
BRDA:91,6,0,49
BRDA:107,7,0,10
BRDA:107,7,1,68
BRDA:110,8,0,0
BRDA:110,8,1,78
BRDA:129,9,0,8
BRDA:132,10,0,3
BRDA:135,11,0,6
BRDA:217,12,0,949
BRDA:217,13,0,1551
BRDA:217,13,1,1551
BRDA:221,14,0,249
BRDA:252,15,0,2
BRDA:252,16,0,4
BRDA:252,16,1,2
BRDA:257,17,0,1
BRDA:269,18,0,3
BRF:29
BRH:27
end_of_record
TN:
SF:src\edge-agent\shared\storage\ReceiptStorageService.ts
FN:30,(anonymous_9)
FN:44,(anonymous_10)
FN:84,(anonymous_11)
FN:124,(anonymous_12)
FN:142,(anonymous_13)
FN:153,(anonymous_14)
FN:177,(anonymous_15)
FN:214,(anonymous_16)
FN:215,(anonymous_17)
FN:216,(anonymous_18)
FN:229,(anonymous_19)
FN:255,(anonymous_20)
FN:279,(anonymous_21)
FN:289,(anonymous_22)
FN:295,(anonymous_23)
FN:299,(anonymous_24)
FNF:16
FNH:16
FNDA:26,(anonymous_9)
FNDA:32,(anonymous_10)
FNDA:1,(anonymous_11)
FNDA:10,(anonymous_12)
FNDA:23,(anonymous_13)
FNDA:26,(anonymous_14)
FNDA:31,(anonymous_15)
FNDA:33,(anonymous_16)
FNDA:33,(anonymous_17)
FNDA:33,(anonymous_18)
FNDA:33,(anonymous_19)
FNDA:31,(anonymous_20)
FNDA:26,(anonymous_21)
FNDA:543,(anonymous_22)
FNDA:9,(anonymous_23)
FNDA:503,(anonymous_24)
DA:16,2
DA:18,2
DA:19,2
DA:26,2
DA:31,26
DA:32,26
DA:33,26
DA:49,32
DA:50,32
DA:51,32
DA:54,32
DA:56,32
DA:59,32
DA:62,32
DA:65,30
DA:69,25
DA:72,25
DA:74,25
DA:89,1
DA:90,1
DA:91,1
DA:94,1
DA:96,1
DA:99,1
DA:102,1
DA:105,1
DA:108,1
DA:111,1
DA:113,1
DA:129,10
DA:131,10
DA:134,10
DA:135,1
DA:139,9
DA:142,23
DA:144,9
DA:154,26
DA:155,26
DA:156,19
DA:158,7
DA:159,7
DA:160,0
DA:164,26
DA:165,26
DA:166,26
DA:167,26
DA:168,26
DA:170,26
DA:178,31
DA:181,31
DA:191,31
DA:192,204
DA:193,3
DA:198,28
DA:204,28
DA:205,82
DA:206,2
DA:215,33
DA:216,33
DA:217,33
DA:218,0
DA:220,33
DA:230,33
DA:231,2
DA:234,31
DA:235,31
DA:236,31
DA:238,31
DA:239,31
DA:240,0
DA:242,31
DA:244,31
DA:245,31
DA:248,7
DA:249,0
DA:251,7
DA:256,31
DA:257,31
DA:261,0
DA:263,0
DA:265,0
DA:266,0
DA:267,0
DA:270,0
DA:271,0
DA:272,0
DA:273,0
DA:276,0
DA:280,26
DA:281,2
DA:283,24
DA:290,543
DA:291,329
DA:294,214
DA:295,91
DA:298,123
DA:299,123
DA:300,503
DA:301,503
DA:304,123
LF:100
LH:86
BRDA:30,0,0,0
BRDA:32,1,0,26
BRDA:134,2,0,1
BRDA:159,3,0,0
BRDA:192,4,0,3
BRDA:205,5,0,2
BRDA:217,6,0,0
BRDA:217,6,1,33
BRDA:230,7,0,2
BRDA:230,8,0,33
BRDA:230,8,1,31
BRDA:239,9,0,0
BRDA:239,10,0,31
BRDA:239,10,1,31
BRDA:245,11,0,7
BRDA:248,12,0,0
BRDA:256,13,0,31
BRDA:261,14,0,0
BRDA:261,14,1,0
BRDA:265,15,0,0
BRDA:270,16,0,0
BRDA:280,17,0,2
BRDA:281,18,0,2
BRDA:281,18,1,0
BRDA:290,19,0,329
BRDA:290,20,0,543
BRDA:290,20,1,543
BRDA:294,21,0,91
BRF:28
BRH:18
end_of_record
TN:
SF:src\edge-agent\shared\storage\StoragePathResolver.ts
FN:10,(anonymous_0)
FNF:1
FNH:1
FNDA:100,(anonymous_0)
DA:1,5
DA:9,5
DA:11,100
LF:3
LH:3
BRDA:11,0,0,100
BRDA:11,0,1,2
BRDA:11,0,2,1
BRF:3
BRH:3
end_of_record
TN:
SF:src\vscode-extension\shared\storage\BaseStoragePathResolver.ts
FN:12,(anonymous_0)
FN:23,(anonymous_1)
FN:30,(anonymous_2)
FN:37,(anonymous_3)
FN:44,(anonymous_4)
FN:51,(anonymous_5)
FN:58,(anonymous_6)
FN:77,(anonymous_7)
FN:90,(anonymous_8)
FN:104,(anonymous_9)
FN:118,(anonymous_10)
FN:123,(anonymous_11)
FN:129,(anonymous_12)
FNF:13
FNH:10
FNDA:105,(anonymous_0)
FNDA:41,(anonymous_1)
FNDA:100,(anonymous_2)
FNDA:0,(anonymous_3)
FNDA:0,(anonymous_4)
FNDA:0,(anonymous_5)
FNDA:64,(anonymous_6)
FNDA:6,(anonymous_7)
FNDA:100,(anonymous_8)
FNDA:388,(anonymous_9)
FNDA:486,(anonymous_10)
FNDA:486,(anonymous_11)
FNDA:205,(anonymous_12)
DA:9,14
DA:13,105
DA:14,0
DA:17,105
DA:24,41
DA:31,100
DA:38,0
DA:45,0
DA:52,0
DA:59,64
DA:61,63
DA:62,2
DA:65,61
DA:66,2
DA:69,59
DA:70,59
DA:71,59
DA:78,6
DA:79,6
DA:80,6
DA:83,0
DA:84,0
DA:92,100
DA:93,0
DA:97,100
DA:98,100
DA:99,0
DA:102,100
DA:104,388
DA:105,100
DA:107,300
DA:108,0
DA:110,300
DA:113,100
DA:114,100
DA:115,100
DA:119,486
DA:120,486
DA:124,486
DA:125,1
DA:130,205
DA:131,0
DA:136,205
DA:139,205
DA:141,0
DA:142,0
DA:143,0
DA:144,0
DA:145,0
DA:146,0
DA:151,205
DA:152,205
DA:155,205
DA:156,0
DA:159,205
LF:55
LH:38
BRDA:13,0,0,0
BRDA:61,1,0,2
BRDA:61,2,0,63
BRDA:61,2,1,62
BRDA:65,3,0,2
BRDA:65,4,0,61
BRDA:65,4,1,60
BRDA:77,5,0,6
BRDA:78,6,0,6
BRDA:79,7,0,0
BRDA:79,7,1,6
BRDA:83,8,0,0
BRDA:83,8,1,0
BRDA:92,9,0,0
BRDA:92,10,0,100
BRDA:92,10,1,100
BRDA:98,11,0,0
BRDA:107,12,0,0
BRDA:107,13,0,300
BRDA:107,13,1,300
BRDA:107,13,2,300
BRDA:107,13,3,300
BRDA:124,14,0,1
BRDA:130,15,0,0
BRDA:130,16,0,205
BRDA:130,16,1,205
BRDA:139,17,0,0
BRDA:142,18,0,0
BRDA:144,19,0,0
BRDA:144,19,1,0
BRDA:155,20,0,0
BRDA:155,21,0,205
BRDA:155,21,1,205
BRF:33
BRH:20
end_of_record
TN:
SF:src\vscode-extension\shared\storage\BuildSandbox.ts
FN:16,(anonymous_9)
FN:18,(anonymous_10)
FN:29,(anonymous_11)
FN:43,(anonymous_12)
FN:44,(anonymous_13)
FN:50,(anonymous_14)
FN:71,(anonymous_15)
FN:83,(anonymous_16)
FN:94,(anonymous_17)
FN:95,(anonymous_18)
FN:103,(anonymous_19)
FN:108,(anonymous_20)
FNF:12
FNH:12
FNDA:15,(anonymous_9)
FNDA:18,(anonymous_10)
FNDA:18,(anonymous_11)
FNDA:19,(anonymous_12)
FNDA:31,(anonymous_13)
FNDA:54,(anonymous_14)
FNDA:28,(anonymous_15)
FNDA:18,(anonymous_16)
FNDA:18,(anonymous_17)
FNDA:29,(anonymous_18)
FNDA:27,(anonymous_19)
FNDA:27,(anonymous_20)
DA:1,3
DA:2,3
DA:3,3
DA:15,3
DA:16,15
DA:19,18
DA:20,18
DA:21,18
DA:23,18
DA:30,18
DA:31,18
DA:33,18
DA:34,28
DA:35,28
DA:36,54
DA:37,31
DA:42,18
DA:43,19
DA:44,31
DA:51,54
DA:52,0
DA:55,54
DA:56,54
DA:58,54
DA:59,67
DA:60,67
DA:61,67
DA:62,36
DA:64,31
DA:68,54
DA:72,28
DA:73,28
DA:74,28
DA:80,28
DA:84,18
DA:85,18
DA:86,31
DA:87,31
DA:88,31
DA:89,31
DA:91,18
DA:95,29
DA:96,18
DA:97,2
DA:98,2
DA:99,2
DA:102,16
DA:103,27
DA:105,16
DA:109,27
LF:50
LH:49
BRDA:36,0,0,31
BRDA:50,1,0,18
BRDA:51,2,0,0
BRDA:61,3,0,36
BRDA:61,3,1,31
BRDA:96,4,0,2
BRF:6
BRH:5
end_of_record
TN:
SF:src\vscode-extension\shared\storage\CanonicalJson.ts
FN:1,(anonymous_0)
FN:7,(anonymous_1)
FN:12,(anonymous_2)
FNF:3
FNH:3
FNDA:1658,(anonymous_0)
FNDA:61,(anonymous_1)
FNDA:1510,(anonymous_2)
DA:1,6
DA:2,1658
DA:3,1028
DA:6,630
DA:7,270
DA:10,360
DA:12,1510
DA:14,360
LF:8
LH:8
BRDA:2,0,0,1028
BRDA:2,1,0,1658
BRDA:2,1,1,1658
BRDA:6,2,0,270
BRF:4
BRH:4
end_of_record
TN:
SF:src\vscode-extension\shared\storage\PSCLArtifactWriter.ts
FN:39,(anonymous_9)
FN:47,(anonymous_10)
FN:73,(anonymous_11)
FN:96,(anonymous_12)
FN:99,(anonymous_13)
FN:106,(anonymous_14)
FN:141,(anonymous_15)
FN:150,(anonymous_16)
FN:166,(anonymous_17)
FN:182,(anonymous_18)
FNF:10
FNH:10
FNDA:2,(anonymous_9)
FNDA:2,(anonymous_10)
FNDA:2,(anonymous_11)
FNDA:1,(anonymous_12)
FNDA:2,(anonymous_13)
FNDA:5,(anonymous_14)
FNDA:2,(anonymous_15)
FNDA:2,(anonymous_16)
FNDA:2,(anonymous_17)
FNDA:4,(anonymous_18)
DA:1,1
DA:2,1
DA:3,1
DA:4,1
DA:5,1
DA:6,1
DA:29,1
DA:30,1
DA:31,1
DA:33,1
DA:39,2
DA:40,2
DA:41,2
DA:42,2
DA:43,2
DA:48,2
DA:49,2
DA:50,2
DA:52,2
DA:56,2
DA:57,2
DA:59,2
DA:60,2
DA:62,2
DA:63,2
DA:65,2
DA:74,2
DA:75,2
DA:76,2
DA:78,2
DA:79,3
DA:80,3
DA:81,0
DA:84,3
DA:89,3
DA:96,2
DA:100,2
DA:101,2
DA:106,5
DA:107,2
DA:108,2
DA:109,5
DA:110,1
DA:112,4
DA:113,1
DA:115,3
DA:116,3
DA:117,3
DA:119,3
DA:120,0
DA:123,3
DA:124,3
DA:125,0
DA:128,3
DA:132,3
DA:135,2
DA:137,0
DA:142,2
DA:151,2
DA:152,2
DA:167,2
DA:168,2
DA:173,2
DA:177,2
DA:179,2
DA:183,4
DA:184,4
DA:185,4
DA:186,4
DA:187,4
DA:188,4
LF:71
LH:67
BRDA:39,0,0,0
BRDA:40,1,0,2
BRDA:40,1,1,0
BRDA:40,2,0,2
BRDA:40,2,1,0
BRDA:41,3,0,2
BRDA:41,3,1,0
BRDA:44,4,0,2
BRDA:44,4,1,0
BRDA:80,5,0,0
BRDA:80,6,0,3
BRDA:80,6,1,3
BRDA:109,7,0,1
BRDA:112,8,0,1
BRDA:119,9,0,0
BRDA:119,10,0,3
BRDA:119,10,1,2
BRDA:124,11,0,0
BRDA:124,12,0,3
BRDA:124,12,1,3
BRDA:128,13,0,0
BRDA:128,13,1,3
BRF:22
BRH:13
end_of_record
TN:
SF:src\vscode-extension\shared\storage\PlanExecutionAgent.ts
FN:29,(anonymous_9)
FN:35,(anonymous_10)
FN:47,(anonymous_11)
FN:59,(anonymous_12)
FN:83,(anonymous_13)
FN:98,(anonymous_14)
FN:146,(anonymous_15)
FN:150,(anonymous_16)
FN:154,(anonymous_17)
FN:161,(anonymous_18)
FN:172,(anonymous_19)
FN:179,(anonymous_20)
FN:189,(anonymous_21)
FN:202,(anonymous_22)
FN:215,(anonymous_23)
FN:216,(anonymous_24)
FN:249,(anonymous_25)
FNF:17
FNH:16
FNDA:6,(anonymous_9)
FNDA:12,(anonymous_10)
FNDA:2,(anonymous_11)
FNDA:6,(anonymous_12)
FNDA:6,(anonymous_13)
FNDA:6,(anonymous_14)
FNDA:6,(anonymous_15)
FNDA:5,(anonymous_16)
FNDA:0,(anonymous_17)
FNDA:6,(anonymous_18)
FNDA:6,(anonymous_19)
FNDA:6,(anonymous_20)
FNDA:5,(anonymous_21)
FNDA:1,(anonymous_22)
FNDA:5,(anonymous_23)
FNDA:1,(anonymous_24)
FNDA:2,(anonymous_25)
DA:1,2
DA:2,2
DA:3,2
DA:4,2
DA:5,2
DA:6,2
DA:7,2
DA:8,2
DA:29,2
DA:30,6
DA:35,2
DA:36,12
DA:47,2
DA:48,2
DA:49,2
DA:50,2
DA:51,2
DA:56,0
DA:59,2
DA:60,6
DA:61,0
DA:64,6
DA:66,2
DA:68,1
DA:70,1
DA:72,2
DA:76,2
DA:83,6
DA:84,6
DA:86,6
DA:89,6
DA:90,6
DA:91,6
DA:92,0
DA:94,6
DA:95,6
DA:99,6
DA:106,6
DA:107,6
DA:108,6
DA:109,6
DA:111,6
DA:112,0
DA:115,6
DA:116,6
DA:120,6
DA:122,6
DA:124,1
DA:130,6
DA:132,0
DA:138,6
DA:147,6
DA:148,1
DA:150,5
DA:151,5
DA:152,5
DA:154,0
DA:155,0
DA:156,0
DA:158,0
DA:162,6
DA:163,0
DA:165,6
DA:166,4
DA:168,2
DA:169,2
DA:173,6
DA:174,0
DA:176,6
DA:185,6
DA:187,6
DA:189,5
DA:191,6
DA:192,6
DA:193,6
DA:194,6
DA:195,6
DA:196,6
DA:198,6
DA:202,6
DA:203,1
DA:204,1
DA:205,0
DA:207,1
DA:208,1
DA:209,0
DA:211,1
DA:214,6
DA:215,5
DA:216,1
DA:221,6
DA:223,6
DA:224,6
DA:226,6
DA:231,6
DA:232,6
DA:235,6
DA:236,3
DA:239,6
DA:240,1
DA:247,6
DA:248,6
DA:249,6
DA:250,2
DA:251,2
DA:252,0
DA:254,2
DA:255,2
DA:256,2
DA:257,2
DA:259,0
DA:263,6
DA:264,6
DA:266,6
DA:269,6
DA:270,6
DA:271,6
DA:272,6
DA:282,6
DA:287,6
DA:288,6
DA:298,6
DA:299,6
DA:302,6
DA:303,6
DA:306,6
DA:307,1
DA:310,6
DA:313,6
DA:314,6
DA:315,0
DA:318,6
DA:334,6
DA:335,6
DA:337,6
LF:135
LH:119
BRDA:30,0,0,6
BRDA:30,0,1,0
BRDA:36,1,0,12
BRDA:36,1,1,12
BRDA:36,1,2,12
BRDA:50,2,0,2
BRDA:50,3,0,2
BRDA:50,3,1,2
BRDA:60,4,0,0
BRDA:64,5,0,2
BRDA:64,5,1,1
BRDA:64,5,2,1
BRDA:64,5,3,2
BRDA:84,6,0,6
BRDA:84,6,1,0
BRDA:86,7,0,6
BRDA:86,7,1,0
BRDA:86,8,0,6
BRDA:86,8,1,6
BRDA:88,9,0,0
BRDA:88,9,1,0
BRDA:90,10,0,6
BRDA:90,10,1,0
BRDA:90,10,2,0
BRDA:91,11,0,0
BRDA:94,12,0,6
BRDA:94,12,1,6
BRDA:95,13,0,6
BRDA:95,13,1,6
BRDA:111,14,0,0
BRDA:111,15,0,6
BRDA:111,15,1,6
BRDA:115,16,0,6
BRDA:115,16,1,0
BRDA:122,17,0,1
BRDA:122,18,0,6
BRDA:122,18,1,6
BRDA:130,19,0,0
BRDA:130,20,0,6
BRDA:130,20,1,6
BRDA:147,21,0,1
BRDA:150,22,0,5
BRDA:150,22,1,4
BRDA:151,23,0,5
BRDA:154,24,0,0
BRDA:154,24,1,0
BRDA:155,25,0,0
BRDA:162,26,0,0
BRDA:165,27,0,4
BRDA:173,28,0,0
BRDA:187,29,0,1
BRDA:187,29,1,5
BRDA:191,30,0,6
BRDA:191,30,1,0
BRDA:192,31,0,6
BRDA:192,31,1,0
BRDA:193,32,0,6
BRDA:193,32,1,0
BRDA:194,33,0,6
BRDA:194,33,1,0
BRDA:195,34,0,6
BRDA:195,34,1,0
BRDA:196,35,0,6
BRDA:196,35,1,0
BRDA:198,36,0,6
BRDA:198,36,1,0
BRDA:198,37,0,6
BRDA:198,37,1,6
BRDA:204,38,0,0
BRDA:208,39,0,0
BRDA:215,40,0,5
BRDA:215,40,1,4
BRDA:223,41,0,6
BRDA:223,41,1,0
BRDA:224,42,0,3
BRDA:224,42,1,3
BRDA:226,43,0,6
BRDA:226,43,1,5
BRDA:226,43,2,5
BRDA:226,43,3,5
BRDA:226,43,4,5
BRDA:226,43,5,5
BRDA:228,44,0,0
BRDA:228,44,1,5
BRDA:229,45,0,0
BRDA:229,45,1,5
BRDA:231,46,0,6
BRDA:231,47,0,6
BRDA:231,47,1,6
BRDA:235,48,0,3
BRDA:235,49,0,6
BRDA:235,49,1,3
BRDA:239,50,0,1
BRDA:247,51,0,6
BRDA:249,52,0,6
BRDA:249,52,1,2
BRDA:251,53,0,0
BRDA:263,54,0,6
BRDA:270,55,0,6
BRDA:270,55,1,0
BRDA:270,56,0,0
BRDA:270,56,1,0
BRDA:298,57,0,6
BRDA:302,58,0,6
BRDA:306,59,0,1
BRDA:314,60,0,0
BRDA:314,61,0,6
BRDA:314,61,1,0
BRF:108
BRH:73
end_of_record
TN:
SF:src\vscode-extension\shared\storage\PlanVerifier.ts
FN:69,(anonymous_9)
FN:79,(anonymous_10)
FN:123,(anonymous_11)
FN:142,(anonymous_12)
FN:167,(anonymous_13)
FN:195,(anonymous_14)
FN:199,(anonymous_15)
FN:203,(anonymous_16)
FNF:8
FNH:7
FNDA:9,(anonymous_9)
FNDA:9,(anonymous_10)
FNDA:18,(anonymous_11)
FNDA:8,(anonymous_12)
FNDA:8,(anonymous_13)
FNDA:6,(anonymous_14)
FNDA:6,(anonymous_15)
FNDA:0,(anonymous_16)
DA:1,3
DA:2,3
DA:3,3
DA:4,3
DA:5,3
DA:58,3
DA:65,9
DA:66,9
DA:67,9
DA:69,9
DA:70,9
DA:71,9
DA:72,9
DA:73,9
DA:75,9
DA:76,9
DA:80,9
DA:81,9
DA:84,9
DA:85,9
DA:87,9
DA:88,9
DA:90,9
DA:96,9
DA:97,1
DA:99,9
DA:101,9
DA:107,9
DA:108,1
DA:110,9
DA:112,9
DA:113,8
DA:114,8
DA:117,9
DA:124,18
DA:125,2
DA:128,16
DA:129,16
DA:130,16
DA:132,0
DA:143,8
DA:144,10
DA:145,10
DA:146,0
DA:150,0
DA:153,10
DA:158,10
DA:159,1
DA:168,8
DA:169,0
DA:175,8
DA:176,8
DA:177,0
DA:181,0
DA:182,0
DA:185,8
DA:186,4
DA:192,8
DA:196,6
DA:200,6
DA:204,0
LF:61
LH:53
BRDA:69,0,0,0
BRDA:70,1,0,9
BRDA:70,1,1,0
BRDA:70,2,0,9
BRDA:70,2,1,0
BRDA:71,3,0,9
BRDA:71,3,1,0
BRDA:74,4,0,9
BRDA:74,4,1,6
BRDA:75,5,0,9
BRDA:75,5,1,9
BRDA:76,6,0,9
BRDA:76,6,1,9
BRDA:96,7,0,1
BRDA:99,8,0,9
BRDA:99,8,1,1
BRDA:107,9,0,1
BRDA:110,10,0,9
BRDA:110,10,1,1
BRDA:112,11,0,8
BRDA:112,12,0,9
BRDA:112,12,1,8
BRDA:113,13,0,8
BRDA:113,13,1,0
BRDA:124,14,0,2
BRDA:145,15,0,0
BRDA:145,16,0,10
BRDA:145,16,1,10
BRDA:158,17,0,1
BRDA:168,18,0,0
BRDA:176,19,0,0
BRDA:185,20,0,4
BRF:32
BRH:24
end_of_record
TN:
SF:src\vscode-extension\shared\storage\PolicySnapshotReader.ts
FN:25,(anonymous_9)
FN:31,(anonymous_10)
FN:45,(anonymous_11)
FN:53,(anonymous_12)
FN:95,(anonymous_13)
FN:104,(anonymous_14)
FN:113,(anonymous_15)
FN:139,(anonymous_16)
FNF:8
FNH:8
FNDA:10,(anonymous_9)
FNDA:10,(anonymous_10)
FNDA:10,(anonymous_11)
FNDA:10,(anonymous_12)
FNDA:2,(anonymous_13)
FNDA:11,(anonymous_14)
FNDA:11,(anonymous_15)
FNDA:15,(anonymous_16)
DA:1,5
DA:2,5
DA:3,5
DA:20,5
DA:26,10
DA:27,10
DA:28,10
DA:32,10
DA:33,10
DA:34,8
DA:37,2
DA:38,2
DA:39,1
DA:42,1
DA:46,10
DA:47,10
DA:49,0
DA:54,10
DA:55,0
DA:58,10
DA:59,10
DA:60,10
DA:62,10
DA:63,2
DA:66,8
DA:67,8
DA:68,8
DA:69,5
DA:72,3
DA:75,3
DA:76,0
DA:79,3
DA:80,3
DA:81,0
DA:84,3
DA:86,3
DA:89,3
DA:91,0
DA:96,2
DA:97,2
DA:98,1
DA:100,1
DA:101,1
DA:105,11
DA:106,11
DA:107,11
DA:109,0
DA:114,11
DA:115,0
DA:119,11
DA:122,11
DA:123,8
DA:126,3
DA:128,0
DA:131,0
DA:132,0
DA:136,3
DA:140,15
DA:141,8
DA:142,8
DA:143,8
DA:146,7
LF:62
LH:52
BRDA:26,0,0,10
BRDA:26,0,1,0
BRDA:26,1,0,10
BRDA:26,1,1,10
BRDA:27,2,0,10
BRDA:27,2,1,0
BRDA:27,3,0,10
BRDA:27,3,1,10
BRDA:33,4,0,8
BRDA:38,5,0,1
BRDA:54,6,0,0
BRDA:62,7,0,2
BRDA:68,8,0,5
BRDA:72,9,0,3
BRDA:72,9,1,0
BRDA:75,10,0,0
BRDA:80,11,0,0
BRDA:86,12,0,3
BRDA:86,12,1,0
BRDA:89,13,0,3
BRDA:89,13,1,0
BRDA:97,14,0,1
BRDA:101,15,0,1
BRDA:101,15,1,0
BRDA:114,16,0,0
BRDA:114,17,0,11
BRDA:114,17,1,11
BRDA:119,18,0,11
BRDA:119,18,1,4
BRDA:122,19,0,8
BRDA:126,20,0,0
BRDA:126,21,0,3
BRDA:126,21,1,0
BRDA:128,22,0,0
BRDA:128,22,1,0
BRDA:128,22,2,0
BRDA:131,23,0,0
BRDA:140,24,0,8
BRDA:142,25,0,8
BRF:39
BRH:23
end_of_record
TN:
SF:src\vscode-extension\shared\storage\PreCommitDecisionService.ts
FN:27,(anonymous_9)
FN:33,(anonymous_10)
FN:37,(anonymous_11)
FN:86,(anonymous_12)
FN:92,(anonymous_13)
FN:117,(anonymous_14)
FN:120,(anonymous_15)
FN:134,(anonymous_16)
FN:135,(anonymous_17)
FN:147,(anonymous_18)
FN:157,(anonymous_19)
FN:167,(anonymous_20)
FNF:12
FNH:0
FNDA:0,(anonymous_9)
FNDA:0,(anonymous_10)
FNDA:0,(anonymous_11)
FNDA:0,(anonymous_12)
FNDA:0,(anonymous_13)
FNDA:0,(anonymous_14)
FNDA:0,(anonymous_15)
FNDA:0,(anonymous_16)
FNDA:0,(anonymous_17)
FNDA:0,(anonymous_18)
FNDA:0,(anonymous_19)
FNDA:0,(anonymous_20)
DA:1,0
DA:2,0
DA:26,0
DA:28,0
DA:29,0
DA:30,0
DA:34,0
DA:35,0
DA:36,0
DA:37,0
DA:40,0
DA:41,0
DA:42,0
DA:48,0
DA:50,0
DA:51,0
DA:53,0
DA:57,0
DA:61,0
DA:62,0
DA:64,0
DA:66,0
DA:76,0
DA:77,0
DA:78,0
DA:79,0
DA:87,0
DA:88,0
DA:91,0
DA:93,0
DA:94,0
DA:101,0
DA:102,0
DA:103,0
DA:104,0
DA:106,0
DA:108,0
DA:115,0
DA:117,0
DA:121,0
DA:122,0
DA:123,0
DA:126,0
DA:127,0
DA:128,0
DA:131,0
DA:135,0
DA:136,0
DA:137,0
DA:140,0
DA:144,0
DA:148,0
DA:149,0
DA:151,0
DA:152,0
DA:154,0
DA:158,0
DA:159,0
DA:160,0
DA:162,0
DA:168,0
DA:169,0
DA:170,0
DA:171,0
DA:174,0
LF:65
LH:0
BRDA:37,0,0,0
BRDA:37,0,1,0
BRDA:40,1,0,0
BRDA:53,2,0,0
BRDA:53,2,1,0
BRDA:57,3,0,0
BRDA:57,3,1,0
BRDA:76,4,0,0
BRDA:76,4,1,0
BRDA:87,5,0,0
BRDA:93,6,0,0
BRDA:101,7,0,0
BRDA:101,8,0,0
BRDA:101,8,1,0
BRDA:103,9,0,0
BRDA:103,9,1,0
BRDA:104,10,0,0
BRDA:104,10,1,0
BRDA:106,11,0,0
BRDA:106,11,1,0
BRDA:122,12,0,0
BRDA:127,13,0,0
BRDA:136,14,0,0
BRDA:136,15,0,0
BRDA:136,15,1,0
BRDA:140,16,0,0
BRDA:140,16,1,0
BRDA:148,17,0,0
BRDA:151,18,0,0
BRDA:151,19,0,0
BRDA:151,19,1,0
BRDA:151,19,2,0
BRDA:151,19,3,0
BRDA:159,20,0,0
BRDA:159,20,1,0
BRDA:168,21,0,0
BRDA:168,22,0,0
BRDA:168,22,1,0
BRDA:168,22,2,0
BRDA:170,23,0,0
BRDA:170,24,0,0
BRDA:170,24,1,0
BRDA:170,24,2,0
BRF:43
BRH:0
end_of_record
TN:
SF:src\vscode-extension\shared\storage\ReceiptGenerator.ts
FN:12,(anonymous_9)
FN:14,(anonymous_10)
FN:58,(anonymous_11)
FN:84,(anonymous_12)
FN:90,(anonymous_13)
FNF:5
FNH:4
FNDA:6,(anonymous_9)
FNDA:6,(anonymous_10)
FNDA:0,(anonymous_11)
FNDA:6,(anonymous_12)
FNDA:6,(anonymous_13)
DA:1,2
DA:11,2
DA:12,6
DA:37,6
DA:52,6
DA:68,0
DA:78,0
DA:85,6
DA:86,6
DA:87,6
DA:91,6
DA:92,0
DA:94,6
DA:95,0
DA:97,6
LF:15
LH:11
BRDA:34,0,0,0
BRDA:35,1,0,0
BRDA:91,2,0,0
BRDA:94,3,0,0
BRDA:94,4,0,6
BRDA:94,4,1,6
BRDA:94,4,2,6
BRF:7
BRH:3
end_of_record
TN:
SF:src\vscode-extension\shared\storage\ReceiptSigner.ts
FN:17,(anonymous_9)
FN:22,(anonymous_10)
FNF:2
FNH:2
FNDA:21,(anonymous_9)
FNDA:44,(anonymous_10)
DA:1,6
DA:2,6
DA:13,6
DA:18,21
DA:19,21
DA:23,44
DA:24,44
DA:25,44
LF:8
LH:8
BRF:0
BRH:0
end_of_record
TN:
SF:src\vscode-extension\shared\storage\ReceiptStorageReader.ts
FN:27,(anonymous_9)
FN:40,(anonymous_10)
FN:72,(anonymous_11)
FN:117,(anonymous_12)
FN:164,(anonymous_13)
FN:186,(anonymous_14)
FN:210,(anonymous_15)
FNF:7
FNH:7
FNDA:13,(anonymous_9)
FNDA:36,(anonymous_10)
FNDA:49,(anonymous_11)
FNDA:2,(anonymous_12)
FNDA:3,(anonymous_13)
FNDA:21,(anonymous_14)
FNDA:36,(anonymous_15)
DA:14,2
DA:15,2
DA:16,2
DA:17,2
DA:23,2
DA:28,13
DA:29,13
DA:45,36
DA:47,36
DA:50,36
DA:51,24
DA:56,12
DA:58,12
DA:59,12
DA:60,12
DA:61,0
DA:62,0
DA:65,12
DA:67,1
DA:68,1
DA:72,49
DA:75,11
DA:76,11
DA:77,38
DA:79,38
DA:82,37
DA:83,37
DA:84,37
DA:86,36
DA:87,34
DA:90,0
DA:91,0
DA:92,0
DA:94,0
DA:95,0
DA:101,1
DA:106,11
DA:122,2
DA:126,2
DA:127,2
DA:128,2
DA:129,2
DA:132,2
DA:133,2
DA:135,2
DA:136,3
DA:139,3
DA:140,5
DA:141,5
DA:142,4
DA:147,3
DA:148,3
DA:149,0
DA:150,0
DA:154,2
DA:168,3
DA:171,3
DA:172,3
DA:173,25
DA:174,25
DA:175,25
DA:177,25
DA:178,25
DA:180,25
DA:181,1
DA:186,3
DA:187,21
DA:188,21
DA:189,21
DA:193,3
DA:212,36
DA:213,1
DA:214,1
DA:217,35
DA:218,35
DA:219,0
DA:220,0
DA:223,35
DA:224,35
DA:225,35
DA:226,35
DA:227,1
DA:228,1
DA:230,34
DA:233,0
DA:234,0
DA:235,0
DA:236,0
DA:239,0
DA:240,0
LF:90
LH:73
BRDA:50,0,0,24
BRDA:60,1,0,0
BRDA:82,2,0,37
BRDA:82,2,1,0
BRDA:84,3,0,36
BRDA:86,4,0,34
BRDA:90,5,0,0
BRDA:92,6,0,0
BRDA:94,7,0,0
BRDA:135,8,0,5
BRDA:135,8,1,5
BRDA:135,8,2,5
BRDA:141,9,0,4
BRDA:141,10,0,5
BRDA:141,10,1,5
BRDA:148,11,0,0
BRDA:166,12,0,0
BRDA:180,13,0,1
BRDA:212,14,0,1
BRDA:212,15,0,36
BRDA:212,15,1,35
BRDA:218,16,0,0
BRDA:226,17,0,1
BRDA:234,18,0,0
BRF:24
BRH:15
end_of_record
TN:
SF:src\vscode-extension\shared\storage\ReceiptStorageService.ts
FN:9,(anonymous_9)
FN:13,(anonymous_10)
FN:44,(anonymous_11)
FN:73,(anonymous_12)
FN:82,(anonymous_13)
FN:92,(anonymous_14)
FN:124,(anonymous_15)
FN:125,(anonymous_16)
FN:126,(anonymous_17)
FNF:9
FNH:7
FNDA:12,(anonymous_9)
FNDA:20,(anonymous_10)
FNDA:20,(anonymous_11)
FNDA:0,(anonymous_12)
FNDA:0,(anonymous_13)
FNDA:20,(anonymous_14)
FNDA:20,(anonymous_15)
FNDA:20,(anonymous_16)
FNDA:20,(anonymous_17)
DA:1,6
DA:3,6
DA:6,6
DA:10,12
DA:17,20
DA:18,20
DA:19,20
DA:21,20
DA:22,20
DA:24,20
DA:26,20
DA:27,0
DA:30,20
DA:32,20
DA:33,20
DA:35,20
DA:46,20
DA:47,20
DA:49,20
DA:51,20
DA:54,20
DA:55,20
DA:58,13
DA:61,20
DA:62,20
DA:63,20
DA:64,20
DA:65,20
DA:67,20
DA:70,0
DA:71,0
DA:73,0
DA:74,0
DA:76,0
DA:79,20
DA:80,20
DA:81,20
DA:82,20
DA:93,20
DA:95,20
DA:105,20
DA:106,140
DA:107,0
DA:111,20
DA:117,20
DA:118,60
DA:119,0
DA:125,20
DA:126,20
DA:127,20
DA:128,0
DA:130,20
LF:52
LH:43
BRDA:26,0,0,0
BRDA:26,1,0,20
BRDA:26,1,1,20
BRDA:71,2,0,0
BRDA:71,3,0,0
BRDA:71,3,1,0
BRDA:79,4,0,20
BRDA:106,5,0,0
BRDA:118,6,0,0
BRDA:127,7,0,0
BRDA:127,7,1,20
BRF:11
BRH:4
end_of_record
TN:
SF:src\vscode-extension\shared\storage\ReceiptVerifier.ts
FN:15,(anonymous_9)
FN:21,(anonymous_10)
FN:33,(anonymous_11)
FN:36,(anonymous_12)
FN:62,(anonymous_13)
FN:68,(anonymous_14)
FN:73,(anonymous_15)
FN:83,(anonymous_16)
FN:106,(anonymous_17)
FN:157,(anonymous_18)
FNF:10
FNH:8
FNDA:0,(anonymous_9)
FNDA:0,(anonymous_10)
FNDA:124,(anonymous_11)
FNDA:72,(anonymous_12)
FNDA:35,(anonymous_13)
FNDA:87,(anonymous_14)
FNDA:87,(anonymous_15)
FNDA:37,(anonymous_16)
FNDA:35,(anonymous_17)
FNDA:35,(anonymous_18)
DA:1,6
DA:2,6
DA:3,6
DA:4,6
DA:5,6
DA:7,6
DA:12,6
DA:14,6
DA:15,0
DA:16,0
DA:20,6
DA:21,0
DA:22,0
DA:33,6
DA:34,124
DA:36,6
DA:37,72
DA:38,0
DA:41,72
DA:42,0
DA:45,72
DA:46,72
DA:47,0
DA:50,72
DA:51,0
DA:54,72
DA:55,72
DA:56,72
DA:58,0
DA:62,6
DA:63,35
DA:64,0
DA:68,6
DA:69,87
DA:70,87
DA:73,6
DA:74,87
DA:75,0
DA:78,87
DA:79,87
DA:80,87
DA:83,6
DA:87,37
DA:88,0
DA:91,37
DA:92,37
DA:93,0
DA:96,37
DA:97,37
DA:98,37
DA:99,37
DA:101,0
DA:102,0
DA:106,6
DA:109,35
DA:110,0
DA:114,35
DA:115,35
DA:116,35
DA:118,0
DA:121,35
DA:123,35
DA:124,68
DA:125,68
DA:127,68
DA:128,33
DA:131,35
DA:132,35
DA:133,35
DA:135,35
DA:136,0
DA:139,35
DA:140,35
DA:141,0
DA:144,35
DA:145,35
DA:147,35
DA:154,0
DA:157,6
DA:158,35
DA:159,35
LF:81
LH:61
BRDA:34,0,0,124
BRDA:34,0,1,124
BRDA:34,0,2,124
BRDA:37,1,0,0
BRDA:37,2,0,72
BRDA:37,2,1,72
BRDA:41,3,0,0
BRDA:46,4,0,0
BRDA:46,5,0,72
BRDA:46,5,1,72
BRDA:50,6,0,0
BRDA:63,7,0,0
BRDA:63,8,0,35
BRDA:63,8,1,35
BRDA:74,9,0,0
BRDA:87,10,0,0
BRDA:92,11,0,0
BRDA:109,12,0,0
BRDA:127,13,0,33
BRDA:135,14,0,0
BRDA:140,15,0,0
BRDA:159,16,0,35
BRDA:159,16,1,0
BRF:23
BRH:11
end_of_record
TN:
SF:src\vscode-extension\shared\storage\StoragePathResolver.ts
FN:22,(anonymous_9)
FN:41,(anonymous_10)
FN:67,(anonymous_11)
FNF:3
FNH:3
FNDA:106,(anonymous_9)
FNDA:22,(anonymous_10)
FNDA:22,(anonymous_11)
DA:10,14
DA:11,14
DA:12,14
DA:13,14
DA:21,14
DA:23,106
DA:28,106
DA:29,1
DA:32,105
DA:45,22
DA:46,22
DA:48,22
DA:49,22
DA:50,22
DA:51,22
DA:53,0
DA:56,0
DA:62,0
DA:63,0
DA:68,22
LF:20
LH:16
BRDA:23,0,0,106
BRDA:23,0,1,48
BRDA:23,0,2,2
BRDA:23,0,3,1
BRDA:28,1,0,1
BRDA:53,2,0,0
BRDA:53,2,1,0
BRF:7
BRH:5
end_of_record
