{
  "summary": {
    "total_tests": 49,
    "total_passed": 45,
    "total_failed": 3,
    "total_errors": 1,
    "success_rate": 91.83673469387756,
    "execution_time": 656.2485475540161,
    "memory_usage_mb": 46.875,
    "timestamp": "2025-10-24T09:23:07.192571"
  },
  "categories": {
    "constitution_rules": {
      "tests": 0,
      "passed": 0,
      "failed": 0,
      "errors": 0,
      "success_rate": 0,
      "execution_time": 0.0013179779052734375,
      "memory_usage_mb": 0.0078125
    },
    "rule_validation": {
      "tests": 15,
      "passed": 15,
      "failed": 0,
      "errors": 0,
      "success_rate": 100.0,
      "execution_time": 0.012016773223876953,
      "memory_usage_mb": -0.04296875
    },
    "rule_implementations": {
      "tests": 19,
      "passed": 19,
      "failed": 0,
      "errors": 0,
      "success_rate": 100.0,
      "execution_time": 0.032631635665893555,
      "memory_usage_mb": 2.8125
    },
    "performance": {
      "tests": 15,
      "passed": 11,
      "failed": 3,
      "errors": 1,
      "success_rate": 73.33333333333333,
      "execution_time": 656.2025811672211,
      "memory_usage_mb": 44.09765625
    }
  },
  "detailed_results": {
    "constitution_rules": {
      "TestConstitutionRulesBase": {
        "success": true,
        "tests_run": 0,
        "failures": 0,
        "errors": 0,
        "execution_time": 0.0013179779052734375,
        "memory_usage_mb": 0.0078125,
        "category": "constitution_rules"
      }
    },
    "rule_validation": {
      "TestBasicWorkRules": {
        "success": true,
        "tests_run": 5,
        "failures": 0,
        "errors": 0,
        "execution_time": 0.0029494762420654297,
        "memory_usage_mb": 0.03515625,
        "category": "rule_validation",
        "output": "test_rule_2_information_usage (test_rule_validation.TestBasicWorkRules.test_rule_2_information_usage)\nTest Rule 2: Only Use Information You're Given ... ok\ntest_rule_3_privacy_protection (test_rule_validation.TestBasicWorkRules.test_rule_3_privacy_protection)\nTest Rule 3: Protect People's Privacy ... ok\ntest_rule_4_settings_files (test_rule_validation.TestBasicWorkRules.test_rule_4_settings_files)\nTest Rule 4: Use Settings Files, Not Hardcoded Numbers ... ok\ntest_rule_4_settings_usage (test_rule_validation.TestBasicWorkRules.test_rule_4_settings_usage)\nTest Rule 4: Use Settings Files, Not Hardcoded Numbers ... ok\ntest_rule_5_record_keeping (test_rule_validation.TestBasicWorkRules.test_rule_5_record_keeping)\nTest Rule 5: Keep Good Records ... ok\n\n----------------------------------------------------------------------\nRan 5 tests in 0.003s\n\nOK\n"
      },
      "TestSystemDesignRules": {
        "success": true,
        "tests_run": 3,
        "failures": 0,
        "errors": 0,
        "execution_time": 0.0012063980102539062,
        "memory_usage_mb": 0.0,
        "category": "rule_validation",
        "output": "test_rule_22_architecture_consistency (test_rule_validation.TestSystemDesignRules.test_rule_22_architecture_consistency)\nTest Rule 22: Architecture Consistency ... ok\ntest_rule_25_separation_of_concerns (test_rule_validation.TestSystemDesignRules.test_rule_25_separation_of_concerns)\nTest Rule 25: Separation of Concerns ... ok\ntest_rule_26_dependency_injection (test_rule_validation.TestSystemDesignRules.test_rule_26_dependency_injection)\nTest Rule 26: Dependency Injection ... ok\n\n----------------------------------------------------------------------\nRan 3 tests in 0.001s\n\nOK\n"
      },
      "TestTeamworkRules": {
        "success": true,
        "tests_run": 2,
        "failures": 0,
        "errors": 0,
        "execution_time": 0.0013074874877929688,
        "memory_usage_mb": 0.0,
        "category": "rule_validation",
        "output": "test_rule_52_collaboration_standards (test_rule_validation.TestTeamworkRules.test_rule_52_collaboration_standards)\nTest Rule 52: Collaboration Standards ... ok\ntest_rule_53_code_review_readiness (test_rule_validation.TestTeamworkRules.test_rule_53_code_review_readiness)\nTest Rule 53: Code Review Readiness ... ok\n\n----------------------------------------------------------------------\nRan 2 tests in 0.000s\n\nOK\n"
      },
      "TestCodingStandardsRules": {
        "success": true,
        "tests_run": 2,
        "failures": 0,
        "errors": 0,
        "execution_time": 0.001102447509765625,
        "memory_usage_mb": 0.0078125,
        "category": "rule_validation",
        "output": "test_rule_function_length (test_rule_validation.TestCodingStandardsRules.test_rule_function_length)\nTest function length rules ... ok\ntest_rule_naming_conventions (test_rule_validation.TestCodingStandardsRules.test_rule_naming_conventions)\nTest naming convention rules ... ok\n\n----------------------------------------------------------------------\nRan 2 tests in 0.001s\n\nOK\n"
      },
      "TestRuleIntegration": {
        "success": true,
        "tests_run": 3,
        "failures": 0,
        "errors": 0,
        "execution_time": 0.0054509639739990234,
        "memory_usage_mb": -0.0859375,
        "category": "rule_validation",
        "output": "test_multiple_rule_violations (test_rule_implementations.TestRuleIntegration.test_multiple_rule_violations)\nTest detection of multiple rule violations. ... ok\ntest_rule_dependency_handling (test_rule_implementations.TestRuleIntegration.test_rule_dependency_handling)\nTest handling of rule dependencies. ... ok\ntest_rule_priority_handling (test_rule_implementations.TestRuleIntegration.test_rule_priority_handling)\nTest that rule priorities are properly handled. ... ok\n\n----------------------------------------------------------------------\nRan 3 tests in 0.005s\n\nOK\n"
      }
    },
    "rule_implementations": {
      "TestBasicWorkRuleImplementations": {
        "success": true,
        "tests_run": 5,
        "failures": 0,
        "errors": 0,
        "execution_time": 0.006610870361328125,
        "memory_usage_mb": 0.4609375,
        "category": "rule_implementations",
        "output": "test_rule_1_documentation_implementation (test_rule_implementations.TestBasicWorkRuleImplementations.test_rule_1_documentation_implementation)\nTest Rule 1: Documentation Required - Implementation ... ok\ntest_rule_2_information_usage_implementation (test_rule_implementations.TestBasicWorkRuleImplementations.test_rule_2_information_usage_implementation)\nTest Rule 2: Only Use Information You're Given - Implementation ... ok\ntest_rule_3_privacy_protection_implementation (test_rule_implementations.TestBasicWorkRuleImplementations.test_rule_3_privacy_protection_implementation)\nTest Rule 3: Protect People's Privacy - Implementation ... ok\ntest_rule_4_settings_files_implementation (test_rule_implementations.TestBasicWorkRuleImplementations.test_rule_4_settings_files_implementation)\nTest Rule 4: Use Settings Files, Not Hardcoded Numbers - Implementation ... ok\ntest_rule_5_record_keeping_implementation (test_rule_implementations.TestBasicWorkRuleImplementations.test_rule_5_record_keeping_implementation)\nTest Rule 5: Keep Good Records - Implementation ... ok\n\n----------------------------------------------------------------------\nRan 5 tests in 0.006s\n\nOK\n"
      },
      "TestSystemDesignRuleImplementations": {
        "success": true,
        "tests_run": 3,
        "failures": 0,
        "errors": 0,
        "execution_time": 0.007066488265991211,
        "memory_usage_mb": 0.44140625,
        "category": "rule_implementations",
        "output": "test_rule_22_architecture_consistency_implementation (test_rule_implementations.TestSystemDesignRuleImplementations.test_rule_22_architecture_consistency_implementation)\nTest Rule 22: Architecture Consistency - Implementation ... ok\ntest_rule_25_separation_of_concerns_implementation (test_rule_implementations.TestSystemDesignRuleImplementations.test_rule_25_separation_of_concerns_implementation)\nTest Rule 25: Separation of Concerns - Implementation ... ok\ntest_rule_26_dependency_injection_implementation (test_rule_implementations.TestSystemDesignRuleImplementations.test_rule_26_dependency_injection_implementation)\nTest Rule 26: Dependency Injection - Implementation ... ok\n\n----------------------------------------------------------------------\nRan 3 tests in 0.007s\n\nOK\n"
      },
      "TestTeamworkRuleImplementations": {
        "success": true,
        "tests_run": 2,
        "failures": 0,
        "errors": 0,
        "execution_time": 0.003397703170776367,
        "memory_usage_mb": 0.5,
        "category": "rule_implementations",
        "output": "test_rule_52_collaboration_standards_implementation (test_rule_implementations.TestTeamworkRuleImplementations.test_rule_52_collaboration_standards_implementation)\nTest Rule 52: Collaboration Standards - Implementation ... ok\ntest_rule_53_code_review_readiness_implementation (test_rule_implementations.TestTeamworkRuleImplementations.test_rule_53_code_review_readiness_implementation)\nTest Rule 53: Code Review Readiness - Implementation ... ok\n\n----------------------------------------------------------------------\nRan 2 tests in 0.004s\n\nOK\n"
      },
      "TestCodingStandardsRuleImplementations": {
        "success": true,
        "tests_run": 2,
        "failures": 0,
        "errors": 0,
        "execution_time": 0.006767749786376953,
        "memory_usage_mb": 0.37890625,
        "category": "rule_implementations",
        "output": "test_function_length_implementation (test_rule_implementations.TestCodingStandardsRuleImplementations.test_function_length_implementation)\nTest function length rules implementation. ... ok\ntest_naming_conventions_implementation (test_rule_implementations.TestCodingStandardsRuleImplementations.test_naming_conventions_implementation)\nTest naming convention rules implementation. ... ok\n\n----------------------------------------------------------------------\nRan 2 tests in 0.005s\n\nOK\n"
      },
      "TestRuleEdgeCases": {
        "success": true,
        "tests_run": 4,
        "failures": 0,
        "errors": 0,
        "execution_time": 0.0061798095703125,
        "memory_usage_mb": 0.5234375,
        "category": "rule_implementations",
        "output": "test_empty_file_handling (test_rule_implementations.TestRuleEdgeCases.test_empty_file_handling)\nTest handling of empty files. ... ok\ntest_malformed_code_handling (test_rule_implementations.TestRuleEdgeCases.test_malformed_code_handling)\nTest handling of malformed code. ... ok\ntest_unicode_handling (test_rule_implementations.TestRuleEdgeCases.test_unicode_handling)\nTest handling of Unicode characters. ... ok\ntest_very_long_lines_handling (test_rule_implementations.TestRuleEdgeCases.test_very_long_lines_handling)\nTest handling of very long lines. ... ok\n\n----------------------------------------------------------------------\nRan 4 tests in 0.006s\n\nOK\n"
      },
      "TestRuleIntegration": {
        "success": true,
        "tests_run": 3,
        "failures": 0,
        "errors": 0,
        "execution_time": 0.0026090145111083984,
        "memory_usage_mb": 0.5078125,
        "category": "rule_implementations",
        "output": "test_multiple_rule_violations (test_rule_implementations.TestRuleIntegration.test_multiple_rule_violations)\nTest detection of multiple rule violations. ... ok\ntest_rule_dependency_handling (test_rule_implementations.TestRuleIntegration.test_rule_dependency_handling)\nTest handling of rule dependencies. ... ok\ntest_rule_priority_handling (test_rule_implementations.TestRuleIntegration.test_rule_priority_handling)\nTest that rule priorities are properly handled. ... ok\n\n----------------------------------------------------------------------\nRan 3 tests in 0.005s\n\nOK\n"
      }
    },
    "performance": {
      "TestValidationPerformance": {
        "success": false,
        "tests_run": 4,
        "failures": 2,
        "errors": 0,
        "execution_time": 515.7700190544128,
        "memory_usage_mb": 37.125,
        "category": "performance",
        "output": "test_large_file_validation_performance (test_performance.TestValidationPerformance.test_large_file_validation_performance)\nTest validation performance on large files. ... ok\ntest_medium_file_validation_performance (test_performance.TestValidationPerformance.test_medium_file_validation_performance)\nTest validation performance on medium files. ... ok\ntest_small_file_validation_performance (test_performance.TestValidationPerformance.test_small_file_validation_performance)\nTest validation performance on small files. ... FAIL\ntest_very_large_file_validation_performance (test_performance.TestValidationPerformance.test_very_large_file_validation_performance)\nTest validation performance on very large files. ... FAIL\n\n======================================================================\nFAIL: test_small_file_validation_performance (test_performance.TestValidationPerformance.test_small_file_validation_performance)\nTest validation performance on small files.\n----------------------------------------------------------------------\nTraceback (most recent call last):\n  File \"D:\\Projects\\ZeroUI2.0\\tests\\test_performance.py\", line 156, in test_small_file_validation_performance\n    self.assertLessEqual(result.total_violations, 50,\nAssertionError: 326 not less than or equal to 50 : Small file should not have excessive violations\n\n======================================================================\nFAIL: test_very_large_file_validation_performance (test_performance.TestValidationPerformance.test_very_large_file_validation_performance)\nTest validation performance on very large files.\n----------------------------------------------------------------------\nTraceback (most recent call last):\n  File \"D:\\Projects\\ZeroUI2.0\\tests\\test_performance.py\", line 198, in test_very_large_file_validation_performance\n    self.assertLess(execution_time, 60.0,\nAssertionError: 503.3447425365448 not less than 60.0 : Very large file validation took 503.345s, expected < 60.0s\n\n----------------------------------------------------------------------\nRan 4 tests in 515.767s\n\nFAILED (failures=2)\n"
      },
      "TestMemoryUsage": {
        "success": true,
        "tests_run": 4,
        "failures": 0,
        "errors": 0,
        "execution_time": 21.94725012779236,
        "memory_usage_mb": 0.5625,
        "category": "performance",
        "output": "test_memory_leak_detection (test_performance.TestMemoryUsage.test_memory_leak_detection)\nTest for memory leaks in repeated validation. ... ok\ntest_memory_usage_large_file (test_performance.TestMemoryUsage.test_memory_usage_large_file)\nTest memory usage for large file validation. ... ok\ntest_memory_usage_medium_file (test_performance.TestMemoryUsage.test_memory_usage_medium_file)\nTest memory usage for medium file validation. ... ok\ntest_memory_usage_small_file (test_performance.TestMemoryUsage.test_memory_usage_small_file)\nTest memory usage for small file validation. ... ok\n\n----------------------------------------------------------------------\nRan 4 tests in 21.948s\n\nOK\n"
      },
      "TestConcurrentValidation": {
        "success": false,
        "tests_run": 2,
        "failures": 0,
        "errors": 1,
        "execution_time": 10.687606811523438,
        "memory_usage_mb": -0.91796875,
        "category": "performance",
        "output": "test_concurrent_validation_processes (test_performance.TestConcurrentValidation.test_concurrent_validation_processes)\nTest validation performance with multiple processes. ... ERROR\ntest_concurrent_validation_threads (test_performance.TestConcurrentValidation.test_concurrent_validation_threads)\nTest validation performance with multiple threads. ... ok\n\n======================================================================\nERROR: test_concurrent_validation_processes (test_performance.TestConcurrentValidation.test_concurrent_validation_processes)\nTest validation performance with multiple processes.\n----------------------------------------------------------------------\nconcurrent.futures.process._RemoteTraceback: \n\"\"\"\nTraceback (most recent call last):\n  File \"C:\\Users\\pc\\AppData\\Local\\Programs\\Python\\Python311\\Lib\\multiprocessing\\queues.py\", line 244, in _feed\n    obj = _ForkingPickler.dumps(obj)\n          ^^^^^^^^^^^^^^^^^^^^^^^^^^\n  File \"C:\\Users\\pc\\AppData\\Local\\Programs\\Python\\Python311\\Lib\\multiprocessing\\reduction.py\", line 51, in dumps\n    cls(buf, protocol).dump(obj)\nAttributeError: Can't pickle local object 'TestConcurrentValidation.test_concurrent_validation_processes.<locals>.validate_file_process'\n\"\"\"\n\nThe above exception was the direct cause of the following exception:\n\nTraceback (most recent call last):\n  File \"D:\\Projects\\ZeroUI2.0\\tests\\test_performance.py\", line 318, in test_concurrent_validation_processes\n    results = [future.result() for future in futures]\n              ^^^^^^^^^^^^^^^^^^^^^^^^^^^^^^^^^^^^^^^\n  File \"D:\\Projects\\ZeroUI2.0\\tests\\test_performance.py\", line 318, in <listcomp>\n    results = [future.result() for future in futures]\n               ^^^^^^^^^^^^^^^\n  File \"C:\\Users\\pc\\AppData\\Local\\Programs\\Python\\Python311\\Lib\\concurrent\\futures\\_base.py\", line 456, in result\n    return self.__get_result()\n           ^^^^^^^^^^^^^^^^^^^\n  File \"C:\\Users\\pc\\AppData\\Local\\Programs\\Python\\Python311\\Lib\\concurrent\\futures\\_base.py\", line 401, in __get_result\n    raise self._exception\n  File \"C:\\Users\\pc\\AppData\\Local\\Programs\\Python\\Python311\\Lib\\multiprocessing\\queues.py\", line 244, in _feed\n    obj = _ForkingPickler.dumps(obj)\n          ^^^^^^^^^^^^^^^^^^^^^^^^^^\n  File \"C:\\Users\\pc\\AppData\\Local\\Programs\\Python\\Python311\\Lib\\multiprocessing\\reduction.py\", line 51, in dumps\n    cls(buf, protocol).dump(obj)\nAttributeError: Can't pickle local object 'TestConcurrentValidation.test_concurrent_validation_processes.<locals>.validate_file_process'\n\n----------------------------------------------------------------------\nRan 2 tests in 10.686s\n\nFAILED (errors=1)\n"
      },
      "TestStressValidation": {
        "success": false,
        "tests_run": 3,
        "failures": 1,
        "errors": 0,
        "execution_time": 92.31404566764832,
        "memory_usage_mb": 5.94921875,
        "category": "performance",
        "output": "test_memory_pressure_stress (test_performance.TestStressValidation.test_memory_pressure_stress)\nTest validation under memory pressure. ... ok\ntest_mixed_file_sizes_stress (test_performance.TestStressValidation.test_mixed_file_sizes_stress)\nTest validation with mixed file sizes. ... FAIL\ntest_rapid_validation_stress (test_performance.TestStressValidation.test_rapid_validation_stress)\nTest rapid successive validation calls. ... ok\n\n======================================================================\nFAIL: test_mixed_file_sizes_stress (test_performance.TestStressValidation.test_mixed_file_sizes_stress)\nTest validation with mixed file sizes.\n----------------------------------------------------------------------\nTraceback (most recent call last):\n  File \"D:\\Projects\\ZeroUI2.0\\tests\\test_performance.py\", line 378, in test_mixed_file_sizes_stress\n    self.assertLess(execution_time, 60.0,\nAssertionError: 84.64373707771301 not less than 60.0 : Mixed validation took 84.644s, expected < 60.0s\n\n----------------------------------------------------------------------\nRan 3 tests in 92.328s\n\nFAILED (failures=1)\n"
      },
      "TestScalability": {
        "success": true,
        "tests_run": 2,
        "failures": 0,
        "errors": 0,
        "execution_time": 15.483659505844116,
        "memory_usage_mb": 1.37890625,
        "category": "performance",
        "output": "test_file_size_scalability (test_performance.TestScalability.test_file_size_scalability)\nTest that validation scales with file size. ... ok\ntest_rule_count_scalability (test_performance.TestScalability.test_rule_count_scalability)\nTest that validation scales with rule count. ... ok\n\n----------------------------------------------------------------------\nRan 2 tests in 15.468s\n\nOK\n"
      }
    }
  },
  "metrics": {
    "summary": {
      "total_tests": 17,
      "passed_tests": 14,
      "failed_tests": 3,
      "skipped_tests": 0,
      "success_rate": 82.35294117647058,
      "execution_time": 656.2505655288696,
      "memory_usage_mb": 46.90234375
    },
    "test_results": [
      {
        "test_name": "constitution_rules_TestConstitutionRulesBase",
        "result": "passed",
        "execution_time": 0.0013179779052734375,
        "memory_usage": 8192,
        "timestamp": 1761277330.9433243
      },
      {
        "test_name": "rule_validation_TestBasicWorkRules",
        "result": "passed",
        "execution_time": 0.0029494762420654297,
        "memory_usage": 36864,
        "timestamp": 1761277330.9462738
      },
      {
        "test_name": "rule_validation_TestSystemDesignRules",
        "result": "passed",
        "execution_time": 0.0012063980102539062,
        "memory_usage": 0,
        "timestamp": 1761277330.9474802
      },
      {
        "test_name": "rule_validation_TestTeamworkRules",
        "result": "passed",
        "execution_time": 0.0013074874877929688,
        "memory_usage": 0,
        "timestamp": 1761277330.9487877
      },
      {
        "test_name": "rule_validation_TestCodingStandardsRules",
        "result": "passed",
        "execution_time": 0.001102447509765625,
        "memory_usage": 8192,
        "timestamp": 1761277330.9498901
      },
      {
        "test_name": "rule_validation_TestRuleIntegration",
        "result": "passed",
        "execution_time": 0.0054509639739990234,
        "memory_usage": -90112,
        "timestamp": 1761277330.955341
      },
      {
        "test_name": "rule_implementations_TestBasicWorkRuleImplementations",
        "result": "passed",
        "execution_time": 0.006610870361328125,
        "memory_usage": 483328,
        "timestamp": 1761277330.961952
      },
      {
        "test_name": "rule_implementations_TestSystemDesignRuleImplementations",
        "result": "passed",
        "execution_time": 0.007066488265991211,
        "memory_usage": 462848,
        "timestamp": 1761277330.9690185
      },
      {
        "test_name": "rule_implementations_TestTeamworkRuleImplementations",
        "result": "passed",
        "execution_time": 0.003397703170776367,
        "memory_usage": 524288,
        "timestamp": 1761277330.973437
      },
      {
        "test_name": "rule_implementations_TestCodingStandardsRuleImplementations",
        "result": "passed",
        "execution_time": 0.006767749786376953,
        "memory_usage": 397312,
        "timestamp": 1761277330.9802048
      },
      {
        "test_name": "rule_implementations_TestRuleEdgeCases",
        "result": "passed",
        "execution_time": 0.0061798095703125,
        "memory_usage": 548864,
        "timestamp": 1761277330.9863846
      },
      {
        "test_name": "rule_implementations_TestRuleIntegration",
        "result": "passed",
        "execution_time": 0.0026090145111083984,
        "memory_usage": 532480,
        "timestamp": 1761277330.9899907
      },
      {
        "test_name": "performance_TestValidationPerformance",
        "result": "failed",
        "execution_time": 515.7700190544128,
        "memory_usage": 38928384,
        "timestamp": 1761277846.7600098
      },
      {
        "test_name": "performance_TestMemoryUsage",
        "result": "passed",
        "execution_time": 21.94725012779236,
        "memory_usage": 589824,
        "timestamp": 1761277868.70726
      },
      {
        "test_name": "performance_TestConcurrentValidation",
        "result": "failed",
        "execution_time": 10.687606811523438,
        "memory_usage": -962560,
        "timestamp": 1761277879.3948667
      },
      {
        "test_name": "performance_TestStressValidation",
        "result": "failed",
        "execution_time": 92.31404566764832,
        "memory_usage": 6238208,
        "timestamp": 1761277971.7089124
      },
      {
        "test_name": "performance_TestScalability",
        "result": "passed",
        "execution_time": 15.483659505844116,
        "memory_usage": 1445888,
        "timestamp": 1761277987.1925719
      }
    ],
    "performance_metrics": {
      "average_test_time": 38.60285573847153,
      "slowest_test": {
        "test_name": "performance_TestValidationPerformance",
        "result": "failed",
        "execution_time": 515.7700190544128,
        "memory_usage": 38928384,
        "timestamp": 1761277846.7600098
      },
      "fastest_test": {
        "test_name": "rule_validation_TestCodingStandardsRules",
        "result": "passed",
        "execution_time": 0.001102447509765625,
        "memory_usage": 8192,
        "timestamp": 1761277330.9498901
      }
    }
  }
}