{
  "summary": {
    "total_tests": 130,
    "total_passed": 127,
    "total_failed": 1,
    "total_errors": 2,
    "success_rate": 97.6923076923077,
    "execution_time": 4.01720666885376,
    "memory_usage_mb": 2.56640625,
    "timestamp": "2025-10-24T12:02:59.051001"
  },
  "categories": {
    "constitution_rules": {
      "tests": 25,
      "passed": 25,
      "failed": 0,
      "errors": 0,
      "success_rate": 100.0,
      "execution_time": 0.2770354747772217,
      "memory_usage_mb": -0.16015625
    },
    "rule_validation": {
      "tests": 15,
      "passed": 15,
      "failed": 0,
      "errors": 0,
      "success_rate": 100.0,
      "execution_time": 0.01696324348449707,
      "memory_usage_mb": -0.01953125
    },
    "rule_implementations": {
      "tests": 19,
      "passed": 19,
      "failed": 0,
      "errors": 0,
      "success_rate": 100.0,
      "execution_time": 0.0845646858215332,
      "memory_usage_mb": 0.00390625
    },
    "performance": {
      "tests": 9,
      "passed": 9,
      "failed": 0,
      "errors": 0,
      "success_rate": 100.0,
      "execution_time": 0.0010349750518798828,
      "memory_usage_mb": 0.0
    },
    "individual_rules": {
      "tests": 10,
      "passed": 10,
      "failed": 0,
      "errors": 0,
      "success_rate": 100.0,
      "execution_time": 0.5589311122894287,
      "memory_usage_mb": 0.01171875
    },
    "rule_implementation_logic": {
      "tests": 10,
      "passed": 10,
      "failed": 0,
      "errors": 0,
      "success_rate": 100.0,
      "execution_time": 0.5712683200836182,
      "memory_usage_mb": 0.0
    },
    "rule_compliance_validation": {
      "tests": 10,
      "passed": 10,
      "failed": 0,
      "errors": 0,
      "success_rate": 100.0,
      "execution_time": 0.5645341873168945,
      "memory_usage_mb": 0.0
    },
    "all_293_rules": {
      "tests": 19,
      "passed": 19,
      "failed": 0,
      "errors": 0,
      "success_rate": 100.0,
      "execution_time": 1.2735657691955566,
      "memory_usage_mb": 3.15234375
    },
    "remaining_rules_32_293": {
      "tests": 10,
      "passed": 10,
      "failed": 0,
      "errors": 0,
      "success_rate": 100.0,
      "execution_time": 0.5548162460327148,
      "memory_usage_mb": 0.0
    },
    "complete_293_rules_coverage": {
      "tests": 3,
      "passed": 0,
      "failed": 1,
      "errors": 2,
      "success_rate": 0.0,
      "execution_time": 0.11449265480041504,
      "memory_usage_mb": -0.421875
    }
  },
  "detailed_results": {
    "constitution_rules": {
      "TestRuleStructure": {
        "success": true,
        "tests_run": 5,
        "failures": 0,
        "errors": 0,
        "execution_time": 0.059174299240112305,
        "memory_usage_mb": -0.3671875,
        "category": "constitution_rules",
        "output": "test_all_rules_have_required_fields (test_constitution_rules.TestRuleStructure.test_all_rules_have_required_fields)\nVerify all rules have required metadata fields. ... ok\ntest_priority_levels_consistency (test_constitution_rules.TestRuleStructure.test_priority_levels_consistency)\nVerify all rules have valid priority levels. ... ok\ntest_rule_categories_consistency (test_constitution_rules.TestRuleStructure.test_rule_categories_consistency)\nVerify rule categories match category definitions. ... ok\ntest_rule_numbering_sequence (test_constitution_rules.TestRuleStructure.test_rule_numbering_sequence)\nVerify rule numbers are sequential from 1 to 293. ... ok\ntest_total_rule_count (test_constitution_rules.TestRuleStructure.test_total_rule_count)\nVerify exactly 293 rules exist. ... ok\n\n----------------------------------------------------------------------\nRan 5 tests in 0.059s\n\nOK\n"
      },
      "TestRuleCategories": {
        "success": true,
        "tests_run": 2,
        "failures": 0,
        "errors": 0,
        "execution_time": 0.022032499313354492,
        "memory_usage_mb": -0.01953125,
        "category": "constitution_rules",
        "output": "test_category_rule_counts (test_constitution_rules.TestRuleCategories.test_category_rule_counts)\nVerify category rule counts match expectations. ... ok\ntest_critical_priority_rules (test_constitution_rules.TestRuleCategories.test_critical_priority_rules)\nVerify critical priority rules are properly identified. ... ok\n\n----------------------------------------------------------------------\nRan 2 tests in 0.022s\n\nOK\n"
      },
      "TestRuleValidation": {
        "success": true,
        "tests_run": 2,
        "failures": 0,
        "errors": 0,
        "execution_time": 0.02376246452331543,
        "memory_usage_mb": 0.03515625,
        "category": "constitution_rules",
        "output": "test_rule_enable_disable_functionality (test_constitution_rules.TestRuleValidation.test_rule_enable_disable_functionality)\nTest rule enable/disable functionality. ... ok\ntest_rule_validation_consistency (test_constitution_rules.TestRuleValidation.test_rule_validation_consistency)\nTest that rule validation is consistent across validators. ... ok\n\n----------------------------------------------------------------------\nRan 2 tests in 0.023s\n\nOK\n"
      },
      "TestSpecificRuleCategories": {
        "success": true,
        "tests_run": 3,
        "failures": 0,
        "errors": 0,
        "execution_time": 0.03081226348876953,
        "memory_usage_mb": 0.03515625,
        "category": "constitution_rules",
        "output": "test_basic_work_rules (test_constitution_rules.TestSpecificRuleCategories.test_basic_work_rules)\nTest basic work rules (rules 1-18). ... ok\ntest_system_design_rules (test_constitution_rules.TestSpecificRuleCategories.test_system_design_rules)\nTest system design rules. ... ok\ntest_teamwork_rules (test_constitution_rules.TestSpecificRuleCategories.test_teamwork_rules)\nTest teamwork rules. ... ok\n\n----------------------------------------------------------------------\nRan 3 tests in 0.031s\n\nOK\n"
      },
      "TestRuleContentValidation": {
        "success": true,
        "tests_run": 3,
        "failures": 0,
        "errors": 0,
        "execution_time": 0.03348803520202637,
        "memory_usage_mb": 0.05859375,
        "category": "constitution_rules",
        "output": "test_rule_configuration_consistency (test_constitution_rules.TestRuleContentValidation.test_rule_configuration_consistency)\nTest rule configuration consistency. ... ok\ntest_rule_content_consistency (test_constitution_rules.TestRuleContentValidation.test_rule_content_consistency)\nTest rule content consistency and format. ... ok\ntest_rule_titles_not_empty (test_constitution_rules.TestRuleContentValidation.test_rule_titles_not_empty)\nVerify all rules have non-empty titles. ... ok\n\n----------------------------------------------------------------------\nRan 3 tests in 0.033s\n\nOK\n"
      },
      "TestRulePerformance": {
        "success": true,
        "tests_run": 2,
        "failures": 0,
        "errors": 0,
        "execution_time": 0.024782657623291016,
        "memory_usage_mb": 0.09375,
        "category": "constitution_rules",
        "output": "test_memory_usage_efficiency (test_constitution_rules.TestRulePerformance.test_memory_usage_efficiency)\nTest that validation doesn't consume excessive memory. ... ok\ntest_validation_performance (test_constitution_rules.TestRulePerformance.test_validation_performance)\nTest that validation completes within acceptable time limits. ... ok\n\n----------------------------------------------------------------------\nRan 2 tests in 0.025s\n\nOK\n"
      },
      "TestRuleIntegration": {
        "success": true,
        "tests_run": 3,
        "failures": 0,
        "errors": 0,
        "execution_time": 0.02382349967956543,
        "memory_usage_mb": -0.03515625,
        "category": "constitution_rules",
        "output": "test_multiple_rule_violations (test_rule_implementations.TestRuleIntegration.test_multiple_rule_violations)\nTest detection of multiple rule violations. ... ok\ntest_rule_dependency_handling (test_rule_implementations.TestRuleIntegration.test_rule_dependency_handling)\nTest handling of rule dependencies. ... ok\ntest_rule_priority_handling (test_rule_implementations.TestRuleIntegration.test_rule_priority_handling)\nTest that rule priorities are properly handled. ... ok\n\n----------------------------------------------------------------------\nRan 3 tests in 0.023s\n\nOK\n"
      },
      "TestRuleErrorHandling": {
        "success": true,
        "tests_run": 3,
        "failures": 0,
        "errors": 0,
        "execution_time": 0.0378727912902832,
        "memory_usage_mb": 0.03125,
        "category": "constitution_rules",
        "output": "test_invalid_rule_id_handling (test_constitution_rules.TestRuleErrorHandling.test_invalid_rule_id_handling)\nTest handling of invalid rule IDs. ... ok\ntest_malformed_rule_data_handling (test_constitution_rules.TestRuleErrorHandling.test_malformed_rule_data_handling)\nTest handling of malformed rule data. ... ok\ntest_rule_validation_with_empty_content (test_constitution_rules.TestRuleErrorHandling.test_rule_validation_with_empty_content)\nTest rule validation with empty file content. ... ok\n\n----------------------------------------------------------------------\nRan 3 tests in 0.038s\n\nOK\n"
      },
      "TestRuleReporting": {
        "success": true,
        "tests_run": 2,
        "failures": 0,
        "errors": 0,
        "execution_time": 0.021286964416503906,
        "memory_usage_mb": 0.0078125,
        "category": "constitution_rules",
        "output": "test_rule_metrics_collection (test_constitution_rules.TestRuleReporting.test_rule_metrics_collection)\nTest collection of rule validation metrics. ... ok\ntest_violation_reporting (test_constitution_rules.TestRuleReporting.test_violation_reporting)\nTest violation reporting accuracy. ... ok\n\n----------------------------------------------------------------------\nRan 2 tests in 0.021s\n\nOK\n"
      }
    },
    "rule_validation": {
      "TestBasicWorkRules": {
        "success": true,
        "tests_run": 5,
        "failures": 0,
        "errors": 0,
        "execution_time": 0.002051115036010742,
        "memory_usage_mb": 0.01171875,
        "category": "rule_validation",
        "output": "test_rule_2_information_usage (test_rule_validation.TestBasicWorkRules.test_rule_2_information_usage)\nTest Rule 2: Only Use Information You're Given ... ok\ntest_rule_3_privacy_protection (test_rule_validation.TestBasicWorkRules.test_rule_3_privacy_protection)\nTest Rule 3: Protect People's Privacy ... ok\ntest_rule_4_settings_files (test_rule_validation.TestBasicWorkRules.test_rule_4_settings_files)\nTest Rule 4: Use Settings Files, Not Hardcoded Numbers ... ok\ntest_rule_4_settings_usage (test_rule_validation.TestBasicWorkRules.test_rule_4_settings_usage)\nTest Rule 4: Use Settings Files, Not Hardcoded Numbers ... ok\ntest_rule_5_record_keeping (test_rule_validation.TestBasicWorkRules.test_rule_5_record_keeping)\nTest Rule 5: Keep Good Records ... ok\n\n----------------------------------------------------------------------\nRan 5 tests in 0.001s\n\nOK\n"
      },
      "TestSystemDesignRules": {
        "success": true,
        "tests_run": 3,
        "failures": 0,
        "errors": 0,
        "execution_time": 0.0,
        "memory_usage_mb": 0.0,
        "category": "rule_validation",
        "output": "test_rule_22_architecture_consistency (test_rule_validation.TestSystemDesignRules.test_rule_22_architecture_consistency)\nTest Rule 22: Architecture Consistency ... ok\ntest_rule_25_separation_of_concerns (test_rule_validation.TestSystemDesignRules.test_rule_25_separation_of_concerns)\nTest Rule 25: Separation of Concerns ... ok\ntest_rule_26_dependency_injection (test_rule_validation.TestSystemDesignRules.test_rule_26_dependency_injection)\nTest Rule 26: Dependency Injection ... ok\n\n----------------------------------------------------------------------\nRan 3 tests in 0.001s\n\nOK\n"
      },
      "TestTeamworkRules": {
        "success": true,
        "tests_run": 2,
        "failures": 0,
        "errors": 0,
        "execution_time": 0.001026153564453125,
        "memory_usage_mb": 0.0,
        "category": "rule_validation",
        "output": "test_rule_52_collaboration_standards (test_rule_validation.TestTeamworkRules.test_rule_52_collaboration_standards)\nTest Rule 52: Collaboration Standards ... ok\ntest_rule_53_code_review_readiness (test_rule_validation.TestTeamworkRules.test_rule_53_code_review_readiness)\nTest Rule 53: Code Review Readiness ... ok\n\n----------------------------------------------------------------------\nRan 2 tests in 0.000s\n\nOK\n"
      },
      "TestCodingStandardsRules": {
        "success": true,
        "tests_run": 2,
        "failures": 0,
        "errors": 0,
        "execution_time": 0.0,
        "memory_usage_mb": 0.0,
        "category": "rule_validation",
        "output": "test_rule_function_length (test_rule_validation.TestCodingStandardsRules.test_rule_function_length)\nTest function length rules ... ok\ntest_rule_naming_conventions (test_rule_validation.TestCodingStandardsRules.test_rule_naming_conventions)\nTest naming convention rules ... ok\n\n----------------------------------------------------------------------\nRan 2 tests in 0.000s\n\nOK\n"
      },
      "TestRuleIntegration": {
        "success": true,
        "tests_run": 3,
        "failures": 0,
        "errors": 0,
        "execution_time": 0.013885974884033203,
        "memory_usage_mb": -0.03125,
        "category": "rule_validation",
        "output": "test_multiple_rule_violations (test_rule_implementations.TestRuleIntegration.test_multiple_rule_violations)\nTest detection of multiple rule violations. ... ok\ntest_rule_dependency_handling (test_rule_implementations.TestRuleIntegration.test_rule_dependency_handling)\nTest handling of rule dependencies. ... ok\ntest_rule_priority_handling (test_rule_implementations.TestRuleIntegration.test_rule_priority_handling)\nTest that rule priorities are properly handled. ... ok\n\n----------------------------------------------------------------------\nRan 3 tests in 0.013s\n\nOK\n"
      }
    },
    "rule_implementations": {
      "TestBasicWorkRuleImplementations": {
        "success": true,
        "tests_run": 5,
        "failures": 0,
        "errors": 0,
        "execution_time": 0.022206783294677734,
        "memory_usage_mb": -0.01953125,
        "category": "rule_implementations",
        "output": "test_rule_1_documentation_implementation (test_rule_implementations.TestBasicWorkRuleImplementations.test_rule_1_documentation_implementation)\nTest Rule 1: Documentation Required - Implementation ... ok\ntest_rule_2_information_usage_implementation (test_rule_implementations.TestBasicWorkRuleImplementations.test_rule_2_information_usage_implementation)\nTest Rule 2: Only Use Information You're Given - Implementation ... ok\ntest_rule_3_privacy_protection_implementation (test_rule_implementations.TestBasicWorkRuleImplementations.test_rule_3_privacy_protection_implementation)\nTest Rule 3: Protect People's Privacy - Implementation ... ok\ntest_rule_4_settings_files_implementation (test_rule_implementations.TestBasicWorkRuleImplementations.test_rule_4_settings_files_implementation)\nTest Rule 4: Use Settings Files, Not Hardcoded Numbers - Implementation ... ok\ntest_rule_5_record_keeping_implementation (test_rule_implementations.TestBasicWorkRuleImplementations.test_rule_5_record_keeping_implementation)\nTest Rule 5: Keep Good Records - Implementation ... ok\n\n----------------------------------------------------------------------\nRan 5 tests in 0.022s\n\nOK\n"
      },
      "TestSystemDesignRuleImplementations": {
        "success": true,
        "tests_run": 3,
        "failures": 0,
        "errors": 0,
        "execution_time": 0.01423025131225586,
        "memory_usage_mb": 0.015625,
        "category": "rule_implementations",
        "output": "test_rule_22_architecture_consistency_implementation (test_rule_implementations.TestSystemDesignRuleImplementations.test_rule_22_architecture_consistency_implementation)\nTest Rule 22: Architecture Consistency - Implementation ... ok\ntest_rule_25_separation_of_concerns_implementation (test_rule_implementations.TestSystemDesignRuleImplementations.test_rule_25_separation_of_concerns_implementation)\nTest Rule 25: Separation of Concerns - Implementation ... ok\ntest_rule_26_dependency_injection_implementation (test_rule_implementations.TestSystemDesignRuleImplementations.test_rule_26_dependency_injection_implementation)\nTest Rule 26: Dependency Injection - Implementation ... ok\n\n----------------------------------------------------------------------\nRan 3 tests in 0.014s\n\nOK\n"
      },
      "TestTeamworkRuleImplementations": {
        "success": true,
        "tests_run": 2,
        "failures": 0,
        "errors": 0,
        "execution_time": 0.010146141052246094,
        "memory_usage_mb": 0.0,
        "category": "rule_implementations",
        "output": "test_rule_52_collaboration_standards_implementation (test_rule_implementations.TestTeamworkRuleImplementations.test_rule_52_collaboration_standards_implementation)\nTest Rule 52: Collaboration Standards - Implementation ... ok\ntest_rule_53_code_review_readiness_implementation (test_rule_implementations.TestTeamworkRuleImplementations.test_rule_53_code_review_readiness_implementation)\nTest Rule 53: Code Review Readiness - Implementation ... ok\n\n----------------------------------------------------------------------\nRan 2 tests in 0.010s\n\nOK\n"
      },
      "TestCodingStandardsRuleImplementations": {
        "success": true,
        "tests_run": 2,
        "failures": 0,
        "errors": 0,
        "execution_time": 0.007318019866943359,
        "memory_usage_mb": -0.00390625,
        "category": "rule_implementations",
        "output": "test_function_length_implementation (test_rule_implementations.TestCodingStandardsRuleImplementations.test_function_length_implementation)\nTest function length rules implementation. ... ok\ntest_naming_conventions_implementation (test_rule_implementations.TestCodingStandardsRuleImplementations.test_naming_conventions_implementation)\nTest naming convention rules implementation. ... ok\n\n----------------------------------------------------------------------\nRan 2 tests in 0.008s\n\nOK\n"
      },
      "TestRuleEdgeCases": {
        "success": true,
        "tests_run": 4,
        "failures": 0,
        "errors": 0,
        "execution_time": 0.01733255386352539,
        "memory_usage_mb": 0.01171875,
        "category": "rule_implementations",
        "output": "test_empty_file_handling (test_rule_implementations.TestRuleEdgeCases.test_empty_file_handling)\nTest handling of empty files. ... ok\ntest_malformed_code_handling (test_rule_implementations.TestRuleEdgeCases.test_malformed_code_handling)\nTest handling of malformed code. ... ok\ntest_unicode_handling (test_rule_implementations.TestRuleEdgeCases.test_unicode_handling)\nTest handling of Unicode characters. ... ok\ntest_very_long_lines_handling (test_rule_implementations.TestRuleEdgeCases.test_very_long_lines_handling)\nTest handling of very long lines. ... ok\n\n----------------------------------------------------------------------\nRan 4 tests in 0.018s\n\nOK\n"
      },
      "TestRuleIntegration": {
        "success": true,
        "tests_run": 3,
        "failures": 0,
        "errors": 0,
        "execution_time": 0.013330936431884766,
        "memory_usage_mb": 0.0,
        "category": "rule_implementations",
        "output": "test_multiple_rule_violations (test_rule_implementations.TestRuleIntegration.test_multiple_rule_violations)\nTest detection of multiple rule violations. ... ok\ntest_rule_dependency_handling (test_rule_implementations.TestRuleIntegration.test_rule_dependency_handling)\nTest handling of rule dependencies. ... ok\ntest_rule_priority_handling (test_rule_implementations.TestRuleIntegration.test_rule_priority_handling)\nTest that rule priorities are properly handled. ... ok\n\n----------------------------------------------------------------------\nRan 3 tests in 0.013s\n\nOK\n"
      }
    },
    "performance": {
      "TestValidationPerformance": {
        "success": true,
        "tests_run": 4,
        "failures": 0,
        "errors": 0,
        "execution_time": 0.0,
        "memory_usage_mb": 0.0,
        "category": "performance",
        "output": "test_large_file_validation_performance (test_performance.TestValidationPerformance.test_large_file_validation_performance)\nTest validation performance on large files. ... skipped 'Performance tests temporarily disabled'\ntest_medium_file_validation_performance (test_performance.TestValidationPerformance.test_medium_file_validation_performance)\nTest validation performance on medium files. ... skipped 'Performance tests temporarily disabled'\ntest_small_file_validation_performance (test_performance.TestValidationPerformance.test_small_file_validation_performance)\nTest validation performance on small files. ... skipped 'Performance tests temporarily disabled'\ntest_very_large_file_validation_performance (test_performance.TestValidationPerformance.test_very_large_file_validation_performance)\nTest validation performance on very large files. ... skipped 'Performance tests temporarily disabled'\n\n----------------------------------------------------------------------\nRan 4 tests in 0.000s\n\nOK (skipped=4)\n"
      },
      "TestConcurrentValidation": {
        "success": true,
        "tests_run": 2,
        "failures": 0,
        "errors": 0,
        "execution_time": 0.0010349750518798828,
        "memory_usage_mb": 0.0,
        "category": "performance",
        "output": "test_concurrent_validation_processes (test_performance.TestConcurrentValidation.test_concurrent_validation_processes)\nTest validation performance with multiple processes. ... skipped 'Performance tests temporarily disabled'\ntest_concurrent_validation_threads (test_performance.TestConcurrentValidation.test_concurrent_validation_threads)\nTest validation performance with multiple threads. ... skipped 'Performance tests temporarily disabled'\n\n----------------------------------------------------------------------\nRan 2 tests in 0.000s\n\nOK (skipped=2)\n"
      },
      "TestStressValidation": {
        "success": true,
        "tests_run": 3,
        "failures": 0,
        "errors": 0,
        "execution_time": 0.0,
        "memory_usage_mb": 0.0,
        "category": "performance",
        "output": "test_memory_pressure_stress (test_performance.TestStressValidation.test_memory_pressure_stress)\nTest validation under memory pressure. ... skipped 'Performance tests temporarily disabled'\ntest_mixed_file_sizes_stress (test_performance.TestStressValidation.test_mixed_file_sizes_stress)\nTest validation with mixed file sizes. ... skipped 'Performance tests temporarily disabled'\ntest_rapid_validation_stress (test_performance.TestStressValidation.test_rapid_validation_stress)\nTest rapid successive validation calls. ... skipped 'Performance tests temporarily disabled'\n\n----------------------------------------------------------------------\nRan 3 tests in 0.000s\n\nOK (skipped=3)\n"
      }
    },
    "individual_rules": {
      "TestIndividualRules": {
        "success": true,
        "tests_run": 10,
        "failures": 0,
        "errors": 0,
        "execution_time": 0.5589311122894287,
        "memory_usage_mb": 0.01171875,
        "category": "individual_rules",
        "output": "test_rule_12_compliance (test_individual_rules.TestIndividualRules.test_rule_12_compliance)\nTest Rule 12: Test Everything. ... ok\ntest_rule_17_compliance (test_individual_rules.TestIndividualRules.test_rule_17_compliance)\nTest Rule 17: Keep Different Parts Separate. ... ok\ntest_rule_18_compliance (test_individual_rules.TestIndividualRules.test_rule_18_compliance)\nTest Rule 18: Be Fair to Everyone. ... ok\ntest_rule_1_compliance (test_individual_rules.TestIndividualRules.test_rule_1_compliance)\nTest Rule 1: Do Exactly What's Asked. ... ok\ntest_rule_2_compliance (test_individual_rules.TestIndividualRules.test_rule_2_compliance)\nTest Rule 2: Only Use Information You're Given. ... ok\ntest_rule_3_compliance (test_individual_rules.TestIndividualRules.test_rule_3_compliance)\nTest Rule 3: Protect People's Privacy. ... ok\ntest_rule_4_compliance (test_individual_rules.TestIndividualRules.test_rule_4_compliance)\nTest Rule 4: Use Settings Files, Not Hardcoded Numbers. ... ok\ntest_rule_5_compliance (test_individual_rules.TestIndividualRules.test_rule_5_compliance)\nTest Rule 5: Keep Good Records. ... ok\ntest_rule_7_compliance (test_individual_rules.TestIndividualRules.test_rule_7_compliance)\nTest Rule 7: Make Things Fast. ... ok\ntest_rule_8_compliance (test_individual_rules.TestIndividualRules.test_rule_8_compliance)\nTest Rule 8: Be Honest About AI Decisions. ... ok\n\n----------------------------------------------------------------------\nRan 10 tests in 0.559s\n\nOK\n"
      }
    },
    "rule_implementation_logic": {
      "TestRuleImplementationLogic": {
        "success": true,
        "tests_run": 10,
        "failures": 0,
        "errors": 0,
        "execution_time": 0.5712683200836182,
        "memory_usage_mb": 0.0,
        "category": "rule_implementation_logic",
        "output": "test_rule_12_implementation_logic (test_rule_implementation_logic.TestRuleImplementationLogic.test_rule_12_implementation_logic)\nTest Rule 12: Test Everything - Implementation Logic. ... ok\ntest_rule_17_implementation_logic (test_rule_implementation_logic.TestRuleImplementationLogic.test_rule_17_implementation_logic)\nTest Rule 17: Keep Different Parts Separate - Implementation Logic. ... ok\ntest_rule_18_implementation_logic (test_rule_implementation_logic.TestRuleImplementationLogic.test_rule_18_implementation_logic)\nTest Rule 18: Be Fair to Everyone - Implementation Logic. ... ok\ntest_rule_1_implementation_logic (test_rule_implementation_logic.TestRuleImplementationLogic.test_rule_1_implementation_logic)\nTest Rule 1: Do Exactly What's Asked - Implementation Logic. ... ok\ntest_rule_2_implementation_logic (test_rule_implementation_logic.TestRuleImplementationLogic.test_rule_2_implementation_logic)\nTest Rule 2: Only Use Information You're Given - Implementation Logic. ... ok\ntest_rule_3_implementation_logic (test_rule_implementation_logic.TestRuleImplementationLogic.test_rule_3_implementation_logic)\nTest Rule 3: Protect People's Privacy - Implementation Logic. ... ok\ntest_rule_4_implementation_logic (test_rule_implementation_logic.TestRuleImplementationLogic.test_rule_4_implementation_logic)\nTest Rule 4: Use Settings Files, Not Hardcoded Numbers - Implementation Logic. ... ok\ntest_rule_5_implementation_logic (test_rule_implementation_logic.TestRuleImplementationLogic.test_rule_5_implementation_logic)\nTest Rule 5: Keep Good Records - Implementation Logic. ... ok\ntest_rule_7_implementation_logic (test_rule_implementation_logic.TestRuleImplementationLogic.test_rule_7_implementation_logic)\nTest Rule 7: Make Things Fast - Implementation Logic. ... ok\ntest_rule_8_implementation_logic (test_rule_implementation_logic.TestRuleImplementationLogic.test_rule_8_implementation_logic)\nTest Rule 8: Be Honest About AI Decisions - Implementation Logic. ... ok\n\n----------------------------------------------------------------------\nRan 10 tests in 0.571s\n\nOK\n"
      }
    },
    "rule_compliance_validation": {
      "TestRuleComplianceValidation": {
        "success": true,
        "tests_run": 10,
        "failures": 0,
        "errors": 0,
        "execution_time": 0.5645341873168945,
        "memory_usage_mb": 0.0,
        "category": "rule_compliance_validation",
        "output": "test_rule_12_compliance_validation (test_rule_compliance_validation.TestRuleComplianceValidation.test_rule_12_compliance_validation)\nTest Rule 12: Test Everything - Compliance Validation. ... ok\ntest_rule_17_compliance_validation (test_rule_compliance_validation.TestRuleComplianceValidation.test_rule_17_compliance_validation)\nTest Rule 17: Keep Different Parts Separate - Compliance Validation. ... ok\ntest_rule_18_compliance_validation (test_rule_compliance_validation.TestRuleComplianceValidation.test_rule_18_compliance_validation)\nTest Rule 18: Be Fair to Everyone - Compliance Validation. ... ok\ntest_rule_1_compliance_validation (test_rule_compliance_validation.TestRuleComplianceValidation.test_rule_1_compliance_validation)\nTest Rule 1: Do Exactly What's Asked - Compliance Validation. ... ok\ntest_rule_2_compliance_validation (test_rule_compliance_validation.TestRuleComplianceValidation.test_rule_2_compliance_validation)\nTest Rule 2: Only Use Information You're Given - Compliance Validation. ... ok\ntest_rule_3_compliance_validation (test_rule_compliance_validation.TestRuleComplianceValidation.test_rule_3_compliance_validation)\nTest Rule 3: Protect People's Privacy - Compliance Validation. ... ok\ntest_rule_4_compliance_validation (test_rule_compliance_validation.TestRuleComplianceValidation.test_rule_4_compliance_validation)\nTest Rule 4: Use Settings Files, Not Hardcoded Numbers - Compliance Validation. ... ok\ntest_rule_5_compliance_validation (test_rule_compliance_validation.TestRuleComplianceValidation.test_rule_5_compliance_validation)\nTest Rule 5: Keep Good Records - Compliance Validation. ... ok\ntest_rule_7_compliance_validation (test_rule_compliance_validation.TestRuleComplianceValidation.test_rule_7_compliance_validation)\nTest Rule 7: Make Things Fast - Compliance Validation. ... ok\ntest_rule_8_compliance_validation (test_rule_compliance_validation.TestRuleComplianceValidation.test_rule_8_compliance_validation)\nTest Rule 8: Be Honest About AI Decisions - Compliance Validation. ... ok\n\n----------------------------------------------------------------------\nRan 10 tests in 0.564s\n\nOK\n"
      }
    },
    "all_293_rules": {
      "TestAll293Rules": {
        "success": true,
        "tests_run": 19,
        "failures": 0,
        "errors": 0,
        "execution_time": 1.2735657691955566,
        "memory_usage_mb": 3.15234375,
        "category": "all_293_rules",
        "output": "test_rule_10_compliance (test_all_293_rules.TestAll293Rules.test_rule_10_compliance)\nTest Rule 10: Keep AI Safe. ... ok\ntest_rule_11_compliance (test_all_293_rules.TestAll293Rules.test_rule_11_compliance)\nTest Rule 11: Learn from Mistakes. ... ok\ntest_rule_12_compliance (test_all_293_rules.TestAll293Rules.test_rule_12_compliance)\nTest Rule 12: Test Everything. ... ok\ntest_rule_13_compliance (test_all_293_rules.TestAll293Rules.test_rule_13_compliance)\nTest Rule 13: Write Good Instructions. ... ok\ntest_rule_14_compliance (test_all_293_rules.TestAll293Rules.test_rule_14_compliance)\nTest Rule 14: Keep Good Logs. ... ok\ntest_rule_15_compliance (test_all_293_rules.TestAll293Rules.test_rule_15_compliance)\nTest Rule 15: Make Changes Easy to Undo. ... ok\ntest_rule_16_compliance (test_all_293_rules.TestAll293Rules.test_rule_16_compliance)\nTest Rule 16: Make Things Repeatable. ... ok\ntest_rule_17_compliance (test_all_293_rules.TestAll293Rules.test_rule_17_compliance)\nTest Rule 17: Keep Different Parts Separate. ... ok\ntest_rule_18_compliance (test_all_293_rules.TestAll293Rules.test_rule_18_compliance)\nTest Rule 18: Be Fair to Everyone. ... ok\ntest_rule_19_compliance (test_all_293_rules.TestAll293Rules.test_rule_19_compliance)\nTest Rule 19: Use the Hybrid System Design. ... ok\ntest_rule_1_compliance (test_all_293_rules.TestAll293Rules.test_rule_1_compliance)\nTest Rule 1: Do Exactly What's Asked. ... ok\ntest_rule_2_compliance (test_all_293_rules.TestAll293Rules.test_rule_2_compliance)\nTest Rule 2: Only Use Information You're Given. ... ok\ntest_rule_3_compliance (test_all_293_rules.TestAll293Rules.test_rule_3_compliance)\nTest Rule 3: Protect People's Privacy. ... ok\ntest_rule_4_compliance (test_all_293_rules.TestAll293Rules.test_rule_4_compliance)\nTest Rule 4: Use Settings Files, Not Hardcoded Numbers. ... ok\ntest_rule_5_compliance (test_all_293_rules.TestAll293Rules.test_rule_5_compliance)\nTest Rule 5: Keep Good Records. ... ok\ntest_rule_6_compliance (test_all_293_rules.TestAll293Rules.test_rule_6_compliance)\nTest Rule 6: Never Break Things During Updates. ... ok\ntest_rule_7_compliance (test_all_293_rules.TestAll293Rules.test_rule_7_compliance)\nTest Rule 7: Make Things Fast. ... ok\ntest_rule_8_compliance (test_all_293_rules.TestAll293Rules.test_rule_8_compliance)\nTest Rule 8: Be Honest About AI Decisions. ... ok\ntest_rule_9_compliance (test_all_293_rules.TestAll293Rules.test_rule_9_compliance)\nTest Rule 9: Check Your Data. ... ok\n\n----------------------------------------------------------------------\nRan 19 tests in 1.273s\n\nOK\n"
      }
    },
    "remaining_rules_32_293": {
      "TestRemainingRules": {
        "success": true,
        "tests_run": 10,
        "failures": 0,
        "errors": 0,
        "execution_time": 0.5548162460327148,
        "memory_usage_mb": 0.0,
        "category": "remaining_rules_32_293",
        "output": "test_rule_32_compliance (test_remaining_rules_32_293.TestRemainingRules.test_rule_32_compliance)\nTest Rule 32: Help People Work Better. ... ok\ntest_rule_33_compliance (test_remaining_rules_32_293.TestRemainingRules.test_rule_33_compliance)\nTest Rule 33: Prevent Problems Before They Happen. ... ok\ntest_rule_34_compliance (test_remaining_rules_32_293.TestRemainingRules.test_rule_34_compliance)\nTest Rule 34: Be Extra Careful with Private Data. ... ok\ntest_rule_35_compliance (test_remaining_rules_32_293.TestRemainingRules.test_rule_35_compliance)\nTest Rule 35: Don't Make People Think Too Hard. ... ok\ntest_rule_36_compliance (test_remaining_rules_32_293.TestRemainingRules.test_rule_36_compliance)\nTest Rule 36: MMM Engine - Change Behavior. ... ok\ntest_rule_37_compliance (test_remaining_rules_32_293.TestRemainingRules.test_rule_37_compliance)\nTest Rule 37: Detection Engine - Be Accurate. ... ok\ntest_rule_38_compliance (test_remaining_rules_32_293.TestRemainingRules.test_rule_38_compliance)\nTest Rule 38: Risk Modules - Safety First. ... ok\ntest_rule_39_compliance (test_remaining_rules_32_293.TestRemainingRules.test_rule_39_compliance)\nTest Rule 39: Success Dashboards - Show Business Value. ... ok\ntest_rule_40_compliance (test_remaining_rules_32_293.TestRemainingRules.test_rule_40_compliance)\nTest Rule 40: Use All Platform Features. ... ok\ntest_rule_41_compliance (test_remaining_rules_32_293.TestRemainingRules.test_rule_41_compliance)\nTest Rule 41: Process Data Quickly. ... ok\n\n----------------------------------------------------------------------\nRan 10 tests in 0.555s\n\nOK\n"
      }
    },
    "complete_293_rules_coverage": {
      "TestComplete293RulesCoverage": {
        "success": false,
        "tests_run": 3,
        "failures": 1,
        "errors": 2,
        "execution_time": 0.11449265480041504,
        "memory_usage_mb": -0.421875,
        "category": "complete_293_rules_coverage",
        "output": "test_complete_293_rules_coverage (test_complete_293_rules_coverage.TestComplete293RulesCoverage.test_complete_293_rules_coverage)\nTest that all 293 rules are covered by individual test methods. ... FAIL\ntest_execution_performance (test_complete_293_rules_coverage.TestComplete293RulesCoverage.test_execution_performance)\nTest that execution meets performance requirements. ... ERROR\ntest_quality_standards_met (test_complete_293_rules_coverage.TestComplete293RulesCoverage.test_quality_standards_met)\nTest that quality standards are met. ... ERROR\n\n======================================================================\nERROR: test_execution_performance (test_complete_293_rules_coverage.TestComplete293RulesCoverage.test_execution_performance)\nTest that execution meets performance requirements.\n----------------------------------------------------------------------\nTraceback (most recent call last):\n  File \"D:\\Projects\\ZeroUI2.0\\tests\\test_all_293_rules.py\", line 1154, in run_all_rule_tests\n    print(f\"\u2713 {test_method}: {'PASS' if result['compliant'] else 'FAIL'}\")\n  File \"C:\\Users\\pc\\AppData\\Local\\Programs\\Python\\Python311\\Lib\\encodings\\cp1252.py\", line 19, in encode\n    return codecs.charmap_encode(input,self.errors,encoding_table)[0]\n           ^^^^^^^^^^^^^^^^^^^^^^^^^^^^^^^^^^^^^^^^^^^^^^^^^^^^^^^\nUnicodeEncodeError: 'charmap' codec can't encode character '\\u2713' in position 0: character maps to <undefined>\n\nDuring handling of the above exception, another exception occurred:\n\nTraceback (most recent call last):\n  File \"D:\\Projects\\ZeroUI2.0\\tests\\test_complete_293_rules_coverage.py\", line 218, in test_execution_performance\n    results = self.tester.run_complete_293_rule_tests()\n              ^^^^^^^^^^^^^^^^^^^^^^^^^^^^^^^^^^^^^^^^^\n  File \"D:\\Projects\\ZeroUI2.0\\tests\\test_complete_293_rules_coverage.py\", line 56, in run_complete_293_rule_tests\n    rules_1_31_results = self.rules_1_31_tester.run_all_rule_tests()\n                         ^^^^^^^^^^^^^^^^^^^^^^^^^^^^^^^^^^^^^^^^^^^\n  File \"D:\\Projects\\ZeroUI2.0\\tests\\test_all_293_rules.py\", line 1162, in run_all_rule_tests\n    print(f\"\u2717 {test_method}: ERROR - {str(e)}\")\n  File \"C:\\Users\\pc\\AppData\\Local\\Programs\\Python\\Python311\\Lib\\encodings\\cp1252.py\", line 19, in encode\n    return codecs.charmap_encode(input,self.errors,encoding_table)[0]\n           ^^^^^^^^^^^^^^^^^^^^^^^^^^^^^^^^^^^^^^^^^^^^^^^^^^^^^^^\nUnicodeEncodeError: 'charmap' codec can't encode character '\\u2717' in position 0: character maps to <undefined>\n\n======================================================================\nERROR: test_quality_standards_met (test_complete_293_rules_coverage.TestComplete293RulesCoverage.test_quality_standards_met)\nTest that quality standards are met.\n----------------------------------------------------------------------\nTraceback (most recent call last):\n  File \"D:\\Projects\\ZeroUI2.0\\tests\\test_all_293_rules.py\", line 1154, in run_all_rule_tests\n    print(f\"\u2713 {test_method}: {'PASS' if result['compliant'] else 'FAIL'}\")\n  File \"C:\\Users\\pc\\AppData\\Local\\Programs\\Python\\Python311\\Lib\\encodings\\cp1252.py\", line 19, in encode\n    return codecs.charmap_encode(input,self.errors,encoding_table)[0]\n           ^^^^^^^^^^^^^^^^^^^^^^^^^^^^^^^^^^^^^^^^^^^^^^^^^^^^^^^\nUnicodeEncodeError: 'charmap' codec can't encode character '\\u2713' in position 0: character maps to <undefined>\n\nDuring handling of the above exception, another exception occurred:\n\nTraceback (most recent call last):\n  File \"D:\\Projects\\ZeroUI2.0\\tests\\test_complete_293_rules_coverage.py\", line 207, in test_quality_standards_met\n    results = self.tester.run_complete_293_rule_tests()\n              ^^^^^^^^^^^^^^^^^^^^^^^^^^^^^^^^^^^^^^^^^\n  File \"D:\\Projects\\ZeroUI2.0\\tests\\test_complete_293_rules_coverage.py\", line 56, in run_complete_293_rule_tests\n    rules_1_31_results = self.rules_1_31_tester.run_all_rule_tests()\n                         ^^^^^^^^^^^^^^^^^^^^^^^^^^^^^^^^^^^^^^^^^^^\n  File \"D:\\Projects\\ZeroUI2.0\\tests\\test_all_293_rules.py\", line 1162, in run_all_rule_tests\n    print(f\"\u2717 {test_method}: ERROR - {str(e)}\")\n  File \"C:\\Users\\pc\\AppData\\Local\\Programs\\Python\\Python311\\Lib\\encodings\\cp1252.py\", line 19, in encode\n    return codecs.charmap_encode(input,self.errors,encoding_table)[0]\n           ^^^^^^^^^^^^^^^^^^^^^^^^^^^^^^^^^^^^^^^^^^^^^^^^^^^^^^^\nUnicodeEncodeError: 'charmap' codec can't encode character '\\u2717' in position 0: character maps to <undefined>\n\n======================================================================\nFAIL: test_complete_293_rules_coverage (test_complete_293_rules_coverage.TestComplete293RulesCoverage.test_complete_293_rules_coverage)\nTest that all 293 rules are covered by individual test methods.\n----------------------------------------------------------------------\nTraceback (most recent call last):\n  File \"D:\\Projects\\ZeroUI2.0\\tests\\test_complete_293_rules_coverage.py\", line 202, in test_complete_293_rules_coverage\n    self.assertTrue(coverage_report['complete_coverage'], f\"Missing rules: {coverage_report['missing_rule_numbers']}\")\nAssertionError: False is not true : Missing rules: [42, 43, 44, 45, 46, 47, 48, 49, 50, 51, 52, 53, 54, 55, 56, 57, 58, 59, 60, 61, 62, 63, 64, 65, 66, 67, 68, 69, 70, 71, 72, 73, 74, 75, 76, 77, 78, 79, 80, 81, 82, 83, 84, 85, 86, 87, 88, 89, 90, 91, 92, 93, 94, 95, 96, 97, 98, 99, 100, 101, 102, 103, 104, 105, 106, 107, 108, 109, 110, 111, 112, 113, 114, 115, 116, 117, 118, 119, 120, 121, 122, 123, 124, 125, 126, 127, 128, 129, 130, 131, 132, 133, 134, 135, 136, 137, 138, 139, 140, 141, 142, 143, 144, 145, 146, 147, 148, 149, 150, 151, 152, 153, 154, 155, 156, 157, 158, 159, 160, 161, 162, 163, 164, 165, 166, 167, 168, 169, 170, 171, 172, 173, 174, 175, 176, 177, 178, 179, 180, 181, 182, 183, 184, 185, 186, 187, 188, 189, 190, 191, 192, 193, 194, 195, 196, 197, 198, 199, 200, 201, 202, 203, 204, 205, 206, 207, 208, 209, 210, 211, 212, 213, 214, 215, 216, 217, 218, 219, 220, 221, 222, 223, 224, 225, 226, 227, 228, 229, 230, 231, 232, 233, 234, 235, 236, 237, 238, 239, 240, 241, 242, 243, 244, 245, 246, 247, 248, 249, 250, 251, 252, 253, 254, 255, 256, 257, 258, 259, 260, 261, 262, 263, 264, 265, 266, 267, 268, 269, 270, 271, 272, 273, 274, 275, 276, 277, 278, 279, 280, 281, 282, 283, 284, 285, 286, 287, 288, 289, 290, 291, 292, 293]\n\n----------------------------------------------------------------------\nRan 3 tests in 0.114s\n\nFAILED (failures=1, errors=2)\n"
      }
    }
  },
  "metrics": {
    "summary": {
      "total_tests": 29,
      "passed_tests": 28,
      "failed_tests": 1,
      "skipped_tests": 0,
      "success_rate": 96.55172413793103,
      "execution_time": 4.018455743789673,
      "memory_usage_mb": 2.5703125
    },
    "test_results": [
      {
        "test_name": "constitution_rules_TestRuleStructure",
        "result": "passed",
        "execution_time": 0.059174299240112305,
        "memory_usage": -385024,
        "timestamp": 1761287575.0917196
      },
      {
        "test_name": "constitution_rules_TestRuleCategories",
        "result": "passed",
        "execution_time": 0.022032499313354492,
        "memory_usage": -20480,
        "timestamp": 1761287575.1137521
      },
      {
        "test_name": "constitution_rules_TestRuleValidation",
        "result": "passed",
        "execution_time": 0.02376246452331543,
        "memory_usage": 36864,
        "timestamp": 1761287575.1375146
      },
      {
        "test_name": "constitution_rules_TestSpecificRuleCategories",
        "result": "passed",
        "execution_time": 0.03081226348876953,
        "memory_usage": 36864,
        "timestamp": 1761287575.1683269
      },
      {
        "test_name": "constitution_rules_TestRuleContentValidation",
        "result": "passed",
        "execution_time": 0.03348803520202637,
        "memory_usage": 61440,
        "timestamp": 1761287575.201815
      },
      {
        "test_name": "constitution_rules_TestRulePerformance",
        "result": "passed",
        "execution_time": 0.024782657623291016,
        "memory_usage": 98304,
        "timestamp": 1761287575.2265975
      },
      {
        "test_name": "constitution_rules_TestRuleIntegration",
        "result": "passed",
        "execution_time": 0.02382349967956543,
        "memory_usage": -36864,
        "timestamp": 1761287575.250421
      },
      {
        "test_name": "constitution_rules_TestRuleErrorHandling",
        "result": "passed",
        "execution_time": 0.0378727912902832,
        "memory_usage": 32768,
        "timestamp": 1761287575.2882938
      },
      {
        "test_name": "constitution_rules_TestRuleReporting",
        "result": "passed",
        "execution_time": 0.021286964416503906,
        "memory_usage": 8192,
        "timestamp": 1761287575.3095808
      },
      {
        "test_name": "rule_validation_TestBasicWorkRules",
        "result": "passed",
        "execution_time": 0.002051115036010742,
        "memory_usage": 12288,
        "timestamp": 1761287575.311632
      },
      {
        "test_name": "rule_validation_TestSystemDesignRules",
        "result": "passed",
        "execution_time": 0.0,
        "memory_usage": 0,
        "timestamp": 1761287575.311632
      },
      {
        "test_name": "rule_validation_TestTeamworkRules",
        "result": "passed",
        "execution_time": 0.001026153564453125,
        "memory_usage": 0,
        "timestamp": 1761287575.312658
      },
      {
        "test_name": "rule_validation_TestCodingStandardsRules",
        "result": "passed",
        "execution_time": 0.0,
        "memory_usage": 0,
        "timestamp": 1761287575.312658
      },
      {
        "test_name": "rule_validation_TestRuleIntegration",
        "result": "passed",
        "execution_time": 0.013885974884033203,
        "memory_usage": -32768,
        "timestamp": 1761287575.326544
      },
      {
        "test_name": "rule_implementations_TestBasicWorkRuleImplementations",
        "result": "passed",
        "execution_time": 0.022206783294677734,
        "memory_usage": -20480,
        "timestamp": 1761287575.3487508
      },
      {
        "test_name": "rule_implementations_TestSystemDesignRuleImplementations",
        "result": "passed",
        "execution_time": 0.01423025131225586,
        "memory_usage": 16384,
        "timestamp": 1761287575.362981
      },
      {
        "test_name": "rule_implementations_TestTeamworkRuleImplementations",
        "result": "passed",
        "execution_time": 0.010146141052246094,
        "memory_usage": 0,
        "timestamp": 1761287575.3731272
      },
      {
        "test_name": "rule_implementations_TestCodingStandardsRuleImplementations",
        "result": "passed",
        "execution_time": 0.007318019866943359,
        "memory_usage": -4096,
        "timestamp": 1761287575.3816943
      },
      {
        "test_name": "rule_implementations_TestRuleEdgeCases",
        "result": "passed",
        "execution_time": 0.01733255386352539,
        "memory_usage": 12288,
        "timestamp": 1761287575.3990269
      },
      {
        "test_name": "rule_implementations_TestRuleIntegration",
        "result": "passed",
        "execution_time": 0.013330936431884766,
        "memory_usage": 0,
        "timestamp": 1761287575.4123578
      },
      {
        "test_name": "performance_TestValidationPerformance",
        "result": "passed",
        "execution_time": 0.0,
        "memory_usage": 0,
        "timestamp": 1761287575.4123578
      },
      {
        "test_name": "performance_TestConcurrentValidation",
        "result": "passed",
        "execution_time": 0.0010349750518798828,
        "memory_usage": 0,
        "timestamp": 1761287575.4133928
      },
      {
        "test_name": "performance_TestStressValidation",
        "result": "passed",
        "execution_time": 0.0,
        "memory_usage": 0,
        "timestamp": 1761287575.4133928
      },
      {
        "test_name": "individual_rules_TestIndividualRules",
        "result": "passed",
        "execution_time": 0.5589311122894287,
        "memory_usage": 12288,
        "timestamp": 1761287575.972324
      },
      {
        "test_name": "rule_implementation_logic_TestRuleImplementationLogic",
        "result": "passed",
        "execution_time": 0.5712683200836182,
        "memory_usage": 0,
        "timestamp": 1761287576.5435922
      },
      {
        "test_name": "rule_compliance_validation_TestRuleComplianceValidation",
        "result": "passed",
        "execution_time": 0.5645341873168945,
        "memory_usage": 0,
        "timestamp": 1761287577.1081264
      },
      {
        "test_name": "all_293_rules_TestAll293Rules",
        "result": "passed",
        "execution_time": 1.2735657691955566,
        "memory_usage": 3305472,
        "timestamp": 1761287578.3816922
      },
      {
        "test_name": "remaining_rules_32_293_TestRemainingRules",
        "result": "passed",
        "execution_time": 0.5548162460327148,
        "memory_usage": 0,
        "timestamp": 1761287578.9365084
      },
      {
        "test_name": "complete_293_rules_coverage_TestComplete293RulesCoverage",
        "result": "failed",
        "execution_time": 0.11449265480041504,
        "memory_usage": -442368,
        "timestamp": 1761287579.051001
      }
    ],
    "performance_metrics": {
      "average_test_time": 0.13852436789150896,
      "slowest_test": {
        "test_name": "all_293_rules_TestAll293Rules",
        "result": "passed",
        "execution_time": 1.2735657691955566,
        "memory_usage": 3305472,
        "timestamp": 1761287578.3816922
      },
      "fastest_test": {
        "test_name": "rule_validation_TestSystemDesignRules",
        "result": "passed",
        "execution_time": 0.0,
        "memory_usage": 0,
        "timestamp": 1761287575.311632
      }
    }
  }
}