{
  "summary": {
    "total_tests": 34,
    "total_passed": 22,
    "total_failed": 4,
    "total_errors": 8,
    "success_rate": 64.70588235294117,
    "execution_time": 0.053072214126586914,
    "memory_usage_mb": 3.41796875,
    "timestamp": "2025-10-24T08:40:56.743608"
  },
  "categories": {
    "constitution_rules": {
      "tests": 0,
      "passed": 0,
      "failed": 0,
      "errors": 0,
      "success_rate": 0,
      "execution_time": 0.0,
      "memory_usage_mb": 0.01171875
    },
    "rule_validation": {
      "tests": 15,
      "passed": 12,
      "failed": 2,
      "errors": 1,
      "success_rate": 80.0,
      "execution_time": 0.010300874710083008,
      "memory_usage_mb": 0.4296875
    },
    "rule_implementations": {
      "tests": 19,
      "passed": 15,
      "failed": 2,
      "errors": 2,
      "success_rate": 78.94736842105263,
      "execution_time": 0.03663301467895508,
      "memory_usage_mb": 2.9296875
    },
    "performance": {
      "tests": 0,
      "passed": -5,
      "failed": 0,
      "errors": 5,
      "success_rate": 0,
      "execution_time": 0.006138324737548828,
      "memory_usage_mb": 0.046875
    }
  },
  "detailed_results": {
    "constitution_rules": {
      "TestConstitutionRulesBase": {
        "success": true,
        "tests_run": 0,
        "failures": 0,
        "errors": 0,
        "execution_time": 0.0,
        "memory_usage_mb": 0.01171875,
        "category": "constitution_rules"
      }
    },
    "rule_validation": {
      "TestBasicWorkRules": {
        "success": true,
        "tests_run": 5,
        "failures": 0,
        "errors": 0,
        "execution_time": 0.0017733573913574219,
        "memory_usage_mb": 0.0234375,
        "category": "rule_validation",
        "output": "test_rule_2_information_usage (test_rule_validation.TestBasicWorkRules.test_rule_2_information_usage)\nTest Rule 2: Only Use Information You're Given ... ok\ntest_rule_3_privacy_protection (test_rule_validation.TestBasicWorkRules.test_rule_3_privacy_protection)\nTest Rule 3: Protect People's Privacy ... ok\ntest_rule_4_settings_files (test_rule_validation.TestBasicWorkRules.test_rule_4_settings_files)\nTest Rule 4: Use Settings Files, Not Hardcoded Numbers ... ok\ntest_rule_4_settings_usage (test_rule_validation.TestBasicWorkRules.test_rule_4_settings_usage)\nTest Rule 4: Use Settings Files, Not Hardcoded Numbers ... ok\ntest_rule_5_record_keeping (test_rule_validation.TestBasicWorkRules.test_rule_5_record_keeping)\nTest Rule 5: Keep Good Records ... ok\n\n----------------------------------------------------------------------\nRan 5 tests in 0.002s\n\nOK\n"
      },
      "TestSystemDesignRules": {
        "success": true,
        "tests_run": 3,
        "failures": 0,
        "errors": 0,
        "execution_time": 0.0,
        "memory_usage_mb": 0.0,
        "category": "rule_validation",
        "output": "test_rule_22_architecture_consistency (test_rule_validation.TestSystemDesignRules.test_rule_22_architecture_consistency)\nTest Rule 22: Architecture Consistency ... ok\ntest_rule_25_separation_of_concerns (test_rule_validation.TestSystemDesignRules.test_rule_25_separation_of_concerns)\nTest Rule 25: Separation of Concerns ... ok\ntest_rule_26_dependency_injection (test_rule_validation.TestSystemDesignRules.test_rule_26_dependency_injection)\nTest Rule 26: Dependency Injection ... ok\n\n----------------------------------------------------------------------\nRan 3 tests in 0.001s\n\nOK\n"
      },
      "TestTeamworkRules": {
        "success": false,
        "tests_run": 2,
        "failures": 0,
        "errors": 1,
        "execution_time": 0.0,
        "memory_usage_mb": 0.16015625,
        "category": "rule_validation",
        "output": "test_rule_52_collaboration_standards (test_rule_validation.TestTeamworkRules.test_rule_52_collaboration_standards)\nTest Rule 52: Collaboration Standards ... ok\ntest_rule_53_code_review_readiness (test_rule_validation.TestTeamworkRules.test_rule_53_code_review_readiness)\nTest Rule 53: Code Review Readiness ... ERROR\n\n======================================================================\nERROR: test_rule_53_code_review_readiness (test_rule_validation.TestTeamworkRules.test_rule_53_code_review_readiness)\nTest Rule 53: Code Review Readiness\n----------------------------------------------------------------------\nTraceback (most recent call last):\n  File \"D:\\Projects\\ZeroUI2.0\\tests\\test_rule_validation.py\", line 203, in test_rule_53_code_review_readiness\n    violations = self.validator.validate_code_review_readiness(good_code)\n                 ^^^^^^^^^^^^^^^^^^^^^^^^^^^^^^^^^^^^^^^^^^^^^^^^^^^^^^^^\n  File \"D:\\Projects\\ZeroUI2.0\\validator\\rules\\teamwork.py\", line 52, in validate_code_review_readiness\n    violations.append(Violation(\n                      ^^^^^^^^^^\nTypeError: Violation.__init__() got an unexpected keyword argument 'title'\n\n----------------------------------------------------------------------\nRan 2 tests in 0.001s\n\nFAILED (errors=1)\n"
      },
      "TestCodingStandardsRules": {
        "success": false,
        "tests_run": 2,
        "failures": 2,
        "errors": 0,
        "execution_time": 0.0,
        "memory_usage_mb": 0.00390625,
        "category": "rule_validation",
        "output": "test_rule_function_length (test_rule_validation.TestCodingStandardsRules.test_rule_function_length)\nTest function length rules ... FAIL\ntest_rule_naming_conventions (test_rule_validation.TestCodingStandardsRules.test_rule_naming_conventions)\nTest naming convention rules ... FAIL\n\n======================================================================\nFAIL: test_rule_function_length (test_rule_validation.TestCodingStandardsRules.test_rule_function_length)\nTest function length rules\n----------------------------------------------------------------------\nTraceback (most recent call last):\n  File \"D:\\Projects\\ZeroUI2.0\\tests\\test_rule_validation.py\", line 269, in test_rule_function_length\n    self.assertGreater(len(violations), 0)\nAssertionError: 0 not greater than 0\n\n======================================================================\nFAIL: test_rule_naming_conventions (test_rule_validation.TestCodingStandardsRules.test_rule_naming_conventions)\nTest naming convention rules\n----------------------------------------------------------------------\nTraceback (most recent call last):\n  File \"D:\\Projects\\ZeroUI2.0\\tests\\test_rule_validation.py\", line 239, in test_rule_naming_conventions\n    self.assertGreater(len(violations), 0)\nAssertionError: 0 not greater than 0\n\n----------------------------------------------------------------------\nRan 2 tests in 0.001s\n\nFAILED (failures=2)\n"
      },
      "TestRuleIntegration": {
        "success": true,
        "tests_run": 3,
        "failures": 0,
        "errors": 0,
        "execution_time": 0.008527517318725586,
        "memory_usage_mb": 0.2421875,
        "category": "rule_validation",
        "output": "test_multiple_rule_violations (test_rule_implementations.TestRuleIntegration.test_multiple_rule_violations)\nTest detection of multiple rule violations. ... ok\ntest_rule_dependency_handling (test_rule_implementations.TestRuleIntegration.test_rule_dependency_handling)\nTest handling of rule dependencies. ... ok\ntest_rule_priority_handling (test_rule_implementations.TestRuleIntegration.test_rule_priority_handling)\nTest that rule priorities are properly handled. ... ok\n\n----------------------------------------------------------------------\nRan 3 tests in 0.005s\n\nOK\n"
      }
    },
    "rule_implementations": {
      "TestBasicWorkRuleImplementations": {
        "success": false,
        "tests_run": 5,
        "failures": 2,
        "errors": 1,
        "execution_time": 0.008209943771362305,
        "memory_usage_mb": 0.609375,
        "category": "rule_implementations",
        "output": "test_rule_1_documentation_implementation (test_rule_implementations.TestBasicWorkRuleImplementations.test_rule_1_documentation_implementation)\nTest Rule 1: Documentation Required - Implementation ... ok\ntest_rule_2_information_usage_implementation (test_rule_implementations.TestBasicWorkRuleImplementations.test_rule_2_information_usage_implementation)\nTest Rule 2: Only Use Information You're Given - Implementation ... FAIL\ntest_rule_3_privacy_protection_implementation (test_rule_implementations.TestBasicWorkRuleImplementations.test_rule_3_privacy_protection_implementation)\nTest Rule 3: Protect People's Privacy - Implementation ... ok\ntest_rule_4_settings_files_implementation (test_rule_implementations.TestBasicWorkRuleImplementations.test_rule_4_settings_files_implementation)\nTest Rule 4: Use Settings Files, Not Hardcoded Numbers - Implementation ... FAIL\ntest_rule_5_record_keeping_implementation (test_rule_implementations.TestBasicWorkRuleImplementations.test_rule_5_record_keeping_implementation)\nTest Rule 5: Keep Good Records - Implementation ... ERROR\n\n======================================================================\nERROR: test_rule_5_record_keeping_implementation (test_rule_implementations.TestBasicWorkRuleImplementations.test_rule_5_record_keeping_implementation)\nTest Rule 5: Keep Good Records - Implementation\n----------------------------------------------------------------------\nTraceback (most recent call last):\n  File \"D:\\Projects\\ZeroUI2.0\\tests\\test_rule_implementations.py\", line 182, in test_rule_5_record_keeping_implementation\n    violations = self.basic_validator.validate_record_keeping(bad_code)\n                 ^^^^^^^^^^^^^^^^^^^^^^^^^^^^^^^^^^^^^^^^^^^^^^^^^^^^^^\n  File \"D:\\Projects\\ZeroUI2.0\\validator\\rules\\basic_work.py\", line 120, in validate_record_keeping\n    violations.append(Violation(\n                      ^^^^^^^^^^\nTypeError: Violation.__init__() got an unexpected keyword argument 'title'\n\n======================================================================\nFAIL: test_rule_2_information_usage_implementation (test_rule_implementations.TestBasicWorkRuleImplementations.test_rule_2_information_usage_implementation)\nTest Rule 2: Only Use Information You're Given - Implementation\n----------------------------------------------------------------------\nTraceback (most recent call last):\n  File \"D:\\Projects\\ZeroUI2.0\\tests\\test_rule_implementations.py\", line 100, in test_rule_2_information_usage_implementation\n    self.assertGreater(len(violations), 0, \"Improper information usage should fail\")\nAssertionError: 0 not greater than 0 : Improper information usage should fail\n\n======================================================================\nFAIL: test_rule_4_settings_files_implementation (test_rule_implementations.TestBasicWorkRuleImplementations.test_rule_4_settings_files_implementation)\nTest Rule 4: Use Settings Files, Not Hardcoded Numbers - Implementation\n----------------------------------------------------------------------\nTraceback (most recent call last):\n  File \"D:\\Projects\\ZeroUI2.0\\tests\\test_rule_implementations.py\", line 153, in test_rule_4_settings_files_implementation\n    self.assertGreater(len(violations), 0, \"Hardcoded values should fail\")\nAssertionError: 0 not greater than 0 : Hardcoded values should fail\n\n----------------------------------------------------------------------\nRan 5 tests in 0.010s\n\nFAILED (failures=2, errors=1)\n"
      },
      "TestSystemDesignRuleImplementations": {
        "success": true,
        "tests_run": 3,
        "failures": 0,
        "errors": 0,
        "execution_time": 0.0,
        "memory_usage_mb": 0.4375,
        "category": "rule_implementations",
        "output": "test_rule_22_architecture_consistency_implementation (test_rule_implementations.TestSystemDesignRuleImplementations.test_rule_22_architecture_consistency_implementation)\nTest Rule 22: Architecture Consistency - Implementation ... ok\ntest_rule_25_separation_of_concerns_implementation (test_rule_implementations.TestSystemDesignRuleImplementations.test_rule_25_separation_of_concerns_implementation)\nTest Rule 25: Separation of Concerns - Implementation ... ok\ntest_rule_26_dependency_injection_implementation (test_rule_implementations.TestSystemDesignRuleImplementations.test_rule_26_dependency_injection_implementation)\nTest Rule 26: Dependency Injection - Implementation ... ok\n\n----------------------------------------------------------------------\nRan 3 tests in 0.005s\n\nOK\n"
      },
      "TestTeamworkRuleImplementations": {
        "success": true,
        "tests_run": 2,
        "failures": 0,
        "errors": 0,
        "execution_time": 0.010675191879272461,
        "memory_usage_mb": 0.46484375,
        "category": "rule_implementations",
        "output": "test_rule_52_collaboration_standards_implementation (test_rule_implementations.TestTeamworkRuleImplementations.test_rule_52_collaboration_standards_implementation)\nTest Rule 52: Collaboration Standards - Implementation ... ok\ntest_rule_53_code_review_readiness_implementation (test_rule_implementations.TestTeamworkRuleImplementations.test_rule_53_code_review_readiness_implementation)\nTest Rule 53: Code Review Readiness - Implementation ... ok\n\n----------------------------------------------------------------------\nRan 2 tests in 0.005s\n\nOK\n"
      },
      "TestCodingStandardsRuleImplementations": {
        "success": true,
        "tests_run": 2,
        "failures": 0,
        "errors": 0,
        "execution_time": 0.005658864974975586,
        "memory_usage_mb": 0.46484375,
        "category": "rule_implementations",
        "output": "test_function_length_implementation (test_rule_implementations.TestCodingStandardsRuleImplementations.test_function_length_implementation)\nTest function length rules implementation. ... ok\ntest_naming_conventions_implementation (test_rule_implementations.TestCodingStandardsRuleImplementations.test_naming_conventions_implementation)\nTest naming convention rules implementation. ... ok\n\n----------------------------------------------------------------------\nRan 2 tests in 0.005s\n\nOK\n"
      },
      "TestRuleEdgeCases": {
        "success": false,
        "tests_run": 4,
        "failures": 0,
        "errors": 1,
        "execution_time": 0.008685588836669922,
        "memory_usage_mb": 0.5078125,
        "category": "rule_implementations",
        "output": "test_empty_file_handling (test_rule_implementations.TestRuleEdgeCases.test_empty_file_handling)\nTest handling of empty files. ... ERROR\ntest_malformed_code_handling (test_rule_implementations.TestRuleEdgeCases.test_malformed_code_handling)\nTest handling of malformed code. ... ok\ntest_unicode_handling (test_rule_implementations.TestRuleEdgeCases.test_unicode_handling)\nTest handling of Unicode characters. ... ok\ntest_very_long_lines_handling (test_rule_implementations.TestRuleEdgeCases.test_very_long_lines_handling)\nTest handling of very long lines. ... ok\n\n======================================================================\nERROR: test_empty_file_handling (test_rule_implementations.TestRuleEdgeCases.test_empty_file_handling)\nTest handling of empty files.\n----------------------------------------------------------------------\nTraceback (most recent call last):\n  File \"D:\\Projects\\ZeroUI2.0\\tests\\test_rule_implementations.py\", line 421, in test_empty_file_handling\n    violations = validator.validate_information_usage(empty_code)\n                 ^^^^^^^^^^^^^^^^^^^^^^^^^^^^^^^^^^^^\nAttributeError: 'SystemDesignValidator' object has no attribute 'validate_information_usage'\n\n----------------------------------------------------------------------\nRan 4 tests in 0.007s\n\nFAILED (errors=1)\n"
      },
      "TestRuleIntegration": {
        "success": true,
        "tests_run": 3,
        "failures": 0,
        "errors": 0,
        "execution_time": 0.0034034252166748047,
        "memory_usage_mb": 0.4453125,
        "category": "rule_implementations",
        "output": "test_multiple_rule_violations (test_rule_implementations.TestRuleIntegration.test_multiple_rule_violations)\nTest detection of multiple rule violations. ... ok\ntest_rule_dependency_handling (test_rule_implementations.TestRuleIntegration.test_rule_dependency_handling)\nTest handling of rule dependencies. ... ok\ntest_rule_priority_handling (test_rule_implementations.TestRuleIntegration.test_rule_priority_handling)\nTest that rule priorities are properly handled. ... ok\n\n----------------------------------------------------------------------\nRan 3 tests in 0.005s\n\nOK\n"
      }
    },
    "performance": {
      "TestValidationPerformance": {
        "success": false,
        "tests_run": 0,
        "failures": 0,
        "errors": 1,
        "execution_time": 0.0,
        "memory_usage_mb": 0.046875,
        "category": "performance",
        "output": "setUpClass (test_performance.TestValidationPerformance) ... ERROR\n\n======================================================================\nERROR: setUpClass (test_performance.TestValidationPerformance)\n----------------------------------------------------------------------\nTraceback (most recent call last):\n  File \"D:\\Projects\\ZeroUI2.0\\tests\\test_performance.py\", line 37, in setUpClass\n    cls.validator = ConstitutionValidator(\"config\")\n                    ^^^^^^^^^^^^^^^^^^^^^^^^^^^^^^^\n  File \"D:\\Projects\\ZeroUI2.0\\validator\\core.py\", line 43, in __init__\n    self.config = self._load_config()\n                  ^^^^^^^^^^^^^^^^^^^\n  File \"D:\\Projects\\ZeroUI2.0\\validator\\core.py\", line 77, in _load_config\n    with open(self.config_path, 'r', encoding='utf-8') as f:\n         ^^^^^^^^^^^^^^^^^^^^^^^^^^^^^^^^^^^^^^^^^^^^^\nPermissionError: [Errno 13] Permission denied: 'config'\n\n----------------------------------------------------------------------\nRan 0 tests in 0.001s\n\nFAILED (errors=1)\n"
      },
      "TestMemoryUsage": {
        "success": false,
        "tests_run": 0,
        "failures": 0,
        "errors": 1,
        "execution_time": 0.0,
        "memory_usage_mb": 0.0,
        "category": "performance",
        "output": "setUpClass (test_performance.TestMemoryUsage) ... ERROR\n\n======================================================================\nERROR: setUpClass (test_performance.TestMemoryUsage)\n----------------------------------------------------------------------\nTraceback (most recent call last):\n  File \"D:\\Projects\\ZeroUI2.0\\tests\\test_performance.py\", line 37, in setUpClass\n    cls.validator = ConstitutionValidator(\"config\")\n                    ^^^^^^^^^^^^^^^^^^^^^^^^^^^^^^^\n  File \"D:\\Projects\\ZeroUI2.0\\validator\\core.py\", line 43, in __init__\n    self.config = self._load_config()\n                  ^^^^^^^^^^^^^^^^^^^\n  File \"D:\\Projects\\ZeroUI2.0\\validator\\core.py\", line 77, in _load_config\n    with open(self.config_path, 'r', encoding='utf-8') as f:\n         ^^^^^^^^^^^^^^^^^^^^^^^^^^^^^^^^^^^^^^^^^^^^^\nPermissionError: [Errno 13] Permission denied: 'config'\n\n----------------------------------------------------------------------\nRan 0 tests in 0.000s\n\nFAILED (errors=1)\n"
      },
      "TestConcurrentValidation": {
        "success": false,
        "tests_run": 0,
        "failures": 0,
        "errors": 1,
        "execution_time": 0.005044698715209961,
        "memory_usage_mb": 0.0,
        "category": "performance",
        "output": "setUpClass (test_performance.TestConcurrentValidation) ... ERROR\n\n======================================================================\nERROR: setUpClass (test_performance.TestConcurrentValidation)\n----------------------------------------------------------------------\nTraceback (most recent call last):\n  File \"D:\\Projects\\ZeroUI2.0\\tests\\test_performance.py\", line 37, in setUpClass\n    cls.validator = ConstitutionValidator(\"config\")\n                    ^^^^^^^^^^^^^^^^^^^^^^^^^^^^^^^\n  File \"D:\\Projects\\ZeroUI2.0\\validator\\core.py\", line 43, in __init__\n    self.config = self._load_config()\n                  ^^^^^^^^^^^^^^^^^^^\n  File \"D:\\Projects\\ZeroUI2.0\\validator\\core.py\", line 77, in _load_config\n    with open(self.config_path, 'r', encoding='utf-8') as f:\n         ^^^^^^^^^^^^^^^^^^^^^^^^^^^^^^^^^^^^^^^^^^^^^\nPermissionError: [Errno 13] Permission denied: 'config'\n\n----------------------------------------------------------------------\nRan 0 tests in 0.000s\n\nFAILED (errors=1)\n"
      },
      "TestStressValidation": {
        "success": false,
        "tests_run": 0,
        "failures": 0,
        "errors": 1,
        "execution_time": 0.0,
        "memory_usage_mb": 0.0,
        "category": "performance",
        "output": "setUpClass (test_performance.TestStressValidation) ... ERROR\n\n======================================================================\nERROR: setUpClass (test_performance.TestStressValidation)\n----------------------------------------------------------------------\nTraceback (most recent call last):\n  File \"D:\\Projects\\ZeroUI2.0\\tests\\test_performance.py\", line 37, in setUpClass\n    cls.validator = ConstitutionValidator(\"config\")\n                    ^^^^^^^^^^^^^^^^^^^^^^^^^^^^^^^\n  File \"D:\\Projects\\ZeroUI2.0\\validator\\core.py\", line 43, in __init__\n    self.config = self._load_config()\n                  ^^^^^^^^^^^^^^^^^^^\n  File \"D:\\Projects\\ZeroUI2.0\\validator\\core.py\", line 77, in _load_config\n    with open(self.config_path, 'r', encoding='utf-8') as f:\n         ^^^^^^^^^^^^^^^^^^^^^^^^^^^^^^^^^^^^^^^^^^^^^\nPermissionError: [Errno 13] Permission denied: 'config'\n\n----------------------------------------------------------------------\nRan 0 tests in 0.000s\n\nFAILED (errors=1)\n"
      },
      "TestScalability": {
        "success": false,
        "tests_run": 0,
        "failures": 0,
        "errors": 1,
        "execution_time": 0.0010936260223388672,
        "memory_usage_mb": 0.0,
        "category": "performance",
        "output": "setUpClass (test_performance.TestScalability) ... ERROR\n\n======================================================================\nERROR: setUpClass (test_performance.TestScalability)\n----------------------------------------------------------------------\nTraceback (most recent call last):\n  File \"D:\\Projects\\ZeroUI2.0\\tests\\test_performance.py\", line 37, in setUpClass\n    cls.validator = ConstitutionValidator(\"config\")\n                    ^^^^^^^^^^^^^^^^^^^^^^^^^^^^^^^\n  File \"D:\\Projects\\ZeroUI2.0\\validator\\core.py\", line 43, in __init__\n    self.config = self._load_config()\n                  ^^^^^^^^^^^^^^^^^^^\n  File \"D:\\Projects\\ZeroUI2.0\\validator\\core.py\", line 77, in _load_config\n    with open(self.config_path, 'r', encoding='utf-8') as f:\n         ^^^^^^^^^^^^^^^^^^^^^^^^^^^^^^^^^^^^^^^^^^^^^\nPermissionError: [Errno 13] Permission denied: 'config'\n\n----------------------------------------------------------------------\nRan 0 tests in 0.000s\n\nFAILED (errors=1)\n"
      }
    }
  },
  "metrics": {
    "summary": {
      "total_tests": 17,
      "passed_tests": 8,
      "failed_tests": 9,
      "skipped_tests": 0,
      "success_rate": 47.05882352941176,
      "execution_time": 0.053072214126586914,
      "memory_usage_mb": 3.44921875
    },
    "test_results": [
      {
        "test_name": "constitution_rules_TestConstitutionRulesBase",
        "result": "passed",
        "execution_time": 0.0,
        "memory_usage": 12288,
        "timestamp": 1761275456.6905358
      },
      {
        "test_name": "rule_validation_TestBasicWorkRules",
        "result": "passed",
        "execution_time": 0.0017733573913574219,
        "memory_usage": 24576,
        "timestamp": 1761275456.6923091
      },
      {
        "test_name": "rule_validation_TestSystemDesignRules",
        "result": "passed",
        "execution_time": 0.0,
        "memory_usage": 0,
        "timestamp": 1761275456.6923091
      },
      {
        "test_name": "rule_validation_TestTeamworkRules",
        "result": "failed",
        "execution_time": 0.0,
        "memory_usage": 167936,
        "timestamp": 1761275456.6923091
      },
      {
        "test_name": "rule_validation_TestCodingStandardsRules",
        "result": "failed",
        "execution_time": 0.0,
        "memory_usage": 4096,
        "timestamp": 1761275456.6923091
      },
      {
        "test_name": "rule_validation_TestRuleIntegration",
        "result": "passed",
        "execution_time": 0.008527517318725586,
        "memory_usage": 253952,
        "timestamp": 1761275456.7008367
      },
      {
        "test_name": "rule_implementations_TestBasicWorkRuleImplementations",
        "result": "failed",
        "execution_time": 0.008209943771362305,
        "memory_usage": 638976,
        "timestamp": 1761275456.7090466
      },
      {
        "test_name": "rule_implementations_TestSystemDesignRuleImplementations",
        "result": "passed",
        "execution_time": 0.0,
        "memory_usage": 458752,
        "timestamp": 1761275456.7090466
      },
      {
        "test_name": "rule_implementations_TestTeamworkRuleImplementations",
        "result": "passed",
        "execution_time": 0.010675191879272461,
        "memory_usage": 487424,
        "timestamp": 1761275456.7197218
      },
      {
        "test_name": "rule_implementations_TestCodingStandardsRuleImplementations",
        "result": "passed",
        "execution_time": 0.005658864974975586,
        "memory_usage": 487424,
        "timestamp": 1761275456.7253807
      },
      {
        "test_name": "rule_implementations_TestRuleEdgeCases",
        "result": "failed",
        "execution_time": 0.008685588836669922,
        "memory_usage": 532480,
        "timestamp": 1761275456.7340662
      },
      {
        "test_name": "rule_implementations_TestRuleIntegration",
        "result": "passed",
        "execution_time": 0.0034034252166748047,
        "memory_usage": 466944,
        "timestamp": 1761275456.7374697
      },
      {
        "test_name": "performance_TestValidationPerformance",
        "result": "failed",
        "execution_time": 0.0,
        "memory_usage": 49152,
        "timestamp": 1761275456.7374697
      },
      {
        "test_name": "performance_TestMemoryUsage",
        "result": "failed",
        "execution_time": 0.0,
        "memory_usage": 0,
        "timestamp": 1761275456.7374697
      },
      {
        "test_name": "performance_TestConcurrentValidation",
        "result": "failed",
        "execution_time": 0.005044698715209961,
        "memory_usage": 0,
        "timestamp": 1761275456.7425144
      },
      {
        "test_name": "performance_TestStressValidation",
        "result": "failed",
        "execution_time": 0.0,
        "memory_usage": 0,
        "timestamp": 1761275456.7425144
      },
      {
        "test_name": "performance_TestScalability",
        "result": "failed",
        "execution_time": 0.0010936260223388672,
        "memory_usage": 0,
        "timestamp": 1761275456.743608
      }
    ],
    "performance_metrics": {
      "average_test_time": 0.00312189494862276,
      "slowest_test": {
        "test_name": "rule_implementations_TestTeamworkRuleImplementations",
        "result": "passed",
        "execution_time": 0.010675191879272461,
        "memory_usage": 487424,
        "timestamp": 1761275456.7197218
      },
      "fastest_test": {
        "test_name": "constitution_rules_TestConstitutionRulesBase",
        "result": "passed",
        "execution_time": 0.0,
        "memory_usage": 12288,
        "timestamp": 1761275456.6905358
      }
    }
  }
}