{
  "summary": {
    "total_tests": 101,
    "total_passed": 98,
    "total_failed": 0,
    "total_errors": 3,
    "success_rate": 97.02970297029702,
    "execution_time": 2.102372646331787,
    "memory_usage_mb": 1.515625,
    "timestamp": "2025-10-24T14:29:52.710121"
  },
  "categories": {
    "constitution_rules": {
      "tests": 25,
      "passed": 25,
      "failed": 0,
      "errors": 0,
      "success_rate": 100.0,
      "execution_time": 0.2704923152923584,
      "memory_usage_mb": 0.8046875
    },
    "rule_validation": {
      "tests": 15,
      "passed": 15,
      "failed": 0,
      "errors": 0,
      "success_rate": 100.0,
      "execution_time": 0.014275550842285156,
      "memory_usage_mb": 0.171875
    },
    "rule_implementations": {
      "tests": 19,
      "passed": 19,
      "failed": 0,
      "errors": 0,
      "success_rate": 100.0,
      "execution_time": 0.08225154876708984,
      "memory_usage_mb": -0.1875
    },
    "performance": {
      "tests": 9,
      "passed": 9,
      "failed": 0,
      "errors": 0,
      "success_rate": 100.0,
      "execution_time": 0.0,
      "memory_usage_mb": 0.0
    },
    "individual_rules": {
      "tests": 10,
      "passed": 10,
      "failed": 0,
      "errors": 0,
      "success_rate": 100.0,
      "execution_time": 0.564622163772583,
      "memory_usage_mb": 0.01171875
    },
    "rule_implementation_logic": {
      "tests": 10,
      "passed": 10,
      "failed": 0,
      "errors": 0,
      "success_rate": 100.0,
      "execution_time": 0.5559592247009277,
      "memory_usage_mb": 0.0
    },
    "rule_compliance_validation": {
      "tests": 10,
      "passed": 10,
      "failed": 0,
      "errors": 0,
      "success_rate": 100.0,
      "execution_time": 0.5873582363128662,
      "memory_usage_mb": 0.0
    },
    "constitution_rules_293": {
      "tests": 3,
      "passed": 0,
      "failed": 0,
      "errors": 3,
      "success_rate": 0.0,
      "execution_time": 0.027413606643676758,
      "memory_usage_mb": 0.71484375
    }
  },
  "detailed_results": {
    "constitution_rules": {
      "TestRuleStructure": {
        "success": true,
        "tests_run": 5,
        "failures": 0,
        "errors": 0,
        "execution_time": 0.06346940994262695,
        "memory_usage_mb": 0.56640625,
        "category": "constitution_rules",
        "output": "test_all_rules_have_required_fields (test_constitution_rules.TestRuleStructure.test_all_rules_have_required_fields)\nVerify all rules have required metadata fields. ... ok\ntest_priority_levels_consistency (test_constitution_rules.TestRuleStructure.test_priority_levels_consistency)\nVerify all rules have valid priority levels. ... ok\ntest_rule_categories_consistency (test_constitution_rules.TestRuleStructure.test_rule_categories_consistency)\nVerify rule categories match category definitions. ... ok\ntest_rule_numbering_sequence (test_constitution_rules.TestRuleStructure.test_rule_numbering_sequence)\nVerify rule numbers are sequential from 1 to 293. ... ok\ntest_total_rule_count (test_constitution_rules.TestRuleStructure.test_total_rule_count)\nVerify exactly 293 rules exist. ... ok\n\n----------------------------------------------------------------------\nRan 5 tests in 0.066s\n\nOK\n"
      },
      "TestRuleCategories": {
        "success": true,
        "tests_run": 2,
        "failures": 0,
        "errors": 0,
        "execution_time": 0.023682832717895508,
        "memory_usage_mb": 0.00390625,
        "category": "constitution_rules",
        "output": "test_category_rule_counts (test_constitution_rules.TestRuleCategories.test_category_rule_counts)\nVerify category rule counts match expectations. ... ok\ntest_critical_priority_rules (test_constitution_rules.TestRuleCategories.test_critical_priority_rules)\nVerify critical priority rules are properly identified. ... ok\n\n----------------------------------------------------------------------\nRan 2 tests in 0.020s\n\nOK\n"
      },
      "TestRuleValidation": {
        "success": true,
        "tests_run": 2,
        "failures": 0,
        "errors": 0,
        "execution_time": 0.01604151725769043,
        "memory_usage_mb": -0.015625,
        "category": "constitution_rules",
        "output": "test_rule_enable_disable_functionality (test_constitution_rules.TestRuleValidation.test_rule_enable_disable_functionality)\nTest rule enable/disable functionality. ... ok\ntest_rule_validation_consistency (test_constitution_rules.TestRuleValidation.test_rule_validation_consistency)\nTest that rule validation is consistent across validators. ... ok\n\n----------------------------------------------------------------------\nRan 2 tests in 0.021s\n\nOK\n"
      },
      "TestSpecificRuleCategories": {
        "success": true,
        "tests_run": 3,
        "failures": 0,
        "errors": 0,
        "execution_time": 0.035433053970336914,
        "memory_usage_mb": 0.1171875,
        "category": "constitution_rules",
        "output": "test_basic_work_rules (test_constitution_rules.TestSpecificRuleCategories.test_basic_work_rules)\nTest basic work rules (rules 1-18). ... ok\ntest_system_design_rules (test_constitution_rules.TestSpecificRuleCategories.test_system_design_rules)\nTest system design rules. ... ok\ntest_teamwork_rules (test_constitution_rules.TestSpecificRuleCategories.test_teamwork_rules)\nTest teamwork rules. ... ok\n\n----------------------------------------------------------------------\nRan 3 tests in 0.031s\n\nOK\n"
      },
      "TestRuleContentValidation": {
        "success": true,
        "tests_run": 3,
        "failures": 0,
        "errors": 0,
        "execution_time": 0.03181624412536621,
        "memory_usage_mb": -0.015625,
        "category": "constitution_rules",
        "output": "test_rule_configuration_consistency (test_constitution_rules.TestRuleContentValidation.test_rule_configuration_consistency)\nTest rule configuration consistency. ... ok\ntest_rule_content_consistency (test_constitution_rules.TestRuleContentValidation.test_rule_content_consistency)\nTest rule content consistency and format. ... ok\ntest_rule_titles_not_empty (test_constitution_rules.TestRuleContentValidation.test_rule_titles_not_empty)\nVerify all rules have non-empty titles. ... ok\n\n----------------------------------------------------------------------\nRan 3 tests in 0.032s\n\nOK\n"
      },
      "TestRulePerformance": {
        "success": true,
        "tests_run": 2,
        "failures": 0,
        "errors": 0,
        "execution_time": 0.02472519874572754,
        "memory_usage_mb": 0.140625,
        "category": "constitution_rules",
        "output": "test_memory_usage_efficiency (test_constitution_rules.TestRulePerformance.test_memory_usage_efficiency)\nTest that validation doesn't consume excessive memory. ... ok\ntest_validation_performance (test_constitution_rules.TestRulePerformance.test_validation_performance)\nTest that validation completes within acceptable time limits. ... ok\n\n----------------------------------------------------------------------\nRan 2 tests in 0.023s\n\nOK\n"
      },
      "TestRuleIntegration": {
        "success": true,
        "tests_run": 3,
        "failures": 0,
        "errors": 0,
        "execution_time": 0.023761272430419922,
        "memory_usage_mb": 0.1484375,
        "category": "constitution_rules",
        "output": "test_multiple_rule_violations (test_rule_implementations.TestRuleIntegration.test_multiple_rule_violations)\nTest detection of multiple rule violations. ... ok\ntest_rule_dependency_handling (test_rule_implementations.TestRuleIntegration.test_rule_dependency_handling)\nTest handling of rule dependencies. ... ok\ntest_rule_priority_handling (test_rule_implementations.TestRuleIntegration.test_rule_priority_handling)\nTest that rule priorities are properly handled. ... ok\n\n----------------------------------------------------------------------\nRan 3 tests in 0.022s\n\nOK\n"
      },
      "TestRuleErrorHandling": {
        "success": true,
        "tests_run": 3,
        "failures": 0,
        "errors": 0,
        "execution_time": 0.03275442123413086,
        "memory_usage_mb": -0.1875,
        "category": "constitution_rules",
        "output": "test_invalid_rule_id_handling (test_constitution_rules.TestRuleErrorHandling.test_invalid_rule_id_handling)\nTest handling of invalid rule IDs. ... ok\ntest_malformed_rule_data_handling (test_constitution_rules.TestRuleErrorHandling.test_malformed_rule_data_handling)\nTest handling of malformed rule data. ... ok\ntest_rule_validation_with_empty_content (test_constitution_rules.TestRuleErrorHandling.test_rule_validation_with_empty_content)\nTest rule validation with empty file content. ... ok\n\n----------------------------------------------------------------------\nRan 3 tests in 0.033s\n\nOK\n"
      },
      "TestRuleReporting": {
        "success": true,
        "tests_run": 2,
        "failures": 0,
        "errors": 0,
        "execution_time": 0.018808364868164062,
        "memory_usage_mb": 0.046875,
        "category": "constitution_rules",
        "output": "test_rule_metrics_collection (test_constitution_rules.TestRuleReporting.test_rule_metrics_collection)\nTest collection of rule validation metrics. ... ok\ntest_violation_reporting (test_constitution_rules.TestRuleReporting.test_violation_reporting)\nTest violation reporting accuracy. ... ok\n\n----------------------------------------------------------------------\nRan 2 tests in 0.020s\n\nOK\n"
      }
    },
    "rule_validation": {
      "TestBasicWorkRules": {
        "success": true,
        "tests_run": 5,
        "failures": 0,
        "errors": 0,
        "execution_time": 0.0,
        "memory_usage_mb": 0.0078125,
        "category": "rule_validation",
        "output": "test_rule_2_information_usage (test_rule_validation.TestBasicWorkRules.test_rule_2_information_usage)\nTest Rule 2: Only Use Information You're Given ... ok\ntest_rule_3_privacy_protection (test_rule_validation.TestBasicWorkRules.test_rule_3_privacy_protection)\nTest Rule 3: Protect People's Privacy ... ok\ntest_rule_4_settings_files (test_rule_validation.TestBasicWorkRules.test_rule_4_settings_files)\nTest Rule 4: Use Settings Files, Not Hardcoded Numbers ... ok\ntest_rule_4_settings_usage (test_rule_validation.TestBasicWorkRules.test_rule_4_settings_usage)\nTest Rule 4: Use Settings Files, Not Hardcoded Numbers ... ok\ntest_rule_5_record_keeping (test_rule_validation.TestBasicWorkRules.test_rule_5_record_keeping)\nTest Rule 5: Keep Good Records ... ok\n\n----------------------------------------------------------------------\nRan 5 tests in 0.001s\n\nOK\n"
      },
      "TestSystemDesignRules": {
        "success": true,
        "tests_run": 3,
        "failures": 0,
        "errors": 0,
        "execution_time": 0.005987882614135742,
        "memory_usage_mb": 0.0,
        "category": "rule_validation",
        "output": "test_rule_22_architecture_consistency (test_rule_validation.TestSystemDesignRules.test_rule_22_architecture_consistency)\nTest Rule 22: Architecture Consistency ... ok\ntest_rule_25_separation_of_concerns (test_rule_validation.TestSystemDesignRules.test_rule_25_separation_of_concerns)\nTest Rule 25: Separation of Concerns ... ok\ntest_rule_26_dependency_injection (test_rule_validation.TestSystemDesignRules.test_rule_26_dependency_injection)\nTest Rule 26: Dependency Injection ... ok\n\n----------------------------------------------------------------------\nRan 3 tests in 0.001s\n\nOK\n"
      },
      "TestTeamworkRules": {
        "success": true,
        "tests_run": 2,
        "failures": 0,
        "errors": 0,
        "execution_time": 0.0,
        "memory_usage_mb": 0.0,
        "category": "rule_validation",
        "output": "test_rule_52_collaboration_standards (test_rule_validation.TestTeamworkRules.test_rule_52_collaboration_standards)\nTest Rule 52: Collaboration Standards ... ok\ntest_rule_53_code_review_readiness (test_rule_validation.TestTeamworkRules.test_rule_53_code_review_readiness)\nTest Rule 53: Code Review Readiness ... ok\n\n----------------------------------------------------------------------\nRan 2 tests in 0.000s\n\nOK\n"
      },
      "TestCodingStandardsRules": {
        "success": true,
        "tests_run": 2,
        "failures": 0,
        "errors": 0,
        "execution_time": 0.0,
        "memory_usage_mb": 0.0,
        "category": "rule_validation",
        "output": "test_rule_function_length (test_rule_validation.TestCodingStandardsRules.test_rule_function_length)\nTest function length rules ... ok\ntest_rule_naming_conventions (test_rule_validation.TestCodingStandardsRules.test_rule_naming_conventions)\nTest naming convention rules ... ok\n\n----------------------------------------------------------------------\nRan 2 tests in 0.000s\n\nOK\n"
      },
      "TestRuleIntegration": {
        "success": true,
        "tests_run": 3,
        "failures": 0,
        "errors": 0,
        "execution_time": 0.008287668228149414,
        "memory_usage_mb": 0.1640625,
        "category": "rule_validation",
        "output": "test_multiple_rule_violations (test_rule_implementations.TestRuleIntegration.test_multiple_rule_violations)\nTest detection of multiple rule violations. ... ok\ntest_rule_dependency_handling (test_rule_implementations.TestRuleIntegration.test_rule_dependency_handling)\nTest handling of rule dependencies. ... ok\ntest_rule_priority_handling (test_rule_implementations.TestRuleIntegration.test_rule_priority_handling)\nTest that rule priorities are properly handled. ... ok\n\n----------------------------------------------------------------------\nRan 3 tests in 0.013s\n\nOK\n"
      }
    },
    "rule_implementations": {
      "TestBasicWorkRuleImplementations": {
        "success": true,
        "tests_run": 5,
        "failures": 0,
        "errors": 0,
        "execution_time": 0.024540424346923828,
        "memory_usage_mb": -0.265625,
        "category": "rule_implementations",
        "output": "test_rule_1_documentation_implementation (test_rule_implementations.TestBasicWorkRuleImplementations.test_rule_1_documentation_implementation)\nTest Rule 1: Documentation Required - Implementation ... ok\ntest_rule_2_information_usage_implementation (test_rule_implementations.TestBasicWorkRuleImplementations.test_rule_2_information_usage_implementation)\nTest Rule 2: Only Use Information You're Given - Implementation ... ok\ntest_rule_3_privacy_protection_implementation (test_rule_implementations.TestBasicWorkRuleImplementations.test_rule_3_privacy_protection_implementation)\nTest Rule 3: Protect People's Privacy - Implementation ... ok\ntest_rule_4_settings_files_implementation (test_rule_implementations.TestBasicWorkRuleImplementations.test_rule_4_settings_files_implementation)\nTest Rule 4: Use Settings Files, Not Hardcoded Numbers - Implementation ... ok\ntest_rule_5_record_keeping_implementation (test_rule_implementations.TestBasicWorkRuleImplementations.test_rule_5_record_keeping_implementation)\nTest Rule 5: Keep Good Records - Implementation ... ok\n\n----------------------------------------------------------------------\nRan 5 tests in 0.021s\n\nOK\n"
      },
      "TestSystemDesignRuleImplementations": {
        "success": true,
        "tests_run": 3,
        "failures": 0,
        "errors": 0,
        "execution_time": 0.008396387100219727,
        "memory_usage_mb": 0.01953125,
        "category": "rule_implementations",
        "output": "test_rule_22_architecture_consistency_implementation (test_rule_implementations.TestSystemDesignRuleImplementations.test_rule_22_architecture_consistency_implementation)\nTest Rule 22: Architecture Consistency - Implementation ... ok\ntest_rule_25_separation_of_concerns_implementation (test_rule_implementations.TestSystemDesignRuleImplementations.test_rule_25_separation_of_concerns_implementation)\nTest Rule 25: Separation of Concerns - Implementation ... ok\ntest_rule_26_dependency_injection_implementation (test_rule_implementations.TestSystemDesignRuleImplementations.test_rule_26_dependency_injection_implementation)\nTest Rule 26: Dependency Injection - Implementation ... ok\n\n----------------------------------------------------------------------\nRan 3 tests in 0.012s\n\nOK\n"
      },
      "TestTeamworkRuleImplementations": {
        "success": true,
        "tests_run": 2,
        "failures": 0,
        "errors": 0,
        "execution_time": 0.01180887222290039,
        "memory_usage_mb": 0.0,
        "category": "rule_implementations",
        "output": "test_rule_52_collaboration_standards_implementation (test_rule_implementations.TestTeamworkRuleImplementations.test_rule_52_collaboration_standards_implementation)\nTest Rule 52: Collaboration Standards - Implementation ... ok\ntest_rule_53_code_review_readiness_implementation (test_rule_implementations.TestTeamworkRuleImplementations.test_rule_53_code_review_readiness_implementation)\nTest Rule 53: Code Review Readiness - Implementation ... ok\n\n----------------------------------------------------------------------\nRan 2 tests in 0.008s\n\nOK\n"
      },
      "TestCodingStandardsRuleImplementations": {
        "success": true,
        "tests_run": 2,
        "failures": 0,
        "errors": 0,
        "execution_time": 0.0058214664459228516,
        "memory_usage_mb": -0.01171875,
        "category": "rule_implementations",
        "output": "test_function_length_implementation (test_rule_implementations.TestCodingStandardsRuleImplementations.test_function_length_implementation)\nTest function length rules implementation. ... ok\ntest_naming_conventions_implementation (test_rule_implementations.TestCodingStandardsRuleImplementations.test_naming_conventions_implementation)\nTest naming convention rules implementation. ... ok\n\n----------------------------------------------------------------------\nRan 2 tests in 0.008s\n\nOK\n"
      },
      "TestRuleEdgeCases": {
        "success": true,
        "tests_run": 4,
        "failures": 0,
        "errors": 0,
        "execution_time": 0.02326059341430664,
        "memory_usage_mb": 0.02734375,
        "category": "rule_implementations",
        "output": "test_empty_file_handling (test_rule_implementations.TestRuleEdgeCases.test_empty_file_handling)\nTest handling of empty files. ... ok\ntest_malformed_code_handling (test_rule_implementations.TestRuleEdgeCases.test_malformed_code_handling)\nTest handling of malformed code. ... ok\ntest_unicode_handling (test_rule_implementations.TestRuleEdgeCases.test_unicode_handling)\nTest handling of Unicode characters. ... ok\ntest_very_long_lines_handling (test_rule_implementations.TestRuleEdgeCases.test_very_long_lines_handling)\nTest handling of very long lines. ... ok\n\n----------------------------------------------------------------------\nRan 4 tests in 0.018s\n\nOK\n"
      },
      "TestRuleIntegration": {
        "success": true,
        "tests_run": 3,
        "failures": 0,
        "errors": 0,
        "execution_time": 0.008423805236816406,
        "memory_usage_mb": 0.04296875,
        "category": "rule_implementations",
        "output": "test_multiple_rule_violations (test_rule_implementations.TestRuleIntegration.test_multiple_rule_violations)\nTest detection of multiple rule violations. ... ok\ntest_rule_dependency_handling (test_rule_implementations.TestRuleIntegration.test_rule_dependency_handling)\nTest handling of rule dependencies. ... ok\ntest_rule_priority_handling (test_rule_implementations.TestRuleIntegration.test_rule_priority_handling)\nTest that rule priorities are properly handled. ... ok\n\n----------------------------------------------------------------------\nRan 3 tests in 0.013s\n\nOK\n"
      }
    },
    "performance": {
      "TestValidationPerformance": {
        "success": true,
        "tests_run": 4,
        "failures": 0,
        "errors": 0,
        "execution_time": 0.0,
        "memory_usage_mb": 0.0,
        "category": "performance",
        "output": "test_large_file_validation_performance (test_performance.TestValidationPerformance.test_large_file_validation_performance)\nTest validation performance on large files. ... skipped 'Performance tests temporarily disabled'\ntest_medium_file_validation_performance (test_performance.TestValidationPerformance.test_medium_file_validation_performance)\nTest validation performance on medium files. ... skipped 'Performance tests temporarily disabled'\ntest_small_file_validation_performance (test_performance.TestValidationPerformance.test_small_file_validation_performance)\nTest validation performance on small files. ... skipped 'Performance tests temporarily disabled'\ntest_very_large_file_validation_performance (test_performance.TestValidationPerformance.test_very_large_file_validation_performance)\nTest validation performance on very large files. ... skipped 'Performance tests temporarily disabled'\n\n----------------------------------------------------------------------\nRan 4 tests in 0.000s\n\nOK (skipped=4)\n"
      },
      "TestConcurrentValidation": {
        "success": true,
        "tests_run": 2,
        "failures": 0,
        "errors": 0,
        "execution_time": 0.0,
        "memory_usage_mb": 0.0,
        "category": "performance",
        "output": "test_concurrent_validation_processes (test_performance.TestConcurrentValidation.test_concurrent_validation_processes)\nTest validation performance with multiple processes. ... skipped 'Performance tests temporarily disabled'\ntest_concurrent_validation_threads (test_performance.TestConcurrentValidation.test_concurrent_validation_threads)\nTest validation performance with multiple threads. ... skipped 'Performance tests temporarily disabled'\n\n----------------------------------------------------------------------\nRan 2 tests in 0.000s\n\nOK (skipped=2)\n"
      },
      "TestStressValidation": {
        "success": true,
        "tests_run": 3,
        "failures": 0,
        "errors": 0,
        "execution_time": 0.0,
        "memory_usage_mb": 0.0,
        "category": "performance",
        "output": "test_memory_pressure_stress (test_performance.TestStressValidation.test_memory_pressure_stress)\nTest validation under memory pressure. ... skipped 'Performance tests temporarily disabled'\ntest_mixed_file_sizes_stress (test_performance.TestStressValidation.test_mixed_file_sizes_stress)\nTest validation with mixed file sizes. ... skipped 'Performance tests temporarily disabled'\ntest_rapid_validation_stress (test_performance.TestStressValidation.test_rapid_validation_stress)\nTest rapid successive validation calls. ... skipped 'Performance tests temporarily disabled'\n\n----------------------------------------------------------------------\nRan 3 tests in 0.000s\n\nOK (skipped=3)\n"
      }
    },
    "individual_rules": {
      "TestIndividualRules": {
        "success": true,
        "tests_run": 10,
        "failures": 0,
        "errors": 0,
        "execution_time": 0.564622163772583,
        "memory_usage_mb": 0.01171875,
        "category": "individual_rules",
        "output": "test_rule_12_compliance (test_individual_rules.TestIndividualRules.test_rule_12_compliance)\nTest Rule 12: Test Everything. ... ok\ntest_rule_17_compliance (test_individual_rules.TestIndividualRules.test_rule_17_compliance)\nTest Rule 17: Keep Different Parts Separate. ... ok\ntest_rule_18_compliance (test_individual_rules.TestIndividualRules.test_rule_18_compliance)\nTest Rule 18: Be Fair to Everyone. ... ok\ntest_rule_1_compliance (test_individual_rules.TestIndividualRules.test_rule_1_compliance)\nTest Rule 1: Do Exactly What's Asked. ... ok\ntest_rule_2_compliance (test_individual_rules.TestIndividualRules.test_rule_2_compliance)\nTest Rule 2: Only Use Information You're Given. ... ok\ntest_rule_3_compliance (test_individual_rules.TestIndividualRules.test_rule_3_compliance)\nTest Rule 3: Protect People's Privacy. ... ok\ntest_rule_4_compliance (test_individual_rules.TestIndividualRules.test_rule_4_compliance)\nTest Rule 4: Use Settings Files, Not Hardcoded Numbers. ... ok\ntest_rule_5_compliance (test_individual_rules.TestIndividualRules.test_rule_5_compliance)\nTest Rule 5: Keep Good Records. ... ok\ntest_rule_7_compliance (test_individual_rules.TestIndividualRules.test_rule_7_compliance)\nTest Rule 7: Make Things Fast. ... ok\ntest_rule_8_compliance (test_individual_rules.TestIndividualRules.test_rule_8_compliance)\nTest Rule 8: Be Honest About AI Decisions. ... ok\n\n----------------------------------------------------------------------\nRan 10 tests in 0.559s\n\nOK\n"
      }
    },
    "rule_implementation_logic": {
      "TestRuleImplementationLogic": {
        "success": true,
        "tests_run": 10,
        "failures": 0,
        "errors": 0,
        "execution_time": 0.5559592247009277,
        "memory_usage_mb": 0.0,
        "category": "rule_implementation_logic",
        "output": "test_rule_12_implementation_logic (test_rule_implementation_logic.TestRuleImplementationLogic.test_rule_12_implementation_logic)\nTest Rule 12: Test Everything - Implementation Logic. ... ok\ntest_rule_17_implementation_logic (test_rule_implementation_logic.TestRuleImplementationLogic.test_rule_17_implementation_logic)\nTest Rule 17: Keep Different Parts Separate - Implementation Logic. ... ok\ntest_rule_18_implementation_logic (test_rule_implementation_logic.TestRuleImplementationLogic.test_rule_18_implementation_logic)\nTest Rule 18: Be Fair to Everyone - Implementation Logic. ... ok\ntest_rule_1_implementation_logic (test_rule_implementation_logic.TestRuleImplementationLogic.test_rule_1_implementation_logic)\nTest Rule 1: Do Exactly What's Asked - Implementation Logic. ... ok\ntest_rule_2_implementation_logic (test_rule_implementation_logic.TestRuleImplementationLogic.test_rule_2_implementation_logic)\nTest Rule 2: Only Use Information You're Given - Implementation Logic. ... ok\ntest_rule_3_implementation_logic (test_rule_implementation_logic.TestRuleImplementationLogic.test_rule_3_implementation_logic)\nTest Rule 3: Protect People's Privacy - Implementation Logic. ... ok\ntest_rule_4_implementation_logic (test_rule_implementation_logic.TestRuleImplementationLogic.test_rule_4_implementation_logic)\nTest Rule 4: Use Settings Files, Not Hardcoded Numbers - Implementation Logic. ... ok\ntest_rule_5_implementation_logic (test_rule_implementation_logic.TestRuleImplementationLogic.test_rule_5_implementation_logic)\nTest Rule 5: Keep Good Records - Implementation Logic. ... ok\ntest_rule_7_implementation_logic (test_rule_implementation_logic.TestRuleImplementationLogic.test_rule_7_implementation_logic)\nTest Rule 7: Make Things Fast - Implementation Logic. ... ok\ntest_rule_8_implementation_logic (test_rule_implementation_logic.TestRuleImplementationLogic.test_rule_8_implementation_logic)\nTest Rule 8: Be Honest About AI Decisions - Implementation Logic. ... ok\n\n----------------------------------------------------------------------\nRan 10 tests in 0.556s\n\nOK\n"
      }
    },
    "rule_compliance_validation": {
      "TestRuleComplianceValidation": {
        "success": true,
        "tests_run": 10,
        "failures": 0,
        "errors": 0,
        "execution_time": 0.5873582363128662,
        "memory_usage_mb": 0.0,
        "category": "rule_compliance_validation",
        "output": "test_rule_12_compliance_validation (test_rule_compliance_validation.TestRuleComplianceValidation.test_rule_12_compliance_validation)\nTest Rule 12: Test Everything - Compliance Validation. ... ok\ntest_rule_17_compliance_validation (test_rule_compliance_validation.TestRuleComplianceValidation.test_rule_17_compliance_validation)\nTest Rule 17: Keep Different Parts Separate - Compliance Validation. ... ok\ntest_rule_18_compliance_validation (test_rule_compliance_validation.TestRuleComplianceValidation.test_rule_18_compliance_validation)\nTest Rule 18: Be Fair to Everyone - Compliance Validation. ... ok\ntest_rule_1_compliance_validation (test_rule_compliance_validation.TestRuleComplianceValidation.test_rule_1_compliance_validation)\nTest Rule 1: Do Exactly What's Asked - Compliance Validation. ... ok\ntest_rule_2_compliance_validation (test_rule_compliance_validation.TestRuleComplianceValidation.test_rule_2_compliance_validation)\nTest Rule 2: Only Use Information You're Given - Compliance Validation. ... ok\ntest_rule_3_compliance_validation (test_rule_compliance_validation.TestRuleComplianceValidation.test_rule_3_compliance_validation)\nTest Rule 3: Protect People's Privacy - Compliance Validation. ... ok\ntest_rule_4_compliance_validation (test_rule_compliance_validation.TestRuleComplianceValidation.test_rule_4_compliance_validation)\nTest Rule 4: Use Settings Files, Not Hardcoded Numbers - Compliance Validation. ... ok\ntest_rule_5_compliance_validation (test_rule_compliance_validation.TestRuleComplianceValidation.test_rule_5_compliance_validation)\nTest Rule 5: Keep Good Records - Compliance Validation. ... ok\ntest_rule_7_compliance_validation (test_rule_compliance_validation.TestRuleComplianceValidation.test_rule_7_compliance_validation)\nTest Rule 7: Make Things Fast - Compliance Validation. ... ok\ntest_rule_8_compliance_validation (test_rule_compliance_validation.TestRuleComplianceValidation.test_rule_8_compliance_validation)\nTest Rule 8: Be Honest About AI Decisions - Compliance Validation. ... ok\n\n----------------------------------------------------------------------\nRan 10 tests in 0.589s\n\nOK\n"
      }
    },
    "constitution_rules_293": {
      "Test293ConstitutionRules": {
        "success": false,
        "tests_run": 3,
        "failures": 0,
        "errors": 3,
        "execution_time": 0.027413606643676758,
        "memory_usage_mb": 0.71484375,
        "category": "constitution_rules_293",
        "output": "test_all_293_rules_compliance (test_293_constitution_rules.Test293ConstitutionRules.test_all_293_rules_compliance)\nTest that all 293 rules are compliant. ... ERROR\ntest_rule_coverage_completeness (test_293_constitution_rules.Test293ConstitutionRules.test_rule_coverage_completeness)\nTest that rule coverage is complete. ... ERROR\ntest_rule_validation_quality (test_293_constitution_rules.Test293ConstitutionRules.test_rule_validation_quality)\nTest that rule validation maintains quality standards. ... ERROR\n\n======================================================================\nERROR: test_all_293_rules_compliance (test_293_constitution_rules.Test293ConstitutionRules.test_all_293_rules_compliance)\nTest that all 293 rules are compliant.\n----------------------------------------------------------------------\nTraceback (most recent call last):\n  File \"D:\\Projects\\ZeroUI2.0\\tests\\test_293_constitution_rules.py\", line 138, in test_all_293_rules_compliance\n    results = self._get_results()\n              ^^^^^^^^^^^^^^^^^^^\n  File \"D:\\Projects\\ZeroUI2.0\\tests\\test_293_constitution_rules.py\", line 133, in _get_results\n    Test293ConstitutionRules._class_results = self.tester.run_all_293_rule_tests()\n                                              ^^^^^^^^^^^^^^^^^^^^^^^^^^^^^^^^^^^^\n  File \"D:\\Projects\\ZeroUI2.0\\tests\\test_293_constitution_rules.py\", line 69, in run_all_293_rule_tests\n    print(f\"PASS Rule {rule_number}: {rule_name} - COMPLIANT\")\n  File \"C:\\Users\\pc\\AppData\\Local\\Programs\\Python\\Python311\\Lib\\encodings\\cp1252.py\", line 19, in encode\n    return codecs.charmap_encode(input,self.errors,encoding_table)[0]\n           ^^^^^^^^^^^^^^^^^^^^^^^^^^^^^^^^^^^^^^^^^^^^^^^^^^^^^^^\nUnicodeEncodeError: 'charmap' codec can't encode character '\\u2011' in position 31: character maps to <undefined>\n\n======================================================================\nERROR: test_rule_coverage_completeness (test_293_constitution_rules.Test293ConstitutionRules.test_rule_coverage_completeness)\nTest that rule coverage is complete.\n----------------------------------------------------------------------\nTraceback (most recent call last):\n  File \"D:\\Projects\\ZeroUI2.0\\tests\\test_293_constitution_rules.py\", line 147, in test_rule_coverage_completeness\n    results = self._get_results()\n              ^^^^^^^^^^^^^^^^^^^\n  File \"D:\\Projects\\ZeroUI2.0\\tests\\test_293_constitution_rules.py\", line 133, in _get_results\n    Test293ConstitutionRules._class_results = self.tester.run_all_293_rule_tests()\n                                              ^^^^^^^^^^^^^^^^^^^^^^^^^^^^^^^^^^^^\n  File \"D:\\Projects\\ZeroUI2.0\\tests\\test_293_constitution_rules.py\", line 69, in run_all_293_rule_tests\n    print(f\"PASS Rule {rule_number}: {rule_name} - COMPLIANT\")\n  File \"C:\\Users\\pc\\AppData\\Local\\Programs\\Python\\Python311\\Lib\\encodings\\cp1252.py\", line 19, in encode\n    return codecs.charmap_encode(input,self.errors,encoding_table)[0]\n           ^^^^^^^^^^^^^^^^^^^^^^^^^^^^^^^^^^^^^^^^^^^^^^^^^^^^^^^\nUnicodeEncodeError: 'charmap' codec can't encode character '\\u2011' in position 31: character maps to <undefined>\n\n======================================================================\nERROR: test_rule_validation_quality (test_293_constitution_rules.Test293ConstitutionRules.test_rule_validation_quality)\nTest that rule validation maintains quality standards.\n----------------------------------------------------------------------\nTraceback (most recent call last):\n  File \"D:\\Projects\\ZeroUI2.0\\tests\\test_293_constitution_rules.py\", line 157, in test_rule_validation_quality\n    results = self._get_results()\n              ^^^^^^^^^^^^^^^^^^^\n  File \"D:\\Projects\\ZeroUI2.0\\tests\\test_293_constitution_rules.py\", line 133, in _get_results\n    Test293ConstitutionRules._class_results = self.tester.run_all_293_rule_tests()\n                                              ^^^^^^^^^^^^^^^^^^^^^^^^^^^^^^^^^^^^\n  File \"D:\\Projects\\ZeroUI2.0\\tests\\test_293_constitution_rules.py\", line 69, in run_all_293_rule_tests\n    print(f\"PASS Rule {rule_number}: {rule_name} - COMPLIANT\")\n  File \"C:\\Users\\pc\\AppData\\Local\\Programs\\Python\\Python311\\Lib\\encodings\\cp1252.py\", line 19, in encode\n    return codecs.charmap_encode(input,self.errors,encoding_table)[0]\n           ^^^^^^^^^^^^^^^^^^^^^^^^^^^^^^^^^^^^^^^^^^^^^^^^^^^^^^^\nUnicodeEncodeError: 'charmap' codec can't encode character '\\u2011' in position 31: character maps to <undefined>\n\n----------------------------------------------------------------------\nRan 3 tests in 0.024s\n\nFAILED (errors=3)\n"
      }
    }
  },
  "metrics": {
    "summary": {
      "total_tests": 27,
      "passed_tests": 26,
      "failed_tests": 1,
      "skipped_tests": 0,
      "success_rate": 96.29629629629629,
      "execution_time": 2.1029458045959473,
      "memory_usage_mb": 1.29296875
    },
    "test_results": [
      {
        "test_name": "constitution_rules_TestRuleStructure",
        "result": "passed",
        "execution_time": 0.06346940994262695,
        "memory_usage": 593920,
        "timestamp": 1761296390.670645
      },
      {
        "test_name": "constitution_rules_TestRuleCategories",
        "result": "passed",
        "execution_time": 0.023682832717895508,
        "memory_usage": 4096,
        "timestamp": 1761296390.6943278
      },
      {
        "test_name": "constitution_rules_TestRuleValidation",
        "result": "passed",
        "execution_time": 0.01604151725769043,
        "memory_usage": -16384,
        "timestamp": 1761296390.7103693
      },
      {
        "test_name": "constitution_rules_TestSpecificRuleCategories",
        "result": "passed",
        "execution_time": 0.035433053970336914,
        "memory_usage": 122880,
        "timestamp": 1761296390.7458024
      },
      {
        "test_name": "constitution_rules_TestRuleContentValidation",
        "result": "passed",
        "execution_time": 0.03181624412536621,
        "memory_usage": -16384,
        "timestamp": 1761296390.7776186
      },
      {
        "test_name": "constitution_rules_TestRulePerformance",
        "result": "passed",
        "execution_time": 0.02472519874572754,
        "memory_usage": 147456,
        "timestamp": 1761296390.8023438
      },
      {
        "test_name": "constitution_rules_TestRuleIntegration",
        "result": "passed",
        "execution_time": 0.023761272430419922,
        "memory_usage": 155648,
        "timestamp": 1761296390.826105
      },
      {
        "test_name": "constitution_rules_TestRuleErrorHandling",
        "result": "passed",
        "execution_time": 0.03275442123413086,
        "memory_usage": -196608,
        "timestamp": 1761296390.8588595
      },
      {
        "test_name": "constitution_rules_TestRuleReporting",
        "result": "passed",
        "execution_time": 0.018808364868164062,
        "memory_usage": 49152,
        "timestamp": 1761296390.877668
      },
      {
        "test_name": "rule_validation_TestBasicWorkRules",
        "result": "passed",
        "execution_time": 0.0,
        "memory_usage": 8192,
        "timestamp": 1761296390.877668
      },
      {
        "test_name": "rule_validation_TestSystemDesignRules",
        "result": "passed",
        "execution_time": 0.005987882614135742,
        "memory_usage": 0,
        "timestamp": 1761296390.8836558
      },
      {
        "test_name": "rule_validation_TestTeamworkRules",
        "result": "passed",
        "execution_time": 0.0,
        "memory_usage": 0,
        "timestamp": 1761296390.8836558
      },
      {
        "test_name": "rule_validation_TestCodingStandardsRules",
        "result": "passed",
        "execution_time": 0.0,
        "memory_usage": 0,
        "timestamp": 1761296390.8836558
      },
      {
        "test_name": "rule_validation_TestRuleIntegration",
        "result": "passed",
        "execution_time": 0.008287668228149414,
        "memory_usage": 172032,
        "timestamp": 1761296390.8919435
      },
      {
        "test_name": "rule_implementations_TestBasicWorkRuleImplementations",
        "result": "passed",
        "execution_time": 0.024540424346923828,
        "memory_usage": -278528,
        "timestamp": 1761296390.9164839
      },
      {
        "test_name": "rule_implementations_TestSystemDesignRuleImplementations",
        "result": "passed",
        "execution_time": 0.008396387100219727,
        "memory_usage": 20480,
        "timestamp": 1761296390.9248803
      },
      {
        "test_name": "rule_implementations_TestTeamworkRuleImplementations",
        "result": "passed",
        "execution_time": 0.01180887222290039,
        "memory_usage": 0,
        "timestamp": 1761296390.9366891
      },
      {
        "test_name": "rule_implementations_TestCodingStandardsRuleImplementations",
        "result": "passed",
        "execution_time": 0.0058214664459228516,
        "memory_usage": -12288,
        "timestamp": 1761296390.9425106
      },
      {
        "test_name": "rule_implementations_TestRuleEdgeCases",
        "result": "passed",
        "execution_time": 0.02326059341430664,
        "memory_usage": 28672,
        "timestamp": 1761296390.9657712
      },
      {
        "test_name": "rule_implementations_TestRuleIntegration",
        "result": "passed",
        "execution_time": 0.008423805236816406,
        "memory_usage": 45056,
        "timestamp": 1761296390.974195
      },
      {
        "test_name": "performance_TestValidationPerformance",
        "result": "passed",
        "execution_time": 0.0,
        "memory_usage": 0,
        "timestamp": 1761296390.974195
      },
      {
        "test_name": "performance_TestConcurrentValidation",
        "result": "passed",
        "execution_time": 0.0,
        "memory_usage": 0,
        "timestamp": 1761296390.974195
      },
      {
        "test_name": "performance_TestStressValidation",
        "result": "passed",
        "execution_time": 0.0,
        "memory_usage": 0,
        "timestamp": 1761296390.974195
      },
      {
        "test_name": "individual_rules_TestIndividualRules",
        "result": "passed",
        "execution_time": 0.564622163772583,
        "memory_usage": 12288,
        "timestamp": 1761296391.5388172
      },
      {
        "test_name": "rule_implementation_logic_TestRuleImplementationLogic",
        "result": "passed",
        "execution_time": 0.5559592247009277,
        "memory_usage": 0,
        "timestamp": 1761296392.0947764
      },
      {
        "test_name": "rule_compliance_validation_TestRuleComplianceValidation",
        "result": "passed",
        "execution_time": 0.5873582363128662,
        "memory_usage": 0,
        "timestamp": 1761296392.6821346
      },
      {
        "test_name": "constitution_rules_293_Test293ConstitutionRules",
        "result": "failed",
        "execution_time": 0.027413606643676758,
        "memory_usage": 749568,
        "timestamp": 1761296392.7095482
      }
    ],
    "performance_metrics": {
      "average_test_time": 0.07786565356784397,
      "slowest_test": {
        "test_name": "rule_compliance_validation_TestRuleComplianceValidation",
        "result": "passed",
        "execution_time": 0.5873582363128662,
        "memory_usage": 0,
        "timestamp": 1761296392.6821346
      },
      "fastest_test": {
        "test_name": "rule_validation_TestBasicWorkRules",
        "result": "passed",
        "execution_time": 0.0,
        "memory_usage": 8192,
        "timestamp": 1761296390.877668
      }
    }
  }
}