{
  "summary": {
    "total_tests": 51,
    "total_passed": 21,
    "total_failed": 3,
    "total_errors": 27,
    "success_rate": 41.17647058823529,
    "execution_time": 30.779564380645752,
    "memory_usage_mb": 672.37890625,
    "timestamp": "2025-10-24T08:36:45.549830"
  },
  "categories": {
    "constitution_rules": {
      "tests": 0,
      "passed": 0,
      "failed": 0,
      "errors": 0,
      "success_rate": 0,
      "execution_time": 0.0,
      "memory_usage_mb": 0.0078125
    },
    "rule_validation": {
      "tests": 14,
      "passed": 7,
      "failed": 3,
      "errors": 4,
      "success_rate": 50.0,
      "execution_time": 0.0128326416015625,
      "memory_usage_mb": 0.40625
    },
    "rule_implementations": {
      "tests": 22,
      "passed": 0,
      "failed": 0,
      "errors": 22,
      "success_rate": 0.0,
      "execution_time": 0.04825878143310547,
      "memory_usage_mb": 4.12890625
    },
    "performance": {
      "tests": 15,
      "passed": 14,
      "failed": 0,
      "errors": 1,
      "success_rate": 93.33333333333333,
      "execution_time": 30.718472957611084,
      "memory_usage_mb": 667.8359375
    }
  },
  "detailed_results": {
    "constitution_rules": {
      "TestConstitutionRulesBase": {
        "success": true,
        "tests_run": 0,
        "failures": 0,
        "errors": 0,
        "execution_time": 0.0,
        "memory_usage_mb": 0.0078125,
        "category": "constitution_rules"
      }
    },
    "rule_validation": {
      "TestBasicWorkRules": {
        "success": false,
        "tests_run": 4,
        "failures": 1,
        "errors": 0,
        "execution_time": 0.0,
        "memory_usage_mb": 0.05078125,
        "category": "rule_validation",
        "output": "test_rule_2_information_usage (test_rule_validation.TestBasicWorkRules.test_rule_2_information_usage)\nTest Rule 2: Only Use Information You're Given ... ok\ntest_rule_3_privacy_protection (test_rule_validation.TestBasicWorkRules.test_rule_3_privacy_protection)\nTest Rule 3: Protect People's Privacy ... ok\ntest_rule_4_settings_files (test_rule_validation.TestBasicWorkRules.test_rule_4_settings_files)\nTest Rule 4: Use Settings Files, Not Hardcoded Numbers ... FAIL\ntest_rule_5_record_keeping (test_rule_validation.TestBasicWorkRules.test_rule_5_record_keeping)\nTest Rule 5: Keep Good Records ... ok\n\n======================================================================\nFAIL: test_rule_4_settings_files (test_rule_validation.TestBasicWorkRules.test_rule_4_settings_files)\nTest Rule 4: Use Settings Files, Not Hardcoded Numbers\n----------------------------------------------------------------------\nTraceback (most recent call last):\n  File \"D:\\Projects\\ZeroUI2.0\\tests\\test_rule_validation.py\", line 98, in test_rule_4_settings_files\n    self.assertGreater(len(violations), 0)\nAssertionError: 0 not greater than 0\n\n----------------------------------------------------------------------\nRan 4 tests in 0.002s\n\nFAILED (failures=1)\n"
      },
      "TestSystemDesignRules": {
        "success": true,
        "tests_run": 3,
        "failures": 0,
        "errors": 0,
        "execution_time": 0.003491640090942383,
        "memory_usage_mb": 0.0,
        "category": "rule_validation",
        "output": "test_rule_22_architecture_consistency (test_rule_validation.TestSystemDesignRules.test_rule_22_architecture_consistency)\nTest Rule 22: Architecture Consistency ... ok\ntest_rule_25_separation_of_concerns (test_rule_validation.TestSystemDesignRules.test_rule_25_separation_of_concerns)\nTest Rule 25: Separation of Concerns ... ok\ntest_rule_26_dependency_injection (test_rule_validation.TestSystemDesignRules.test_rule_26_dependency_injection)\nTest Rule 26: Dependency Injection ... ok\n\n----------------------------------------------------------------------\nRan 3 tests in 0.001s\n\nOK\n"
      },
      "TestTeamworkRules": {
        "success": false,
        "tests_run": 2,
        "failures": 0,
        "errors": 1,
        "execution_time": 0.0019342899322509766,
        "memory_usage_mb": 0.13671875,
        "category": "rule_validation",
        "output": "test_rule_52_collaboration_standards (test_rule_validation.TestTeamworkRules.test_rule_52_collaboration_standards)\nTest Rule 52: Collaboration Standards ... ok\ntest_rule_53_code_review_readiness (test_rule_validation.TestTeamworkRules.test_rule_53_code_review_readiness)\nTest Rule 53: Code Review Readiness ... ERROR\n\n======================================================================\nERROR: test_rule_53_code_review_readiness (test_rule_validation.TestTeamworkRules.test_rule_53_code_review_readiness)\nTest Rule 53: Code Review Readiness\n----------------------------------------------------------------------\nTraceback (most recent call last):\n  File \"D:\\Projects\\ZeroUI2.0\\tests\\test_rule_validation.py\", line 203, in test_rule_53_code_review_readiness\n    violations = self.validator.validate_code_review_readiness(good_code)\n                 ^^^^^^^^^^^^^^^^^^^^^^^^^^^^^^^^^^^^^^^^^^^^^^^^^^^^^^^^\n  File \"D:\\Projects\\ZeroUI2.0\\validator\\rules\\teamwork.py\", line 52, in validate_code_review_readiness\n    violations.append(Violation(\n                      ^^^^^^^^^^\nTypeError: Violation.__init__() got an unexpected keyword argument 'title'\n\n----------------------------------------------------------------------\nRan 2 tests in 0.002s\n\nFAILED (errors=1)\n"
      },
      "TestCodingStandardsRules": {
        "success": false,
        "tests_run": 2,
        "failures": 2,
        "errors": 0,
        "execution_time": 0.0011069774627685547,
        "memory_usage_mb": 0.00390625,
        "category": "rule_validation",
        "output": "test_rule_function_length (test_rule_validation.TestCodingStandardsRules.test_rule_function_length)\nTest function length rules ... FAIL\ntest_rule_naming_conventions (test_rule_validation.TestCodingStandardsRules.test_rule_naming_conventions)\nTest naming convention rules ... FAIL\n\n======================================================================\nFAIL: test_rule_function_length (test_rule_validation.TestCodingStandardsRules.test_rule_function_length)\nTest function length rules\n----------------------------------------------------------------------\nTraceback (most recent call last):\n  File \"D:\\Projects\\ZeroUI2.0\\tests\\test_rule_validation.py\", line 269, in test_rule_function_length\n    self.assertGreater(len(violations), 0)\nAssertionError: 0 not greater than 0\n\n======================================================================\nFAIL: test_rule_naming_conventions (test_rule_validation.TestCodingStandardsRules.test_rule_naming_conventions)\nTest naming convention rules\n----------------------------------------------------------------------\nTraceback (most recent call last):\n  File \"D:\\Projects\\ZeroUI2.0\\tests\\test_rule_validation.py\", line 239, in test_rule_naming_conventions\n    self.assertGreater(len(violations), 0)\nAssertionError: 0 not greater than 0\n\n----------------------------------------------------------------------\nRan 2 tests in 0.001s\n\nFAILED (failures=2)\n"
      },
      "TestRuleIntegration": {
        "success": false,
        "tests_run": 3,
        "failures": 0,
        "errors": 3,
        "execution_time": 0.006299734115600586,
        "memory_usage_mb": 0.21484375,
        "category": "rule_validation",
        "output": "test_multiple_rule_violations (test_rule_implementations.TestRuleIntegration.test_multiple_rule_violations)\nTest detection of multiple rule violations. ... ERROR\ntest_rule_dependency_handling (test_rule_implementations.TestRuleIntegration.test_rule_dependency_handling)\nTest handling of rule dependencies. ... ERROR\ntest_rule_priority_handling (test_rule_implementations.TestRuleIntegration.test_rule_priority_handling)\nTest that rule priorities are properly handled. ... ERROR\n\n======================================================================\nERROR: test_multiple_rule_violations (test_rule_implementations.TestRuleIntegration.test_multiple_rule_violations)\nTest detection of multiple rule violations.\n----------------------------------------------------------------------\nTraceback (most recent call last):\n  File \"D:\\Projects\\ZeroUI2.0\\tests\\test_rule_implementations.py\", line 46, in setUp\n    self.basic_validator = BasicWorkRuleValidator()\n                           ^^^^^^^^^^^^^^^^^^^^^^\nNameError: name 'BasicWorkRuleValidator' is not defined\n\n======================================================================\nERROR: test_rule_dependency_handling (test_rule_implementations.TestRuleIntegration.test_rule_dependency_handling)\nTest handling of rule dependencies.\n----------------------------------------------------------------------\nTraceback (most recent call last):\n  File \"D:\\Projects\\ZeroUI2.0\\tests\\test_rule_implementations.py\", line 46, in setUp\n    self.basic_validator = BasicWorkRuleValidator()\n                           ^^^^^^^^^^^^^^^^^^^^^^\nNameError: name 'BasicWorkRuleValidator' is not defined\n\n======================================================================\nERROR: test_rule_priority_handling (test_rule_implementations.TestRuleIntegration.test_rule_priority_handling)\nTest that rule priorities are properly handled.\n----------------------------------------------------------------------\nTraceback (most recent call last):\n  File \"D:\\Projects\\ZeroUI2.0\\tests\\test_rule_implementations.py\", line 46, in setUp\n    self.basic_validator = BasicWorkRuleValidator()\n                           ^^^^^^^^^^^^^^^^^^^^^^\nNameError: name 'BasicWorkRuleValidator' is not defined\n\n----------------------------------------------------------------------\nRan 3 tests in 0.006s\n\nFAILED (errors=3)\n"
      }
    },
    "rule_implementations": {
      "TestBasicWorkRuleImplementations": {
        "success": false,
        "tests_run": 5,
        "failures": 0,
        "errors": 5,
        "execution_time": 0.004325151443481445,
        "memory_usage_mb": 0.359375,
        "category": "rule_implementations",
        "output": "test_rule_1_documentation_implementation (test_rule_implementations.TestBasicWorkRuleImplementations.test_rule_1_documentation_implementation)\nTest Rule 1: Documentation Required - Implementation ... ERROR\ntest_rule_2_information_usage_implementation (test_rule_implementations.TestBasicWorkRuleImplementations.test_rule_2_information_usage_implementation)\nTest Rule 2: Only Use Information You're Given - Implementation ... ERROR\ntest_rule_3_privacy_protection_implementation (test_rule_implementations.TestBasicWorkRuleImplementations.test_rule_3_privacy_protection_implementation)\nTest Rule 3: Protect People's Privacy - Implementation ... ERROR\ntest_rule_4_settings_files_implementation (test_rule_implementations.TestBasicWorkRuleImplementations.test_rule_4_settings_files_implementation)\nTest Rule 4: Use Settings Files, Not Hardcoded Numbers - Implementation ... ERROR\ntest_rule_5_record_keeping_implementation (test_rule_implementations.TestBasicWorkRuleImplementations.test_rule_5_record_keeping_implementation)\nTest Rule 5: Keep Good Records - Implementation ... ERROR\n\n======================================================================\nERROR: test_rule_1_documentation_implementation (test_rule_implementations.TestBasicWorkRuleImplementations.test_rule_1_documentation_implementation)\nTest Rule 1: Documentation Required - Implementation\n----------------------------------------------------------------------\nTraceback (most recent call last):\n  File \"D:\\Projects\\ZeroUI2.0\\tests\\test_rule_implementations.py\", line 46, in setUp\n    self.basic_validator = BasicWorkRuleValidator()\n                           ^^^^^^^^^^^^^^^^^^^^^^\nNameError: name 'BasicWorkRuleValidator' is not defined\n\n======================================================================\nERROR: test_rule_2_information_usage_implementation (test_rule_implementations.TestBasicWorkRuleImplementations.test_rule_2_information_usage_implementation)\nTest Rule 2: Only Use Information You're Given - Implementation\n----------------------------------------------------------------------\nTraceback (most recent call last):\n  File \"D:\\Projects\\ZeroUI2.0\\tests\\test_rule_implementations.py\", line 46, in setUp\n    self.basic_validator = BasicWorkRuleValidator()\n                           ^^^^^^^^^^^^^^^^^^^^^^\nNameError: name 'BasicWorkRuleValidator' is not defined\n\n======================================================================\nERROR: test_rule_3_privacy_protection_implementation (test_rule_implementations.TestBasicWorkRuleImplementations.test_rule_3_privacy_protection_implementation)\nTest Rule 3: Protect People's Privacy - Implementation\n----------------------------------------------------------------------\nTraceback (most recent call last):\n  File \"D:\\Projects\\ZeroUI2.0\\tests\\test_rule_implementations.py\", line 46, in setUp\n    self.basic_validator = BasicWorkRuleValidator()\n                           ^^^^^^^^^^^^^^^^^^^^^^\nNameError: name 'BasicWorkRuleValidator' is not defined\n\n======================================================================\nERROR: test_rule_4_settings_files_implementation (test_rule_implementations.TestBasicWorkRuleImplementations.test_rule_4_settings_files_implementation)\nTest Rule 4: Use Settings Files, Not Hardcoded Numbers - Implementation\n----------------------------------------------------------------------\nTraceback (most recent call last):\n  File \"D:\\Projects\\ZeroUI2.0\\tests\\test_rule_implementations.py\", line 46, in setUp\n    self.basic_validator = BasicWorkRuleValidator()\n                           ^^^^^^^^^^^^^^^^^^^^^^\nNameError: name 'BasicWorkRuleValidator' is not defined\n\n======================================================================\nERROR: test_rule_5_record_keeping_implementation (test_rule_implementations.TestBasicWorkRuleImplementations.test_rule_5_record_keeping_implementation)\nTest Rule 5: Keep Good Records - Implementation\n----------------------------------------------------------------------\nTraceback (most recent call last):\n  File \"D:\\Projects\\ZeroUI2.0\\tests\\test_rule_implementations.py\", line 46, in setUp\n    self.basic_validator = BasicWorkRuleValidator()\n                           ^^^^^^^^^^^^^^^^^^^^^^\nNameError: name 'BasicWorkRuleValidator' is not defined\n\n----------------------------------------------------------------------\nRan 5 tests in 0.006s\n\nFAILED (errors=5)\n"
      },
      "TestSystemDesignRuleImplementations": {
        "success": false,
        "tests_run": 3,
        "failures": 0,
        "errors": 3,
        "execution_time": 0.0050563812255859375,
        "memory_usage_mb": 0.4921875,
        "category": "rule_implementations",
        "output": "test_rule_22_architecture_consistency_implementation (test_rule_implementations.TestSystemDesignRuleImplementations.test_rule_22_architecture_consistency_implementation)\nTest Rule 22: Architecture Consistency - Implementation ... ERROR\ntest_rule_25_separation_of_concerns_implementation (test_rule_implementations.TestSystemDesignRuleImplementations.test_rule_25_separation_of_concerns_implementation)\nTest Rule 25: Separation of Concerns - Implementation ... ERROR\ntest_rule_26_dependency_injection_implementation (test_rule_implementations.TestSystemDesignRuleImplementations.test_rule_26_dependency_injection_implementation)\nTest Rule 26: Dependency Injection - Implementation ... ERROR\n\n======================================================================\nERROR: test_rule_22_architecture_consistency_implementation (test_rule_implementations.TestSystemDesignRuleImplementations.test_rule_22_architecture_consistency_implementation)\nTest Rule 22: Architecture Consistency - Implementation\n----------------------------------------------------------------------\nTraceback (most recent call last):\n  File \"D:\\Projects\\ZeroUI2.0\\tests\\test_rule_implementations.py\", line 46, in setUp\n    self.basic_validator = BasicWorkRuleValidator()\n                           ^^^^^^^^^^^^^^^^^^^^^^\nNameError: name 'BasicWorkRuleValidator' is not defined\n\n======================================================================\nERROR: test_rule_25_separation_of_concerns_implementation (test_rule_implementations.TestSystemDesignRuleImplementations.test_rule_25_separation_of_concerns_implementation)\nTest Rule 25: Separation of Concerns - Implementation\n----------------------------------------------------------------------\nTraceback (most recent call last):\n  File \"D:\\Projects\\ZeroUI2.0\\tests\\test_rule_implementations.py\", line 46, in setUp\n    self.basic_validator = BasicWorkRuleValidator()\n                           ^^^^^^^^^^^^^^^^^^^^^^\nNameError: name 'BasicWorkRuleValidator' is not defined\n\n======================================================================\nERROR: test_rule_26_dependency_injection_implementation (test_rule_implementations.TestSystemDesignRuleImplementations.test_rule_26_dependency_injection_implementation)\nTest Rule 26: Dependency Injection - Implementation\n----------------------------------------------------------------------\nTraceback (most recent call last):\n  File \"D:\\Projects\\ZeroUI2.0\\tests\\test_rule_implementations.py\", line 46, in setUp\n    self.basic_validator = BasicWorkRuleValidator()\n                           ^^^^^^^^^^^^^^^^^^^^^^\nNameError: name 'BasicWorkRuleValidator' is not defined\n\n----------------------------------------------------------------------\nRan 3 tests in 0.005s\n\nFAILED (errors=3)\n"
      },
      "TestTeamworkRuleImplementations": {
        "success": false,
        "tests_run": 2,
        "failures": 0,
        "errors": 2,
        "execution_time": 0.004182338714599609,
        "memory_usage_mb": 0.484375,
        "category": "rule_implementations",
        "output": "test_rule_52_collaboration_standards_implementation (test_rule_implementations.TestTeamworkRuleImplementations.test_rule_52_collaboration_standards_implementation)\nTest Rule 52: Collaboration Standards - Implementation ... ERROR\ntest_rule_53_code_review_readiness_implementation (test_rule_implementations.TestTeamworkRuleImplementations.test_rule_53_code_review_readiness_implementation)\nTest Rule 53: Code Review Readiness - Implementation ... ERROR\n\n======================================================================\nERROR: test_rule_52_collaboration_standards_implementation (test_rule_implementations.TestTeamworkRuleImplementations.test_rule_52_collaboration_standards_implementation)\nTest Rule 52: Collaboration Standards - Implementation\n----------------------------------------------------------------------\nTraceback (most recent call last):\n  File \"D:\\Projects\\ZeroUI2.0\\tests\\test_rule_implementations.py\", line 46, in setUp\n    self.basic_validator = BasicWorkRuleValidator()\n                           ^^^^^^^^^^^^^^^^^^^^^^\nNameError: name 'BasicWorkRuleValidator' is not defined\n\n======================================================================\nERROR: test_rule_53_code_review_readiness_implementation (test_rule_implementations.TestTeamworkRuleImplementations.test_rule_53_code_review_readiness_implementation)\nTest Rule 53: Code Review Readiness - Implementation\n----------------------------------------------------------------------\nTraceback (most recent call last):\n  File \"D:\\Projects\\ZeroUI2.0\\tests\\test_rule_implementations.py\", line 46, in setUp\n    self.basic_validator = BasicWorkRuleValidator()\n                           ^^^^^^^^^^^^^^^^^^^^^^\nNameError: name 'BasicWorkRuleValidator' is not defined\n\n----------------------------------------------------------------------\nRan 2 tests in 0.005s\n\nFAILED (errors=2)\n"
      },
      "TestCodingStandardsRuleImplementations": {
        "success": false,
        "tests_run": 2,
        "failures": 0,
        "errors": 2,
        "execution_time": 0.005527973175048828,
        "memory_usage_mb": 0.44921875,
        "category": "rule_implementations",
        "output": "test_function_length_implementation (test_rule_implementations.TestCodingStandardsRuleImplementations.test_function_length_implementation)\nTest function length rules implementation. ... ERROR\ntest_naming_conventions_implementation (test_rule_implementations.TestCodingStandardsRuleImplementations.test_naming_conventions_implementation)\nTest naming convention rules implementation. ... ERROR\n\n======================================================================\nERROR: test_function_length_implementation (test_rule_implementations.TestCodingStandardsRuleImplementations.test_function_length_implementation)\nTest function length rules implementation.\n----------------------------------------------------------------------\nTraceback (most recent call last):\n  File \"D:\\Projects\\ZeroUI2.0\\tests\\test_rule_implementations.py\", line 46, in setUp\n    self.basic_validator = BasicWorkRuleValidator()\n                           ^^^^^^^^^^^^^^^^^^^^^^\nNameError: name 'BasicWorkRuleValidator' is not defined\n\n======================================================================\nERROR: test_naming_conventions_implementation (test_rule_implementations.TestCodingStandardsRuleImplementations.test_naming_conventions_implementation)\nTest naming convention rules implementation.\n----------------------------------------------------------------------\nTraceback (most recent call last):\n  File \"D:\\Projects\\ZeroUI2.0\\tests\\test_rule_implementations.py\", line 46, in setUp\n    self.basic_validator = BasicWorkRuleValidator()\n                           ^^^^^^^^^^^^^^^^^^^^^^\nNameError: name 'BasicWorkRuleValidator' is not defined\n\n----------------------------------------------------------------------\nRan 2 tests in 0.005s\n\nFAILED (errors=2)\n"
      },
      "TestCommentsRuleImplementations": {
        "success": false,
        "tests_run": 1,
        "failures": 0,
        "errors": 1,
        "execution_time": 0.0066204071044921875,
        "memory_usage_mb": 0.4765625,
        "category": "rule_implementations",
        "output": "test_comment_quality_implementation (test_rule_implementations.TestCommentsRuleImplementations.test_comment_quality_implementation)\nTest comment quality rules implementation. ... ERROR\n\n======================================================================\nERROR: test_comment_quality_implementation (test_rule_implementations.TestCommentsRuleImplementations.test_comment_quality_implementation)\nTest comment quality rules implementation.\n----------------------------------------------------------------------\nTraceback (most recent call last):\n  File \"D:\\Projects\\ZeroUI2.0\\tests\\test_rule_implementations.py\", line 46, in setUp\n    self.basic_validator = BasicWorkRuleValidator()\n                           ^^^^^^^^^^^^^^^^^^^^^^\nNameError: name 'BasicWorkRuleValidator' is not defined\n\n----------------------------------------------------------------------\nRan 1 test in 0.007s\n\nFAILED (errors=1)\n"
      },
      "TestLoggingRuleImplementations": {
        "success": false,
        "tests_run": 1,
        "failures": 0,
        "errors": 1,
        "execution_time": 0.0036406517028808594,
        "memory_usage_mb": 0.4765625,
        "category": "rule_implementations",
        "output": "test_logging_standards_implementation (test_rule_implementations.TestLoggingRuleImplementations.test_logging_standards_implementation)\nTest logging standards implementation. ... ERROR\n\n======================================================================\nERROR: test_logging_standards_implementation (test_rule_implementations.TestLoggingRuleImplementations.test_logging_standards_implementation)\nTest logging standards implementation.\n----------------------------------------------------------------------\nTraceback (most recent call last):\n  File \"D:\\Projects\\ZeroUI2.0\\tests\\test_rule_implementations.py\", line 46, in setUp\n    self.basic_validator = BasicWorkRuleValidator()\n                           ^^^^^^^^^^^^^^^^^^^^^^\nNameError: name 'BasicWorkRuleValidator' is not defined\n\n----------------------------------------------------------------------\nRan 1 test in 0.005s\n\nFAILED (errors=1)\n"
      },
      "TestPerformanceRuleImplementations": {
        "success": false,
        "tests_run": 1,
        "failures": 0,
        "errors": 1,
        "execution_time": 0.007710933685302734,
        "memory_usage_mb": 0.453125,
        "category": "rule_implementations",
        "output": "test_performance_optimization_implementation (test_rule_implementations.TestPerformanceRuleImplementations.test_performance_optimization_implementation)\nTest performance optimization implementation. ... ERROR\n\n======================================================================\nERROR: test_performance_optimization_implementation (test_rule_implementations.TestPerformanceRuleImplementations.test_performance_optimization_implementation)\nTest performance optimization implementation.\n----------------------------------------------------------------------\nTraceback (most recent call last):\n  File \"D:\\Projects\\ZeroUI2.0\\tests\\test_rule_implementations.py\", line 46, in setUp\n    self.basic_validator = BasicWorkRuleValidator()\n                           ^^^^^^^^^^^^^^^^^^^^^^\nNameError: name 'BasicWorkRuleValidator' is not defined\n\n----------------------------------------------------------------------\nRan 1 test in 0.006s\n\nFAILED (errors=1)\n"
      },
      "TestRuleEdgeCases": {
        "success": false,
        "tests_run": 4,
        "failures": 0,
        "errors": 4,
        "execution_time": 0.006011247634887695,
        "memory_usage_mb": 0.48828125,
        "category": "rule_implementations",
        "output": "test_empty_file_handling (test_rule_implementations.TestRuleEdgeCases.test_empty_file_handling)\nTest handling of empty files. ... ERROR\ntest_malformed_code_handling (test_rule_implementations.TestRuleEdgeCases.test_malformed_code_handling)\nTest handling of malformed code. ... ERROR\ntest_unicode_handling (test_rule_implementations.TestRuleEdgeCases.test_unicode_handling)\nTest handling of Unicode characters. ... ERROR\ntest_very_long_lines_handling (test_rule_implementations.TestRuleEdgeCases.test_very_long_lines_handling)\nTest handling of very long lines. ... ERROR\n\n======================================================================\nERROR: test_empty_file_handling (test_rule_implementations.TestRuleEdgeCases.test_empty_file_handling)\nTest handling of empty files.\n----------------------------------------------------------------------\nTraceback (most recent call last):\n  File \"D:\\Projects\\ZeroUI2.0\\tests\\test_rule_implementations.py\", line 46, in setUp\n    self.basic_validator = BasicWorkRuleValidator()\n                           ^^^^^^^^^^^^^^^^^^^^^^\nNameError: name 'BasicWorkRuleValidator' is not defined\n\n======================================================================\nERROR: test_malformed_code_handling (test_rule_implementations.TestRuleEdgeCases.test_malformed_code_handling)\nTest handling of malformed code.\n----------------------------------------------------------------------\nTraceback (most recent call last):\n  File \"D:\\Projects\\ZeroUI2.0\\tests\\test_rule_implementations.py\", line 46, in setUp\n    self.basic_validator = BasicWorkRuleValidator()\n                           ^^^^^^^^^^^^^^^^^^^^^^\nNameError: name 'BasicWorkRuleValidator' is not defined\n\n======================================================================\nERROR: test_unicode_handling (test_rule_implementations.TestRuleEdgeCases.test_unicode_handling)\nTest handling of Unicode characters.\n----------------------------------------------------------------------\nTraceback (most recent call last):\n  File \"D:\\Projects\\ZeroUI2.0\\tests\\test_rule_implementations.py\", line 46, in setUp\n    self.basic_validator = BasicWorkRuleValidator()\n                           ^^^^^^^^^^^^^^^^^^^^^^\nNameError: name 'BasicWorkRuleValidator' is not defined\n\n======================================================================\nERROR: test_very_long_lines_handling (test_rule_implementations.TestRuleEdgeCases.test_very_long_lines_handling)\nTest handling of very long lines.\n----------------------------------------------------------------------\nTraceback (most recent call last):\n  File \"D:\\Projects\\ZeroUI2.0\\tests\\test_rule_implementations.py\", line 46, in setUp\n    self.basic_validator = BasicWorkRuleValidator()\n                           ^^^^^^^^^^^^^^^^^^^^^^\nNameError: name 'BasicWorkRuleValidator' is not defined\n\n----------------------------------------------------------------------\nRan 4 tests in 0.007s\n\nFAILED (errors=4)\n"
      },
      "TestRuleIntegration": {
        "success": false,
        "tests_run": 3,
        "failures": 0,
        "errors": 3,
        "execution_time": 0.005183696746826172,
        "memory_usage_mb": 0.44921875,
        "category": "rule_implementations",
        "output": "test_multiple_rule_violations (test_rule_implementations.TestRuleIntegration.test_multiple_rule_violations)\nTest detection of multiple rule violations. ... ERROR\ntest_rule_dependency_handling (test_rule_implementations.TestRuleIntegration.test_rule_dependency_handling)\nTest handling of rule dependencies. ... ERROR\ntest_rule_priority_handling (test_rule_implementations.TestRuleIntegration.test_rule_priority_handling)\nTest that rule priorities are properly handled. ... ERROR\n\n======================================================================\nERROR: test_multiple_rule_violations (test_rule_implementations.TestRuleIntegration.test_multiple_rule_violations)\nTest detection of multiple rule violations.\n----------------------------------------------------------------------\nTraceback (most recent call last):\n  File \"D:\\Projects\\ZeroUI2.0\\tests\\test_rule_implementations.py\", line 46, in setUp\n    self.basic_validator = BasicWorkRuleValidator()\n                           ^^^^^^^^^^^^^^^^^^^^^^\nNameError: name 'BasicWorkRuleValidator' is not defined\n\n======================================================================\nERROR: test_rule_dependency_handling (test_rule_implementations.TestRuleIntegration.test_rule_dependency_handling)\nTest handling of rule dependencies.\n----------------------------------------------------------------------\nTraceback (most recent call last):\n  File \"D:\\Projects\\ZeroUI2.0\\tests\\test_rule_implementations.py\", line 46, in setUp\n    self.basic_validator = BasicWorkRuleValidator()\n                           ^^^^^^^^^^^^^^^^^^^^^^\nNameError: name 'BasicWorkRuleValidator' is not defined\n\n======================================================================\nERROR: test_rule_priority_handling (test_rule_implementations.TestRuleIntegration.test_rule_priority_handling)\nTest that rule priorities are properly handled.\n----------------------------------------------------------------------\nTraceback (most recent call last):\n  File \"D:\\Projects\\ZeroUI2.0\\tests\\test_rule_implementations.py\", line 46, in setUp\n    self.basic_validator = BasicWorkRuleValidator()\n                           ^^^^^^^^^^^^^^^^^^^^^^\nNameError: name 'BasicWorkRuleValidator' is not defined\n\n----------------------------------------------------------------------\nRan 3 tests in 0.005s\n\nFAILED (errors=3)\n"
      }
    },
    "performance": {
      "TestValidationPerformance": {
        "success": true,
        "tests_run": 4,
        "failures": 0,
        "errors": 0,
        "execution_time": 10.622619390487671,
        "memory_usage_mb": 370.81640625,
        "category": "performance",
        "output": "test_large_file_validation_performance (test_performance.TestValidationPerformance.test_large_file_validation_performance)\nTest validation performance on large files. ... ok\ntest_medium_file_validation_performance (test_performance.TestValidationPerformance.test_medium_file_validation_performance)\nTest validation performance on medium files. ... ok\ntest_small_file_validation_performance (test_performance.TestValidationPerformance.test_small_file_validation_performance)\nTest validation performance on small files. ... ok\ntest_very_large_file_validation_performance (test_performance.TestValidationPerformance.test_very_large_file_validation_performance)\nTest validation performance on very large files. ... ok\n\n----------------------------------------------------------------------\nRan 4 tests in 10.621s\n\nOK\n"
      },
      "TestMemoryUsage": {
        "success": true,
        "tests_run": 4,
        "failures": 0,
        "errors": 0,
        "execution_time": 9.189893245697021,
        "memory_usage_mb": 31.66015625,
        "category": "performance",
        "output": "test_memory_leak_detection (test_performance.TestMemoryUsage.test_memory_leak_detection)\nTest for memory leaks in repeated validation. ... ok\ntest_memory_usage_large_file (test_performance.TestMemoryUsage.test_memory_usage_large_file)\nTest memory usage for large file validation. ... ok\ntest_memory_usage_medium_file (test_performance.TestMemoryUsage.test_memory_usage_medium_file)\nTest memory usage for medium file validation. ... ok\ntest_memory_usage_small_file (test_performance.TestMemoryUsage.test_memory_usage_small_file)\nTest memory usage for small file validation. ... ok\n\n----------------------------------------------------------------------\nRan 4 tests in 9.189s\n\nOK\n"
      },
      "TestConcurrentValidation": {
        "success": false,
        "tests_run": 2,
        "failures": 0,
        "errors": 1,
        "execution_time": 1.8096423149108887,
        "memory_usage_mb": 29.76953125,
        "category": "performance",
        "output": "test_concurrent_validation_processes (test_performance.TestConcurrentValidation.test_concurrent_validation_processes)\nTest validation performance with multiple processes. ... ERROR\ntest_concurrent_validation_threads (test_performance.TestConcurrentValidation.test_concurrent_validation_threads)\nTest validation performance with multiple threads. ... ok\n\n======================================================================\nERROR: test_concurrent_validation_processes (test_performance.TestConcurrentValidation.test_concurrent_validation_processes)\nTest validation performance with multiple processes.\n----------------------------------------------------------------------\nconcurrent.futures.process._RemoteTraceback: \n\"\"\"\nTraceback (most recent call last):\n  File \"C:\\Users\\pc\\AppData\\Local\\Programs\\Python\\Python311\\Lib\\multiprocessing\\queues.py\", line 244, in _feed\n    obj = _ForkingPickler.dumps(obj)\n          ^^^^^^^^^^^^^^^^^^^^^^^^^^\n  File \"C:\\Users\\pc\\AppData\\Local\\Programs\\Python\\Python311\\Lib\\multiprocessing\\reduction.py\", line 51, in dumps\n    cls(buf, protocol).dump(obj)\nAttributeError: Can't pickle local object 'TestConcurrentValidation.test_concurrent_validation_processes.<locals>.validate_file_process'\n\"\"\"\n\nThe above exception was the direct cause of the following exception:\n\nTraceback (most recent call last):\n  File \"D:\\Projects\\ZeroUI2.0\\tests\\test_performance.py\", line 298, in test_concurrent_validation_processes\n    results = [future.result() for future in futures]\n              ^^^^^^^^^^^^^^^^^^^^^^^^^^^^^^^^^^^^^^^\n  File \"D:\\Projects\\ZeroUI2.0\\tests\\test_performance.py\", line 298, in <listcomp>\n    results = [future.result() for future in futures]\n               ^^^^^^^^^^^^^^^\n  File \"C:\\Users\\pc\\AppData\\Local\\Programs\\Python\\Python311\\Lib\\concurrent\\futures\\_base.py\", line 456, in result\n    return self.__get_result()\n           ^^^^^^^^^^^^^^^^^^^\n  File \"C:\\Users\\pc\\AppData\\Local\\Programs\\Python\\Python311\\Lib\\concurrent\\futures\\_base.py\", line 401, in __get_result\n    raise self._exception\n  File \"C:\\Users\\pc\\AppData\\Local\\Programs\\Python\\Python311\\Lib\\multiprocessing\\queues.py\", line 244, in _feed\n    obj = _ForkingPickler.dumps(obj)\n          ^^^^^^^^^^^^^^^^^^^^^^^^^^\n  File \"C:\\Users\\pc\\AppData\\Local\\Programs\\Python\\Python311\\Lib\\multiprocessing\\reduction.py\", line 51, in dumps\n    cls(buf, protocol).dump(obj)\nAttributeError: Can't pickle local object 'TestConcurrentValidation.test_concurrent_validation_processes.<locals>.validate_file_process'\n\n----------------------------------------------------------------------\nRan 2 tests in 1.814s\n\nFAILED (errors=1)\n"
      },
      "TestStressValidation": {
        "success": true,
        "tests_run": 3,
        "failures": 0,
        "errors": 0,
        "execution_time": 7.482044458389282,
        "memory_usage_mb": 190.2890625,
        "category": "performance",
        "output": "test_memory_pressure_stress (test_performance.TestStressValidation.test_memory_pressure_stress)\nTest validation under memory pressure. ... ok\ntest_mixed_file_sizes_stress (test_performance.TestStressValidation.test_mixed_file_sizes_stress)\nTest validation with mixed file sizes. ... ok\ntest_rapid_validation_stress (test_performance.TestStressValidation.test_rapid_validation_stress)\nTest rapid successive validation calls. ... ok\n\n----------------------------------------------------------------------\nRan 3 tests in 7.476s\n\nOK\n"
      },
      "TestScalability": {
        "success": true,
        "tests_run": 2,
        "failures": 0,
        "errors": 0,
        "execution_time": 1.6142735481262207,
        "memory_usage_mb": 45.30078125,
        "category": "performance",
        "output": "test_file_size_scalability (test_performance.TestScalability.test_file_size_scalability)\nTest that validation scales with file size. ... ok\ntest_rule_count_scalability (test_performance.TestScalability.test_rule_count_scalability)\nTest that validation scales with rule count. ... ok\n\n----------------------------------------------------------------------\nRan 2 tests in 1.614s\n\nOK\n"
      }
    }
  },
  "metrics": {
    "summary": {
      "total_tests": 20,
      "passed_tests": 6,
      "failed_tests": 14,
      "skipped_tests": 0,
      "success_rate": 30.0,
      "execution_time": 30.794427156448364,
      "memory_usage_mb": 672.41015625
    },
    "test_results": [
      {
        "test_name": "constitution_rules_TestConstitutionRulesBase",
        "result": "passed",
        "execution_time": 0.0,
        "memory_usage": 8192,
        "timestamp": 1761275174.758072
      },
      {
        "test_name": "rule_validation_TestBasicWorkRules",
        "result": "failed",
        "execution_time": 0.0,
        "memory_usage": 53248,
        "timestamp": 1761275174.758072
      },
      {
        "test_name": "rule_validation_TestSystemDesignRules",
        "result": "passed",
        "execution_time": 0.003491640090942383,
        "memory_usage": 0,
        "timestamp": 1761275174.7622905
      },
      {
        "test_name": "rule_validation_TestTeamworkRules",
        "result": "failed",
        "execution_time": 0.0019342899322509766,
        "memory_usage": 143360,
        "timestamp": 1761275174.7642248
      },
      {
        "test_name": "rule_validation_TestCodingStandardsRules",
        "result": "failed",
        "execution_time": 0.0011069774627685547,
        "memory_usage": 4096,
        "timestamp": 1761275174.7653317
      },
      {
        "test_name": "rule_validation_TestRuleIntegration",
        "result": "failed",
        "execution_time": 0.006299734115600586,
        "memory_usage": 225280,
        "timestamp": 1761275174.772665
      },
      {
        "test_name": "rule_implementations_TestBasicWorkRuleImplementations",
        "result": "failed",
        "execution_time": 0.004325151443481445,
        "memory_usage": 376832,
        "timestamp": 1761275174.7769902
      },
      {
        "test_name": "rule_implementations_TestSystemDesignRuleImplementations",
        "result": "failed",
        "execution_time": 0.0050563812255859375,
        "memory_usage": 516096,
        "timestamp": 1761275174.7861342
      },
      {
        "test_name": "rule_implementations_TestTeamworkRuleImplementations",
        "result": "failed",
        "execution_time": 0.004182338714599609,
        "memory_usage": 507904,
        "timestamp": 1761275174.792319
      },
      {
        "test_name": "rule_implementations_TestCodingStandardsRuleImplementations",
        "result": "failed",
        "execution_time": 0.005527973175048828,
        "memory_usage": 471040,
        "timestamp": 1761275174.7980561
      },
      {
        "test_name": "rule_implementations_TestCommentsRuleImplementations",
        "result": "failed",
        "execution_time": 0.0066204071044921875,
        "memory_usage": 499712,
        "timestamp": 1761275174.8046765
      },
      {
        "test_name": "rule_implementations_TestLoggingRuleImplementations",
        "result": "failed",
        "execution_time": 0.0036406517028808594,
        "memory_usage": 499712,
        "timestamp": 1761275174.8083172
      },
      {
        "test_name": "rule_implementations_TestPerformanceRuleImplementations",
        "result": "failed",
        "execution_time": 0.007710933685302734,
        "memory_usage": 475136,
        "timestamp": 1761275174.816028
      },
      {
        "test_name": "rule_implementations_TestRuleEdgeCases",
        "result": "failed",
        "execution_time": 0.006011247634887695,
        "memory_usage": 512000,
        "timestamp": 1761275174.8220394
      },
      {
        "test_name": "rule_implementations_TestRuleIntegration",
        "result": "failed",
        "execution_time": 0.005183696746826172,
        "memory_usage": 471040,
        "timestamp": 1761275174.8313577
      },
      {
        "test_name": "performance_TestValidationPerformance",
        "result": "passed",
        "execution_time": 10.622619390487671,
        "memory_usage": 388829184,
        "timestamp": 1761275185.453977
      },
      {
        "test_name": "performance_TestMemoryUsage",
        "result": "passed",
        "execution_time": 9.189893245697021,
        "memory_usage": 33198080,
        "timestamp": 1761275194.6438704
      },
      {
        "test_name": "performance_TestConcurrentValidation",
        "result": "failed",
        "execution_time": 1.8096423149108887,
        "memory_usage": 31215616,
        "timestamp": 1761275196.4535127
      },
      {
        "test_name": "performance_TestStressValidation",
        "result": "passed",
        "execution_time": 7.482044458389282,
        "memory_usage": 199532544,
        "timestamp": 1761275203.9355571
      },
      {
        "test_name": "performance_TestScalability",
        "result": "passed",
        "execution_time": 1.6142735481262207,
        "memory_usage": 47501312,
        "timestamp": 1761275205.5498307
      }
    ],
    "performance_metrics": {
      "average_test_time": 1.5389782190322876,
      "slowest_test": {
        "test_name": "performance_TestValidationPerformance",
        "result": "passed",
        "execution_time": 10.622619390487671,
        "memory_usage": 388829184,
        "timestamp": 1761275185.453977
      },
      "fastest_test": {
        "test_name": "constitution_rules_TestConstitutionRulesBase",
        "result": "passed",
        "execution_time": 0.0,
        "memory_usage": 8192,
        "timestamp": 1761275174.758072
      }
    }
  }
}